<?xml version="1.0" encoding="UTF-8"?>
<testsuites tests="3673" failures="35" disabled="0" errors="0" time="3.971" timestamp="2021-12-24T21:22:47" name="AllTests">
  <testsuite name="ArrayOptionsTests" tests="10" failures="0" disabled="0" errors="0" time="0" timestamp="2021-12-24T21:22:47">
    <testcase name="TestShape_Basic_0" status="run" result="completed" time="0" timestamp="2021-12-24T21:22:47" classname="ArrayOptionsTests" />
    <testcase name="TestShape_Basic_1" status="run" result="completed" time="0" timestamp="2021-12-24T21:22:47" classname="ArrayOptionsTests" />
    <testcase name="TestShape_Basic_2" status="run" result="completed" time="0" timestamp="2021-12-24T21:22:47" classname="ArrayOptionsTests" />
    <testcase name="TestShape_Basic_3" status="run" result="completed" time="0" timestamp="2021-12-24T21:22:47" classname="ArrayOptionsTests" />
    <testcase name="TestShape_Basic_4" status="run" result="completed" time="0" timestamp="2021-12-24T21:22:47" classname="ArrayOptionsTests" />
    <testcase name="TestShape_Basic_5" status="run" result="completed" time="0" timestamp="2021-12-24T21:22:47" classname="ArrayOptionsTests" />
    <testcase name="TestShape_Basic_6" status="run" result="completed" time="0" timestamp="2021-12-24T21:22:47" classname="ArrayOptionsTests" />
    <testcase name="TestShape_Basic_7" status="run" result="completed" time="0" timestamp="2021-12-24T21:22:47" classname="ArrayOptionsTests" />
    <testcase name="TestShape_Basic_8" status="run" result="completed" time="0" timestamp="2021-12-24T21:22:47" classname="ArrayOptionsTests" />
    <testcase name="TestShape_Basic_9" status="run" result="completed" time="0" timestamp="2021-12-24T21:22:47" classname="ArrayOptionsTests" />
  </testsuite>
  <testsuite name="AttentionTests" tests="6" failures="0" disabled="0" errors="0" time="0.116" timestamp="2021-12-24T21:22:47">
    <testcase name="basic_dot_product_attention" status="run" result="completed" time="0.115" timestamp="2021-12-24T21:22:47" classname="AttentionTests" />
    <testcase name="basic_dot_product_attention_with_weights" status="run" result="completed" time="0" timestamp="2021-12-24T21:22:47" classname="AttentionTests" />
    <testcase name="basic_dot_product_attention_with_mask" status="run" result="completed" time="0" timestamp="2021-12-24T21:22:47" classname="AttentionTests" />
    <testcase name="multi_head_input_dot_product_attention_with_mask" status="run" result="completed" time="0" timestamp="2021-12-24T21:22:47" classname="AttentionTests" />
    <testcase name="basic_multi_head_dot_product_attention" status="run" result="completed" time="0.001" timestamp="2021-12-24T21:22:47" classname="AttentionTests" />
    <testcase name="basic_multi_head_dot_product_attention_with_mask" status="run" result="completed" time="0" timestamp="2021-12-24T21:22:47" classname="AttentionTests" />
  </testsuite>
  <testsuite name="BackpropTests" tests="1" failures="0" disabled="0" errors="0" time="0" timestamp="2021-12-24T21:22:47">
    <testcase name="Test_Add_1" status="run" result="completed" time="0" timestamp="2021-12-24T21:22:47" classname="BackpropTests" />
  </testsuite>
  <testsuite name="BitwiseUtilsTests" tests="5" failures="0" disabled="0" errors="0" time="0" timestamp="2021-12-24T21:22:47">
    <testcase name="Test_Runtime_Endianess_1" status="run" result="completed" time="0" timestamp="2021-12-24T21:22:47" classname="BitwiseUtilsTests" />
    <testcase name="Test_ValueBit_1" status="run" result="completed" time="0" timestamp="2021-12-24T21:22:47" classname="BitwiseUtilsTests" />
    <testcase name="Test_ValueBit_2" status="run" result="completed" time="0" timestamp="2021-12-24T21:22:47" classname="BitwiseUtilsTests" />
    <testcase name="Test_ValueBits_1" status="run" result="completed" time="0" timestamp="2021-12-24T21:22:47" classname="BitwiseUtilsTests" />
    <testcase name="Test_ValueBits_2" status="run" result="completed" time="0" timestamp="2021-12-24T21:22:47" classname="BitwiseUtilsTests" />
  </testsuite>
  <testsuite name="BooleanOpsTests" tests="11" failures="0" disabled="0" errors="0" time="0.009" timestamp="2021-12-24T21:22:47">
    <testcase name="LtTest_1" status="run" result="completed" time="0" timestamp="2021-12-24T21:22:47" classname="BooleanOpsTests" />
    <testcase name="LtTest_2" status="run" result="completed" time="0" timestamp="2021-12-24T21:22:47" classname="BooleanOpsTests" />
    <testcase name="Is_non_decreasing_1" status="run" result="completed" time="0" timestamp="2021-12-24T21:22:47" classname="BooleanOpsTests" />
    <testcase name="Is_non_decreasing_2" status="run" result="completed" time="0" timestamp="2021-12-24T21:22:47" classname="BooleanOpsTests" />
    <testcase name="Is_strictly_increasing_1" status="run" result="completed" time="0" timestamp="2021-12-24T21:22:47" classname="BooleanOpsTests" />
    <testcase name="Is_strictly_increasing_2" status="run" result="completed" time="0" timestamp="2021-12-24T21:22:47" classname="BooleanOpsTests" />
    <testcase name="Is_strictly_increasing_3" status="run" result="completed" time="0" timestamp="2021-12-24T21:22:47" classname="BooleanOpsTests" />
    <testcase name="Is_strictly_increasing_5" status="run" result="completed" time="0.002" timestamp="2021-12-24T21:22:47" classname="BooleanOpsTests" />
    <testcase name="Is_strictly_increasing_6" status="run" result="completed" time="0.006" timestamp="2021-12-24T21:22:47" classname="BooleanOpsTests" />
    <testcase name="Is_numeric_tensor_1" status="run" result="completed" time="0" timestamp="2021-12-24T21:22:47" classname="BooleanOpsTests" />
    <testcase name="test_where_1" status="run" result="completed" time="0" timestamp="2021-12-24T21:22:47" classname="BooleanOpsTests" />
  </testsuite>
  <testsuite name="BroadcastableOpsTests" tests="50" failures="0" disabled="0" errors="0" time="0.004" timestamp="2021-12-24T21:22:47">
    <testcase name="Test_Add_1" status="run" result="completed" time="0" timestamp="2021-12-24T21:22:47" classname="BroadcastableOpsTests" />
    <testcase name="Test_Multiply_1" status="run" result="completed" time="0" timestamp="2021-12-24T21:22:47" classname="BroadcastableOpsTests" />
    <testcase name="Test_SquaredSubtract_1" status="run" result="completed" time="0" timestamp="2021-12-24T21:22:47" classname="BroadcastableOpsTests" />
    <testcase name="Test_ScalarBroadcast_1" status="run" result="completed" time="0" timestamp="2021-12-24T21:22:47" classname="BroadcastableOpsTests" />
    <testcase name="Test_ScalarBroadcast_2" status="run" result="completed" time="0" timestamp="2021-12-24T21:22:47" classname="BroadcastableOpsTests" />
    <testcase name="Test_Maximum_1" status="run" result="completed" time="0" timestamp="2021-12-24T21:22:47" classname="BroadcastableOpsTests" />
    <testcase name="Test_Minimum_1" status="run" result="completed" time="0" timestamp="2021-12-24T21:22:47" classname="BroadcastableOpsTests" />
    <testcase name="Test_Shape_1" status="run" result="completed" time="0" timestamp="2021-12-24T21:22:47" classname="BroadcastableOpsTests" />
    <testcase name="Test_Shape_2" status="run" result="completed" time="0" timestamp="2021-12-24T21:22:47" classname="BroadcastableOpsTests" />
    <testcase name="Test_Shape_3" status="run" result="completed" time="0" timestamp="2021-12-24T21:22:47" classname="BroadcastableOpsTests" />
    <testcase name="Test_Shape_4" status="run" result="completed" time="0" timestamp="2021-12-24T21:22:47" classname="BroadcastableOpsTests" />
    <testcase name="Test_Shape_5" status="run" result="completed" time="0" timestamp="2021-12-24T21:22:47" classname="BroadcastableOpsTests" />
    <testcase name="Test_Scalar_Add_1" status="run" result="completed" time="0" timestamp="2021-12-24T21:22:47" classname="BroadcastableOpsTests" />
    <testcase name="Test_Inplace_Output_1" status="run" result="completed" time="0" timestamp="2021-12-24T21:22:47" classname="BroadcastableOpsTests" />
    <testcase name="Test_Subtract_1" status="run" result="completed" time="0" timestamp="2021-12-24T21:22:47" classname="BroadcastableOpsTests" />
    <testcase name="Test_Subtract_2" status="run" result="completed" time="0" timestamp="2021-12-24T21:22:47" classname="BroadcastableOpsTests" />
    <testcase name="Test_Subtract_3" status="run" result="completed" time="0" timestamp="2021-12-24T21:22:47" classname="BroadcastableOpsTests" />
    <testcase name="Test_Subtract_4" status="run" result="completed" time="0.001" timestamp="2021-12-24T21:22:47" classname="BroadcastableOpsTests" />
    <testcase name="Test_Subtract_5" status="run" result="completed" time="0" timestamp="2021-12-24T21:22:47" classname="BroadcastableOpsTests" />
    <testcase name="Test_Subtract_6" status="run" result="completed" time="0" timestamp="2021-12-24T21:22:47" classname="BroadcastableOpsTests" />
    <testcase name="Test_Subtract_7" status="run" result="completed" time="0" timestamp="2021-12-24T21:22:47" classname="BroadcastableOpsTests" />
    <testcase name="Test_Add_2" status="run" result="completed" time="0" timestamp="2021-12-24T21:22:47" classname="BroadcastableOpsTests" />
    <testcase name="Test_Add_3" status="run" result="completed" time="0" timestamp="2021-12-24T21:22:47" classname="BroadcastableOpsTests" />
    <testcase name="Test_Add_4" status="run" result="completed" time="0" timestamp="2021-12-24T21:22:47" classname="BroadcastableOpsTests" />
    <testcase name="Test_Add_5" status="run" result="completed" time="0" timestamp="2021-12-24T21:22:47" classname="BroadcastableOpsTests" />
    <testcase name="Test_Multiply_2" status="run" result="completed" time="0" timestamp="2021-12-24T21:22:47" classname="BroadcastableOpsTests" />
    <testcase name="Test_Multiply_3" status="run" result="completed" time="0" timestamp="2021-12-24T21:22:47" classname="BroadcastableOpsTests" />
    <testcase name="Test_Multiply_4" status="run" result="completed" time="0" timestamp="2021-12-24T21:22:47" classname="BroadcastableOpsTests" />
    <testcase name="Test_Multiply_5" status="run" result="completed" time="0" timestamp="2021-12-24T21:22:47" classname="BroadcastableOpsTests" />
    <testcase name="Test_Multiply_6" status="run" result="completed" time="0" timestamp="2021-12-24T21:22:47" classname="BroadcastableOpsTests" />
    <testcase name="Test_Multiply_7" status="run" result="completed" time="0" timestamp="2021-12-24T21:22:47" classname="BroadcastableOpsTests" />
    <testcase name="Test_Multiply_8" status="run" result="completed" time="0" timestamp="2021-12-24T21:22:47" classname="BroadcastableOpsTests" />
    <testcase name="broadcast_add_1" status="run" result="completed" time="0" timestamp="2021-12-24T21:22:47" classname="BroadcastableOpsTests" />
    <testcase name="broadcast_equals_1" status="run" result="completed" time="0" timestamp="2021-12-24T21:22:47" classname="BroadcastableOpsTests" />
    <testcase name="broadcast_empty_1" status="run" result="completed" time="0" timestamp="2021-12-24T21:22:47" classname="BroadcastableOpsTests" />
    <testcase name="broadcast_empty_2" status="run" result="completed" time="0" timestamp="2021-12-24T21:22:47" classname="BroadcastableOpsTests" />
    <testcase name="broadcast_empty_3" status="run" result="completed" time="0" timestamp="2021-12-24T21:22:47" classname="BroadcastableOpsTests" />
    <testcase name="broadcast_empty_4" status="run" result="completed" time="0" timestamp="2021-12-24T21:22:47" classname="BroadcastableOpsTests" />
    <testcase name="broadcast_empty_5" status="run" result="completed" time="0" timestamp="2021-12-24T21:22:47" classname="BroadcastableOpsTests" />
    <testcase name="broadcast_empty_6" status="run" result="completed" time="0" timestamp="2021-12-24T21:22:47" classname="BroadcastableOpsTests" />
    <testcase name="broadcast_empty_7" status="run" result="completed" time="0" timestamp="2021-12-24T21:22:47" classname="BroadcastableOpsTests" />
    <testcase name="broadcast_bool_empty_1" status="run" result="completed" time="0" timestamp="2021-12-24T21:22:47" classname="BroadcastableOpsTests" />
    <testcase name="broadcast_bool_empty_2" status="run" result="completed" time="0" timestamp="2021-12-24T21:22:47" classname="BroadcastableOpsTests" />
    <testcase name="broadcast_bool_1" status="run" result="completed" time="0.001" timestamp="2021-12-24T21:22:47" classname="BroadcastableOpsTests" />
    <testcase name="broadcast_bool_2" status="run" result="completed" time="0" timestamp="2021-12-24T21:22:47" classname="BroadcastableOpsTests" />
    <testcase name="broadcast_bool_3" status="run" result="completed" time="0" timestamp="2021-12-24T21:22:47" classname="BroadcastableOpsTests" />
    <testcase name="broadcast_2" status="run" result="completed" time="0" timestamp="2021-12-24T21:22:47" classname="BroadcastableOpsTests" />
    <testcase name="broadcast_3" status="run" result="completed" time="0" timestamp="2021-12-24T21:22:47" classname="BroadcastableOpsTests" />
    <testcase name="test_bert_multiply_1" status="run" result="completed" time="0" timestamp="2021-12-24T21:22:47" classname="BroadcastableOpsTests" />
    <testcase name="test_bert_multiply_2" status="run" result="completed" time="0.002" timestamp="2021-12-24T21:22:47" classname="BroadcastableOpsTests" />
  </testsuite>
  <testsuite name="BroadcastMultiDimTest" tests="1" failures="0" disabled="0" errors="0" time="0" timestamp="2021-12-24T21:22:47">
    <testcase name="MultimDimTest" status="run" result="completed" time="0" timestamp="2021-12-24T21:22:47" classname="BroadcastMultiDimTest" />
  </testsuite>
  <testsuite name="HeaderTest" tests="4" failures="0" disabled="0" errors="0" time="0" timestamp="2021-12-24T21:22:47">
    <testcase name="test_dataTypes_1" status="run" result="completed" time="0" timestamp="2021-12-24T21:22:47" classname="HeaderTest" />
    <testcase name="test_dataTypes_2" status="run" result="completed" time="0" timestamp="2021-12-24T21:22:47" classname="HeaderTest" />
    <testcase name="test_dataTypes_3" status="run" result="completed" time="0" timestamp="2021-12-24T21:22:47" classname="HeaderTest" />
    <testcase name="test_dataTypes_4" status="run" result="completed" time="0" timestamp="2021-12-24T21:22:47" classname="HeaderTest" />
  </testsuite>
  <testsuite name="ConditionalTests" tests="1" failures="0" disabled="0" errors="0" time="0" timestamp="2021-12-24T21:22:47">
    <testcase name="BasicTests_1" status="run" result="completed" time="0" timestamp="2021-12-24T21:22:47" classname="ConditionalTests" />
  </testsuite>
  <testsuite name="ConstantShapeHelperTests" tests="11" failures="0" disabled="0" errors="0" time="0.046" timestamp="2021-12-24T21:22:47">
    <testcase name="test_cachedAmount_1" status="run" result="completed" time="0.045" timestamp="2021-12-24T21:22:47" classname="ConstantShapeHelperTests" />
    <testcase name="basic_test_1" status="run" result="completed" time="0" timestamp="2021-12-24T21:22:47" classname="ConstantShapeHelperTests" />
    <testcase name="stress_test_1" status="run" result="completed" time="0.001" timestamp="2021-12-24T21:22:47" classname="ConstantShapeHelperTests" />
    <testcase name="basic_test_3" status="run" result="completed" time="0" timestamp="2021-12-24T21:22:47" classname="ConstantShapeHelperTests" />
    <testcase name="basic_test_4" status="run" result="completed" time="0" timestamp="2021-12-24T21:22:47" classname="ConstantShapeHelperTests" />
    <testcase name="basic_test_5" status="run" result="completed" time="0" timestamp="2021-12-24T21:22:47" classname="ConstantShapeHelperTests" />
    <testcase name="basic_test_6" status="run" result="completed" time="0" timestamp="2021-12-24T21:22:47" classname="ConstantShapeHelperTests" />
    <testcase name="basic_test_7" status="run" result="completed" time="0" timestamp="2021-12-24T21:22:47" classname="ConstantShapeHelperTests" />
    <testcase name="ShapeDescriptor_1" status="run" result="completed" time="0" timestamp="2021-12-24T21:22:47" classname="ConstantShapeHelperTests" />
    <testcase name="ShapeDescriptor_validation" status="run" result="completed" time="0" timestamp="2021-12-24T21:22:47" classname="ConstantShapeHelperTests" />
    <testcase name="ShapeDescriptor_paddedBuffer" status="run" result="completed" time="0" timestamp="2021-12-24T21:22:47" classname="ConstantShapeHelperTests" />
  </testsuite>
  <testsuite name="ConstantTadHelperTests" tests="1" failures="0" disabled="0" errors="0" time="0.019" timestamp="2021-12-24T21:22:47">
    <testcase name="test_cachedAmount_1" status="run" result="completed" time="0.019" timestamp="2021-12-24T21:22:47" classname="ConstantTadHelperTests" />
  </testsuite>
  <testsuite name="ConstantHelperTests" tests="2" failures="0" disabled="0" errors="0" time="0" timestamp="2021-12-24T21:22:47">
    <testcase name="basic_test_1" status="run" result="completed" time="0" timestamp="2021-12-24T21:22:47" classname="ConstantHelperTests" />
    <testcase name="basic_test_2" status="run" result="completed" time="0" timestamp="2021-12-24T21:22:47" classname="ConstantHelperTests" />
  </testsuite>
  <testsuite name="ContextTests" tests="15" failures="0" disabled="0" errors="0" time="0.001" timestamp="2021-12-24T21:22:47">
    <testcase name="Basic_Test_1" status="run" result="completed" time="0" timestamp="2021-12-24T21:22:47" classname="ContextTests" />
    <testcase name="Basic_Test_2" status="run" result="completed" time="0" timestamp="2021-12-24T21:22:47" classname="ContextTests" />
    <testcase name="Basic_Test_3" status="run" result="completed" time="0" timestamp="2021-12-24T21:22:47" classname="ContextTests" />
    <testcase name="Basic_Test_4" status="run" result="completed" time="0" timestamp="2021-12-24T21:22:47" classname="ContextTests" />
    <testcase name="Basic_Test_5" status="run" result="completed" time="0" timestamp="2021-12-24T21:22:47" classname="ContextTests" />
    <testcase name="Basic_Test_6" status="run" result="completed" time="0" timestamp="2021-12-24T21:22:47" classname="ContextTests" />
    <testcase name="Basic_Test_7" status="run" result="completed" time="0" timestamp="2021-12-24T21:22:47" classname="ContextTests" />
    <testcase name="Basic_Test_8" status="run" result="completed" time="0" timestamp="2021-12-24T21:22:47" classname="ContextTests" />
    <testcase name="Basic_Test_9" status="run" result="completed" time="0" timestamp="2021-12-24T21:22:47" classname="ContextTests" />
    <testcase name="Basic_Test_10" status="run" result="completed" time="0" timestamp="2021-12-24T21:22:47" classname="ContextTests" />
    <testcase name="Prototype_Test_1" status="run" result="completed" time="0" timestamp="2021-12-24T21:22:47" classname="ContextTests" />
    <testcase name="Prototype_Test_2" status="run" result="completed" time="0" timestamp="2021-12-24T21:22:47" classname="ContextTests" />
    <testcase name="test_short_context_1" status="run" result="completed" time="0" timestamp="2021-12-24T21:22:47" classname="ContextTests" />
    <testcase name="test_short_context_2" status="run" result="completed" time="0" timestamp="2021-12-24T21:22:47" classname="ContextTests" />
    <testcase name="test_short_context_3" status="run" result="completed" time="0" timestamp="2021-12-24T21:22:47" classname="ContextTests" />
  </testsuite>
  <testsuite name="TypedConvolutionTests1/0" tests="35" failures="0" disabled="0" errors="0" time="0.012" timestamp="2021-12-24T21:22:47">
    <testcase name="conv2d_1" type_param="double" status="run" result="completed" time="0" timestamp="2021-12-24T21:22:47" classname="TypedConvolutionTests1/0" />
    <testcase name="conv2d_2" type_param="double" status="run" result="completed" time="0" timestamp="2021-12-24T21:22:47" classname="TypedConvolutionTests1/0" />
    <testcase name="conv2d_3" type_param="double" status="run" result="completed" time="0" timestamp="2021-12-24T21:22:47" classname="TypedConvolutionTests1/0" />
    <testcase name="conv2d_4" type_param="double" status="run" result="completed" time="0" timestamp="2021-12-24T21:22:47" classname="TypedConvolutionTests1/0" />
    <testcase name="conv2d_5" type_param="double" status="run" result="completed" time="0" timestamp="2021-12-24T21:22:47" classname="TypedConvolutionTests1/0" />
    <testcase name="conv2d_6" type_param="double" status="run" result="completed" time="0.001" timestamp="2021-12-24T21:22:47" classname="TypedConvolutionTests1/0" />
    <testcase name="conv2d_7" type_param="double" status="run" result="completed" time="0.002" timestamp="2021-12-24T21:22:47" classname="TypedConvolutionTests1/0" />
    <testcase name="sconv2d_2" type_param="double" status="run" result="completed" time="0.001" timestamp="2021-12-24T21:22:47" classname="TypedConvolutionTests1/0" />
    <testcase name="sconv2d_3" type_param="double" status="run" result="completed" time="0.004" timestamp="2021-12-24T21:22:47" classname="TypedConvolutionTests1/0" />
    <testcase name="conv2D_BP_Bias_1" type_param="double" status="run" result="completed" time="0.001" timestamp="2021-12-24T21:22:47" classname="TypedConvolutionTests1/0" />
    <testcase name="conv2D_BP_NoBias_1" type_param="double" status="run" result="completed" time="0" timestamp="2021-12-24T21:22:47" classname="TypedConvolutionTests1/0" />
    <testcase name="sconv2d_conv2d_1" type_param="double" status="run" result="completed" time="0" timestamp="2021-12-24T21:22:47" classname="TypedConvolutionTests1/0" />
    <testcase name="Test_Conv1D_ff_1" type_param="double" status="run" result="completed" time="0" timestamp="2021-12-24T21:22:47" classname="TypedConvolutionTests1/0" />
    <testcase name="Test_Conv1D_ff_2" type_param="double" status="run" result="completed" time="0" timestamp="2021-12-24T21:22:47" classname="TypedConvolutionTests1/0" />
    <testcase name="conv2d_bp_test1" type_param="double" status="run" result="completed" time="0.001" timestamp="2021-12-24T21:22:47" classname="TypedConvolutionTests1/0" />
    <testcase name="conv2d_bp_test2" type_param="double" status="run" result="completed" time="0" timestamp="2021-12-24T21:22:47" classname="TypedConvolutionTests1/0" />
    <testcase name="conv2d_bp_test3" type_param="double" status="run" result="completed" time="0" timestamp="2021-12-24T21:22:47" classname="TypedConvolutionTests1/0" />
    <testcase name="conv3d_bp_test1" type_param="double" status="run" result="completed" time="0" timestamp="2021-12-24T21:22:47" classname="TypedConvolutionTests1/0" />
    <testcase name="conv3d_bp_test2" type_param="double" status="run" result="completed" time="0" timestamp="2021-12-24T21:22:47" classname="TypedConvolutionTests1/0" />
    <testcase name="conv3d_bp_test3" type_param="double" status="run" result="completed" time="0" timestamp="2021-12-24T21:22:47" classname="TypedConvolutionTests1/0" />
    <testcase name="conv3d_test1" type_param="double" status="run" result="completed" time="0.001" timestamp="2021-12-24T21:22:47" classname="TypedConvolutionTests1/0" />
    <testcase name="conv3d_test2" type_param="double" status="run" result="completed" time="0" timestamp="2021-12-24T21:22:47" classname="TypedConvolutionTests1/0" />
    <testcase name="conv3d_test3" type_param="double" status="run" result="completed" time="0" timestamp="2021-12-24T21:22:47" classname="TypedConvolutionTests1/0" />
    <testcase name="conv3d_test4" type_param="double" status="run" result="completed" time="0" timestamp="2021-12-24T21:22:47" classname="TypedConvolutionTests1/0" />
    <testcase name="conv3d_test5" type_param="double" status="run" result="completed" time="0" timestamp="2021-12-24T21:22:47" classname="TypedConvolutionTests1/0" />
    <testcase name="conv3d_test6" type_param="double" status="run" result="completed" time="0" timestamp="2021-12-24T21:22:47" classname="TypedConvolutionTests1/0" />
    <testcase name="conv3d_test7" type_param="double" status="run" result="completed" time="0" timestamp="2021-12-24T21:22:47" classname="TypedConvolutionTests1/0" />
    <testcase name="conv3d_test8" type_param="double" status="run" result="completed" time="0" timestamp="2021-12-24T21:22:47" classname="TypedConvolutionTests1/0" />
    <testcase name="conv3d_test9" type_param="double" status="run" result="completed" time="0.001" timestamp="2021-12-24T21:22:47" classname="TypedConvolutionTests1/0" />
    <testcase name="conv3d_test10" type_param="double" status="run" result="completed" time="0" timestamp="2021-12-24T21:22:47" classname="TypedConvolutionTests1/0" />
    <testcase name="conv3d_test11" type_param="double" status="run" result="completed" time="0" timestamp="2021-12-24T21:22:47" classname="TypedConvolutionTests1/0" />
    <testcase name="pointwise_conv2d_test1" type_param="double" status="run" result="completed" time="0" timestamp="2021-12-24T21:22:47" classname="TypedConvolutionTests1/0" />
    <testcase name="conv2D_input_BP_test1" type_param="double" status="run" result="completed" time="0" timestamp="2021-12-24T21:22:47" classname="TypedConvolutionTests1/0" />
    <testcase name="deconv2d_test6" type_param="double" status="run" result="completed" time="0" timestamp="2021-12-24T21:22:47" classname="TypedConvolutionTests1/0" />
    <testcase name="deconv2d_tf_test1" type_param="double" status="run" result="completed" time="0" timestamp="2021-12-24T21:22:47" classname="TypedConvolutionTests1/0" />
  </testsuite>
  <testsuite name="TypedConvolutionTests1/1" tests="35" failures="0" disabled="0" errors="0" time="0.007" timestamp="2021-12-24T21:22:47">
    <testcase name="conv2d_1" type_param="float" status="run" result="completed" time="0.001" timestamp="2021-12-24T21:22:47" classname="TypedConvolutionTests1/1" />
    <testcase name="conv2d_2" type_param="float" status="run" result="completed" time="0" timestamp="2021-12-24T21:22:47" classname="TypedConvolutionTests1/1" />
    <testcase name="conv2d_3" type_param="float" status="run" result="completed" time="0" timestamp="2021-12-24T21:22:47" classname="TypedConvolutionTests1/1" />
    <testcase name="conv2d_4" type_param="float" status="run" result="completed" time="0" timestamp="2021-12-24T21:22:47" classname="TypedConvolutionTests1/1" />
    <testcase name="conv2d_5" type_param="float" status="run" result="completed" time="0" timestamp="2021-12-24T21:22:47" classname="TypedConvolutionTests1/1" />
    <testcase name="conv2d_6" type_param="float" status="run" result="completed" time="0" timestamp="2021-12-24T21:22:47" classname="TypedConvolutionTests1/1" />
    <testcase name="conv2d_7" type_param="float" status="run" result="completed" time="0.002" timestamp="2021-12-24T21:22:47" classname="TypedConvolutionTests1/1" />
    <testcase name="sconv2d_2" type_param="float" status="run" result="completed" time="0" timestamp="2021-12-24T21:22:47" classname="TypedConvolutionTests1/1" />
    <testcase name="sconv2d_3" type_param="float" status="run" result="completed" time="0" timestamp="2021-12-24T21:22:47" classname="TypedConvolutionTests1/1" />
    <testcase name="conv2D_BP_Bias_1" type_param="float" status="run" result="completed" time="0" timestamp="2021-12-24T21:22:47" classname="TypedConvolutionTests1/1" />
    <testcase name="conv2D_BP_NoBias_1" type_param="float" status="run" result="completed" time="0" timestamp="2021-12-24T21:22:47" classname="TypedConvolutionTests1/1" />
    <testcase name="sconv2d_conv2d_1" type_param="float" status="run" result="completed" time="0.001" timestamp="2021-12-24T21:22:47" classname="TypedConvolutionTests1/1" />
    <testcase name="Test_Conv1D_ff_1" type_param="float" status="run" result="completed" time="0" timestamp="2021-12-24T21:22:47" classname="TypedConvolutionTests1/1" />
    <testcase name="Test_Conv1D_ff_2" type_param="float" status="run" result="completed" time="0" timestamp="2021-12-24T21:22:47" classname="TypedConvolutionTests1/1" />
    <testcase name="conv2d_bp_test1" type_param="float" status="run" result="completed" time="0" timestamp="2021-12-24T21:22:47" classname="TypedConvolutionTests1/1" />
    <testcase name="conv2d_bp_test2" type_param="float" status="run" result="completed" time="0" timestamp="2021-12-24T21:22:47" classname="TypedConvolutionTests1/1" />
    <testcase name="conv2d_bp_test3" type_param="float" status="run" result="completed" time="0" timestamp="2021-12-24T21:22:47" classname="TypedConvolutionTests1/1" />
    <testcase name="conv3d_bp_test1" type_param="float" status="run" result="completed" time="0" timestamp="2021-12-24T21:22:47" classname="TypedConvolutionTests1/1" />
    <testcase name="conv3d_bp_test2" type_param="float" status="run" result="completed" time="0.001" timestamp="2021-12-24T21:22:47" classname="TypedConvolutionTests1/1" />
    <testcase name="conv3d_bp_test3" type_param="float" status="run" result="completed" time="0" timestamp="2021-12-24T21:22:47" classname="TypedConvolutionTests1/1" />
    <testcase name="conv3d_test1" type_param="float" status="run" result="completed" time="0" timestamp="2021-12-24T21:22:47" classname="TypedConvolutionTests1/1" />
    <testcase name="conv3d_test2" type_param="float" status="run" result="completed" time="0" timestamp="2021-12-24T21:22:47" classname="TypedConvolutionTests1/1" />
    <testcase name="conv3d_test3" type_param="float" status="run" result="completed" time="0" timestamp="2021-12-24T21:22:47" classname="TypedConvolutionTests1/1" />
    <testcase name="conv3d_test4" type_param="float" status="run" result="completed" time="0" timestamp="2021-12-24T21:22:47" classname="TypedConvolutionTests1/1" />
    <testcase name="conv3d_test5" type_param="float" status="run" result="completed" time="0" timestamp="2021-12-24T21:22:47" classname="TypedConvolutionTests1/1" />
    <testcase name="conv3d_test6" type_param="float" status="run" result="completed" time="0" timestamp="2021-12-24T21:22:47" classname="TypedConvolutionTests1/1" />
    <testcase name="conv3d_test7" type_param="float" status="run" result="completed" time="0" timestamp="2021-12-24T21:22:47" classname="TypedConvolutionTests1/1" />
    <testcase name="conv3d_test8" type_param="float" status="run" result="completed" time="0.001" timestamp="2021-12-24T21:22:47" classname="TypedConvolutionTests1/1" />
    <testcase name="conv3d_test9" type_param="float" status="run" result="completed" time="0" timestamp="2021-12-24T21:22:47" classname="TypedConvolutionTests1/1" />
    <testcase name="conv3d_test10" type_param="float" status="run" result="completed" time="0" timestamp="2021-12-24T21:22:47" classname="TypedConvolutionTests1/1" />
    <testcase name="conv3d_test11" type_param="float" status="run" result="completed" time="0" timestamp="2021-12-24T21:22:47" classname="TypedConvolutionTests1/1" />
    <testcase name="pointwise_conv2d_test1" type_param="float" status="run" result="completed" time="0" timestamp="2021-12-24T21:22:47" classname="TypedConvolutionTests1/1" />
    <testcase name="conv2D_input_BP_test1" type_param="float" status="run" result="completed" time="0" timestamp="2021-12-24T21:22:47" classname="TypedConvolutionTests1/1" />
    <testcase name="deconv2d_test6" type_param="float" status="run" result="completed" time="0" timestamp="2021-12-24T21:22:47" classname="TypedConvolutionTests1/1" />
    <testcase name="deconv2d_tf_test1" type_param="float" status="run" result="completed" time="0.001" timestamp="2021-12-24T21:22:47" classname="TypedConvolutionTests1/1" />
  </testsuite>
  <testsuite name="ConvolutionTests1" tests="47" failures="0" disabled="0" errors="0" time="0.011" timestamp="2021-12-24T21:22:47">
    <testcase name="conv2d_8" status="run" result="completed" time="0" timestamp="2021-12-24T21:22:47" classname="ConvolutionTests1" />
    <testcase name="conv2d_9" status="run" result="completed" time="0" timestamp="2021-12-24T21:22:47" classname="ConvolutionTests1" />
    <testcase name="conv2d_10" status="run" result="completed" time="0" timestamp="2021-12-24T21:22:47" classname="ConvolutionTests1" />
    <testcase name="sconv2d_1" status="run" result="completed" time="0" timestamp="2021-12-24T21:22:47" classname="ConvolutionTests1" />
    <testcase name="sconv2d_4" status="run" result="completed" time="0" timestamp="2021-12-24T21:22:47" classname="ConvolutionTests1" />
    <testcase name="deconv2d_bp_1" status="run" result="completed" time="0" timestamp="2021-12-24T21:22:47" classname="ConvolutionTests1" />
    <testcase name="deconv2d_bp_2" status="run" result="completed" time="0" timestamp="2021-12-24T21:22:47" classname="ConvolutionTests1" />
    <testcase name="deconv2d_bp_3" status="run" result="completed" time="0" timestamp="2021-12-24T21:22:47" classname="ConvolutionTests1" />
    <testcase name="conv1d_causal_1" status="run" result="completed" time="0" timestamp="2021-12-24T21:22:47" classname="ConvolutionTests1" />
    <testcase name="conv1d_causal_2" status="run" result="completed" time="0" timestamp="2021-12-24T21:22:47" classname="ConvolutionTests1" />
    <testcase name="conv1d_causal_3" status="run" result="completed" time="0.001" timestamp="2021-12-24T21:22:47" classname="ConvolutionTests1" />
    <testcase name="conv1d_causal_4" status="run" result="completed" time="0" timestamp="2021-12-24T21:22:47" classname="ConvolutionTests1" />
    <testcase name="conv1d_causal_5" status="run" result="completed" time="0" timestamp="2021-12-24T21:22:47" classname="ConvolutionTests1" />
    <testcase name="conv1d_causal_6" status="run" result="completed" time="0" timestamp="2021-12-24T21:22:47" classname="ConvolutionTests1" />
    <testcase name="conv1d_causal_7" status="run" result="completed" time="0" timestamp="2021-12-24T21:22:47" classname="ConvolutionTests1" />
    <testcase name="conv1d_causal_8" status="run" result="completed" time="0" timestamp="2021-12-24T21:22:47" classname="ConvolutionTests1" />
    <testcase name="conv1d_causal_bp_1" status="run" result="completed" time="0.003" timestamp="2021-12-24T21:22:47" classname="ConvolutionTests1" />
    <testcase name="Test_Dilation2D_1" status="run" result="completed" time="0" timestamp="2021-12-24T21:22:47" classname="ConvolutionTests1" />
    <testcase name="Test_Dilation2D_2" status="run" result="completed" time="0" timestamp="2021-12-24T21:22:47" classname="ConvolutionTests1" />
    <testcase name="conv2d_bp_4" status="run" result="completed" time="0" timestamp="2021-12-24T21:22:47" classname="ConvolutionTests1" />
    <testcase name="conv2d_bp_5" status="run" result="completed" time="0" timestamp="2021-12-24T21:22:47" classname="ConvolutionTests1" />
    <testcase name="conv2d_bp_6" status="run" result="completed" time="0" timestamp="2021-12-24T21:22:47" classname="ConvolutionTests1" />
    <testcase name="conv3d_bp_test4" status="run" result="completed" time="0" timestamp="2021-12-24T21:22:47" classname="ConvolutionTests1" />
    <testcase name="conv3d_bp_test5" status="run" result="completed" time="0" timestamp="2021-12-24T21:22:47" classname="ConvolutionTests1" />
    <testcase name="conv3d_test12" status="run" result="completed" time="0.001" timestamp="2021-12-24T21:22:47" classname="ConvolutionTests1" />
    <testcase name="conv3d_test13" status="run" result="completed" time="0" timestamp="2021-12-24T21:22:47" classname="ConvolutionTests1" />
    <testcase name="vol2col_test1" status="run" result="completed" time="0" timestamp="2021-12-24T21:22:47" classname="ConvolutionTests1" />
    <testcase name="vol2col_test2" status="run" result="completed" time="0.004" timestamp="2021-12-24T21:22:47" classname="ConvolutionTests1" />
    <testcase name="col2im_test1" status="run" result="completed" time="0.001" timestamp="2021-12-24T21:22:47" classname="ConvolutionTests1" />
    <testcase name="upsampling2d_test1" status="run" result="completed" time="0" timestamp="2021-12-24T21:22:47" classname="ConvolutionTests1" />
    <testcase name="upsampling2d_test2" status="run" result="completed" time="0" timestamp="2021-12-24T21:22:47" classname="ConvolutionTests1" />
    <testcase name="upsampling3d_test1" status="run" result="completed" time="0" timestamp="2021-12-24T21:22:47" classname="ConvolutionTests1" />
    <testcase name="upsampling3d_test2" status="run" result="completed" time="0" timestamp="2021-12-24T21:22:47" classname="ConvolutionTests1" />
    <testcase name="upsampling3d_bp_test1" status="run" result="completed" time="0" timestamp="2021-12-24T21:22:47" classname="ConvolutionTests1" />
    <testcase name="upsampling3d_bp_test3" status="run" result="completed" time="0" timestamp="2021-12-24T21:22:47" classname="ConvolutionTests1" />
    <testcase name="deconv2d_test1" status="run" result="completed" time="0" timestamp="2021-12-24T21:22:47" classname="ConvolutionTests1" />
    <testcase name="deconv2d_test2" status="run" result="completed" time="0" timestamp="2021-12-24T21:22:47" classname="ConvolutionTests1" />
    <testcase name="deconv2d_test3" status="run" result="completed" time="0" timestamp="2021-12-24T21:22:47" classname="ConvolutionTests1" />
    <testcase name="deconv2d_test4" status="run" result="completed" time="0" timestamp="2021-12-24T21:22:47" classname="ConvolutionTests1" />
    <testcase name="deconv2d_test5" status="run" result="completed" time="0" timestamp="2021-12-24T21:22:47" classname="ConvolutionTests1" />
    <testcase name="deconv2d_test7" status="run" result="completed" time="0" timestamp="2021-12-24T21:22:47" classname="ConvolutionTests1" />
    <testcase name="deconv2d_test8" status="run" result="completed" time="0.001" timestamp="2021-12-24T21:22:47" classname="ConvolutionTests1" />
    <testcase name="deconv2d_test9" status="run" result="completed" time="0" timestamp="2021-12-24T21:22:47" classname="ConvolutionTests1" />
    <testcase name="deconv2d_test10" status="run" result="completed" time="0" timestamp="2021-12-24T21:22:47" classname="ConvolutionTests1" />
    <testcase name="conv2d_bp_7" status="run" result="completed" time="0" timestamp="2021-12-24T21:22:47" classname="ConvolutionTests1" />
    <testcase name="conv2d_ff_119_1" status="run" result="completed" time="0" timestamp="2021-12-24T21:22:47" classname="ConvolutionTests1" />
    <testcase name="conv2d_ff_119_2" status="run" result="completed" time="0" timestamp="2021-12-24T21:22:47" classname="ConvolutionTests1" />
  </testsuite>
  <testsuite name="ConvolutionTests2" tests="49" failures="0" disabled="0" errors="0" time="0.065" timestamp="2021-12-24T21:22:47">
    <testcase name="im2col_1" status="run" result="completed" time="0.001" timestamp="2021-12-24T21:22:47" classname="ConvolutionTests2" />
    <testcase name="Test_Dilation2D_Again_1" status="run" result="completed" time="0.001" timestamp="2021-12-24T21:22:47" classname="ConvolutionTests2" />
    <testcase name="Test_Dilation2D_Again_2" status="run" result="completed" time="0" timestamp="2021-12-24T21:22:47" classname="ConvolutionTests2" />
    <testcase name="sconv2d_bp_5" status="run" result="completed" time="0" timestamp="2021-12-24T21:22:47" classname="ConvolutionTests2" />
    <testcase name="im2col_bp_1" status="run" result="completed" time="0" timestamp="2021-12-24T21:22:47" classname="ConvolutionTests2" />
    <testcase name="deconv3d_test1" status="run" result="completed" time="0" timestamp="2021-12-24T21:22:47" classname="ConvolutionTests2" />
    <testcase name="deconv3d_test2" status="run" result="completed" time="0" timestamp="2021-12-24T21:22:47" classname="ConvolutionTests2" />
    <testcase name="deconv3d_test3" status="run" result="completed" time="0" timestamp="2021-12-24T21:22:47" classname="ConvolutionTests2" />
    <testcase name="deconv3d_test4" status="run" result="completed" time="0" timestamp="2021-12-24T21:22:47" classname="ConvolutionTests2" />
    <testcase name="deconv3d_test5" status="run" result="completed" time="0" timestamp="2021-12-24T21:22:47" classname="ConvolutionTests2" />
    <testcase name="deconv3d_test6" status="run" result="completed" time="0" timestamp="2021-12-24T21:22:47" classname="ConvolutionTests2" />
    <testcase name="deconv3d_test7" status="run" result="completed" time="0.001" timestamp="2021-12-24T21:22:47" classname="ConvolutionTests2" />
    <testcase name="deconv3d_bp_test1" status="run" result="completed" time="0" timestamp="2021-12-24T21:22:47" classname="ConvolutionTests2" />
    <testcase name="deconv3d_bp_test2" status="run" result="completed" time="0" timestamp="2021-12-24T21:22:47" classname="ConvolutionTests2" />
    <testcase name="deconv3d_bp_test3" status="run" result="completed" time="0" timestamp="2021-12-24T21:22:47" classname="ConvolutionTests2" />
    <testcase name="deconv3d_bp_test4" status="run" result="completed" time="0" timestamp="2021-12-24T21:22:47" classname="ConvolutionTests2" />
    <testcase name="deconv3d_bp_test5" status="run" result="completed" time="0" timestamp="2021-12-24T21:22:47" classname="ConvolutionTests2" />
    <testcase name="deconv3d_bp_test6" status="run" result="completed" time="0.001" timestamp="2021-12-24T21:22:47" classname="ConvolutionTests2" />
    <testcase name="maxpool2d_1" status="run" result="completed" time="0" timestamp="2021-12-24T21:22:47" classname="ConvolutionTests2" />
    <testcase name="maxpool2d_2" status="run" result="completed" time="0" timestamp="2021-12-24T21:22:47" classname="ConvolutionTests2" />
    <testcase name="maxpool2d_3" status="run" result="completed" time="0" timestamp="2021-12-24T21:22:47" classname="ConvolutionTests2" />
    <testcase name="maxpool2d_4" status="run" result="completed" time="0" timestamp="2021-12-24T21:22:47" classname="ConvolutionTests2" />
    <testcase name="maxpool2d_5" status="run" result="completed" time="0" timestamp="2021-12-24T21:22:47" classname="ConvolutionTests2" />
    <testcase name="maxpool2d_11" status="run" result="completed" time="0" timestamp="2021-12-24T21:22:47" classname="ConvolutionTests2" />
    <testcase name="maxpool2d_bp_1" status="run" result="completed" time="0" timestamp="2021-12-24T21:22:47" classname="ConvolutionTests2" />
    <testcase name="maxpool2d_bp_2" status="run" result="completed" time="0" timestamp="2021-12-24T21:22:47" classname="ConvolutionTests2" />
    <testcase name="maxpool2d_bp_7" status="run" result="completed" time="0.001" timestamp="2021-12-24T21:22:47" classname="ConvolutionTests2" />
    <testcase name="avgpool2d_bp_1" status="run" result="completed" time="0" timestamp="2021-12-24T21:22:47" classname="ConvolutionTests2" />
    <testcase name="pnormpool2d_bp_1" status="run" result="completed" time="0.001" timestamp="2021-12-24T21:22:47" classname="ConvolutionTests2" />
    <testcase name="upsampling2d_bp_1" status="run" result="completed" time="0" timestamp="2021-12-24T21:22:47" classname="ConvolutionTests2" />
    <testcase name="upsampling2d_bp_2" status="run" result="completed" time="0" timestamp="2021-12-24T21:22:47" classname="ConvolutionTests2" />
    <testcase name="upsampling2d_bp_3" status="run" result="completed" time="0" timestamp="2021-12-24T21:22:47" classname="ConvolutionTests2" />
    <testcase name="depthwise_conv2d_2" status="run" result="completed" time="0" timestamp="2021-12-24T21:22:47" classname="ConvolutionTests2" />
    <testcase name="depthwise_conv2d_3" status="run" result="completed" time="0" timestamp="2021-12-24T21:22:47" classname="ConvolutionTests2" />
    <testcase name="depthwise_conv2d_4" status="run" result="completed" time="0.041" timestamp="2021-12-24T21:22:47" classname="ConvolutionTests2" />
    <testcase name="depthwise_conv2d_5" status="run" result="completed" time="0" timestamp="2021-12-24T21:22:47" classname="ConvolutionTests2" />
    <testcase name="depthwise_conv2d_6" status="run" result="completed" time="0" timestamp="2021-12-24T21:22:47" classname="ConvolutionTests2" />
    <testcase name="depthwise_conv2d_7" status="run" result="completed" time="0" timestamp="2021-12-24T21:22:47" classname="ConvolutionTests2" />
    <testcase name="depthwise_conv2d_8" status="run" result="completed" time="0" timestamp="2021-12-24T21:22:47" classname="ConvolutionTests2" />
    <testcase name="depthwise_conv2d_9" status="run" result="completed" time="0" timestamp="2021-12-24T21:22:47" classname="ConvolutionTests2" />
    <testcase name="depthwise_conv2d_10" status="run" result="completed" time="0" timestamp="2021-12-24T21:22:47" classname="ConvolutionTests2" />
    <testcase name="depthwise_conv2d_11" status="run" result="completed" time="0" timestamp="2021-12-24T21:22:47" classname="ConvolutionTests2" />
    <testcase name="depthwise_conv2d_bp_test1" status="run" result="completed" time="0" timestamp="2021-12-24T21:22:47" classname="ConvolutionTests2" />
    <testcase name="depthwise_conv2d_bp_test2" status="run" result="completed" time="0.001" timestamp="2021-12-24T21:22:47" classname="ConvolutionTests2" />
    <testcase name="depthwise_conv2d_bp_test3" status="run" result="completed" time="0.015" timestamp="2021-12-24T21:22:47" classname="ConvolutionTests2" />
    <testcase name="depthwise_conv2d_bp_test4" status="run" result="completed" time="0.001" timestamp="2021-12-24T21:22:47" classname="ConvolutionTests2" />
    <testcase name="depthwise_conv2d_bp_test5" status="run" result="completed" time="0" timestamp="2021-12-24T21:22:47" classname="ConvolutionTests2" />
    <testcase name="depthwise_conv2d_bp_test6" status="run" result="completed" time="0" timestamp="2021-12-24T21:22:47" classname="ConvolutionTests2" />
    <testcase name="depthwise_conv2d_bp_test7" status="run" result="completed" time="0" timestamp="2021-12-24T21:22:47" classname="ConvolutionTests2" />
  </testsuite>
  <testsuite name="TypedConvolutionTests2/0" tests="40" failures="0" disabled="0" errors="0" time="0.014" timestamp="2021-12-24T21:22:47">
    <testcase name="deconv2d_tf_test2" type_param="double" status="run" result="completed" time="0" timestamp="2021-12-24T21:22:47" classname="TypedConvolutionTests2/0" />
    <testcase name="Test_DeConv2D_TF_1" type_param="double" status="run" result="completed" time="0" timestamp="2021-12-24T21:22:47" classname="TypedConvolutionTests2/0" />
    <testcase name="Test_DeConv2D_TF_2" type_param="double" status="run" result="completed" time="0" timestamp="2021-12-24T21:22:47" classname="TypedConvolutionTests2/0" />
    <testcase name="sconv2d_bp_1" type_param="double" status="run" result="completed" time="0" timestamp="2021-12-24T21:22:47" classname="TypedConvolutionTests2/0" />
    <testcase name="sconv2d_bp_2" type_param="double" status="run" result="completed" time="0.006" timestamp="2021-12-24T21:22:47" classname="TypedConvolutionTests2/0" />
    <testcase name="sconv2d_bp_3" type_param="double" status="run" result="completed" time="0.001" timestamp="2021-12-24T21:22:47" classname="TypedConvolutionTests2/0" />
    <testcase name="sconv2d_bp_4" type_param="double" status="run" result="completed" time="0" timestamp="2021-12-24T21:22:47" classname="TypedConvolutionTests2/0" />
    <testcase name="maxpool2d_6" type_param="double" status="run" result="completed" time="0" timestamp="2021-12-24T21:22:47" classname="TypedConvolutionTests2/0" />
    <testcase name="maxpool2d_7" type_param="double" status="run" result="completed" time="0" timestamp="2021-12-24T21:22:47" classname="TypedConvolutionTests2/0" />
    <testcase name="maxpool2d_8" type_param="double" status="run" result="completed" time="0" timestamp="2021-12-24T21:22:47" classname="TypedConvolutionTests2/0" />
    <testcase name="maxpool2d_9" type_param="double" status="run" result="completed" time="0" timestamp="2021-12-24T21:22:47" classname="TypedConvolutionTests2/0" />
    <testcase name="maxpool2d_10" type_param="double" status="run" result="completed" time="0" timestamp="2021-12-24T21:22:47" classname="TypedConvolutionTests2/0" />
    <testcase name="avgpool3d_test1" type_param="double" status="run" result="completed" time="0" timestamp="2021-12-24T21:22:47" classname="TypedConvolutionTests2/0" />
    <testcase name="avgpool3d_test2" type_param="double" status="run" result="completed" time="0" timestamp="2021-12-24T21:22:47" classname="TypedConvolutionTests2/0" />
    <testcase name="avgpool3d_test3" type_param="double" status="run" result="completed" time="0" timestamp="2021-12-24T21:22:47" classname="TypedConvolutionTests2/0" />
    <testcase name="avgpool3d_test4" type_param="double" status="run" result="completed" time="0" timestamp="2021-12-24T21:22:47" classname="TypedConvolutionTests2/0" />
    <testcase name="maxpool3d_test1" type_param="double" status="run" result="completed" time="0" timestamp="2021-12-24T21:22:47" classname="TypedConvolutionTests2/0" />
    <testcase name="maxpool3d_test2" type_param="double" status="run" result="completed" time="0" timestamp="2021-12-24T21:22:47" classname="TypedConvolutionTests2/0" />
    <testcase name="maxpool3d_test3" type_param="double" status="run" result="completed" time="0" timestamp="2021-12-24T21:22:47" classname="TypedConvolutionTests2/0" />
    <testcase name="maxpool3d_test4" type_param="double" status="run" result="completed" time="0" timestamp="2021-12-24T21:22:47" classname="TypedConvolutionTests2/0" />
    <testcase name="avgpool3d_bp_test1" type_param="double" status="run" result="completed" time="0" timestamp="2021-12-24T21:22:47" classname="TypedConvolutionTests2/0" />
    <testcase name="avgpool3d_bp_test2" type_param="double" status="run" result="completed" time="0" timestamp="2021-12-24T21:22:47" classname="TypedConvolutionTests2/0" />
    <testcase name="avgpool3d_bp_test3" type_param="double" status="run" result="completed" time="0" timestamp="2021-12-24T21:22:47" classname="TypedConvolutionTests2/0" />
    <testcase name="avgpool3d_bp_test4" type_param="double" status="run" result="completed" time="0.001" timestamp="2021-12-24T21:22:47" classname="TypedConvolutionTests2/0" />
    <testcase name="maxpool3d_bp_test1" type_param="double" status="run" result="completed" time="0" timestamp="2021-12-24T21:22:47" classname="TypedConvolutionTests2/0" />
    <testcase name="maxpool3d_bp_test2" type_param="double" status="run" result="completed" time="0" timestamp="2021-12-24T21:22:47" classname="TypedConvolutionTests2/0" />
    <testcase name="maxpool3d_bp_test3" type_param="double" status="run" result="completed" time="0" timestamp="2021-12-24T21:22:47" classname="TypedConvolutionTests2/0" />
    <testcase name="maxpool3d_bp_test4" type_param="double" status="run" result="completed" time="0.002" timestamp="2021-12-24T21:22:47" classname="TypedConvolutionTests2/0" />
    <testcase name="maxpool2d_bp_3" type_param="double" status="run" result="completed" time="0.002" timestamp="2021-12-24T21:22:47" classname="TypedConvolutionTests2/0" />
    <testcase name="maxpool2d_bp_4" type_param="double" status="run" result="completed" time="0" timestamp="2021-12-24T21:22:47" classname="TypedConvolutionTests2/0" />
    <testcase name="maxpool2d_bp_5" type_param="double" status="run" result="completed" time="0" timestamp="2021-12-24T21:22:47" classname="TypedConvolutionTests2/0" />
    <testcase name="maxpool2d_bp_6" type_param="double" status="run" result="completed" time="0" timestamp="2021-12-24T21:22:47" classname="TypedConvolutionTests2/0" />
    <testcase name="avgpool2d_bp_2" type_param="double" status="run" result="completed" time="0" timestamp="2021-12-24T21:22:47" classname="TypedConvolutionTests2/0" />
    <testcase name="avgpool2d_bp_3" type_param="double" status="run" result="completed" time="0" timestamp="2021-12-24T21:22:47" classname="TypedConvolutionTests2/0" />
    <testcase name="avgpool2d_bp_4" type_param="double" status="run" result="completed" time="0" timestamp="2021-12-24T21:22:47" classname="TypedConvolutionTests2/0" />
    <testcase name="avgpool2d_bp_5" type_param="double" status="run" result="completed" time="0.001" timestamp="2021-12-24T21:22:47" classname="TypedConvolutionTests2/0" />
    <testcase name="avgpool2d_bp_6" type_param="double" status="run" result="completed" time="0" timestamp="2021-12-24T21:22:47" classname="TypedConvolutionTests2/0" />
    <testcase name="pnormpool2d_bp_2" type_param="double" status="run" result="completed" time="0" timestamp="2021-12-24T21:22:47" classname="TypedConvolutionTests2/0" />
    <testcase name="pnormpool2d_bp_3" type_param="double" status="run" result="completed" time="0" timestamp="2021-12-24T21:22:47" classname="TypedConvolutionTests2/0" />
    <testcase name="depthwise_conv2d_1" type_param="double" status="run" result="completed" time="0" timestamp="2021-12-24T21:22:47" classname="TypedConvolutionTests2/0" />
  </testsuite>
  <testsuite name="TypedConvolutionTests2/1" tests="40" failures="0" disabled="0" errors="0" time="0.011" timestamp="2021-12-24T21:22:47">
    <testcase name="deconv2d_tf_test2" type_param="float" status="run" result="completed" time="0" timestamp="2021-12-24T21:22:47" classname="TypedConvolutionTests2/1" />
    <testcase name="Test_DeConv2D_TF_1" type_param="float" status="run" result="completed" time="0" timestamp="2021-12-24T21:22:47" classname="TypedConvolutionTests2/1" />
    <testcase name="Test_DeConv2D_TF_2" type_param="float" status="run" result="completed" time="0.001" timestamp="2021-12-24T21:22:47" classname="TypedConvolutionTests2/1" />
    <testcase name="sconv2d_bp_1" type_param="float" status="run" result="completed" time="0" timestamp="2021-12-24T21:22:47" classname="TypedConvolutionTests2/1" />
    <testcase name="sconv2d_bp_2" type_param="float" status="run" result="completed" time="0.007" timestamp="2021-12-24T21:22:47" classname="TypedConvolutionTests2/1" />
    <testcase name="sconv2d_bp_3" type_param="float" status="run" result="completed" time="0.001" timestamp="2021-12-24T21:22:47" classname="TypedConvolutionTests2/1" />
    <testcase name="sconv2d_bp_4" type_param="float" status="run" result="completed" time="0" timestamp="2021-12-24T21:22:47" classname="TypedConvolutionTests2/1" />
    <testcase name="maxpool2d_6" type_param="float" status="run" result="completed" time="0" timestamp="2021-12-24T21:22:47" classname="TypedConvolutionTests2/1" />
    <testcase name="maxpool2d_7" type_param="float" status="run" result="completed" time="0" timestamp="2021-12-24T21:22:47" classname="TypedConvolutionTests2/1" />
    <testcase name="maxpool2d_8" type_param="float" status="run" result="completed" time="0" timestamp="2021-12-24T21:22:47" classname="TypedConvolutionTests2/1" />
    <testcase name="maxpool2d_9" type_param="float" status="run" result="completed" time="0" timestamp="2021-12-24T21:22:47" classname="TypedConvolutionTests2/1" />
    <testcase name="maxpool2d_10" type_param="float" status="run" result="completed" time="0" timestamp="2021-12-24T21:22:47" classname="TypedConvolutionTests2/1" />
    <testcase name="avgpool3d_test1" type_param="float" status="run" result="completed" time="0" timestamp="2021-12-24T21:22:47" classname="TypedConvolutionTests2/1" />
    <testcase name="avgpool3d_test2" type_param="float" status="run" result="completed" time="0" timestamp="2021-12-24T21:22:47" classname="TypedConvolutionTests2/1" />
    <testcase name="avgpool3d_test3" type_param="float" status="run" result="completed" time="0" timestamp="2021-12-24T21:22:47" classname="TypedConvolutionTests2/1" />
    <testcase name="avgpool3d_test4" type_param="float" status="run" result="completed" time="0" timestamp="2021-12-24T21:22:47" classname="TypedConvolutionTests2/1" />
    <testcase name="maxpool3d_test1" type_param="float" status="run" result="completed" time="0" timestamp="2021-12-24T21:22:47" classname="TypedConvolutionTests2/1" />
    <testcase name="maxpool3d_test2" type_param="float" status="run" result="completed" time="0" timestamp="2021-12-24T21:22:47" classname="TypedConvolutionTests2/1" />
    <testcase name="maxpool3d_test3" type_param="float" status="run" result="completed" time="0" timestamp="2021-12-24T21:22:47" classname="TypedConvolutionTests2/1" />
    <testcase name="maxpool3d_test4" type_param="float" status="run" result="completed" time="0" timestamp="2021-12-24T21:22:47" classname="TypedConvolutionTests2/1" />
    <testcase name="avgpool3d_bp_test1" type_param="float" status="run" result="completed" time="0" timestamp="2021-12-24T21:22:47" classname="TypedConvolutionTests2/1" />
    <testcase name="avgpool3d_bp_test2" type_param="float" status="run" result="completed" time="0" timestamp="2021-12-24T21:22:47" classname="TypedConvolutionTests2/1" />
    <testcase name="avgpool3d_bp_test3" type_param="float" status="run" result="completed" time="0.001" timestamp="2021-12-24T21:22:47" classname="TypedConvolutionTests2/1" />
    <testcase name="avgpool3d_bp_test4" type_param="float" status="run" result="completed" time="0" timestamp="2021-12-24T21:22:47" classname="TypedConvolutionTests2/1" />
    <testcase name="maxpool3d_bp_test1" type_param="float" status="run" result="completed" time="0" timestamp="2021-12-24T21:22:47" classname="TypedConvolutionTests2/1" />
    <testcase name="maxpool3d_bp_test2" type_param="float" status="run" result="completed" time="0" timestamp="2021-12-24T21:22:47" classname="TypedConvolutionTests2/1" />
    <testcase name="maxpool3d_bp_test3" type_param="float" status="run" result="completed" time="0" timestamp="2021-12-24T21:22:47" classname="TypedConvolutionTests2/1" />
    <testcase name="maxpool3d_bp_test4" type_param="float" status="run" result="completed" time="0" timestamp="2021-12-24T21:22:47" classname="TypedConvolutionTests2/1" />
    <testcase name="maxpool2d_bp_3" type_param="float" status="run" result="completed" time="0" timestamp="2021-12-24T21:22:47" classname="TypedConvolutionTests2/1" />
    <testcase name="maxpool2d_bp_4" type_param="float" status="run" result="completed" time="0" timestamp="2021-12-24T21:22:47" classname="TypedConvolutionTests2/1" />
    <testcase name="maxpool2d_bp_5" type_param="float" status="run" result="completed" time="0" timestamp="2021-12-24T21:22:47" classname="TypedConvolutionTests2/1" />
    <testcase name="maxpool2d_bp_6" type_param="float" status="run" result="completed" time="0" timestamp="2021-12-24T21:22:47" classname="TypedConvolutionTests2/1" />
    <testcase name="avgpool2d_bp_2" type_param="float" status="run" result="completed" time="0" timestamp="2021-12-24T21:22:47" classname="TypedConvolutionTests2/1" />
    <testcase name="avgpool2d_bp_3" type_param="float" status="run" result="completed" time="0" timestamp="2021-12-24T21:22:47" classname="TypedConvolutionTests2/1" />
    <testcase name="avgpool2d_bp_4" type_param="float" status="run" result="completed" time="0" timestamp="2021-12-24T21:22:47" classname="TypedConvolutionTests2/1" />
    <testcase name="avgpool2d_bp_5" type_param="float" status="run" result="completed" time="0" timestamp="2021-12-24T21:22:47" classname="TypedConvolutionTests2/1" />
    <testcase name="avgpool2d_bp_6" type_param="float" status="run" result="completed" time="0" timestamp="2021-12-24T21:22:47" classname="TypedConvolutionTests2/1" />
    <testcase name="pnormpool2d_bp_2" type_param="float" status="run" result="completed" time="0" timestamp="2021-12-24T21:22:47" classname="TypedConvolutionTests2/1" />
    <testcase name="pnormpool2d_bp_3" type_param="float" status="run" result="completed" time="0" timestamp="2021-12-24T21:22:47" classname="TypedConvolutionTests2/1" />
    <testcase name="depthwise_conv2d_1" type_param="float" status="run" result="completed" time="0.001" timestamp="2021-12-24T21:22:47" classname="TypedConvolutionTests2/1" />
  </testsuite>
  <testsuite name="CudaLaunchHelperTests" tests="4" failures="0" disabled="0" errors="0" time="0" timestamp="2021-12-24T21:22:47">
    <testcase name="test_reduction_blocks_1" status="run" result="completed" time="0" timestamp="2021-12-24T21:22:47" classname="CudaLaunchHelperTests" />
    <testcase name="test_reduction_blocks_2" status="run" result="completed" time="0" timestamp="2021-12-24T21:22:47" classname="CudaLaunchHelperTests" />
    <testcase name="test_reduction_blocks_3" status="run" result="completed" time="0" timestamp="2021-12-24T21:22:47" classname="CudaLaunchHelperTests" />
    <testcase name="test_reduction_blocks_4" status="run" result="completed" time="0" timestamp="2021-12-24T21:22:47" classname="CudaLaunchHelperTests" />
  </testsuite>
  <testsuite name="DataBufferTests" tests="1" failures="0" disabled="0" errors="0" time="0.04" timestamp="2021-12-24T21:22:47">
    <testcase name="test_alloc_limit_1" status="run" result="completed" time="0.04" timestamp="2021-12-24T21:22:47" classname="DataBufferTests" />
  </testsuite>
  <testsuite name="DataTypesValidationTests" tests="9" failures="0" disabled="0" errors="0" time="0.001" timestamp="2021-12-24T21:22:47">
    <testcase name="Basic_Test_1" status="run" result="completed" time="0.001" timestamp="2021-12-24T21:22:47" classname="DataTypesValidationTests" />
    <testcase name="Basic_Test_2" status="run" result="completed" time="0" timestamp="2021-12-24T21:22:47" classname="DataTypesValidationTests" />
    <testcase name="Basic_Test_3" status="run" result="completed" time="0" timestamp="2021-12-24T21:22:47" classname="DataTypesValidationTests" />
    <testcase name="Basic_Test_4" status="run" result="completed" time="0" timestamp="2021-12-24T21:22:47" classname="DataTypesValidationTests" />
    <testcase name="test_bfloat16_rand_1" status="run" result="completed" time="0" timestamp="2021-12-24T21:22:47" classname="DataTypesValidationTests" />
    <testcase name="test_bfloat16_rand_2" status="run" result="completed" time="0" timestamp="2021-12-24T21:22:47" classname="DataTypesValidationTests" />
    <testcase name="cast_1" status="run" result="completed" time="0" timestamp="2021-12-24T21:22:47" classname="DataTypesValidationTests" />
    <testcase name="test_bits_hamming_distance_1" status="run" result="completed" time="0" timestamp="2021-12-24T21:22:47" classname="DataTypesValidationTests" />
    <testcase name="test_bits_hamming_distance_2" status="run" result="completed" time="0" timestamp="2021-12-24T21:22:47" classname="DataTypesValidationTests" />
  </testsuite>
  <testsuite name="DeclarableOpsTests1" tests="135" failures="1" disabled="0" errors="0" time="0.011" timestamp="2021-12-24T21:22:47">
    <testcase name="BasicInitialization1" status="run" result="completed" time="0" timestamp="2021-12-24T21:22:47" classname="DeclarableOpsTests1" />
    <testcase name="BasicInitialization2" status="run" result="completed" time="0" timestamp="2021-12-24T21:22:47" classname="DeclarableOpsTests1" />
    <testcase name="ApplyGradientDescent_1" status="run" result="completed" time="0" timestamp="2021-12-24T21:22:47" classname="DeclarableOpsTests1" />
    <testcase name="AssignBroadcastTest_1" status="run" result="completed" time="0" timestamp="2021-12-24T21:22:47" classname="DeclarableOpsTests1" />
    <testcase name="AssignBroadcastTest_2" status="run" result="completed" time="0" timestamp="2021-12-24T21:22:47" classname="DeclarableOpsTests1" />
    <testcase name="AXpY_Test_1" status="run" result="completed" time="0" timestamp="2021-12-24T21:22:47" classname="DeclarableOpsTests1" />
    <testcase name="BasicInitialization3" status="run" result="completed" time="0" timestamp="2021-12-24T21:22:47" classname="DeclarableOpsTests1" />
    <testcase name="SynonymInitialization2" status="run" result="completed" time="0" timestamp="2021-12-24T21:22:47" classname="DeclarableOpsTests1" />
    <testcase name="TestTensorMmul1" status="run" result="completed" time="0.001" timestamp="2021-12-24T21:22:47" classname="DeclarableOpsTests1" />
    <testcase name="TestTensorDot2" status="run" result="completed" time="0" timestamp="2021-12-24T21:22:47" classname="DeclarableOpsTests1" />
    <testcase name="TestTensorDot3" status="run" result="completed" time="0" timestamp="2021-12-24T21:22:47" classname="DeclarableOpsTests1" />
    <testcase name="TestTensorDot4" status="run" result="completed" time="0" timestamp="2021-12-24T21:22:47" classname="DeclarableOpsTests1" />
    <testcase name="TestTensorDot5" status="run" result="completed" time="0" timestamp="2021-12-24T21:22:47" classname="DeclarableOpsTests1" />
    <testcase name="TestTensorDot6" status="run" result="completed" time="0" timestamp="2021-12-24T21:22:47" classname="DeclarableOpsTests1" />
    <testcase name="TestTensorDot7" status="run" result="completed" time="0" timestamp="2021-12-24T21:22:47" classname="DeclarableOpsTests1" />
    <testcase name="TestTensorDot8" status="run" result="completed" time="0" timestamp="2021-12-24T21:22:47" classname="DeclarableOpsTests1" />
    <testcase name="TestTensorDot9" status="run" result="completed" time="0" timestamp="2021-12-24T21:22:47" classname="DeclarableOpsTests1" />
    <testcase name="TestTensorDot10" status="run" result="completed" time="0" timestamp="2021-12-24T21:22:47" classname="DeclarableOpsTests1" />
    <testcase name="TestTensorDot11" status="run" result="completed" time="0" timestamp="2021-12-24T21:22:47" classname="DeclarableOpsTests1" />
    <testcase name="TestTensorDot12" status="run" result="completed" time="0" timestamp="2021-12-24T21:22:47" classname="DeclarableOpsTests1" />
    <testcase name="TestTensorDot13" status="run" result="completed" time="0" timestamp="2021-12-24T21:22:47" classname="DeclarableOpsTests1" />
    <testcase name="TestTensorDot14" status="run" result="completed" time="0" timestamp="2021-12-24T21:22:47" classname="DeclarableOpsTests1" />
    <testcase name="TestTensorDot15" status="run" result="completed" time="0" timestamp="2021-12-24T21:22:47" classname="DeclarableOpsTests1" />
    <testcase name="TestTensorDot16" status="run" result="completed" time="0" timestamp="2021-12-24T21:22:47" classname="DeclarableOpsTests1" />
    <testcase name="TestTensorDot17" status="run" result="completed" time="0" timestamp="2021-12-24T21:22:47" classname="DeclarableOpsTests1" />
    <testcase name="DivergentCheck1" status="run" result="completed" time="0" timestamp="2021-12-24T21:22:47" classname="DeclarableOpsTests1" />
    <testcase name="AddMatrices1" status="run" result="completed" time="0.001" timestamp="2021-12-24T21:22:47" classname="DeclarableOpsTests1" />
    <testcase name="AddVectorVector1" status="run" result="completed" time="0" timestamp="2021-12-24T21:22:47" classname="DeclarableOpsTests1" />
    <testcase name="AddMatrixScalar1" status="run" result="completed" time="0" timestamp="2021-12-24T21:22:47" classname="DeclarableOpsTests1" />
    <testcase name="AddScalarScalar1" status="run" result="completed" time="0" timestamp="2021-12-24T21:22:47" classname="DeclarableOpsTests1" />
    <testcase name="SubtractMatrices1" status="run" result="completed" time="0" timestamp="2021-12-24T21:22:47" classname="DeclarableOpsTests1" />
    <testcase name="SubtractTest_1" status="run" result="completed" time="0" timestamp="2021-12-24T21:22:47" classname="DeclarableOpsTests1" />
    <testcase name="SubtractTest_2" status="run" result="completed" time="0" timestamp="2021-12-24T21:22:47" classname="DeclarableOpsTests1" />
    <testcase name="TestRng1" status="run" result="completed" time="0" timestamp="2021-12-24T21:22:47" classname="DeclarableOpsTests1" />
    <testcase name="MergeSumTest1" status="run" result="completed" time="0" timestamp="2021-12-24T21:22:47" classname="DeclarableOpsTests1" />
    <testcase name="ClipByValue1" status="run" result="completed" time="0" timestamp="2021-12-24T21:22:47" classname="DeclarableOpsTests1" />
    <testcase name="ClipByValue2" status="run" result="completed" time="0" timestamp="2021-12-24T21:22:47" classname="DeclarableOpsTests1" />
    <testcase name="MergeAvgTest1" status="run" result="completed" time="0" timestamp="2021-12-24T21:22:47" classname="DeclarableOpsTests1" />
    <testcase name="SubtractVectorVector1" status="run" result="completed" time="0" timestamp="2021-12-24T21:22:47" classname="DeclarableOpsTests1" />
    <testcase name="SubtractMatrixScalar1" status="run" result="completed" time="0" timestamp="2021-12-24T21:22:47" classname="DeclarableOpsTests1" />
    <testcase name="SubtractScalarScalar1" status="run" result="completed" time="0" timestamp="2021-12-24T21:22:47" classname="DeclarableOpsTests1" />
    <testcase name="ReverseSubtractMatrices1" status="run" result="completed" time="0" timestamp="2021-12-24T21:22:47" classname="DeclarableOpsTests1" />
    <testcase name="ReverseSubtractTest_1" status="run" result="completed" time="0" timestamp="2021-12-24T21:22:47" classname="DeclarableOpsTests1" />
    <testcase name="ReverseSubtractTest_2" status="run" result="completed" time="0" timestamp="2021-12-24T21:22:47" classname="DeclarableOpsTests1" />
    <testcase name="ReverseSubtractTest_3" status="run" result="completed" time="0" timestamp="2021-12-24T21:22:47" classname="DeclarableOpsTests1" />
    <testcase name="ReverseModTest_1" status="run" result="completed" time="0" timestamp="2021-12-24T21:22:47" classname="DeclarableOpsTests1" />
    <testcase name="ReverseModTest_2" status="run" result="completed" time="0" timestamp="2021-12-24T21:22:47" classname="DeclarableOpsTests1" />
    <testcase name="ReverseSubtractVectorVector1" status="run" result="completed" time="0" timestamp="2021-12-24T21:22:47" classname="DeclarableOpsTests1" />
    <testcase name="ReverseSubtractMatrixScalar1" status="run" result="completed" time="0" timestamp="2021-12-24T21:22:47" classname="DeclarableOpsTests1" />
    <testcase name="ReverseSubtractScalarScalar1" status="run" result="completed" time="0" timestamp="2021-12-24T21:22:47" classname="DeclarableOpsTests1" />
    <testcase name="MultiplyMatrices1" status="run" result="completed" time="0" timestamp="2021-12-24T21:22:47" classname="DeclarableOpsTests1" />
    <testcase name="MultiplyVectorVector1" status="run" result="completed" time="0" timestamp="2021-12-24T21:22:47" classname="DeclarableOpsTests1" />
    <testcase name="MultiplyMatrixScalar" status="run" result="completed" time="0" timestamp="2021-12-24T21:22:47" classname="DeclarableOpsTests1" />
    <testcase name="MultiplyScalarScalar1" status="run" result="completed" time="0" timestamp="2021-12-24T21:22:47" classname="DeclarableOpsTests1" />
    <testcase name="TestSoftMax_bp_1" status="run" result="completed" time="0" timestamp="2021-12-24T21:22:47" classname="DeclarableOpsTests1" />
    <testcase name="BroadcastDivideTest_1" status="run" result="completed" time="0" timestamp="2021-12-24T21:22:47" classname="DeclarableOpsTests1" />
    <testcase name="BroadcastDivideTest_2" status="run" result="completed" time="0" timestamp="2021-12-24T21:22:47" classname="DeclarableOpsTests1" />
    <testcase name="BroadcastDivideTest_3" status="run" result="completed" time="0" timestamp="2021-12-24T21:22:47" classname="DeclarableOpsTests1" />
    <testcase name="BroadcastReverseDivideTest_1" status="run" result="completed" time="0" timestamp="2021-12-24T21:22:47" classname="DeclarableOpsTests1" />
    <testcase name="DivideMatrices1" status="run" result="completed" time="0" timestamp="2021-12-24T21:22:47" classname="DeclarableOpsTests1" />
    <testcase name="DivideVectorVector1" status="run" result="completed" time="0" timestamp="2021-12-24T21:22:47" classname="DeclarableOpsTests1" />
    <testcase name="DivideMatrixScalar1" status="run" result="completed" time="0" timestamp="2021-12-24T21:22:47" classname="DeclarableOpsTests1" />
    <testcase name="DivideScalarScalar1" status="run" result="completed" time="0" timestamp="2021-12-24T21:22:47" classname="DeclarableOpsTests1" />
    <testcase name="ReverseDivideMatrices1" status="run" result="completed" time="0" timestamp="2021-12-24T21:22:47" classname="DeclarableOpsTests1" />
    <testcase name="ReverseDivideVectorVector1" status="run" result="completed" time="0" timestamp="2021-12-24T21:22:47" classname="DeclarableOpsTests1" />
    <testcase name="ReverseDivideMatrixScalar1" status="run" result="completed" time="0.002" timestamp="2021-12-24T21:22:47" classname="DeclarableOpsTests1" />
    <testcase name="ReverseDivideScalarScalar1" status="run" result="completed" time="0" timestamp="2021-12-24T21:22:47" classname="DeclarableOpsTests1" />
    <testcase name="Test_Cast_1" status="run" result="completed" time="0" timestamp="2021-12-24T21:22:47" classname="DeclarableOpsTests1" />
    <testcase name="Test_Min_Max_1" status="run" result="completed" time="0" timestamp="2021-12-24T21:22:47" classname="DeclarableOpsTests1">
      <failure message="unknown file&#x0A;C++ exception with description &quot;vector::_M_range_check: __n (which is 1) &gt;= this-&gt;size() (which is 0)&quot; thrown in the test body." type=""><![CDATA[unknown file
C++ exception with description "vector::_M_range_check: __n (which is 1) >= this->size() (which is 0)" thrown in the test body.]]></failure>
    </testcase>
    <testcase name="TestRegistrator1" status="run" result="completed" time="0.002" timestamp="2021-12-24T21:22:47" classname="DeclarableOpsTests1" />
    <testcase name="TestGemv1" status="run" result="completed" time="0" timestamp="2021-12-24T21:22:47" classname="DeclarableOpsTests1" />
    <testcase name="Transpose1" status="run" result="completed" time="0.001" timestamp="2021-12-24T21:22:47" classname="DeclarableOpsTests1" />
    <testcase name="Permute1" status="run" result="completed" time="0" timestamp="2021-12-24T21:22:47" classname="DeclarableOpsTests1" />
    <testcase name="TestArgumentsValidation1" status="run" result="completed" time="0" timestamp="2021-12-24T21:22:47" classname="DeclarableOpsTests1" />
    <testcase name="TestReductionShape1" status="run" result="completed" time="0" timestamp="2021-12-24T21:22:47" classname="DeclarableOpsTests1" />
    <testcase name="TestReductionShape2" status="run" result="completed" time="0" timestamp="2021-12-24T21:22:47" classname="DeclarableOpsTests1" />
    <testcase name="TestCustomShape1" status="run" result="completed" time="0" timestamp="2021-12-24T21:22:47" classname="DeclarableOpsTests1" />
    <testcase name="Pnormpool2d1" status="run" result="completed" time="0" timestamp="2021-12-24T21:22:47" classname="DeclarableOpsTests1" />
    <testcase name="IsMax1" status="run" result="completed" time="0" timestamp="2021-12-24T21:22:47" classname="DeclarableOpsTests1" />
    <testcase name="IsMax2" status="run" result="completed" time="0" timestamp="2021-12-24T21:22:47" classname="DeclarableOpsTests1" />
    <testcase name="IsMax3" status="run" result="completed" time="0" timestamp="2021-12-24T21:22:47" classname="DeclarableOpsTests1" />
    <testcase name="IsMax4" status="run" result="completed" time="0" timestamp="2021-12-24T21:22:47" classname="DeclarableOpsTests1" />
    <testcase name="sru_test1" status="run" result="completed" time="0.001" timestamp="2021-12-24T21:22:47" classname="DeclarableOpsTests1" />
    <testcase name="sru_bp" status="run" result="completed" time="0" timestamp="2021-12-24T21:22:47" classname="DeclarableOpsTests1" />
    <testcase name="sru_bi_1" status="run" result="completed" time="0" timestamp="2021-12-24T21:22:47" classname="DeclarableOpsTests1" />
    <testcase name="sru_bi_bp_1" status="run" result="completed" time="0" timestamp="2021-12-24T21:22:47" classname="DeclarableOpsTests1" />
    <testcase name="ArgMax1" status="run" result="completed" time="0" timestamp="2021-12-24T21:22:47" classname="DeclarableOpsTests1" />
    <testcase name="ArgMax2" status="run" result="completed" time="0" timestamp="2021-12-24T21:22:47" classname="DeclarableOpsTests1" />
    <testcase name="ArgMax3" status="run" result="completed" time="0" timestamp="2021-12-24T21:22:47" classname="DeclarableOpsTests1" />
    <testcase name="ArgMax4" status="run" result="completed" time="0" timestamp="2021-12-24T21:22:47" classname="DeclarableOpsTests1" />
    <testcase name="ArgMax5" status="run" result="completed" time="0" timestamp="2021-12-24T21:22:47" classname="DeclarableOpsTests1" />
    <testcase name="ArgMax6" status="run" result="completed" time="0" timestamp="2021-12-24T21:22:47" classname="DeclarableOpsTests1" />
    <testcase name="ArgMin1" status="run" result="completed" time="0" timestamp="2021-12-24T21:22:47" classname="DeclarableOpsTests1" />
    <testcase name="SquareTests1" status="run" result="completed" time="0.001" timestamp="2021-12-24T21:22:47" classname="DeclarableOpsTests1" />
    <testcase name="OneHotTests_1" status="run" result="completed" time="0" timestamp="2021-12-24T21:22:47" classname="DeclarableOpsTests1" />
    <testcase name="OneHotTests_2" status="run" result="completed" time="0" timestamp="2021-12-24T21:22:47" classname="DeclarableOpsTests1" />
    <testcase name="OneHotTests_3" status="run" result="completed" time="0" timestamp="2021-12-24T21:22:47" classname="DeclarableOpsTests1" />
    <testcase name="OneHotTests_4" status="run" result="completed" time="0" timestamp="2021-12-24T21:22:47" classname="DeclarableOpsTests1" />
    <testcase name="OneHotTests_5" status="run" result="completed" time="0" timestamp="2021-12-24T21:22:47" classname="DeclarableOpsTests1" />
    <testcase name="OneHotTests_6" status="run" result="completed" time="0" timestamp="2021-12-24T21:22:47" classname="DeclarableOpsTests1" />
    <testcase name="OneHotTests_7" status="run" result="completed" time="0" timestamp="2021-12-24T21:22:47" classname="DeclarableOpsTests1" />
    <testcase name="FillAs_1" status="run" result="completed" time="0" timestamp="2021-12-24T21:22:47" classname="DeclarableOpsTests1" />
    <testcase name="LRN1" status="run" result="completed" time="0" timestamp="2021-12-24T21:22:47" classname="DeclarableOpsTests1" />
    <testcase name="Test_Range_Integer_1" status="run" result="completed" time="0" timestamp="2021-12-24T21:22:47" classname="DeclarableOpsTests1" />
    <testcase name="Test_Range_Integer_2" status="run" result="completed" time="0" timestamp="2021-12-24T21:22:47" classname="DeclarableOpsTests1" />
    <testcase name="Test_Range_Integer_3" status="run" result="completed" time="0" timestamp="2021-12-24T21:22:47" classname="DeclarableOpsTests1" />
    <testcase name="softmax_test1" status="run" result="completed" time="0" timestamp="2021-12-24T21:22:47" classname="DeclarableOpsTests1" />
    <testcase name="softmax_test2" status="run" result="completed" time="0" timestamp="2021-12-24T21:22:47" classname="DeclarableOpsTests1" />
    <testcase name="softmax_test3" status="run" result="completed" time="0" timestamp="2021-12-24T21:22:47" classname="DeclarableOpsTests1" />
    <testcase name="softmax_test4" status="run" result="completed" time="0" timestamp="2021-12-24T21:22:47" classname="DeclarableOpsTests1" />
    <testcase name="softmax_test5" status="run" result="completed" time="0" timestamp="2021-12-24T21:22:47" classname="DeclarableOpsTests1" />
    <testcase name="softmax_test6" status="run" result="completed" time="0" timestamp="2021-12-24T21:22:47" classname="DeclarableOpsTests1" />
    <testcase name="softmax_test7" status="run" result="completed" time="0" timestamp="2021-12-24T21:22:47" classname="DeclarableOpsTests1" />
    <testcase name="softmax_test8" status="run" result="completed" time="0" timestamp="2021-12-24T21:22:47" classname="DeclarableOpsTests1" />
    <testcase name="softmax_test9" status="run" result="completed" time="0" timestamp="2021-12-24T21:22:47" classname="DeclarableOpsTests1" />
    <testcase name="softmax_test10" status="run" result="completed" time="0" timestamp="2021-12-24T21:22:47" classname="DeclarableOpsTests1" />
    <testcase name="softmax_test11" status="run" result="completed" time="0" timestamp="2021-12-24T21:22:47" classname="DeclarableOpsTests1" />
    <testcase name="softmax_test12" status="run" result="completed" time="0.001" timestamp="2021-12-24T21:22:47" classname="DeclarableOpsTests1" />
    <testcase name="Reverse_1" status="run" result="completed" time="0" timestamp="2021-12-24T21:22:47" classname="DeclarableOpsTests1" />
    <testcase name="Reverse_2" status="run" result="completed" time="0" timestamp="2021-12-24T21:22:47" classname="DeclarableOpsTests1" />
    <testcase name="Reverse_3" status="run" result="completed" time="0" timestamp="2021-12-24T21:22:47" classname="DeclarableOpsTests1" />
    <testcase name="Reverse_4" status="run" result="completed" time="0" timestamp="2021-12-24T21:22:47" classname="DeclarableOpsTests1" />
    <testcase name="Reverse_5" status="run" result="completed" time="0" timestamp="2021-12-24T21:22:47" classname="DeclarableOpsTests1" />
    <testcase name="Reverse_6" status="run" result="completed" time="0" timestamp="2021-12-24T21:22:47" classname="DeclarableOpsTests1" />
    <testcase name="Reverse_7" status="run" result="completed" time="0" timestamp="2021-12-24T21:22:47" classname="DeclarableOpsTests1" />
    <testcase name="Reverse_8" status="run" result="completed" time="0" timestamp="2021-12-24T21:22:47" classname="DeclarableOpsTests1" />
    <testcase name="Reverse_9" status="run" result="completed" time="0" timestamp="2021-12-24T21:22:47" classname="DeclarableOpsTests1" />
    <testcase name="Reverse_10" status="run" result="completed" time="0" timestamp="2021-12-24T21:22:47" classname="DeclarableOpsTests1" />
    <testcase name="Reverse_11" status="run" result="completed" time="0" timestamp="2021-12-24T21:22:47" classname="DeclarableOpsTests1" />
    <testcase name="Reverse_12" status="run" result="completed" time="0" timestamp="2021-12-24T21:22:47" classname="DeclarableOpsTests1" />
    <testcase name="Reverse_13" status="run" result="completed" time="0" timestamp="2021-12-24T21:22:47" classname="DeclarableOpsTests1" />
    <testcase name="Reverse_14" status="run" result="completed" time="0" timestamp="2021-12-24T21:22:47" classname="DeclarableOpsTests1" />
    <testcase name="Test_Expose_1" status="run" result="completed" time="0" timestamp="2021-12-24T21:22:47" classname="DeclarableOpsTests1" />
    <testcase name="Test_Expose_2" status="run" result="completed" time="0" timestamp="2021-12-24T21:22:47" classname="DeclarableOpsTests1" />
    <testcase name="Test_Release" status="run" result="completed" time="0" timestamp="2021-12-24T21:22:47" classname="DeclarableOpsTests1" />
  </testsuite>
  <testsuite name="DeclarableOpsTests10" tests="119" failures="0" disabled="0" errors="0" time="0.01" timestamp="2021-12-24T21:22:47">
    <testcase name="Test_ArgMax_1" status="run" result="completed" time="0" timestamp="2021-12-24T21:22:47" classname="DeclarableOpsTests10" />
    <testcase name="Test_ArgMax_2" status="run" result="completed" time="0" timestamp="2021-12-24T21:22:47" classname="DeclarableOpsTests10" />
    <testcase name="Test_And_1" status="run" result="completed" time="0" timestamp="2021-12-24T21:22:47" classname="DeclarableOpsTests10" />
    <testcase name="Test_Or_1" status="run" result="completed" time="0" timestamp="2021-12-24T21:22:47" classname="DeclarableOpsTests10" />
    <testcase name="Test_Not_1" status="run" result="completed" time="0" timestamp="2021-12-24T21:22:47" classname="DeclarableOpsTests10" />
    <testcase name="Test_Size_at_1" status="run" result="completed" time="0" timestamp="2021-12-24T21:22:47" classname="DeclarableOpsTests10" />
    <testcase name="MirrorPad_SGO_Test_1" status="run" result="completed" time="0" timestamp="2021-12-24T21:22:47" classname="DeclarableOpsTests10" />
    <testcase name="Unique_SGO_Test_1" status="run" result="completed" time="0" timestamp="2021-12-24T21:22:47" classname="DeclarableOpsTests10" />
    <testcase name="Where_SGO_Test_1" status="run" result="completed" time="0" timestamp="2021-12-24T21:22:47" classname="DeclarableOpsTests10" />
    <testcase name="Where_SGO_Test_02" status="run" result="completed" time="0" timestamp="2021-12-24T21:22:47" classname="DeclarableOpsTests10" />
    <testcase name="WhereNP_SGO_Test_1" status="run" result="completed" time="0" timestamp="2021-12-24T21:22:47" classname="DeclarableOpsTests10" />
    <testcase name="WhereNP_SGO_Test_2" status="run" result="completed" time="0.001" timestamp="2021-12-24T21:22:47" classname="DeclarableOpsTests10" />
    <testcase name="Where_SGO_Test_2" status="run" result="completed" time="0" timestamp="2021-12-24T21:22:47" classname="DeclarableOpsTests10" />
    <testcase name="Where_SGO_Test_3" status="run" result="completed" time="0" timestamp="2021-12-24T21:22:47" classname="DeclarableOpsTests10" />
    <testcase name="Where_SGO_Test_4" status="run" result="completed" time="0" timestamp="2021-12-24T21:22:47" classname="DeclarableOpsTests10" />
    <testcase name="Where_SGO_Test_5" status="run" result="completed" time="0" timestamp="2021-12-24T21:22:47" classname="DeclarableOpsTests10" />
    <testcase name="WhereNP_SGO_Test_4" status="run" result="completed" time="0" timestamp="2021-12-24T21:22:47" classname="DeclarableOpsTests10" />
    <testcase name="CosineDistance_SGO_Test_1" status="run" result="completed" time="0" timestamp="2021-12-24T21:22:47" classname="DeclarableOpsTests10" />
    <testcase name="CosineDistance_SGO_Test_2" status="run" result="completed" time="0" timestamp="2021-12-24T21:22:47" classname="DeclarableOpsTests10" />
    <testcase name="TestMarixBandPart_Test_1" status="run" result="completed" time="0" timestamp="2021-12-24T21:22:47" classname="DeclarableOpsTests10" />
    <testcase name="TestMarixBandPart_Test_2" status="run" result="completed" time="0" timestamp="2021-12-24T21:22:47" classname="DeclarableOpsTests10" />
    <testcase name="atan2_test1" status="run" result="completed" time="0" timestamp="2021-12-24T21:22:47" classname="DeclarableOpsTests10" />
    <testcase name="atan2_test2" status="run" result="completed" time="0" timestamp="2021-12-24T21:22:47" classname="DeclarableOpsTests10" />
    <testcase name="atan2_test3" status="run" result="completed" time="0" timestamp="2021-12-24T21:22:47" classname="DeclarableOpsTests10" />
    <testcase name="atan2_test4" status="run" result="completed" time="0" timestamp="2021-12-24T21:22:47" classname="DeclarableOpsTests10" />
    <testcase name="atan2_test5" status="run" result="completed" time="0" timestamp="2021-12-24T21:22:47" classname="DeclarableOpsTests10" />
    <testcase name="atan2_test6" status="run" result="completed" time="0.001" timestamp="2021-12-24T21:22:47" classname="DeclarableOpsTests10" />
    <testcase name="IGamma_Test1" status="run" result="completed" time="0" timestamp="2021-12-24T21:22:47" classname="DeclarableOpsTests10" />
    <testcase name="IGamma_Test2" status="run" result="completed" time="0" timestamp="2021-12-24T21:22:47" classname="DeclarableOpsTests10" />
    <testcase name="LGamma_Test1" status="run" result="completed" time="0" timestamp="2021-12-24T21:22:47" classname="DeclarableOpsTests10" />
    <testcase name="range_test10" status="run" result="completed" time="0" timestamp="2021-12-24T21:22:47" classname="DeclarableOpsTests10" />
    <testcase name="range_test11" status="run" result="completed" time="0" timestamp="2021-12-24T21:22:47" classname="DeclarableOpsTests10" />
    <testcase name="range_test12" status="run" result="completed" time="0" timestamp="2021-12-24T21:22:47" classname="DeclarableOpsTests10" />
    <testcase name="top_k_permuted_test1" status="run" result="completed" time="0" timestamp="2021-12-24T21:22:47" classname="DeclarableOpsTests10" />
    <testcase name="top_k_permuted_test2" status="run" result="completed" time="0" timestamp="2021-12-24T21:22:47" classname="DeclarableOpsTests10" />
    <testcase name="sparse_softmax_cross_entropy_loss_with_logits_test1" status="run" result="completed" time="0" timestamp="2021-12-24T21:22:47" classname="DeclarableOpsTests10" />
    <testcase name="sparse_softmax_cross_entropy_loss_with_logits_test2" status="run" result="completed" time="0" timestamp="2021-12-24T21:22:47" classname="DeclarableOpsTests10" />
    <testcase name="sparse_softmax_cross_entropy_loss_with_logits_test3" status="run" result="completed" time="0" timestamp="2021-12-24T21:22:47" classname="DeclarableOpsTests10" />
    <testcase name="sparse_softmax_cross_entropy_loss_with_logits_test4" status="run" result="completed" time="0" timestamp="2021-12-24T21:22:47" classname="DeclarableOpsTests10" />
    <testcase name="histogram_fixed_width_test1" status="run" result="completed" time="0" timestamp="2021-12-24T21:22:47" classname="DeclarableOpsTests10" />
    <testcase name="histogram_fixed_width_test2" status="run" result="completed" time="0" timestamp="2021-12-24T21:22:47" classname="DeclarableOpsTests10" />
    <testcase name="histogram_fixed_width_test3" status="run" result="completed" time="0" timestamp="2021-12-24T21:22:47" classname="DeclarableOpsTests10" />
    <testcase name="histogram_fixed_width_test4" status="run" result="completed" time="0" timestamp="2021-12-24T21:22:47" classname="DeclarableOpsTests10" />
    <testcase name="histogram_fixed_width_test5" status="run" result="completed" time="0" timestamp="2021-12-24T21:22:47" classname="DeclarableOpsTests10" />
    <testcase name="histogram_fixed_width_test6" status="run" result="completed" time="0" timestamp="2021-12-24T21:22:47" classname="DeclarableOpsTests10" />
    <testcase name="NTH_Element_Test_1" status="run" result="completed" time="0" timestamp="2021-12-24T21:22:47" classname="DeclarableOpsTests10" />
    <testcase name="NTH_Element_Test_2" status="run" result="completed" time="0" timestamp="2021-12-24T21:22:47" classname="DeclarableOpsTests10" />
    <testcase name="NTH_Element_Test_3" status="run" result="completed" time="0" timestamp="2021-12-24T21:22:47" classname="DeclarableOpsTests10" />
    <testcase name="NTH_Element_Test_4" status="run" result="completed" time="0.001" timestamp="2021-12-24T21:22:47" classname="DeclarableOpsTests10" />
    <testcase name="NTH_Element_Test_04" status="run" result="completed" time="0" timestamp="2021-12-24T21:22:47" classname="DeclarableOpsTests10" />
    <testcase name="NTH_Element_Test_5" status="run" result="completed" time="0" timestamp="2021-12-24T21:22:47" classname="DeclarableOpsTests10" />
    <testcase name="NTH_Element_Test_6" status="run" result="completed" time="0" timestamp="2021-12-24T21:22:47" classname="DeclarableOpsTests10" />
    <testcase name="NTH_Element_Test_06" status="run" result="completed" time="0" timestamp="2021-12-24T21:22:47" classname="DeclarableOpsTests10" />
    <testcase name="NTH_Element_Test_7" status="run" result="completed" time="0" timestamp="2021-12-24T21:22:47" classname="DeclarableOpsTests10" />
    <testcase name="NTH_Element_Test_8" status="run" result="completed" time="0" timestamp="2021-12-24T21:22:47" classname="DeclarableOpsTests10" />
    <testcase name="broadcast_to_test1" status="run" result="completed" time="0" timestamp="2021-12-24T21:22:47" classname="DeclarableOpsTests10" />
    <testcase name="broadcast_to_test2" status="run" result="completed" time="0" timestamp="2021-12-24T21:22:47" classname="DeclarableOpsTests10" />
    <testcase name="broadcast_to_test3" status="run" result="completed" time="0" timestamp="2021-12-24T21:22:47" classname="DeclarableOpsTests10" />
    <testcase name="broadcast_to_test4" status="run" result="completed" time="0" timestamp="2021-12-24T21:22:47" classname="DeclarableOpsTests10" />
    <testcase name="broadcast_to_test5" status="run" result="completed" time="0" timestamp="2021-12-24T21:22:47" classname="DeclarableOpsTests10" />
    <testcase name="broadcast_to_test6" status="run" result="completed" time="0" timestamp="2021-12-24T21:22:47" classname="DeclarableOpsTests10" />
    <testcase name="broadcast_to_test7" status="run" result="completed" time="0" timestamp="2021-12-24T21:22:47" classname="DeclarableOpsTests10" />
    <testcase name="broadcast_to_test8" status="run" result="completed" time="0" timestamp="2021-12-24T21:22:47" classname="DeclarableOpsTests10" />
    <testcase name="broadcast_to_test9" status="run" result="completed" time="0" timestamp="2021-12-24T21:22:47" classname="DeclarableOpsTests10" />
    <testcase name="broadcast_to_test10" status="run" result="completed" time="0" timestamp="2021-12-24T21:22:47" classname="DeclarableOpsTests10" />
    <testcase name="ImageResizeBilinear_Test1" status="run" result="completed" time="0" timestamp="2021-12-24T21:22:47" classname="DeclarableOpsTests10" />
    <testcase name="ImageResizeBilinear_Test_11" status="run" result="completed" time="0.003" timestamp="2021-12-24T21:22:47" classname="DeclarableOpsTests10" />
    <testcase name="ImageResizeBilinear_Test_12" status="run" result="completed" time="0.002" timestamp="2021-12-24T21:22:47" classname="DeclarableOpsTests10" />
    <testcase name="ImageResizeBilinear_Test1_1" status="run" result="completed" time="0.001" timestamp="2021-12-24T21:22:47" classname="DeclarableOpsTests10" />
    <testcase name="ImageResizeBilinear_Test1_2" status="run" result="completed" time="0" timestamp="2021-12-24T21:22:47" classname="DeclarableOpsTests10" />
    <testcase name="ImageResizeBilinear_Test01" status="run" result="completed" time="0" timestamp="2021-12-24T21:22:47" classname="DeclarableOpsTests10" />
    <testcase name="ResizeImages_Test1" status="run" result="completed" time="0" timestamp="2021-12-24T21:22:47" classname="DeclarableOpsTests10" />
    <testcase name="ImageResizeBilinear_Test02" status="run" result="completed" time="0" timestamp="2021-12-24T21:22:47" classname="DeclarableOpsTests10" />
    <testcase name="ImageResizeBilinear_Test2" status="run" result="completed" time="0" timestamp="2021-12-24T21:22:47" classname="DeclarableOpsTests10" />
    <testcase name="ImageResizeBilinear_Test3" status="run" result="completed" time="0" timestamp="2021-12-24T21:22:47" classname="DeclarableOpsTests10" />
    <testcase name="ImageResizeBilinear_Test4" status="run" result="completed" time="0" timestamp="2021-12-24T21:22:47" classname="DeclarableOpsTests10" />
    <testcase name="LinSpace_Test1" status="run" result="completed" time="0" timestamp="2021-12-24T21:22:47" classname="DeclarableOpsTests10" />
    <testcase name="LinSpace_Test2" status="run" result="completed" time="0" timestamp="2021-12-24T21:22:47" classname="DeclarableOpsTests10" />
    <testcase name="LinSpace_Test3" status="run" result="completed" time="0" timestamp="2021-12-24T21:22:47" classname="DeclarableOpsTests10" />
    <testcase name="ImageResizeNeighbor_Test1" status="run" result="completed" time="0" timestamp="2021-12-24T21:22:47" classname="DeclarableOpsTests10" />
    <testcase name="ImageResizeNeighbor_Test1_1" status="run" result="completed" time="0" timestamp="2021-12-24T21:22:47" classname="DeclarableOpsTests10" />
    <testcase name="ImageResizeNeighbor_Test1_1_1" status="run" result="completed" time="0" timestamp="2021-12-24T21:22:47" classname="DeclarableOpsTests10" />
    <testcase name="ImageResizeNeighbor_Test01" status="run" result="completed" time="0" timestamp="2021-12-24T21:22:47" classname="DeclarableOpsTests10" />
    <testcase name="ReduceLogSumExpTest_1" status="run" result="completed" time="0" timestamp="2021-12-24T21:22:47" classname="DeclarableOpsTests10" />
    <testcase name="ReduceLogSumExpTest_2" status="run" result="completed" time="0" timestamp="2021-12-24T21:22:47" classname="DeclarableOpsTests10" />
    <testcase name="ReduceLogSumExpTest_3" status="run" result="completed" time="0" timestamp="2021-12-24T21:22:47" classname="DeclarableOpsTests10" />
    <testcase name="Image_NonMaxSuppressing_1" status="run" result="completed" time="0" timestamp="2021-12-24T21:22:47" classname="DeclarableOpsTests10" />
    <testcase name="Image_NonMaxSuppressing_2" status="run" result="completed" time="0" timestamp="2021-12-24T21:22:47" classname="DeclarableOpsTests10" />
    <testcase name="Image_NonMaxSuppressing_3" status="run" result="completed" time="0" timestamp="2021-12-24T21:22:47" classname="DeclarableOpsTests10" />
    <testcase name="Image_NonMaxSuppressing_4" status="run" result="completed" time="0" timestamp="2021-12-24T21:22:47" classname="DeclarableOpsTests10" />
    <testcase name="Image_NonMaxSuppressing_5" status="run" result="completed" time="0" timestamp="2021-12-24T21:22:47" classname="DeclarableOpsTests10" />
    <testcase name="Image_NonMaxSuppressing_6" status="run" result="completed" time="0" timestamp="2021-12-24T21:22:47" classname="DeclarableOpsTests10" />
    <testcase name="Image_NonMaxSuppressing_06" status="run" result="completed" time="0" timestamp="2021-12-24T21:22:47" classname="DeclarableOpsTests10" />
    <testcase name="Image_NonMaxSuppressing_7" status="run" result="completed" time="0" timestamp="2021-12-24T21:22:47" classname="DeclarableOpsTests10" />
    <testcase name="Image_NonMaxSuppressingOverlap_1" status="run" result="completed" time="0" timestamp="2021-12-24T21:22:47" classname="DeclarableOpsTests10" />
    <testcase name="Image_NonMaxSuppressingOverlap_2" status="run" result="completed" time="0" timestamp="2021-12-24T21:22:47" classname="DeclarableOpsTests10" />
    <testcase name="Image_NonMaxSuppressingOverlap_3" status="run" result="completed" time="0" timestamp="2021-12-24T21:22:47" classname="DeclarableOpsTests10" />
    <testcase name="Image_CropAndResize_1" status="run" result="completed" time="0" timestamp="2021-12-24T21:22:47" classname="DeclarableOpsTests10" />
    <testcase name="Image_CropAndResize_2" status="run" result="completed" time="0" timestamp="2021-12-24T21:22:47" classname="DeclarableOpsTests10" />
    <testcase name="Image_CropAndResize_3" status="run" result="completed" time="0.001" timestamp="2021-12-24T21:22:47" classname="DeclarableOpsTests10" />
    <testcase name="Image_CropAndResize_4" status="run" result="completed" time="0" timestamp="2021-12-24T21:22:47" classname="DeclarableOpsTests10" />
    <testcase name="Image_CropAndResize_5" status="run" result="completed" time="0" timestamp="2021-12-24T21:22:47" classname="DeclarableOpsTests10" />
    <testcase name="Image_DrawBoundingBoxes_1" status="run" result="completed" time="0" timestamp="2021-12-24T21:22:47" classname="DeclarableOpsTests10" />
    <testcase name="Image_DrawBoundingBoxes_2" status="run" result="completed" time="0" timestamp="2021-12-24T21:22:47" classname="DeclarableOpsTests10" />
    <testcase name="Image_DrawBoundingBoxes_3" status="run" result="completed" time="0" timestamp="2021-12-24T21:22:47" classname="DeclarableOpsTests10" />
    <testcase name="FakeQuantWithMinMaxVars_Test_1" status="run" result="completed" time="0" timestamp="2021-12-24T21:22:47" classname="DeclarableOpsTests10" />
    <testcase name="FakeQuantWithMinMaxVars_Test_2" status="run" result="completed" time="0" timestamp="2021-12-24T21:22:47" classname="DeclarableOpsTests10" />
    <testcase name="FakeQuantWithMinMaxVars_Test_3" status="run" result="completed" time="0" timestamp="2021-12-24T21:22:47" classname="DeclarableOpsTests10" />
    <testcase name="FakeQuantWithMinMaxVars_Test_03" status="run" result="completed" time="0" timestamp="2021-12-24T21:22:47" classname="DeclarableOpsTests10" />
    <testcase name="FakeQuantWithMinMaxVars_Test_03_1" status="run" result="completed" time="0" timestamp="2021-12-24T21:22:47" classname="DeclarableOpsTests10" />
    <testcase name="FakeQuantWithMinMaxVars_Test_03_2" status="run" result="completed" time="0" timestamp="2021-12-24T21:22:47" classname="DeclarableOpsTests10" />
    <testcase name="FakeQuantWithMinMaxVars_Test_03_3" status="run" result="completed" time="0" timestamp="2021-12-24T21:22:47" classname="DeclarableOpsTests10" />
    <testcase name="FakeQuantWithMinMaxVars_Test_4" status="run" result="completed" time="0" timestamp="2021-12-24T21:22:47" classname="DeclarableOpsTests10" />
    <testcase name="FakeQuantWithMinMaxVars_Test_5" status="run" result="completed" time="0" timestamp="2021-12-24T21:22:47" classname="DeclarableOpsTests10" />
    <testcase name="FakeQuantWithMinMaxVars_Test_6" status="run" result="completed" time="0" timestamp="2021-12-24T21:22:47" classname="DeclarableOpsTests10" />
    <testcase name="FakeQuantWithMinMaxVars_Test_7" status="run" result="completed" time="0" timestamp="2021-12-24T21:22:47" classname="DeclarableOpsTests10" />
    <testcase name="FakeQuantWithMinMaxVars_Test_8" status="run" result="completed" time="0" timestamp="2021-12-24T21:22:47" classname="DeclarableOpsTests10" />
    <testcase name="bool_broadcast_test_1" status="run" result="completed" time="0" timestamp="2021-12-24T21:22:47" classname="DeclarableOpsTests10" />
    <testcase name="printIndexedTest_1" status="run" result="completed" time="0" timestamp="2021-12-24T21:22:47" classname="DeclarableOpsTests10" />
  </testsuite>
  <testsuite name="DeclarableOpsTests11" tests="126" failures="0" disabled="0" errors="0" time="0.016" timestamp="2021-12-24T21:22:47">
    <testcase name="test_listdiff_1" status="run" result="completed" time="0" timestamp="2021-12-24T21:22:47" classname="DeclarableOpsTests11" />
    <testcase name="log_loss_grad_test1" status="run" result="completed" time="0" timestamp="2021-12-24T21:22:47" classname="DeclarableOpsTests11" />
    <testcase name="log_loss_grad_test2" status="run" result="completed" time="0.001" timestamp="2021-12-24T21:22:47" classname="DeclarableOpsTests11" />
    <testcase name="log_loss_grad_test3" status="run" result="completed" time="0" timestamp="2021-12-24T21:22:47" classname="DeclarableOpsTests11" />
    <testcase name="log_loss_grad_test4" status="run" result="completed" time="0" timestamp="2021-12-24T21:22:47" classname="DeclarableOpsTests11" />
    <testcase name="log_loss_grad_test5" status="run" result="completed" time="0" timestamp="2021-12-24T21:22:47" classname="DeclarableOpsTests11" />
    <testcase name="log_loss_grad_test6" status="run" result="completed" time="0" timestamp="2021-12-24T21:22:47" classname="DeclarableOpsTests11" />
    <testcase name="log_loss_grad_test7" status="run" result="completed" time="0" timestamp="2021-12-24T21:22:47" classname="DeclarableOpsTests11" />
    <testcase name="log_loss_grad_test8" status="run" result="completed" time="0" timestamp="2021-12-24T21:22:47" classname="DeclarableOpsTests11" />
    <testcase name="log_loss_grad_test9" status="run" result="completed" time="0" timestamp="2021-12-24T21:22:47" classname="DeclarableOpsTests11" />
    <testcase name="log_loss_grad_test10" status="run" result="completed" time="0" timestamp="2021-12-24T21:22:47" classname="DeclarableOpsTests11" />
    <testcase name="log_loss_grad_test11" status="run" result="completed" time="0" timestamp="2021-12-24T21:22:47" classname="DeclarableOpsTests11" />
    <testcase name="log_loss_grad_test12" status="run" result="completed" time="0" timestamp="2021-12-24T21:22:47" classname="DeclarableOpsTests11" />
    <testcase name="log_loss_grad_test13" status="run" result="completed" time="0" timestamp="2021-12-24T21:22:47" classname="DeclarableOpsTests11" />
    <testcase name="ImageResizeBicubic_Test1" status="run" result="completed" time="0" timestamp="2021-12-24T21:22:47" classname="DeclarableOpsTests11" />
    <testcase name="ImageResizeBicubic_Test2" status="run" result="completed" time="0" timestamp="2021-12-24T21:22:47" classname="DeclarableOpsTests11" />
    <testcase name="ImageResizeBicubic_Test3" status="run" result="completed" time="0" timestamp="2021-12-24T21:22:47" classname="DeclarableOpsTests11" />
    <testcase name="ImageResizeBicubic_Test4" status="run" result="completed" time="0" timestamp="2021-12-24T21:22:47" classname="DeclarableOpsTests11" />
    <testcase name="ImageResizeBicubic_Test5" status="run" result="completed" time="0" timestamp="2021-12-24T21:22:47" classname="DeclarableOpsTests11" />
    <testcase name="ImageResizeBicubic_Test6" status="run" result="completed" time="0.001" timestamp="2021-12-24T21:22:47" classname="DeclarableOpsTests11" />
    <testcase name="ImageResizeBicubic_Test7" status="run" result="completed" time="0" timestamp="2021-12-24T21:22:47" classname="DeclarableOpsTests11" />
    <testcase name="ImageResizeBicubic_Test8" status="run" result="completed" time="0" timestamp="2021-12-24T21:22:47" classname="DeclarableOpsTests11" />
    <testcase name="ImageResizeArea_Test1" status="run" result="completed" time="0" timestamp="2021-12-24T21:22:47" classname="DeclarableOpsTests11" />
    <testcase name="ImageResizeArea_Test2" status="run" result="completed" time="0" timestamp="2021-12-24T21:22:47" classname="DeclarableOpsTests11" />
    <testcase name="ImageResizeArea_Test3" status="run" result="completed" time="0" timestamp="2021-12-24T21:22:47" classname="DeclarableOpsTests11" />
    <testcase name="ImageResizeArea_Test4" status="run" result="completed" time="0.004" timestamp="2021-12-24T21:22:47" classname="DeclarableOpsTests11" />
    <testcase name="ImageResizeArea_Test5" status="run" result="completed" time="0.003" timestamp="2021-12-24T21:22:47" classname="DeclarableOpsTests11" />
    <testcase name="ImageResizeArea_Test6" status="run" result="completed" time="0" timestamp="2021-12-24T21:22:47" classname="DeclarableOpsTests11" />
    <testcase name="ImageResizeArea_Test7" status="run" result="completed" time="0" timestamp="2021-12-24T21:22:47" classname="DeclarableOpsTests11" />
    <testcase name="ImageResizeArea_Test8" status="run" result="completed" time="0" timestamp="2021-12-24T21:22:47" classname="DeclarableOpsTests11" />
    <testcase name="ResizeImages_Test8" status="run" result="completed" time="0" timestamp="2021-12-24T21:22:47" classname="DeclarableOpsTests11" />
    <testcase name="ImageResizeArea_Test9" status="run" result="completed" time="0" timestamp="2021-12-24T21:22:47" classname="DeclarableOpsTests11" />
    <testcase name="ImageResizeArea_Test10" status="run" result="completed" time="0" timestamp="2021-12-24T21:22:47" classname="DeclarableOpsTests11" />
    <testcase name="ImageResizeArea_Test11" status="run" result="completed" time="0" timestamp="2021-12-24T21:22:47" classname="DeclarableOpsTests11" />
    <testcase name="ImageResizeArea_Test12" status="run" result="completed" time="0" timestamp="2021-12-24T21:22:47" classname="DeclarableOpsTests11" />
    <testcase name="ImageResizeArea_Test13" status="run" result="completed" time="0" timestamp="2021-12-24T21:22:47" classname="DeclarableOpsTests11" />
    <testcase name="ImageResizeArea_Test14" status="run" result="completed" time="0" timestamp="2021-12-24T21:22:47" classname="DeclarableOpsTests11" />
    <testcase name="ImageResizeArea_Test15" status="run" result="completed" time="0" timestamp="2021-12-24T21:22:47" classname="DeclarableOpsTests11" />
    <testcase name="summaryStatsData_test1" status="run" result="completed" time="0" timestamp="2021-12-24T21:22:47" classname="DeclarableOpsTests11" />
    <testcase name="Solve_Test_1" status="run" result="completed" time="0" timestamp="2021-12-24T21:22:47" classname="DeclarableOpsTests11" />
    <testcase name="Solve_Test_2" status="run" result="completed" time="0" timestamp="2021-12-24T21:22:47" classname="DeclarableOpsTests11" />
    <testcase name="Solve_Test_3" status="run" result="completed" time="0.001" timestamp="2021-12-24T21:22:47" classname="DeclarableOpsTests11" />
    <testcase name="Solve_Test_4" status="run" result="completed" time="0" timestamp="2021-12-24T21:22:47" classname="DeclarableOpsTests11" />
    <testcase name="Solve_Test_4_1" status="run" result="completed" time="0" timestamp="2021-12-24T21:22:47" classname="DeclarableOpsTests11" />
    <testcase name="Solve_Test_4_2" status="run" result="completed" time="0" timestamp="2021-12-24T21:22:47" classname="DeclarableOpsTests11" />
    <testcase name="Solve_Test_4_3" status="run" result="completed" time="0" timestamp="2021-12-24T21:22:47" classname="DeclarableOpsTests11" />
    <testcase name="Solve_Test_4_4" status="run" result="completed" time="0" timestamp="2021-12-24T21:22:47" classname="DeclarableOpsTests11" />
    <testcase name="Solve_Test_4_5" status="run" result="completed" time="0" timestamp="2021-12-24T21:22:47" classname="DeclarableOpsTests11" />
    <testcase name="Solve_Test_4_6" status="run" result="completed" time="0" timestamp="2021-12-24T21:22:47" classname="DeclarableOpsTests11" />
    <testcase name="Solve_Test_4_7" status="run" result="completed" time="0" timestamp="2021-12-24T21:22:47" classname="DeclarableOpsTests11" />
    <testcase name="Solve_Test_5" status="run" result="completed" time="0" timestamp="2021-12-24T21:22:47" classname="DeclarableOpsTests11" />
    <testcase name="SolveLS_Test_1" status="run" result="completed" time="0" timestamp="2021-12-24T21:22:47" classname="DeclarableOpsTests11" />
    <testcase name="SolveLS_Test_2" status="run" result="completed" time="0.001" timestamp="2021-12-24T21:22:47" classname="DeclarableOpsTests11" />
    <testcase name="Cholesky_Test_2x2x2" status="run" result="completed" time="0" timestamp="2021-12-24T21:22:47" classname="DeclarableOpsTests11" />
    <testcase name="Cholesky_Test_2x2x2_2" status="run" result="completed" time="0" timestamp="2021-12-24T21:22:47" classname="DeclarableOpsTests11" />
    <testcase name="mean_sqerr_loss_grad_test1" status="run" result="completed" time="0" timestamp="2021-12-24T21:22:47" classname="DeclarableOpsTests11" />
    <testcase name="mean_sqerr_loss_grad_test2" status="run" result="completed" time="0" timestamp="2021-12-24T21:22:47" classname="DeclarableOpsTests11" />
    <testcase name="mean_sqerr_loss_grad_test3" status="run" result="completed" time="0" timestamp="2021-12-24T21:22:47" classname="DeclarableOpsTests11" />
    <testcase name="mean_sqerr_loss_grad_test4" status="run" result="completed" time="0" timestamp="2021-12-24T21:22:47" classname="DeclarableOpsTests11" />
    <testcase name="mean_sqerr_loss_grad_test5" status="run" result="completed" time="0.001" timestamp="2021-12-24T21:22:47" classname="DeclarableOpsTests11" />
    <testcase name="mean_sqerr_loss_grad_test6" status="run" result="completed" time="0" timestamp="2021-12-24T21:22:47" classname="DeclarableOpsTests11" />
    <testcase name="mean_sqerr_loss_grad_test7" status="run" result="completed" time="0" timestamp="2021-12-24T21:22:47" classname="DeclarableOpsTests11" />
    <testcase name="mean_sqerr_loss_grad_test8" status="run" result="completed" time="0" timestamp="2021-12-24T21:22:47" classname="DeclarableOpsTests11" />
    <testcase name="mean_sqerr_loss_grad_test9" status="run" result="completed" time="0" timestamp="2021-12-24T21:22:47" classname="DeclarableOpsTests11" />
    <testcase name="mean_sqerr_loss_grad_test10" status="run" result="completed" time="0" timestamp="2021-12-24T21:22:47" classname="DeclarableOpsTests11" />
    <testcase name="mean_sqerr_loss_grad_test11" status="run" result="completed" time="0" timestamp="2021-12-24T21:22:47" classname="DeclarableOpsTests11" />
    <testcase name="mean_sqerr_loss_grad_test12" status="run" result="completed" time="0" timestamp="2021-12-24T21:22:47" classname="DeclarableOpsTests11" />
    <testcase name="mean_sqerr_loss_grad_test13" status="run" result="completed" time="0" timestamp="2021-12-24T21:22:47" classname="DeclarableOpsTests11" />
    <testcase name="SquaredSubtractTest_Test1" status="run" result="completed" time="0" timestamp="2021-12-24T21:22:47" classname="DeclarableOpsTests11" />
    <testcase name="SquaredSubtractTest_Test2" status="run" result="completed" time="0" timestamp="2021-12-24T21:22:47" classname="DeclarableOpsTests11" />
    <testcase name="SquaredSubtractTest_Test3" status="run" result="completed" time="0" timestamp="2021-12-24T21:22:47" classname="DeclarableOpsTests11" />
    <testcase name="absolute_difference_loss_grad_test1" status="run" result="completed" time="0" timestamp="2021-12-24T21:22:47" classname="DeclarableOpsTests11" />
    <testcase name="absolute_difference_loss_grad_test2" status="run" result="completed" time="0" timestamp="2021-12-24T21:22:47" classname="DeclarableOpsTests11" />
    <testcase name="absolute_difference_loss_grad_test3" status="run" result="completed" time="0" timestamp="2021-12-24T21:22:47" classname="DeclarableOpsTests11" />
    <testcase name="absolute_difference_loss_grad_test4" status="run" result="completed" time="0" timestamp="2021-12-24T21:22:47" classname="DeclarableOpsTests11" />
    <testcase name="absolute_difference_loss_grad_test5" status="run" result="completed" time="0.001" timestamp="2021-12-24T21:22:47" classname="DeclarableOpsTests11" />
    <testcase name="absolute_difference_loss_grad_test6" status="run" result="completed" time="0" timestamp="2021-12-24T21:22:47" classname="DeclarableOpsTests11" />
    <testcase name="absolute_difference_loss_grad_test7" status="run" result="completed" time="0" timestamp="2021-12-24T21:22:47" classname="DeclarableOpsTests11" />
    <testcase name="absolute_difference_loss_grad_test8" status="run" result="completed" time="0" timestamp="2021-12-24T21:22:47" classname="DeclarableOpsTests11" />
    <testcase name="absolute_difference_loss_grad_test9" status="run" result="completed" time="0" timestamp="2021-12-24T21:22:47" classname="DeclarableOpsTests11" />
    <testcase name="absolute_difference_loss_grad_test10" status="run" result="completed" time="0" timestamp="2021-12-24T21:22:47" classname="DeclarableOpsTests11" />
    <testcase name="absolute_difference_loss_grad_test11" status="run" result="completed" time="0" timestamp="2021-12-24T21:22:47" classname="DeclarableOpsTests11" />
    <testcase name="absolute_difference_loss_grad_test12" status="run" result="completed" time="0" timestamp="2021-12-24T21:22:47" classname="DeclarableOpsTests11" />
    <testcase name="absolute_difference_loss_grad_test13" status="run" result="completed" time="0" timestamp="2021-12-24T21:22:47" classname="DeclarableOpsTests11" />
    <testcase name="BFloat16_Test_1" status="run" result="completed" time="0" timestamp="2021-12-24T21:22:47" classname="DeclarableOpsTests11" />
    <testcase name="BFloat16_Test_2" status="run" result="completed" time="0" timestamp="2021-12-24T21:22:47" classname="DeclarableOpsTests11" />
    <testcase name="BFloat16_Test_3" status="run" result="completed" time="0" timestamp="2021-12-24T21:22:47" classname="DeclarableOpsTests11" />
    <testcase name="sigm_cross_entropy_loss_grad_test1" status="run" result="completed" time="0" timestamp="2021-12-24T21:22:47" classname="DeclarableOpsTests11" />
    <testcase name="sigm_cross_entropy_loss_grad_test2" status="run" result="completed" time="0.001" timestamp="2021-12-24T21:22:47" classname="DeclarableOpsTests11" />
    <testcase name="sigm_cross_entropy_loss_grad_test3" status="run" result="completed" time="0" timestamp="2021-12-24T21:22:47" classname="DeclarableOpsTests11" />
    <testcase name="sigm_cross_entropy_loss_grad_test4" status="run" result="completed" time="0" timestamp="2021-12-24T21:22:47" classname="DeclarableOpsTests11" />
    <testcase name="sigm_cross_entropy_loss_grad_test5" status="run" result="completed" time="0" timestamp="2021-12-24T21:22:47" classname="DeclarableOpsTests11" />
    <testcase name="sigm_cross_entropy_loss_grad_test6" status="run" result="completed" time="0" timestamp="2021-12-24T21:22:47" classname="DeclarableOpsTests11" />
    <testcase name="sigm_cross_entropy_loss_grad_test7" status="run" result="completed" time="0" timestamp="2021-12-24T21:22:47" classname="DeclarableOpsTests11" />
    <testcase name="sigm_cross_entropy_loss_grad_test8" status="run" result="completed" time="0" timestamp="2021-12-24T21:22:47" classname="DeclarableOpsTests11" />
    <testcase name="sigm_cross_entropy_loss_grad_test9" status="run" result="completed" time="0" timestamp="2021-12-24T21:22:47" classname="DeclarableOpsTests11" />
    <testcase name="sigm_cross_entropy_loss_grad_test10" status="run" result="completed" time="0" timestamp="2021-12-24T21:22:47" classname="DeclarableOpsTests11" />
    <testcase name="sigm_cross_entropy_loss_grad_test11" status="run" result="completed" time="0" timestamp="2021-12-24T21:22:47" classname="DeclarableOpsTests11" />
    <testcase name="sigm_cross_entropy_loss_grad_test12" status="run" result="completed" time="0" timestamp="2021-12-24T21:22:47" classname="DeclarableOpsTests11" />
    <testcase name="sigm_cross_entropy_loss_grad_test13" status="run" result="completed" time="0" timestamp="2021-12-24T21:22:47" classname="DeclarableOpsTests11" />
    <testcase name="BFloat16_Test_4" status="run" result="completed" time="0" timestamp="2021-12-24T21:22:47" classname="DeclarableOpsTests11" />
    <testcase name="BFloat16_Test_5" status="run" result="completed" time="0" timestamp="2021-12-24T21:22:47" classname="DeclarableOpsTests11" />
    <testcase name="BFloat16_Test_6" status="run" result="completed" time="0" timestamp="2021-12-24T21:22:47" classname="DeclarableOpsTests11" />
    <testcase name="softmax_cross_entropy_loss_grad_test1" status="run" result="completed" time="0" timestamp="2021-12-24T21:22:47" classname="DeclarableOpsTests11" />
    <testcase name="softmax_cross_entropy_loss_grad_test2" status="run" result="completed" time="0.001" timestamp="2021-12-24T21:22:47" classname="DeclarableOpsTests11" />
    <testcase name="softmax_cross_entropy_loss_grad_test3" status="run" result="completed" time="0" timestamp="2021-12-24T21:22:47" classname="DeclarableOpsTests11" />
    <testcase name="softmax_cross_entropy_loss_grad_test4" status="run" result="completed" time="0" timestamp="2021-12-24T21:22:47" classname="DeclarableOpsTests11" />
    <testcase name="softmax_cross_entropy_loss_grad_test5" status="run" result="completed" time="0" timestamp="2021-12-24T21:22:47" classname="DeclarableOpsTests11" />
    <testcase name="softmax_cross_entropy_loss_grad_test6" status="run" result="completed" time="0" timestamp="2021-12-24T21:22:47" classname="DeclarableOpsTests11" />
    <testcase name="softmax_cross_entropy_loss_grad_test7" status="run" result="completed" time="0" timestamp="2021-12-24T21:22:47" classname="DeclarableOpsTests11" />
    <testcase name="softmax_cross_entropy_loss_grad_test8" status="run" result="completed" time="0" timestamp="2021-12-24T21:22:47" classname="DeclarableOpsTests11" />
    <testcase name="SafeDivideMixed_Test1" status="run" result="completed" time="0" timestamp="2021-12-24T21:22:47" classname="DeclarableOpsTests11" />
    <testcase name="softmaxCrossEntropyWithLogits_grad_test1" status="run" result="completed" time="0" timestamp="2021-12-24T21:22:47" classname="DeclarableOpsTests11" />
    <testcase name="softmaxCrossEntropyWithLogits_grad_test2" status="run" result="completed" time="0" timestamp="2021-12-24T21:22:47" classname="DeclarableOpsTests11" />
    <testcase name="softmaxCrossEntropyWithLogits_grad_test3" status="run" result="completed" time="0" timestamp="2021-12-24T21:22:47" classname="DeclarableOpsTests11" />
    <testcase name="softmaxCrossEntropyWithLogits_grad_test4" status="run" result="completed" time="0.001" timestamp="2021-12-24T21:22:47" classname="DeclarableOpsTests11" />
    <testcase name="softmaxCrossEntropyWithLogits_grad_test5" status="run" result="completed" time="0" timestamp="2021-12-24T21:22:47" classname="DeclarableOpsTests11" />
    <testcase name="softmaxCrossEntropyWithLogits_grad_test6" status="run" result="completed" time="0" timestamp="2021-12-24T21:22:47" classname="DeclarableOpsTests11" />
    <testcase name="softmaxCrossEntropyWithLogits_grad_test7" status="run" result="completed" time="0" timestamp="2021-12-24T21:22:47" classname="DeclarableOpsTests11" />
    <testcase name="softmaxCrossEntropyWithLogits_grad_test8" status="run" result="completed" time="0" timestamp="2021-12-24T21:22:47" classname="DeclarableOpsTests11" />
    <testcase name="Multiply_BP_Test1" status="run" result="completed" time="0" timestamp="2021-12-24T21:22:47" classname="DeclarableOpsTests11" />
    <testcase name="sparseSoftmaxCrossEntropyWithLogits_grad_test1" status="run" result="completed" time="0" timestamp="2021-12-24T21:22:47" classname="DeclarableOpsTests11" />
    <testcase name="sparseSoftmaxCrossEntropyWithLogits_grad_test2" status="run" result="completed" time="0" timestamp="2021-12-24T21:22:47" classname="DeclarableOpsTests11" />
    <testcase name="sparseSoftmaxCrossEntropyWithLogits_grad_test3" status="run" result="completed" time="0" timestamp="2021-12-24T21:22:47" classname="DeclarableOpsTests11" />
    <testcase name="sparseSoftmaxCrossEntropyWithLogits_grad_test4" status="run" result="completed" time="0" timestamp="2021-12-24T21:22:47" classname="DeclarableOpsTests11" />
    <testcase name="sparseSoftmaxCrossEntropyWithLogits_grad_test5" status="run" result="completed" time="0" timestamp="2021-12-24T21:22:47" classname="DeclarableOpsTests11" />
  </testsuite>
  <testsuite name="DeclarableOpsTests12" tests="144" failures="0" disabled="0" errors="0" time="0.019" timestamp="2021-12-24T21:22:47">
    <testcase name="test_any_validation_1" status="run" result="completed" time="0" timestamp="2021-12-24T21:22:47" classname="DeclarableOpsTests12" />
    <testcase name="cosine_distance_loss_grad_test1" status="run" result="completed" time="0" timestamp="2021-12-24T21:22:47" classname="DeclarableOpsTests12" />
    <testcase name="cosine_distance_loss_grad_test2" status="run" result="completed" time="0" timestamp="2021-12-24T21:22:47" classname="DeclarableOpsTests12" />
    <testcase name="cosine_distance_loss_grad_test3" status="run" result="completed" time="0" timestamp="2021-12-24T21:22:47" classname="DeclarableOpsTests12" />
    <testcase name="cosine_distance_loss_grad_test4" status="run" result="completed" time="0" timestamp="2021-12-24T21:22:47" classname="DeclarableOpsTests12" />
    <testcase name="cosine_distance_loss_grad_test5" status="run" result="completed" time="0" timestamp="2021-12-24T21:22:47" classname="DeclarableOpsTests12" />
    <testcase name="cosine_distance_loss_grad_test6" status="run" result="completed" time="0" timestamp="2021-12-24T21:22:47" classname="DeclarableOpsTests12" />
    <testcase name="cosine_distance_loss_grad_test7" status="run" result="completed" time="0.001" timestamp="2021-12-24T21:22:47" classname="DeclarableOpsTests12" />
    <testcase name="cosine_distance_loss_grad_test8" status="run" result="completed" time="0" timestamp="2021-12-24T21:22:47" classname="DeclarableOpsTests12" />
    <testcase name="cosine_distance_loss_grad_test9" status="run" result="completed" time="0" timestamp="2021-12-24T21:22:47" classname="DeclarableOpsTests12" />
    <testcase name="hinge_loss_14" status="run" result="completed" time="0" timestamp="2021-12-24T21:22:47" classname="DeclarableOpsTests12" />
    <testcase name="TestDivideBP_1" status="run" result="completed" time="0" timestamp="2021-12-24T21:22:47" classname="DeclarableOpsTests12" />
    <testcase name="TestDivideBP_2" status="run" result="completed" time="0" timestamp="2021-12-24T21:22:47" classname="DeclarableOpsTests12" />
    <testcase name="TestReverseDivideBP_1" status="run" result="completed" time="0" timestamp="2021-12-24T21:22:47" classname="DeclarableOpsTests12" />
    <testcase name="TestReverseDivideBP_2" status="run" result="completed" time="0" timestamp="2021-12-24T21:22:47" classname="DeclarableOpsTests12" />
    <testcase name="TestSliceBP_1" status="run" result="completed" time="0" timestamp="2021-12-24T21:22:47" classname="DeclarableOpsTests12" />
    <testcase name="TestConfusionZero_1" status="run" result="completed" time="0" timestamp="2021-12-24T21:22:47" classname="DeclarableOpsTests12" />
    <testcase name="TestMaximumBP_1" status="run" result="completed" time="0" timestamp="2021-12-24T21:22:47" classname="DeclarableOpsTests12" />
    <testcase name="TestMinimumBP_1" status="run" result="completed" time="0" timestamp="2021-12-24T21:22:47" classname="DeclarableOpsTests12" />
    <testcase name="reverse_test15" status="run" result="completed" time="0" timestamp="2021-12-24T21:22:47" classname="DeclarableOpsTests12" />
    <testcase name="mirrorPad_test17" status="run" result="completed" time="0" timestamp="2021-12-24T21:22:47" classname="DeclarableOpsTests12" />
    <testcase name="mirrorPad_test18" status="run" result="completed" time="0" timestamp="2021-12-24T21:22:47" classname="DeclarableOpsTests12" />
    <testcase name="relu_1" status="run" result="completed" time="0" timestamp="2021-12-24T21:22:47" classname="DeclarableOpsTests12" />
    <testcase name="multiUnique_1" status="run" result="completed" time="0" timestamp="2021-12-24T21:22:47" classname="DeclarableOpsTests12" />
    <testcase name="multiUnique_2" status="run" result="completed" time="0" timestamp="2021-12-24T21:22:47" classname="DeclarableOpsTests12" />
    <testcase name="reduceMeanBp_4" status="run" result="completed" time="0.003" timestamp="2021-12-24T21:22:47" classname="DeclarableOpsTests12" />
    <testcase name="reduceMeanBp_7" status="run" result="completed" time="0" timestamp="2021-12-24T21:22:47" classname="DeclarableOpsTests12" />
    <testcase name="reduceMeanBp_5" status="run" result="completed" time="0" timestamp="2021-12-24T21:22:47" classname="DeclarableOpsTests12" />
    <testcase name="reduceSqnormBp_1" status="run" result="completed" time="0" timestamp="2021-12-24T21:22:47" classname="DeclarableOpsTests12" />
    <testcase name="pullRows_1" status="run" result="completed" time="0" timestamp="2021-12-24T21:22:47" classname="DeclarableOpsTests12" />
    <testcase name="pullRows_2" status="run" result="completed" time="0" timestamp="2021-12-24T21:22:47" classname="DeclarableOpsTests12" />
    <testcase name="softmax_9" status="run" result="completed" time="0" timestamp="2021-12-24T21:22:47" classname="DeclarableOpsTests12" />
    <testcase name="maxpool_bp_half_1" status="run" result="completed" time="0" timestamp="2021-12-24T21:22:47" classname="DeclarableOpsTests12" />
    <testcase name="lrn_bp_1" status="run" result="completed" time="0" timestamp="2021-12-24T21:22:47" classname="DeclarableOpsTests12" />
    <testcase name="lrn_bp_2" status="run" result="completed" time="0" timestamp="2021-12-24T21:22:47" classname="DeclarableOpsTests12" />
    <testcase name="lrn_bp_3" status="run" result="completed" time="0" timestamp="2021-12-24T21:22:47" classname="DeclarableOpsTests12" />
    <testcase name="lrn_bp_4" status="run" result="completed" time="0" timestamp="2021-12-24T21:22:47" classname="DeclarableOpsTests12" />
    <testcase name="lrn_bp_5" status="run" result="completed" time="0" timestamp="2021-12-24T21:22:47" classname="DeclarableOpsTests12" />
    <testcase name="lrn_bp_6" status="run" result="completed" time="0" timestamp="2021-12-24T21:22:47" classname="DeclarableOpsTests12" />
    <testcase name="lrn_bp_7" status="run" result="completed" time="0.001" timestamp="2021-12-24T21:22:47" classname="DeclarableOpsTests12" />
    <testcase name="lrn_bp_8" status="run" result="completed" time="0" timestamp="2021-12-24T21:22:47" classname="DeclarableOpsTests12" />
    <testcase name="lrn_bp_9" status="run" result="completed" time="0" timestamp="2021-12-24T21:22:47" classname="DeclarableOpsTests12" />
    <testcase name="lrn_bp_10" status="run" result="completed" time="0" timestamp="2021-12-24T21:22:47" classname="DeclarableOpsTests12" />
    <testcase name="lrn_1" status="run" result="completed" time="0" timestamp="2021-12-24T21:22:47" classname="DeclarableOpsTests12" />
    <testcase name="lrn_2" status="run" result="completed" time="0" timestamp="2021-12-24T21:22:47" classname="DeclarableOpsTests12" />
    <testcase name="lrn_3" status="run" result="completed" time="0" timestamp="2021-12-24T21:22:47" classname="DeclarableOpsTests12" />
    <testcase name="lrn_4" status="run" result="completed" time="0" timestamp="2021-12-24T21:22:47" classname="DeclarableOpsTests12" />
    <testcase name="lrn_5" status="run" result="completed" time="0" timestamp="2021-12-24T21:22:47" classname="DeclarableOpsTests12" />
    <testcase name="inTopK_1" status="run" result="completed" time="0" timestamp="2021-12-24T21:22:47" classname="DeclarableOpsTests12" />
    <testcase name="inTopK_2" status="run" result="completed" time="0" timestamp="2021-12-24T21:22:47" classname="DeclarableOpsTests12" />
    <testcase name="inTopK_3" status="run" result="completed" time="0.001" timestamp="2021-12-24T21:22:47" classname="DeclarableOpsTests12" />
    <testcase name="inTopK_4" status="run" result="completed" time="0" timestamp="2021-12-24T21:22:47" classname="DeclarableOpsTests12" />
    <testcase name="inTopK_5" status="run" result="completed" time="0.005" timestamp="2021-12-24T21:22:47" classname="DeclarableOpsTests12" />
    <testcase name="cube_1" status="run" result="completed" time="0.001" timestamp="2021-12-24T21:22:47" classname="DeclarableOpsTests12" />
    <testcase name="cube_bp_1" status="run" result="completed" time="0" timestamp="2021-12-24T21:22:47" classname="DeclarableOpsTests12" />
    <testcase name="pad_tests1" status="run" result="completed" time="0" timestamp="2021-12-24T21:22:47" classname="DeclarableOpsTests12" />
    <testcase name="pad_tests2" status="run" result="completed" time="0" timestamp="2021-12-24T21:22:47" classname="DeclarableOpsTests12" />
    <testcase name="pad_tests3" status="run" result="completed" time="0" timestamp="2021-12-24T21:22:47" classname="DeclarableOpsTests12" />
    <testcase name="pad_tests4" status="run" result="completed" time="0" timestamp="2021-12-24T21:22:47" classname="DeclarableOpsTests12" />
    <testcase name="pad_tests5" status="run" result="completed" time="0" timestamp="2021-12-24T21:22:47" classname="DeclarableOpsTests12" />
    <testcase name="pad_tests6" status="run" result="completed" time="0" timestamp="2021-12-24T21:22:47" classname="DeclarableOpsTests12" />
    <testcase name="pad_tests7" status="run" result="completed" time="0" timestamp="2021-12-24T21:22:47" classname="DeclarableOpsTests12" />
    <testcase name="pad_tests8" status="run" result="completed" time="0" timestamp="2021-12-24T21:22:47" classname="DeclarableOpsTests12" />
    <testcase name="pad_tests9" status="run" result="completed" time="0" timestamp="2021-12-24T21:22:47" classname="DeclarableOpsTests12" />
    <testcase name="pad_tests10" status="run" result="completed" time="0" timestamp="2021-12-24T21:22:47" classname="DeclarableOpsTests12" />
    <testcase name="pad_tests11" status="run" result="completed" time="0" timestamp="2021-12-24T21:22:47" classname="DeclarableOpsTests12" />
    <testcase name="pad_tests12" status="run" result="completed" time="0" timestamp="2021-12-24T21:22:47" classname="DeclarableOpsTests12" />
    <testcase name="pad_tests13" status="run" result="completed" time="0" timestamp="2021-12-24T21:22:47" classname="DeclarableOpsTests12" />
    <testcase name="pad_tests14" status="run" result="completed" time="0.001" timestamp="2021-12-24T21:22:47" classname="DeclarableOpsTests12" />
    <testcase name="pad_tests15" status="run" result="completed" time="0" timestamp="2021-12-24T21:22:47" classname="DeclarableOpsTests12" />
    <testcase name="pad_tests16" status="run" result="completed" time="0" timestamp="2021-12-24T21:22:47" classname="DeclarableOpsTests12" />
    <testcase name="pad_tests17" status="run" result="completed" time="0" timestamp="2021-12-24T21:22:47" classname="DeclarableOpsTests12" />
    <testcase name="pad_tests18" status="run" result="completed" time="0" timestamp="2021-12-24T21:22:47" classname="DeclarableOpsTests12" />
    <testcase name="pad_tests19" status="run" result="completed" time="0" timestamp="2021-12-24T21:22:47" classname="DeclarableOpsTests12" />
    <testcase name="pad_tests20" status="run" result="completed" time="0" timestamp="2021-12-24T21:22:47" classname="DeclarableOpsTests12" />
    <testcase name="pad_tests21" status="run" result="completed" time="0" timestamp="2021-12-24T21:22:47" classname="DeclarableOpsTests12" />
    <testcase name="pad_tests22" status="run" result="completed" time="0" timestamp="2021-12-24T21:22:47" classname="DeclarableOpsTests12" />
    <testcase name="pad_tests23" status="run" result="completed" time="0" timestamp="2021-12-24T21:22:47" classname="DeclarableOpsTests12" />
    <testcase name="pad_tests24" status="run" result="completed" time="0" timestamp="2021-12-24T21:22:47" classname="DeclarableOpsTests12" />
    <testcase name="pad_tests25" status="run" result="completed" time="0" timestamp="2021-12-24T21:22:47" classname="DeclarableOpsTests12" />
    <testcase name="pad_tests26" status="run" result="completed" time="0" timestamp="2021-12-24T21:22:47" classname="DeclarableOpsTests12" />
    <testcase name="pad_tests27" status="run" result="completed" time="0" timestamp="2021-12-24T21:22:47" classname="DeclarableOpsTests12" />
    <testcase name="pad_tests28" status="run" result="completed" time="0.001" timestamp="2021-12-24T21:22:47" classname="DeclarableOpsTests12" />
    <testcase name="pad_tests29" status="run" result="completed" time="0" timestamp="2021-12-24T21:22:47" classname="DeclarableOpsTests12" />
    <testcase name="pad_tests30" status="run" result="completed" time="0" timestamp="2021-12-24T21:22:47" classname="DeclarableOpsTests12" />
    <testcase name="pad_tests31" status="run" result="completed" time="0" timestamp="2021-12-24T21:22:47" classname="DeclarableOpsTests12" />
    <testcase name="pad_tests32" status="run" result="completed" time="0" timestamp="2021-12-24T21:22:47" classname="DeclarableOpsTests12" />
    <testcase name="pad_tests33" status="run" result="completed" time="0" timestamp="2021-12-24T21:22:47" classname="DeclarableOpsTests12" />
    <testcase name="pad_tests34" status="run" result="completed" time="0" timestamp="2021-12-24T21:22:47" classname="DeclarableOpsTests12" />
    <testcase name="Pad_1" status="run" result="completed" time="0" timestamp="2021-12-24T21:22:47" classname="DeclarableOpsTests12" />
    <testcase name="Pad_2" status="run" result="completed" time="0" timestamp="2021-12-24T21:22:47" classname="DeclarableOpsTests12" />
    <testcase name="Pad_3" status="run" result="completed" time="0" timestamp="2021-12-24T21:22:47" classname="DeclarableOpsTests12" />
    <testcase name="Pad_4" status="run" result="completed" time="0" timestamp="2021-12-24T21:22:47" classname="DeclarableOpsTests12" />
    <testcase name="Pad_5" status="run" result="completed" time="0.001" timestamp="2021-12-24T21:22:47" classname="DeclarableOpsTests12" />
    <testcase name="Pad_6" status="run" result="completed" time="0" timestamp="2021-12-24T21:22:47" classname="DeclarableOpsTests12" />
    <testcase name="Pad_7" status="run" result="completed" time="0" timestamp="2021-12-24T21:22:47" classname="DeclarableOpsTests12" />
    <testcase name="Pad_8" status="run" result="completed" time="0" timestamp="2021-12-24T21:22:47" classname="DeclarableOpsTests12" />
    <testcase name="Pad_9" status="run" result="completed" time="0" timestamp="2021-12-24T21:22:47" classname="DeclarableOpsTests12" />
    <testcase name="Test_Expose_1" status="run" result="completed" time="0" timestamp="2021-12-24T21:22:47" classname="DeclarableOpsTests12" />
    <testcase name="Pad_SGO_Test_1" status="run" result="completed" time="0" timestamp="2021-12-24T21:22:47" classname="DeclarableOpsTests12" />
    <testcase name="LU_Test_1" status="run" result="completed" time="0" timestamp="2021-12-24T21:22:47" classname="DeclarableOpsTests12" />
    <testcase name="LU_Test_2" status="run" result="completed" time="0" timestamp="2021-12-24T21:22:47" classname="DeclarableOpsTests12" />
    <testcase name="LU_Test_3" status="run" result="completed" time="0" timestamp="2021-12-24T21:22:47" classname="DeclarableOpsTests12" />
    <testcase name="LU_Test_4" status="run" result="completed" time="0" timestamp="2021-12-24T21:22:47" classname="DeclarableOpsTests12" />
    <testcase name="LU_Test_5" status="run" result="completed" time="0" timestamp="2021-12-24T21:22:47" classname="DeclarableOpsTests12" />
    <testcase name="LU_Test_1_2" status="run" result="completed" time="0" timestamp="2021-12-24T21:22:47" classname="DeclarableOpsTests12" />
    <testcase name="LU_Test_3_2" status="run" result="completed" time="0" timestamp="2021-12-24T21:22:47" classname="DeclarableOpsTests12" />
    <testcase name="LU_Test_3_3" status="run" result="completed" time="0" timestamp="2021-12-24T21:22:47" classname="DeclarableOpsTests12" />
    <testcase name="LU_Test_4_1" status="run" result="completed" time="0" timestamp="2021-12-24T21:22:47" classname="DeclarableOpsTests12" />
    <testcase name="LU_Test_4_2" status="run" result="completed" time="0" timestamp="2021-12-24T21:22:47" classname="DeclarableOpsTests12" />
    <testcase name="QR_Test_1" status="run" result="completed" time="0.001" timestamp="2021-12-24T21:22:47" classname="DeclarableOpsTests12" />
    <testcase name="QR_Test_1_1" status="run" result="completed" time="0" timestamp="2021-12-24T21:22:47" classname="DeclarableOpsTests12" />
    <testcase name="QR_Test_2" status="run" result="completed" time="0" timestamp="2021-12-24T21:22:47" classname="DeclarableOpsTests12" />
    <testcase name="ImageResize_Test1" status="run" result="completed" time="0" timestamp="2021-12-24T21:22:47" classname="DeclarableOpsTests12" />
    <testcase name="ImageResize_Test2" status="run" result="completed" time="0" timestamp="2021-12-24T21:22:47" classname="DeclarableOpsTests12" />
    <testcase name="ImageResize_Test3" status="run" result="completed" time="0" timestamp="2021-12-24T21:22:47" classname="DeclarableOpsTests12" />
    <testcase name="ImageResize_Test4" status="run" result="completed" time="0" timestamp="2021-12-24T21:22:47" classname="DeclarableOpsTests12" />
    <testcase name="ImageResize_Test5" status="run" result="completed" time="0" timestamp="2021-12-24T21:22:47" classname="DeclarableOpsTests12" />
    <testcase name="ImageResize_Test6" status="run" result="completed" time="0" timestamp="2021-12-24T21:22:47" classname="DeclarableOpsTests12" />
    <testcase name="ImageResize_Test6_10x10_a" status="run" result="completed" time="0" timestamp="2021-12-24T21:22:47" classname="DeclarableOpsTests12" />
    <testcase name="ImageResize_Test6_10x10_b" status="run" result="completed" time="0" timestamp="2021-12-24T21:22:47" classname="DeclarableOpsTests12" />
    <testcase name="ImageResize_Test6_10x10_c" status="run" result="completed" time="0" timestamp="2021-12-24T21:22:47" classname="DeclarableOpsTests12" />
    <testcase name="ImageResize_Test6_10x10_d" status="run" result="completed" time="0" timestamp="2021-12-24T21:22:47" classname="DeclarableOpsTests12" />
    <testcase name="ImageResize_Test7" status="run" result="completed" time="0" timestamp="2021-12-24T21:22:47" classname="DeclarableOpsTests12" />
    <testcase name="ImageResize_Test8" status="run" result="completed" time="0" timestamp="2021-12-24T21:22:47" classname="DeclarableOpsTests12" />
    <testcase name="ImageResize_Test9" status="run" result="completed" time="0" timestamp="2021-12-24T21:22:47" classname="DeclarableOpsTests12" />
    <testcase name="ImageResize_Test10a" status="run" result="completed" time="0" timestamp="2021-12-24T21:22:47" classname="DeclarableOpsTests12" />
    <testcase name="ImageResize_Test10b" status="run" result="completed" time="0" timestamp="2021-12-24T21:22:47" classname="DeclarableOpsTests12" />
    <testcase name="ImageResize_Test10c" status="run" result="completed" time="0" timestamp="2021-12-24T21:22:47" classname="DeclarableOpsTests12" />
    <testcase name="ImageResize_Test10d" status="run" result="completed" time="0" timestamp="2021-12-24T21:22:47" classname="DeclarableOpsTests12" />
    <testcase name="ImageResize_Test11" status="run" result="completed" time="0" timestamp="2021-12-24T21:22:47" classname="DeclarableOpsTests12" />
    <testcase name="ImageResize_Test12_Input_Strided" status="run" result="completed" time="0.002" timestamp="2021-12-24T21:22:47" classname="DeclarableOpsTests12" />
    <testcase name="TriangularSolve_Test_1" status="run" result="completed" time="0" timestamp="2021-12-24T21:22:47" classname="DeclarableOpsTests12" />
    <testcase name="TriangularSolve_Test_2" status="run" result="completed" time="0" timestamp="2021-12-24T21:22:47" classname="DeclarableOpsTests12" />
    <testcase name="TriangularSolve_Test_3" status="run" result="completed" time="0" timestamp="2021-12-24T21:22:47" classname="DeclarableOpsTests12" />
    <testcase name="TriangularSolve_Test_4" status="run" result="completed" time="0" timestamp="2021-12-24T21:22:47" classname="DeclarableOpsTests12" />
    <testcase name="TriangularSolve_Test_5" status="run" result="completed" time="0" timestamp="2021-12-24T21:22:47" classname="DeclarableOpsTests12" />
    <testcase name="SolveLs_Test_1" status="run" result="completed" time="0" timestamp="2021-12-24T21:22:47" classname="DeclarableOpsTests12" />
    <testcase name="SolveLs_Test_2" status="run" result="completed" time="0" timestamp="2021-12-24T21:22:47" classname="DeclarableOpsTests12" />
    <testcase name="SolveLs_Test_3" status="run" result="completed" time="0" timestamp="2021-12-24T21:22:47" classname="DeclarableOpsTests12" />
    <testcase name="SolveLs_Test_4" status="run" result="completed" time="0" timestamp="2021-12-24T21:22:47" classname="DeclarableOpsTests12" />
    <testcase name="SolveLs_Test_5" status="run" result="completed" time="0" timestamp="2021-12-24T21:22:47" classname="DeclarableOpsTests12" />
    <testcase name="Solve_Test_6" status="run" result="completed" time="0" timestamp="2021-12-24T21:22:47" classname="DeclarableOpsTests12" />
    <testcase name="TriangularSolve_Test_6" status="run" result="completed" time="0" timestamp="2021-12-24T21:22:47" classname="DeclarableOpsTests12" />
  </testsuite>
  <testsuite name="DeclarableOpsTests13" tests="86" failures="0" disabled="0" errors="0" time="0.016" timestamp="2021-12-24T21:22:47">
    <testcase name="test_pow_1" status="run" result="completed" time="0" timestamp="2021-12-24T21:22:47" classname="DeclarableOpsTests13" />
    <testcase name="test_empty_range_1" status="run" result="completed" time="0" timestamp="2021-12-24T21:22:47" classname="DeclarableOpsTests13" />
    <testcase name="test_empty_range_2" status="run" result="completed" time="0" timestamp="2021-12-24T21:22:47" classname="DeclarableOpsTests13" />
    <testcase name="test_empty_range_3" status="run" result="completed" time="0" timestamp="2021-12-24T21:22:47" classname="DeclarableOpsTests13" />
    <testcase name="test_argmax_edge_1" status="run" result="completed" time="0" timestamp="2021-12-24T21:22:47" classname="DeclarableOpsTests13" />
    <testcase name="test_add_1" status="run" result="completed" time="0" timestamp="2021-12-24T21:22:47" classname="DeclarableOpsTests13" />
    <testcase name="test_listdiff_1" status="run" result="completed" time="0.001" timestamp="2021-12-24T21:22:47" classname="DeclarableOpsTests13" />
    <testcase name="test_greater_1" status="run" result="completed" time="0" timestamp="2021-12-24T21:22:47" classname="DeclarableOpsTests13" />
    <testcase name="test_eval_reduction_shape_1" status="run" result="completed" time="0" timestamp="2021-12-24T21:22:47" classname="DeclarableOpsTests13" />
    <testcase name="test_or_1" status="run" result="completed" time="0" timestamp="2021-12-24T21:22:47" classname="DeclarableOpsTests13" />
    <testcase name="test_and_1" status="run" result="completed" time="0" timestamp="2021-12-24T21:22:47" classname="DeclarableOpsTests13" />
    <testcase name="test_xor_1" status="run" result="completed" time="0" timestamp="2021-12-24T21:22:47" classname="DeclarableOpsTests13" />
    <testcase name="BarnesHutTsne_GainsTest_1" status="run" result="completed" time="0" timestamp="2021-12-24T21:22:47" classname="DeclarableOpsTests13" />
    <testcase name="BarnesHutTsne_GainsTest_2" status="run" result="completed" time="0" timestamp="2021-12-24T21:22:47" classname="DeclarableOpsTests13" />
    <testcase name="BarnesHutTsne_GainsTest_3" status="run" result="completed" time="0" timestamp="2021-12-24T21:22:47" classname="DeclarableOpsTests13" />
    <testcase name="BarnesHutTsne_EdgeForceTest_1" status="run" result="completed" time="0" timestamp="2021-12-24T21:22:47" classname="DeclarableOpsTests13" />
    <testcase name="BarnesHutTsne_EdgeForceTest_2" status="run" result="completed" time="0" timestamp="2021-12-24T21:22:47" classname="DeclarableOpsTests13" />
    <testcase name="BarnesHutTsne_EdgeForceTest_3" status="run" result="completed" time="0" timestamp="2021-12-24T21:22:47" classname="DeclarableOpsTests13" />
    <testcase name="BarnesHutTsne_symmetrized_1" status="run" result="completed" time="0" timestamp="2021-12-24T21:22:47" classname="DeclarableOpsTests13" />
    <testcase name="BarnesHutTsne_symmetrized_2" status="run" result="completed" time="0" timestamp="2021-12-24T21:22:47" classname="DeclarableOpsTests13" />
    <testcase name="BarnesHutTsne_symmetrized_3" status="run" result="completed" time="0" timestamp="2021-12-24T21:22:47" classname="DeclarableOpsTests13" />
    <testcase name="BarnesHutTsne_symmetrized_4" status="run" result="completed" time="0" timestamp="2021-12-24T21:22:47" classname="DeclarableOpsTests13" />
    <testcase name="CellContains_test_1" status="run" result="completed" time="0" timestamp="2021-12-24T21:22:47" classname="DeclarableOpsTests13" />
    <testcase name="adjustHue_1" status="run" result="completed" time="0" timestamp="2021-12-24T21:22:47" classname="DeclarableOpsTests13" />
    <testcase name="adjustHue_2" status="run" result="completed" time="0" timestamp="2021-12-24T21:22:47" classname="DeclarableOpsTests13" />
    <testcase name="adjustHue_3" status="run" result="completed" time="0" timestamp="2021-12-24T21:22:47" classname="DeclarableOpsTests13" />
    <testcase name="adjustHue_4" status="run" result="completed" time="0" timestamp="2021-12-24T21:22:47" classname="DeclarableOpsTests13" />
    <testcase name="adjustHue_5" status="run" result="completed" time="0" timestamp="2021-12-24T21:22:47" classname="DeclarableOpsTests13" />
    <testcase name="adjustSaturation_1" status="run" result="completed" time="0" timestamp="2021-12-24T21:22:47" classname="DeclarableOpsTests13" />
    <testcase name="adjustSaturation_2" status="run" result="completed" time="0" timestamp="2021-12-24T21:22:47" classname="DeclarableOpsTests13" />
    <testcase name="adjustSaturation_3" status="run" result="completed" time="0" timestamp="2021-12-24T21:22:47" classname="DeclarableOpsTests13" />
    <testcase name="adjustSaturation_4" status="run" result="completed" time="0" timestamp="2021-12-24T21:22:47" classname="DeclarableOpsTests13" />
    <testcase name="adjustSaturation_5" status="run" result="completed" time="0" timestamp="2021-12-24T21:22:47" classname="DeclarableOpsTests13" />
    <testcase name="shift_bits_1" status="run" result="completed" time="0" timestamp="2021-12-24T21:22:47" classname="DeclarableOpsTests13" />
    <testcase name="rshift_bits_1" status="run" result="completed" time="0" timestamp="2021-12-24T21:22:47" classname="DeclarableOpsTests13" />
    <testcase name="cyclic_shift_bits_1" status="run" result="completed" time="0" timestamp="2021-12-24T21:22:47" classname="DeclarableOpsTests13" />
    <testcase name="cyclic_rshift_bits_1" status="run" result="completed" time="0" timestamp="2021-12-24T21:22:47" classname="DeclarableOpsTests13" />
    <testcase name="shift_bits_2" status="run" result="completed" time="0" timestamp="2021-12-24T21:22:47" classname="DeclarableOpsTests13" />
    <testcase name="rshift_bits_2" status="run" result="completed" time="0" timestamp="2021-12-24T21:22:47" classname="DeclarableOpsTests13" />
    <testcase name="cyclic_shift_bits_2" status="run" result="completed" time="0" timestamp="2021-12-24T21:22:47" classname="DeclarableOpsTests13" />
    <testcase name="cyclic_rshift_bits_2" status="run" result="completed" time="0" timestamp="2021-12-24T21:22:47" classname="DeclarableOpsTests13" />
    <testcase name="shift_bits_3" status="run" result="completed" time="0" timestamp="2021-12-24T21:22:47" classname="DeclarableOpsTests13" />
    <testcase name="space_to_batch_nd_1" status="run" result="completed" time="0" timestamp="2021-12-24T21:22:47" classname="DeclarableOpsTests13" />
    <testcase name="space_to_batch_nd_2" status="run" result="completed" time="0" timestamp="2021-12-24T21:22:47" classname="DeclarableOpsTests13" />
    <testcase name="space_to_batch_nd_3" status="run" result="completed" time="0" timestamp="2021-12-24T21:22:47" classname="DeclarableOpsTests13" />
    <testcase name="batch_to_space_nd_1" status="run" result="completed" time="0" timestamp="2021-12-24T21:22:47" classname="DeclarableOpsTests13" />
    <testcase name="batch_to_space_nd_2" status="run" result="completed" time="0" timestamp="2021-12-24T21:22:47" classname="DeclarableOpsTests13" />
    <testcase name="batch_to_space_nd_3" status="run" result="completed" time="0" timestamp="2021-12-24T21:22:47" classname="DeclarableOpsTests13" />
    <testcase name="mergemax_1" status="run" result="completed" time="0" timestamp="2021-12-24T21:22:47" classname="DeclarableOpsTests13" />
    <testcase name="mergemax_2" status="run" result="completed" time="0" timestamp="2021-12-24T21:22:47" classname="DeclarableOpsTests13" />
    <testcase name="mergemax_bp_1" status="run" result="completed" time="0" timestamp="2021-12-24T21:22:47" classname="DeclarableOpsTests13" />
    <testcase name="mergemax_bp_2" status="run" result="completed" time="0" timestamp="2021-12-24T21:22:47" classname="DeclarableOpsTests13" />
    <testcase name="mergemax_bp_3" status="run" result="completed" time="0" timestamp="2021-12-24T21:22:47" classname="DeclarableOpsTests13" />
    <testcase name="mergeadd_bp_1" status="run" result="completed" time="0" timestamp="2021-12-24T21:22:47" classname="DeclarableOpsTests13" />
    <testcase name="mergeavg_bp_1" status="run" result="completed" time="0" timestamp="2021-12-24T21:22:47" classname="DeclarableOpsTests13" />
    <testcase name="lstmLayer_1" status="run" result="completed" time="0" timestamp="2021-12-24T21:22:47" classname="DeclarableOpsTests13" />
    <testcase name="lstmLayer_2" status="run" result="completed" time="0.001" timestamp="2021-12-24T21:22:47" classname="DeclarableOpsTests13" />
    <testcase name="lstmLayer_3" status="run" result="completed" time="0" timestamp="2021-12-24T21:22:47" classname="DeclarableOpsTests13" />
    <testcase name="lstmLayer_4" status="run" result="completed" time="0" timestamp="2021-12-24T21:22:47" classname="DeclarableOpsTests13" />
    <testcase name="lstmLayer_5" status="run" result="completed" time="0" timestamp="2021-12-24T21:22:47" classname="DeclarableOpsTests13" />
    <testcase name="lstmLayer_6" status="run" result="completed" time="0.001" timestamp="2021-12-24T21:22:47" classname="DeclarableOpsTests13" />
    <testcase name="lstmLayer_7" status="run" result="completed" time="0" timestamp="2021-12-24T21:22:47" classname="DeclarableOpsTests13" />
    <testcase name="lstmLayer_8" status="run" result="completed" time="0" timestamp="2021-12-24T21:22:47" classname="DeclarableOpsTests13" />
    <testcase name="lstmLayer_9" status="run" result="completed" time="0" timestamp="2021-12-24T21:22:47" classname="DeclarableOpsTests13" />
    <testcase name="lstmLayer_10" status="run" result="completed" time="0.001" timestamp="2021-12-24T21:22:47" classname="DeclarableOpsTests13" />
    <testcase name="lstmLayer_11" status="run" result="completed" time="0" timestamp="2021-12-24T21:22:47" classname="DeclarableOpsTests13" />
    <testcase name="lstmLayer_12" status="run" result="completed" time="0.001" timestamp="2021-12-24T21:22:47" classname="DeclarableOpsTests13" />
    <testcase name="lstmLayer_13" status="run" result="completed" time="0" timestamp="2021-12-24T21:22:47" classname="DeclarableOpsTests13" />
    <testcase name="lstmLayer_bp_ScalarCheck" status="run" result="completed" time="0.008" timestamp="2021-12-24T21:22:47" classname="DeclarableOpsTests13" />
    <testcase name="batchnorm_test1" status="run" result="completed" time="0" timestamp="2021-12-24T21:22:47" classname="DeclarableOpsTests13" />
    <testcase name="batchnorm_test5" status="run" result="completed" time="0" timestamp="2021-12-24T21:22:47" classname="DeclarableOpsTests13" />
    <testcase name="batchnorm_test6" status="run" result="completed" time="0" timestamp="2021-12-24T21:22:47" classname="DeclarableOpsTests13" />
    <testcase name="batchnorm_test7" status="run" result="completed" time="0" timestamp="2021-12-24T21:22:47" classname="DeclarableOpsTests13" />
    <testcase name="batchnorm_test8" status="run" result="completed" time="0" timestamp="2021-12-24T21:22:47" classname="DeclarableOpsTests13" />
    <testcase name="batchnorm_test9" status="run" result="completed" time="0.001" timestamp="2021-12-24T21:22:47" classname="DeclarableOpsTests13" />
    <testcase name="batchnorm_bp_test1" status="run" result="completed" time="0" timestamp="2021-12-24T21:22:47" classname="DeclarableOpsTests13" />
    <testcase name="batchnorm_bp_test2" status="run" result="completed" time="0" timestamp="2021-12-24T21:22:47" classname="DeclarableOpsTests13" />
    <testcase name="batchnorm_bp_test3" status="run" result="completed" time="0" timestamp="2021-12-24T21:22:47" classname="DeclarableOpsTests13" />
    <testcase name="batchnorm_bp_test4" status="run" result="completed" time="0" timestamp="2021-12-24T21:22:47" classname="DeclarableOpsTests13" />
    <testcase name="batchnorm_bp_test5" status="run" result="completed" time="0" timestamp="2021-12-24T21:22:47" classname="DeclarableOpsTests13" />
    <testcase name="batchnorm_bp_test6" status="run" result="completed" time="0" timestamp="2021-12-24T21:22:47" classname="DeclarableOpsTests13" />
    <testcase name="batchnorm_bp_test7" status="run" result="completed" time="0" timestamp="2021-12-24T21:22:47" classname="DeclarableOpsTests13" />
    <testcase name="batchnorm_bp_test8" status="run" result="completed" time="0" timestamp="2021-12-24T21:22:47" classname="DeclarableOpsTests13" />
    <testcase name="batchnorm_bp_test9" status="run" result="completed" time="0" timestamp="2021-12-24T21:22:47" classname="DeclarableOpsTests13" />
    <testcase name="batchnorm_bp_test10" status="run" result="completed" time="0.001" timestamp="2021-12-24T21:22:47" classname="DeclarableOpsTests13" />
    <testcase name="batchnorm_bp_test11" status="run" result="completed" time="0" timestamp="2021-12-24T21:22:47" classname="DeclarableOpsTests13" />
  </testsuite>
  <testsuite name="TypedDeclarableOpsTests13/0" tests="3" failures="0" disabled="0" errors="0" time="0" timestamp="2021-12-24T21:22:47">
    <testcase name="batchnorm_test2" type_param="double" status="run" result="completed" time="0" timestamp="2021-12-24T21:22:47" classname="TypedDeclarableOpsTests13/0" />
    <testcase name="batchnorm_test3" type_param="double" status="run" result="completed" time="0" timestamp="2021-12-24T21:22:47" classname="TypedDeclarableOpsTests13/0" />
    <testcase name="batchnorm_test4" type_param="double" status="run" result="completed" time="0" timestamp="2021-12-24T21:22:47" classname="TypedDeclarableOpsTests13/0" />
  </testsuite>
  <testsuite name="TypedDeclarableOpsTests13/1" tests="3" failures="0" disabled="0" errors="0" time="0" timestamp="2021-12-24T21:22:47">
    <testcase name="batchnorm_test2" type_param="float" status="run" result="completed" time="0" timestamp="2021-12-24T21:22:47" classname="TypedDeclarableOpsTests13/1" />
    <testcase name="batchnorm_test3" type_param="float" status="run" result="completed" time="0" timestamp="2021-12-24T21:22:47" classname="TypedDeclarableOpsTests13/1" />
    <testcase name="batchnorm_test4" type_param="float" status="run" result="completed" time="0" timestamp="2021-12-24T21:22:47" classname="TypedDeclarableOpsTests13/1" />
  </testsuite>
  <testsuite name="DeclarableOpsTests14" tests="125" failures="0" disabled="0" errors="0" time="0.11" timestamp="2021-12-24T21:22:47">
    <testcase name="Test_Validation_Edge_1" status="run" result="completed" time="0" timestamp="2021-12-24T21:22:47" classname="DeclarableOpsTests14" />
    <testcase name="Test_Inf_Comparison_1" status="run" result="completed" time="0" timestamp="2021-12-24T21:22:47" classname="DeclarableOpsTests14" />
    <testcase name="Test_Inf_Comparison_2" status="run" result="completed" time="0" timestamp="2021-12-24T21:22:47" classname="DeclarableOpsTests14" />
    <testcase name="Multiply_test" status="run" result="completed" time="0.001" timestamp="2021-12-24T21:22:47" classname="DeclarableOpsTests14" />
    <testcase name="Test_EvalReductionShape_1" status="run" result="completed" time="0" timestamp="2021-12-24T21:22:47" classname="DeclarableOpsTests14" />
    <testcase name="Test_EvalReductionShape_2" status="run" result="completed" time="0" timestamp="2021-12-24T21:22:47" classname="DeclarableOpsTests14" />
    <testcase name="Test_Reduce_Min_Small_0" status="run" result="completed" time="0" timestamp="2021-12-24T21:22:47" classname="DeclarableOpsTests14" />
    <testcase name="Test_Reduce_Min_Small_1" status="run" result="completed" time="0" timestamp="2021-12-24T21:22:47" classname="DeclarableOpsTests14" />
    <testcase name="Test_Diag_Zeros_1" status="run" result="completed" time="0" timestamp="2021-12-24T21:22:47" classname="DeclarableOpsTests14" />
    <testcase name="Test_scalar_broadcast_1" status="run" result="completed" time="0" timestamp="2021-12-24T21:22:47" classname="DeclarableOpsTests14" />
    <testcase name="Test_scalar_broadcast_2" status="run" result="completed" time="0" timestamp="2021-12-24T21:22:47" classname="DeclarableOpsTests14" />
    <testcase name="test_empty_fill_1" status="run" result="completed" time="0" timestamp="2021-12-24T21:22:47" classname="DeclarableOpsTests14" />
    <testcase name="test_lstmBlockCell_1" status="run" result="completed" time="0.001" timestamp="2021-12-24T21:22:47" classname="DeclarableOpsTests14" />
    <testcase name="test_empty_reduce_min_1" status="run" result="completed" time="0" timestamp="2021-12-24T21:22:47" classname="DeclarableOpsTests14" />
    <testcase name="test_empty_reduce_max_1" status="run" result="completed" time="0" timestamp="2021-12-24T21:22:47" classname="DeclarableOpsTests14" />
    <testcase name="test_empty_reduce_sum_1" status="run" result="completed" time="0" timestamp="2021-12-24T21:22:47" classname="DeclarableOpsTests14" />
    <testcase name="test_empty_reduce_mean_1" status="run" result="completed" time="0" timestamp="2021-12-24T21:22:47" classname="DeclarableOpsTests14" />
    <testcase name="Test_StridedSliceZeros_1" status="run" result="completed" time="0" timestamp="2021-12-24T21:22:47" classname="DeclarableOpsTests14" />
    <testcase name="Test_StridedSliceZeros_2" status="run" result="completed" time="0" timestamp="2021-12-24T21:22:47" classname="DeclarableOpsTests14" />
    <testcase name="test_empty_argmax_1" status="run" result="completed" time="0" timestamp="2021-12-24T21:22:47" classname="DeclarableOpsTests14" />
    <testcase name="test_empty_argmax_2" status="run" result="completed" time="0" timestamp="2021-12-24T21:22:47" classname="DeclarableOpsTests14" />
    <testcase name="test_empty_tanh_5" status="run" result="completed" time="0" timestamp="2021-12-24T21:22:47" classname="DeclarableOpsTests14" />
    <testcase name="repeat_1" status="run" result="completed" time="0" timestamp="2021-12-24T21:22:47" classname="DeclarableOpsTests14" />
    <testcase name="repeat_2" status="run" result="completed" time="0" timestamp="2021-12-24T21:22:47" classname="DeclarableOpsTests14" />
    <testcase name="repeat_3" status="run" result="completed" time="0" timestamp="2021-12-24T21:22:47" classname="DeclarableOpsTests14" />
    <testcase name="repeat_4" status="run" result="completed" time="0" timestamp="2021-12-24T21:22:47" classname="DeclarableOpsTests14" />
    <testcase name="repeat_5" status="run" result="completed" time="0" timestamp="2021-12-24T21:22:47" classname="DeclarableOpsTests14" />
    <testcase name="Test_broadcast_SpecialCaseTest" status="run" result="completed" time="0.001" timestamp="2021-12-24T21:22:47" classname="DeclarableOpsTests14" />
    <testcase name="Test_broadcast_SpecialCaseTest2" status="run" result="completed" time="0" timestamp="2021-12-24T21:22:47" classname="DeclarableOpsTests14" />
    <testcase name="Test_broadcast_SpecialCaseTest3" status="run" result="completed" time="0" timestamp="2021-12-24T21:22:47" classname="DeclarableOpsTests14" />
    <testcase name="Test_broadcast_SpecialCaseTest4" status="run" result="completed" time="0" timestamp="2021-12-24T21:22:47" classname="DeclarableOpsTests14" />
    <testcase name="Test_broadcast_SpecialCaseTest5" status="run" result="completed" time="0" timestamp="2021-12-24T21:22:47" classname="DeclarableOpsTests14" />
    <testcase name="Test_broadcast_SpecialCaseTest6" status="run" result="completed" time="0" timestamp="2021-12-24T21:22:47" classname="DeclarableOpsTests14" />
    <testcase name="Test_broadcast_SpecialCaseTest7" status="run" result="completed" time="0" timestamp="2021-12-24T21:22:47" classname="DeclarableOpsTests14" />
    <testcase name="Test_broadcast_SpecialCaseTest8" status="run" result="completed" time="0" timestamp="2021-12-24T21:22:47" classname="DeclarableOpsTests14" />
    <testcase name="matmul_test1" status="run" result="completed" time="0" timestamp="2021-12-24T21:22:47" classname="DeclarableOpsTests14" />
    <testcase name="matmul_test2" status="run" result="completed" time="0" timestamp="2021-12-24T21:22:47" classname="DeclarableOpsTests14" />
    <testcase name="matmul_test3" status="run" result="completed" time="0" timestamp="2021-12-24T21:22:47" classname="DeclarableOpsTests14" />
    <testcase name="matmul_test4" status="run" result="completed" time="0" timestamp="2021-12-24T21:22:47" classname="DeclarableOpsTests14" />
    <testcase name="matmul_test5" status="run" result="completed" time="0" timestamp="2021-12-24T21:22:47" classname="DeclarableOpsTests14" />
    <testcase name="matmul_test6" status="run" result="completed" time="0" timestamp="2021-12-24T21:22:47" classname="DeclarableOpsTests14" />
    <testcase name="matmul_test7" status="run" result="completed" time="0" timestamp="2021-12-24T21:22:47" classname="DeclarableOpsTests14" />
    <testcase name="matmul_test8" status="run" result="completed" time="0" timestamp="2021-12-24T21:22:47" classname="DeclarableOpsTests14" />
    <testcase name="matmul_test9" status="run" result="completed" time="0" timestamp="2021-12-24T21:22:47" classname="DeclarableOpsTests14" />
    <testcase name="matmul_test10" status="run" result="completed" time="0" timestamp="2021-12-24T21:22:47" classname="DeclarableOpsTests14" />
    <testcase name="matmul_test11" status="run" result="completed" time="0" timestamp="2021-12-24T21:22:47" classname="DeclarableOpsTests14" />
    <testcase name="matmul_test12" status="run" result="completed" time="0" timestamp="2021-12-24T21:22:47" classname="DeclarableOpsTests14" />
    <testcase name="matmul_test13" status="run" result="completed" time="0.001" timestamp="2021-12-24T21:22:47" classname="DeclarableOpsTests14" />
    <testcase name="matmul_test14" status="run" result="completed" time="0" timestamp="2021-12-24T21:22:47" classname="DeclarableOpsTests14" />
    <testcase name="matmul_test15" status="run" result="completed" time="0" timestamp="2021-12-24T21:22:47" classname="DeclarableOpsTests14" />
    <testcase name="matmul_test16" status="run" result="completed" time="0" timestamp="2021-12-24T21:22:47" classname="DeclarableOpsTests14" />
    <testcase name="matmul_test17" status="run" result="completed" time="0" timestamp="2021-12-24T21:22:47" classname="DeclarableOpsTests14" />
    <testcase name="matmul_test18" status="run" result="completed" time="0" timestamp="2021-12-24T21:22:47" classname="DeclarableOpsTests14" />
    <testcase name="matmul_test19" status="run" result="completed" time="0" timestamp="2021-12-24T21:22:47" classname="DeclarableOpsTests14" />
    <testcase name="matmul_test20" status="run" result="completed" time="0" timestamp="2021-12-24T21:22:47" classname="DeclarableOpsTests14" />
    <testcase name="matmul_test21" status="run" result="completed" time="0" timestamp="2021-12-24T21:22:47" classname="DeclarableOpsTests14" />
    <testcase name="matmul_test22" status="run" result="completed" time="0" timestamp="2021-12-24T21:22:47" classname="DeclarableOpsTests14" />
    <testcase name="matmul_test23" status="run" result="completed" time="0" timestamp="2021-12-24T21:22:47" classname="DeclarableOpsTests14" />
    <testcase name="matmul_test24" status="run" result="completed" time="0" timestamp="2021-12-24T21:22:47" classname="DeclarableOpsTests14" />
    <testcase name="matmul_test25" status="run" result="completed" time="0" timestamp="2021-12-24T21:22:47" classname="DeclarableOpsTests14" />
    <testcase name="matmul_test26" status="run" result="completed" time="0" timestamp="2021-12-24T21:22:47" classname="DeclarableOpsTests14" />
    <testcase name="matmul_test27" status="run" result="completed" time="0" timestamp="2021-12-24T21:22:47" classname="DeclarableOpsTests14" />
    <testcase name="matmul_test28" status="run" result="completed" time="0" timestamp="2021-12-24T21:22:47" classname="DeclarableOpsTests14" />
    <testcase name="matmul_test29" status="run" result="completed" time="0" timestamp="2021-12-24T21:22:47" classname="DeclarableOpsTests14" />
    <testcase name="matmul_test30" status="run" result="completed" time="0" timestamp="2021-12-24T21:22:47" classname="DeclarableOpsTests14" />
    <testcase name="matmul_test31" status="run" result="completed" time="0" timestamp="2021-12-24T21:22:47" classname="DeclarableOpsTests14" />
    <testcase name="matmul_test32" status="run" result="completed" time="0" timestamp="2021-12-24T21:22:47" classname="DeclarableOpsTests14" />
    <testcase name="matmul_test33" status="run" result="completed" time="0" timestamp="2021-12-24T21:22:47" classname="DeclarableOpsTests14" />
    <testcase name="matmul_test34" status="run" result="completed" time="0" timestamp="2021-12-24T21:22:47" classname="DeclarableOpsTests14" />
    <testcase name="matmul_test35" status="run" result="completed" time="0" timestamp="2021-12-24T21:22:47" classname="DeclarableOpsTests14" />
    <testcase name="matmul_test36" status="run" result="completed" time="0" timestamp="2021-12-24T21:22:47" classname="DeclarableOpsTests14" />
    <testcase name="matmul_test37" status="run" result="completed" time="0.103" timestamp="2021-12-24T21:22:47" classname="DeclarableOpsTests14" />
    <testcase name="Test_broadcast_3D_1" status="run" result="completed" time="0.001" timestamp="2021-12-24T21:22:47" classname="DeclarableOpsTests14" />
    <testcase name="Test_broadcast_3D_2" status="run" result="completed" time="0" timestamp="2021-12-24T21:22:47" classname="DeclarableOpsTests14" />
    <testcase name="Test_broadcast_4D_1" status="run" result="completed" time="0" timestamp="2021-12-24T21:22:47" classname="DeclarableOpsTests14" />
    <testcase name="Test_broadcast_4D_2" status="run" result="completed" time="0" timestamp="2021-12-24T21:22:47" classname="DeclarableOpsTests14" />
    <testcase name="Test_broadcast_4D_3" status="run" result="completed" time="0" timestamp="2021-12-24T21:22:47" classname="DeclarableOpsTests14" />
    <testcase name="Test_broadcast_4D_4" status="run" result="completed" time="0" timestamp="2021-12-24T21:22:47" classname="DeclarableOpsTests14" />
    <testcase name="Test_broadcast_5D_1" status="run" result="completed" time="0" timestamp="2021-12-24T21:22:47" classname="DeclarableOpsTests14" />
    <testcase name="Test_broadcast_5D_2" status="run" result="completed" time="0" timestamp="2021-12-24T21:22:47" classname="DeclarableOpsTests14" />
    <testcase name="Test_broadcast_5D_3" status="run" result="completed" time="0" timestamp="2021-12-24T21:22:47" classname="DeclarableOpsTests14" />
    <testcase name="Test_broadcast_5D_4" status="run" result="completed" time="0" timestamp="2021-12-24T21:22:47" classname="DeclarableOpsTests14" />
    <testcase name="Stack_1" status="run" result="completed" time="0" timestamp="2021-12-24T21:22:47" classname="DeclarableOpsTests14" />
    <testcase name="Stack_2" status="run" result="completed" time="0" timestamp="2021-12-24T21:22:47" classname="DeclarableOpsTests14" />
    <testcase name="Stack_3" status="run" result="completed" time="0" timestamp="2021-12-24T21:22:47" classname="DeclarableOpsTests14" />
    <testcase name="Stack_4" status="run" result="completed" time="0" timestamp="2021-12-24T21:22:47" classname="DeclarableOpsTests14" />
    <testcase name="Stack_5" status="run" result="completed" time="0" timestamp="2021-12-24T21:22:47" classname="DeclarableOpsTests14" />
    <testcase name="Stack_6" status="run" result="completed" time="0" timestamp="2021-12-24T21:22:47" classname="DeclarableOpsTests14" />
    <testcase name="Stack_7" status="run" result="completed" time="0" timestamp="2021-12-24T21:22:47" classname="DeclarableOpsTests14" />
    <testcase name="Stack_8" status="run" result="completed" time="0" timestamp="2021-12-24T21:22:47" classname="DeclarableOpsTests14" />
    <testcase name="Stack_9" status="run" result="completed" time="0" timestamp="2021-12-24T21:22:47" classname="DeclarableOpsTests14" />
    <testcase name="Stack_10" status="run" result="completed" time="0.001" timestamp="2021-12-24T21:22:47" classname="DeclarableOpsTests14" />
    <testcase name="Stack_11" status="run" result="completed" time="0" timestamp="2021-12-24T21:22:47" classname="DeclarableOpsTests14" />
    <testcase name="Stack_12" status="run" result="completed" time="0" timestamp="2021-12-24T21:22:47" classname="DeclarableOpsTests14" />
    <testcase name="Stack_13" status="run" result="completed" time="0" timestamp="2021-12-24T21:22:47" classname="DeclarableOpsTests14" />
    <testcase name="Stack_14" status="run" result="completed" time="0" timestamp="2021-12-24T21:22:47" classname="DeclarableOpsTests14" />
    <testcase name="Stack_15" status="run" result="completed" time="0" timestamp="2021-12-24T21:22:47" classname="DeclarableOpsTests14" />
    <testcase name="Stack_16" status="run" result="completed" time="0" timestamp="2021-12-24T21:22:47" classname="DeclarableOpsTests14" />
    <testcase name="Stack_17" status="run" result="completed" time="0" timestamp="2021-12-24T21:22:47" classname="DeclarableOpsTests14" />
    <testcase name="Stack_18" status="run" result="completed" time="0" timestamp="2021-12-24T21:22:47" classname="DeclarableOpsTests14" />
    <testcase name="Stack_19" status="run" result="completed" time="0" timestamp="2021-12-24T21:22:47" classname="DeclarableOpsTests14" />
    <testcase name="Stack_20" status="run" result="completed" time="0" timestamp="2021-12-24T21:22:47" classname="DeclarableOpsTests14" />
    <testcase name="Stack_21" status="run" result="completed" time="0" timestamp="2021-12-24T21:22:47" classname="DeclarableOpsTests14" />
    <testcase name="Reshape1" status="run" result="completed" time="0" timestamp="2021-12-24T21:22:47" classname="DeclarableOpsTests14" />
    <testcase name="Reshape2" status="run" result="completed" time="0" timestamp="2021-12-24T21:22:47" classname="DeclarableOpsTests14" />
    <testcase name="Flatten2d1" status="run" result="completed" time="0" timestamp="2021-12-24T21:22:47" classname="DeclarableOpsTests14" />
    <testcase name="Flatten2d2" status="run" result="completed" time="0" timestamp="2021-12-24T21:22:47" classname="DeclarableOpsTests14" />
    <testcase name="Reshape3" status="run" result="completed" time="0" timestamp="2021-12-24T21:22:47" classname="DeclarableOpsTests14" />
    <testcase name="Reshape4" status="run" result="completed" time="0" timestamp="2021-12-24T21:22:47" classname="DeclarableOpsTests14" />
    <testcase name="Reshape5" status="run" result="completed" time="0" timestamp="2021-12-24T21:22:47" classname="DeclarableOpsTests14" />
    <testcase name="Reshape6" status="run" result="completed" time="0" timestamp="2021-12-24T21:22:47" classname="DeclarableOpsTests14" />
    <testcase name="Reshape7" status="run" result="completed" time="0" timestamp="2021-12-24T21:22:47" classname="DeclarableOpsTests14" />
    <testcase name="Reshape8" status="run" result="completed" time="0" timestamp="2021-12-24T21:22:47" classname="DeclarableOpsTests14" />
    <testcase name="Reshape9" status="run" result="completed" time="0" timestamp="2021-12-24T21:22:47" classname="DeclarableOpsTests14" />
    <testcase name="Reshape10" status="run" result="completed" time="0" timestamp="2021-12-24T21:22:47" classname="DeclarableOpsTests14" />
    <testcase name="Reshape11" status="run" result="completed" time="0" timestamp="2021-12-24T21:22:47" classname="DeclarableOpsTests14" />
    <testcase name="Reshape12" status="run" result="completed" time="0" timestamp="2021-12-24T21:22:47" classname="DeclarableOpsTests14" />
    <testcase name="Reshape13" status="run" result="completed" time="0" timestamp="2021-12-24T21:22:47" classname="DeclarableOpsTests14" />
    <testcase name="Reshape14" status="run" result="completed" time="0" timestamp="2021-12-24T21:22:47" classname="DeclarableOpsTests14" />
    <testcase name="Reshape15" status="run" result="completed" time="0" timestamp="2021-12-24T21:22:47" classname="DeclarableOpsTests14" />
    <testcase name="Reshape16" status="run" result="completed" time="0" timestamp="2021-12-24T21:22:47" classname="DeclarableOpsTests14" />
    <testcase name="Reshape17" status="run" result="completed" time="0" timestamp="2021-12-24T21:22:47" classname="DeclarableOpsTests14" />
    <testcase name="Reshape18" status="run" result="completed" time="0" timestamp="2021-12-24T21:22:47" classname="DeclarableOpsTests14" />
    <testcase name="Reshape19" status="run" result="completed" time="0" timestamp="2021-12-24T21:22:47" classname="DeclarableOpsTests14" />
    <testcase name="Reshape20" status="run" result="completed" time="0.001" timestamp="2021-12-24T21:22:47" classname="DeclarableOpsTests14" />
  </testsuite>
  <testsuite name="DeclarableOpsTests15" tests="96" failures="0" disabled="0" errors="0" time="0.031" timestamp="2021-12-24T21:22:47">
    <testcase name="Test_NormalizeMoments_1" status="run" result="completed" time="0" timestamp="2021-12-24T21:22:47" classname="DeclarableOpsTests15" />
    <testcase name="Test_Add_1" status="run" result="completed" time="0" timestamp="2021-12-24T21:22:47" classname="DeclarableOpsTests15" />
    <testcase name="Test_Half_assign_1" status="run" result="completed" time="0" timestamp="2021-12-24T21:22:47" classname="DeclarableOpsTests15" />
    <testcase name="Test_standarize_1" status="run" result="completed" time="0" timestamp="2021-12-24T21:22:47" classname="DeclarableOpsTests15" />
    <testcase name="Test_standarize_bp_1" status="run" result="completed" time="0" timestamp="2021-12-24T21:22:47" classname="DeclarableOpsTests15" />
    <testcase name="Test_AdjustContrast_1" status="run" result="completed" time="0" timestamp="2021-12-24T21:22:47" classname="DeclarableOpsTests15" />
    <testcase name="Test_AdjustContrast_2" status="run" result="completed" time="0" timestamp="2021-12-24T21:22:47" classname="DeclarableOpsTests15" />
    <testcase name="Test_AdjustContrast_3" status="run" result="completed" time="0" timestamp="2021-12-24T21:22:47" classname="DeclarableOpsTests15" />
    <testcase name="Test_AdjustContrast_4" status="run" result="completed" time="0" timestamp="2021-12-24T21:22:47" classname="DeclarableOpsTests15" />
    <testcase name="Test_AdjustContrast_5" status="run" result="completed" time="0" timestamp="2021-12-24T21:22:47" classname="DeclarableOpsTests15" />
    <testcase name="Test_AdjustContrast_6" status="run" result="completed" time="0" timestamp="2021-12-24T21:22:47" classname="DeclarableOpsTests15" />
    <testcase name="Test_AdjustContrast_7" status="run" result="completed" time="0" timestamp="2021-12-24T21:22:47" classname="DeclarableOpsTests15" />
    <testcase name="Test_BitCast_1" status="run" result="completed" time="0" timestamp="2021-12-24T21:22:47" classname="DeclarableOpsTests15" />
    <testcase name="Test_BitCast_2" status="run" result="completed" time="0" timestamp="2021-12-24T21:22:47" classname="DeclarableOpsTests15" />
    <testcase name="Test_BitCast_3" status="run" result="completed" time="0" timestamp="2021-12-24T21:22:47" classname="DeclarableOpsTests15" />
    <testcase name="Test_BitCast_4" status="run" result="completed" time="0.001" timestamp="2021-12-24T21:22:47" classname="DeclarableOpsTests15" />
    <testcase name="Test_BitCast_4_1" status="run" result="completed" time="0" timestamp="2021-12-24T21:22:47" classname="DeclarableOpsTests15" />
    <testcase name="Test_BitCast_5" status="run" result="completed" time="0" timestamp="2021-12-24T21:22:47" classname="DeclarableOpsTests15" />
    <testcase name="Test_BitCast_6" status="run" result="completed" time="0" timestamp="2021-12-24T21:22:47" classname="DeclarableOpsTests15" />
    <testcase name="Test_BitCast_7" status="run" result="completed" time="0" timestamp="2021-12-24T21:22:47" classname="DeclarableOpsTests15" />
    <testcase name="test_matmul_bp_1" status="run" result="completed" time="0.006" timestamp="2021-12-24T21:22:47" classname="DeclarableOpsTests15" />
    <testcase name="test_non_decreasing_1" status="run" result="completed" time="0" timestamp="2021-12-24T21:22:47" classname="DeclarableOpsTests15" />
    <testcase name="test_check_numeric_1" status="run" result="completed" time="0" timestamp="2021-12-24T21:22:47" classname="DeclarableOpsTests15" />
    <testcase name="test_check_numeric_2" status="run" result="completed" time="0" timestamp="2021-12-24T21:22:47" classname="DeclarableOpsTests15" />
    <testcase name="test_check_numeric_3" status="run" result="completed" time="0" timestamp="2021-12-24T21:22:47" classname="DeclarableOpsTests15" />
    <testcase name="Test_layer_norm_1" status="run" result="completed" time="0" timestamp="2021-12-24T21:22:47" classname="DeclarableOpsTests15" />
    <testcase name="Test_layer_norm_bp_1" status="run" result="completed" time="0" timestamp="2021-12-24T21:22:47" classname="DeclarableOpsTests15" />
    <testcase name="Test_layer_norm_bp_2" status="run" result="completed" time="0.001" timestamp="2021-12-24T21:22:47" classname="DeclarableOpsTests15" />
    <testcase name="test_hashCode_1" status="run" result="completed" time="0" timestamp="2021-12-24T21:22:47" classname="DeclarableOpsTests15" />
    <testcase name="test_hashCode_2" status="run" result="completed" time="0" timestamp="2021-12-24T21:22:47" classname="DeclarableOpsTests15" />
    <testcase name="test_rank_1" status="run" result="completed" time="0" timestamp="2021-12-24T21:22:47" classname="DeclarableOpsTests15" />
    <testcase name="test_rank_2" status="run" result="completed" time="0" timestamp="2021-12-24T21:22:47" classname="DeclarableOpsTests15" />
    <testcase name="test_lstmBlock_1" status="run" result="completed" time="0" timestamp="2021-12-24T21:22:47" classname="DeclarableOpsTests15" />
    <testcase name="test_lstmBlock_2" status="run" result="completed" time="0" timestamp="2021-12-24T21:22:47" classname="DeclarableOpsTests15" />
    <testcase name="test_lstmBlock_3" status="run" result="completed" time="0" timestamp="2021-12-24T21:22:47" classname="DeclarableOpsTests15" />
    <testcase name="test_empty_increasing_1" status="run" result="completed" time="0" timestamp="2021-12-24T21:22:47" classname="DeclarableOpsTests15" />
    <testcase name="test_empty_decreasing_1" status="run" result="completed" time="0" timestamp="2021-12-24T21:22:47" classname="DeclarableOpsTests15" />
    <testcase name="test_rgb_to_grs_1" status="run" result="completed" time="0.001" timestamp="2021-12-24T21:22:47" classname="DeclarableOpsTests15" />
    <testcase name="test_rgb_to_grs_2" status="run" result="completed" time="0" timestamp="2021-12-24T21:22:47" classname="DeclarableOpsTests15" />
    <testcase name="test_rgb_to_grs_3" status="run" result="completed" time="0" timestamp="2021-12-24T21:22:47" classname="DeclarableOpsTests15" />
    <testcase name="test_rgb_to_grs_4" status="run" result="completed" time="0" timestamp="2021-12-24T21:22:47" classname="DeclarableOpsTests15" />
    <testcase name="test_rgb_to_grs_5" status="run" result="completed" time="0" timestamp="2021-12-24T21:22:47" classname="DeclarableOpsTests15" />
    <testcase name="test_rgb_to_grs_6" status="run" result="completed" time="0" timestamp="2021-12-24T21:22:47" classname="DeclarableOpsTests15" />
    <testcase name="test_rgb_to_grs_7" status="run" result="completed" time="0" timestamp="2021-12-24T21:22:47" classname="DeclarableOpsTests15" />
    <testcase name="test_rgb_to_grs_8" status="run" result="completed" time="0" timestamp="2021-12-24T21:22:47" classname="DeclarableOpsTests15" />
    <testcase name="test_rgb_to_grs_9" status="run" result="completed" time="0" timestamp="2021-12-24T21:22:47" classname="DeclarableOpsTests15" />
    <testcase name="test_rgb_to_yuv_1" status="run" result="completed" time="0" timestamp="2021-12-24T21:22:47" classname="DeclarableOpsTests15" />
    <testcase name="test_rgb_to_yuv_2" status="run" result="completed" time="0" timestamp="2021-12-24T21:22:47" classname="DeclarableOpsTests15" />
    <testcase name="test_rgb_to_yuv_3" status="run" result="completed" time="0" timestamp="2021-12-24T21:22:47" classname="DeclarableOpsTests15" />
    <testcase name="test_rgb_to_yuv_4" status="run" result="completed" time="0" timestamp="2021-12-24T21:22:47" classname="DeclarableOpsTests15" />
    <testcase name="test_rgb_to_yuv_5" status="run" result="completed" time="0" timestamp="2021-12-24T21:22:47" classname="DeclarableOpsTests15" />
    <testcase name="test_rgb_to_yuv_6" status="run" result="completed" time="0" timestamp="2021-12-24T21:22:47" classname="DeclarableOpsTests15" />
    <testcase name="test_rgb_to_yuv_7" status="run" result="completed" time="0" timestamp="2021-12-24T21:22:47" classname="DeclarableOpsTests15" />
    <testcase name="test_yuv_to_rgb_1" status="run" result="completed" time="0" timestamp="2021-12-24T21:22:47" classname="DeclarableOpsTests15" />
    <testcase name="test_yuv_to_rgb_2" status="run" result="completed" time="0" timestamp="2021-12-24T21:22:47" classname="DeclarableOpsTests15" />
    <testcase name="test_yuv_to_rgb_3" status="run" result="completed" time="0" timestamp="2021-12-24T21:22:47" classname="DeclarableOpsTests15" />
    <testcase name="test_yuv_to_rgb_4" status="run" result="completed" time="0" timestamp="2021-12-24T21:22:47" classname="DeclarableOpsTests15" />
    <testcase name="test_yuv_to_rgb_5" status="run" result="completed" time="0" timestamp="2021-12-24T21:22:47" classname="DeclarableOpsTests15" />
    <testcase name="test_yuv_to_rgb_6" status="run" result="completed" time="0" timestamp="2021-12-24T21:22:47" classname="DeclarableOpsTests15" />
    <testcase name="test_yuv_to_rgb_7" status="run" result="completed" time="0" timestamp="2021-12-24T21:22:47" classname="DeclarableOpsTests15" />
    <testcase name="Pow_BP_Test1" status="run" result="completed" time="0.001" timestamp="2021-12-24T21:22:47" classname="DeclarableOpsTests15" />
    <testcase name="Pow_BP_Test2" status="run" result="completed" time="0" timestamp="2021-12-24T21:22:47" classname="DeclarableOpsTests15" />
    <testcase name="Pow_BP_Test3" status="run" result="completed" time="0" timestamp="2021-12-24T21:22:47" classname="DeclarableOpsTests15" />
    <testcase name="Pow_BP_Test4" status="run" result="completed" time="0" timestamp="2021-12-24T21:22:47" classname="DeclarableOpsTests15" />
    <testcase name="Pow_BP_Test5" status="run" result="completed" time="0" timestamp="2021-12-24T21:22:47" classname="DeclarableOpsTests15" />
    <testcase name="Pow_BP_Test6" status="run" result="completed" time="0" timestamp="2021-12-24T21:22:47" classname="DeclarableOpsTests15" />
    <testcase name="Pow_BP_Test7" status="run" result="completed" time="0" timestamp="2021-12-24T21:22:47" classname="DeclarableOpsTests15" />
    <testcase name="Pow_BP_Test8" status="run" result="completed" time="0" timestamp="2021-12-24T21:22:47" classname="DeclarableOpsTests15" />
    <testcase name="Pow_BP_Test9" status="run" result="completed" time="0" timestamp="2021-12-24T21:22:47" classname="DeclarableOpsTests15" />
    <testcase name="Pow_BP_Test10" status="run" result="completed" time="0.001" timestamp="2021-12-24T21:22:47" classname="DeclarableOpsTests15" />
    <testcase name="Pow_BP_Test11" status="run" result="completed" time="0" timestamp="2021-12-24T21:22:47" classname="DeclarableOpsTests15" />
    <testcase name="TestTensorMmul_BP1" status="run" result="completed" time="0" timestamp="2021-12-24T21:22:47" classname="DeclarableOpsTests15" />
    <testcase name="TestTensorMmul_BP2" status="run" result="completed" time="0" timestamp="2021-12-24T21:22:47" classname="DeclarableOpsTests15" />
    <testcase name="TestTensorMmul_BP3" status="run" result="completed" time="0" timestamp="2021-12-24T21:22:47" classname="DeclarableOpsTests15" />
    <testcase name="TestTensorMmul_BP4" status="run" result="completed" time="0" timestamp="2021-12-24T21:22:47" classname="DeclarableOpsTests15" />
    <testcase name="TestTensorMmul_BP5" status="run" result="completed" time="0" timestamp="2021-12-24T21:22:47" classname="DeclarableOpsTests15" />
    <testcase name="TestTensorMmul_BP6" status="run" result="completed" time="0" timestamp="2021-12-24T21:22:47" classname="DeclarableOpsTests15" />
    <testcase name="TestTensorMmul_BP7" status="run" result="completed" time="0" timestamp="2021-12-24T21:22:47" classname="DeclarableOpsTests15" />
    <testcase name="TestTensorMmul_BP8" status="run" result="completed" time="0" timestamp="2021-12-24T21:22:47" classname="DeclarableOpsTests15" />
    <testcase name="TestTensorMmul_BP9" status="run" result="completed" time="0" timestamp="2021-12-24T21:22:47" classname="DeclarableOpsTests15" />
    <testcase name="TestTensorMmul_BP10" status="run" result="completed" time="0" timestamp="2021-12-24T21:22:47" classname="DeclarableOpsTests15" />
    <testcase name="TestTensorMmul_BP11" status="run" result="completed" time="0" timestamp="2021-12-24T21:22:47" classname="DeclarableOpsTests15" />
    <testcase name="TestTensorMmul_BP12" status="run" result="completed" time="0" timestamp="2021-12-24T21:22:47" classname="DeclarableOpsTests15" />
    <testcase name="TestTensorMmul_BP13" status="run" result="completed" time="0" timestamp="2021-12-24T21:22:47" classname="DeclarableOpsTests15" />
    <testcase name="TestTensorMmul_BP14" status="run" result="completed" time="0.001" timestamp="2021-12-24T21:22:47" classname="DeclarableOpsTests15" />
    <testcase name="TestTensorMmul_BP15" status="run" result="completed" time="0" timestamp="2021-12-24T21:22:47" classname="DeclarableOpsTests15" />
    <testcase name="TestTensorMmul_BP16" status="run" result="completed" time="0" timestamp="2021-12-24T21:22:47" classname="DeclarableOpsTests15" />
    <testcase name="TestTensorMmul_BP17" status="run" result="completed" time="0" timestamp="2021-12-24T21:22:47" classname="DeclarableOpsTests15" />
    <testcase name="TestTensorMmul_BP18a" status="run" result="completed" time="0.001" timestamp="2021-12-24T21:22:47" classname="DeclarableOpsTests15" />
    <testcase name="TestTensorMmul_BP18b" status="run" result="completed" time="0" timestamp="2021-12-24T21:22:47" classname="DeclarableOpsTests15" />
    <testcase name="TestTensorMmul_BP19" status="run" result="completed" time="0" timestamp="2021-12-24T21:22:47" classname="DeclarableOpsTests15" />
    <testcase name="TestTensorMmul_BP20" status="run" result="completed" time="0" timestamp="2021-12-24T21:22:47" classname="DeclarableOpsTests15" />
    <testcase name="TestTensorMmul_BP21" status="run" result="completed" time="0" timestamp="2021-12-24T21:22:47" classname="DeclarableOpsTests15" />
    <testcase name="gru_1" status="run" result="completed" time="0" timestamp="2021-12-24T21:22:47" classname="DeclarableOpsTests15" />
    <testcase name="sqrtm_1" status="run" result="completed" time="0.004" timestamp="2021-12-24T21:22:47" classname="DeclarableOpsTests15" />
    <testcase name="sqrtm_2" status="run" result="completed" time="0.014" timestamp="2021-12-24T21:22:47" classname="DeclarableOpsTests15" />
  </testsuite>
  <testsuite name="DeclarableOpsTests16" tests="58" failures="0" disabled="0" errors="0" time="0.019" timestamp="2021-12-24T21:22:47">
    <testcase name="scatter_upd_1" status="run" result="completed" time="0" timestamp="2021-12-24T21:22:47" classname="DeclarableOpsTests16" />
    <testcase name="scatter_upd_2" status="run" result="completed" time="0.001" timestamp="2021-12-24T21:22:47" classname="DeclarableOpsTests16" />
    <testcase name="scatter_upd_3" status="run" result="completed" time="0" timestamp="2021-12-24T21:22:47" classname="DeclarableOpsTests16" />
    <testcase name="test_size_dtype_1" status="run" result="completed" time="0" timestamp="2021-12-24T21:22:47" classname="DeclarableOpsTests16" />
    <testcase name="test_empty_noop_1" status="run" result="completed" time="0" timestamp="2021-12-24T21:22:47" classname="DeclarableOpsTests16" />
    <testcase name="test_empty_noop_2" status="run" result="completed" time="0" timestamp="2021-12-24T21:22:47" classname="DeclarableOpsTests16" />
    <testcase name="test_svd_1" status="run" result="completed" time="0" timestamp="2021-12-24T21:22:47" classname="DeclarableOpsTests16" />
    <testcase name="test_hamming_distance_1" status="run" result="completed" time="0" timestamp="2021-12-24T21:22:47" classname="DeclarableOpsTests16" />
    <testcase name="test_knn_mindistance_1" status="run" result="completed" time="0" timestamp="2021-12-24T21:22:47" classname="DeclarableOpsTests16" />
    <testcase name="test_empty_cast_1" status="run" result="completed" time="0" timestamp="2021-12-24T21:22:47" classname="DeclarableOpsTests16" />
    <testcase name="test_range_1" status="run" result="completed" time="0" timestamp="2021-12-24T21:22:47" classname="DeclarableOpsTests16" />
    <testcase name="test_range_2" status="run" result="completed" time="0" timestamp="2021-12-24T21:22:47" classname="DeclarableOpsTests16" />
    <testcase name="test_reverse_1" status="run" result="completed" time="0.007" timestamp="2021-12-24T21:22:47" classname="DeclarableOpsTests16" />
    <testcase name="test_rgb_to_hsv_1" status="run" result="completed" time="0" timestamp="2021-12-24T21:22:47" classname="DeclarableOpsTests16" />
    <testcase name="test_rgb_to_hsv_2" status="run" result="completed" time="0" timestamp="2021-12-24T21:22:47" classname="DeclarableOpsTests16" />
    <testcase name="test_rgb_to_hsv_3" status="run" result="completed" time="0" timestamp="2021-12-24T21:22:47" classname="DeclarableOpsTests16" />
    <testcase name="test_rgb_to_hsv_4" status="run" result="completed" time="0" timestamp="2021-12-24T21:22:47" classname="DeclarableOpsTests16" />
    <testcase name="test_rgb_to_hsv_5" status="run" result="completed" time="0" timestamp="2021-12-24T21:22:47" classname="DeclarableOpsTests16" />
    <testcase name="test_rgb_to_hsv_6" status="run" result="completed" time="0" timestamp="2021-12-24T21:22:47" classname="DeclarableOpsTests16" />
    <testcase name="test_hsv_to_rgb_1" status="run" result="completed" time="0" timestamp="2021-12-24T21:22:47" classname="DeclarableOpsTests16" />
    <testcase name="test_hsv_to_rgb_2" status="run" result="completed" time="0.001" timestamp="2021-12-24T21:22:47" classname="DeclarableOpsTests16" />
    <testcase name="test_hsv_to_rgb_3" status="run" result="completed" time="0" timestamp="2021-12-24T21:22:47" classname="DeclarableOpsTests16" />
    <testcase name="test_hsv_to_rgb_4" status="run" result="completed" time="0" timestamp="2021-12-24T21:22:47" classname="DeclarableOpsTests16" />
    <testcase name="test_hsv_to_rgb_5" status="run" result="completed" time="0" timestamp="2021-12-24T21:22:47" classname="DeclarableOpsTests16" />
    <testcase name="test_hsv_to_rgb_6" status="run" result="completed" time="0" timestamp="2021-12-24T21:22:47" classname="DeclarableOpsTests16" />
    <testcase name="test_rgb_to_yiq_1" status="run" result="completed" time="0" timestamp="2021-12-24T21:22:47" classname="DeclarableOpsTests16" />
    <testcase name="test_rgb_to_yiq_2" status="run" result="completed" time="0" timestamp="2021-12-24T21:22:47" classname="DeclarableOpsTests16" />
    <testcase name="test_rgb_to_yiq_3" status="run" result="completed" time="0" timestamp="2021-12-24T21:22:47" classname="DeclarableOpsTests16" />
    <testcase name="test_rgb_to_yiq_4" status="run" result="completed" time="0" timestamp="2021-12-24T21:22:47" classname="DeclarableOpsTests16" />
    <testcase name="test_rgb_to_yiq_5" status="run" result="completed" time="0" timestamp="2021-12-24T21:22:47" classname="DeclarableOpsTests16" />
    <testcase name="test_rgb_to_yiq_6" status="run" result="completed" time="0" timestamp="2021-12-24T21:22:47" classname="DeclarableOpsTests16" />
    <testcase name="test_yiq_to_rgb_1" status="run" result="completed" time="0" timestamp="2021-12-24T21:22:47" classname="DeclarableOpsTests16" />
    <testcase name="test_yiq_to_rgb_2" status="run" result="completed" time="0" timestamp="2021-12-24T21:22:47" classname="DeclarableOpsTests16" />
    <testcase name="test_yiq_to_rgb_3" status="run" result="completed" time="0" timestamp="2021-12-24T21:22:47" classname="DeclarableOpsTests16" />
    <testcase name="test_yiq_to_rgb_4" status="run" result="completed" time="0" timestamp="2021-12-24T21:22:47" classname="DeclarableOpsTests16" />
    <testcase name="test_yiq_to_rgb_5" status="run" result="completed" time="0" timestamp="2021-12-24T21:22:47" classname="DeclarableOpsTests16" />
    <testcase name="test_yiq_to_rgb_6" status="run" result="completed" time="0" timestamp="2021-12-24T21:22:47" classname="DeclarableOpsTests16" />
    <testcase name="clipbynorm_1" status="run" result="completed" time="0" timestamp="2021-12-24T21:22:47" classname="DeclarableOpsTests16" />
    <testcase name="clipbynorm_2" status="run" result="completed" time="0" timestamp="2021-12-24T21:22:47" classname="DeclarableOpsTests16" />
    <testcase name="clipbynorm_3" status="run" result="completed" time="0" timestamp="2021-12-24T21:22:47" classname="DeclarableOpsTests16" />
    <testcase name="clipbynorm_4" status="run" result="completed" time="0" timestamp="2021-12-24T21:22:47" classname="DeclarableOpsTests16" />
    <testcase name="clipbynorm_5" status="run" result="completed" time="0" timestamp="2021-12-24T21:22:47" classname="DeclarableOpsTests16" />
    <testcase name="clipbynorm_6" status="run" result="completed" time="0" timestamp="2021-12-24T21:22:47" classname="DeclarableOpsTests16" />
    <testcase name="clipbynorm_7" status="run" result="completed" time="0" timestamp="2021-12-24T21:22:47" classname="DeclarableOpsTests16" />
    <testcase name="clipbynorm_8" status="run" result="completed" time="0" timestamp="2021-12-24T21:22:47" classname="DeclarableOpsTests16" />
    <testcase name="clipbynorm_9" status="run" result="completed" time="0" timestamp="2021-12-24T21:22:47" classname="DeclarableOpsTests16" />
    <testcase name="clipbynorm_10" status="run" result="completed" time="0" timestamp="2021-12-24T21:22:47" classname="DeclarableOpsTests16" />
    <testcase name="clipbynorm_11" status="run" result="completed" time="0.001" timestamp="2021-12-24T21:22:47" classname="DeclarableOpsTests16" />
    <testcase name="clipbynorm_12" status="run" result="completed" time="0" timestamp="2021-12-24T21:22:47" classname="DeclarableOpsTests16" />
    <testcase name="clipbynorm_13" status="run" result="completed" time="0" timestamp="2021-12-24T21:22:47" classname="DeclarableOpsTests16" />
    <testcase name="clipbynorm_bp_1" status="run" result="completed" time="0" timestamp="2021-12-24T21:22:47" classname="DeclarableOpsTests16" />
    <testcase name="clipbynorm_bp_2" status="run" result="completed" time="0.004" timestamp="2021-12-24T21:22:47" classname="DeclarableOpsTests16" />
    <testcase name="clipbynorm_bp_3" status="run" result="completed" time="0" timestamp="2021-12-24T21:22:47" classname="DeclarableOpsTests16" />
    <testcase name="clipbyavgnorm_1" status="run" result="completed" time="0" timestamp="2021-12-24T21:22:47" classname="DeclarableOpsTests16" />
    <testcase name="clipbyavgnorm_2" status="run" result="completed" time="0" timestamp="2021-12-24T21:22:47" classname="DeclarableOpsTests16" />
    <testcase name="clipbyavgnorm_bp_1" status="run" result="completed" time="0.001" timestamp="2021-12-24T21:22:47" classname="DeclarableOpsTests16" />
    <testcase name="clipbyavgnorm_bp_2" status="run" result="completed" time="0" timestamp="2021-12-24T21:22:47" classname="DeclarableOpsTests16" />
    <testcase name="clipbyavgnorm_bp_3" status="run" result="completed" time="0.004" timestamp="2021-12-24T21:22:47" classname="DeclarableOpsTests16" />
  </testsuite>
  <testsuite name="DeclarableOpsTests17" tests="3" failures="0" disabled="0" errors="0" time="0.001" timestamp="2021-12-24T21:22:47">
    <testcase name="test_sparse_to_dense_1" status="run" result="completed" time="0" timestamp="2021-12-24T21:22:47" classname="DeclarableOpsTests17" />
    <testcase name="test_sparse_to_dense_2" status="run" result="completed" time="0" timestamp="2021-12-24T21:22:47" classname="DeclarableOpsTests17" />
    <testcase name="test_compat_string_split_1" status="run" result="completed" time="0.001" timestamp="2021-12-24T21:22:47" classname="DeclarableOpsTests17" />
  </testsuite>
  <testsuite name="DeclarableOpsTests18" tests="42" failures="1" disabled="0" errors="0" time="0.002" timestamp="2021-12-24T21:22:47">
    <testcase name="test_bitcast_1" status="run" result="completed" time="0" timestamp="2021-12-24T21:22:47" classname="DeclarableOpsTests18" />
    <testcase name="test_tanh_1" status="run" result="completed" time="0" timestamp="2021-12-24T21:22:47" classname="DeclarableOpsTests18" />
    <testcase name="test_tanh_2" status="run" result="completed" time="0" timestamp="2021-12-24T21:22:47" classname="DeclarableOpsTests18" />
    <testcase name="test_tanh_bp" status="run" result="completed" time="0" timestamp="2021-12-24T21:22:47" classname="DeclarableOpsTests18" />
    <testcase name="test_tanh_bp_scalar" status="run" result="completed" time="0" timestamp="2021-12-24T21:22:47" classname="DeclarableOpsTests18" />
    <testcase name="test_tanh_bp2" status="run" result="completed" time="0" timestamp="2021-12-24T21:22:47" classname="DeclarableOpsTests18" />
    <testcase name="test_tanh_bp3" status="run" result="completed" time="0" timestamp="2021-12-24T21:22:47" classname="DeclarableOpsTests18" />
    <testcase name="TestSoftMax_bp_TEST" status="run" result="completed" time="0" timestamp="2021-12-24T21:22:47" classname="DeclarableOpsTests18" />
    <testcase name="TestSoftMax_bp_TEST2" status="run" result="completed" time="0" timestamp="2021-12-24T21:22:47" classname="DeclarableOpsTests18" />
    <testcase name="TestSoftMax_bp_TEST3" status="run" result="completed" time="0" timestamp="2021-12-24T21:22:47" classname="DeclarableOpsTests18" />
    <testcase name="XWPlusB_Bp_1" status="run" result="completed" time="0" timestamp="2021-12-24T21:22:47" classname="DeclarableOpsTests18" />
    <testcase name="XWPlusB_Bp_2" status="run" result="completed" time="0" timestamp="2021-12-24T21:22:47" classname="DeclarableOpsTests18" />
    <testcase name="XWPlusB_Bp_3" status="run" result="completed" time="0" timestamp="2021-12-24T21:22:47" classname="DeclarableOpsTests18" />
    <testcase name="XWPlusB_Bp_4" status="run" result="completed" time="0" timestamp="2021-12-24T21:22:47" classname="DeclarableOpsTests18">
      <failure message="/home/agibsonccc/Documents/GitHub/deeplearning4j/libnd4j/tests_cpu/layers_tests/DeclarableOpsTests18.cpp:500&#x0A;Value of: edLdx.equalsTo(dLdx)&#x0A;  Actual: false&#x0A;Expected: true" type=""><![CDATA[/home/agibsonccc/Documents/GitHub/deeplearning4j/libnd4j/tests_cpu/layers_tests/DeclarableOpsTests18.cpp:500
Value of: edLdx.equalsTo(dLdx)
  Actual: false
Expected: true]]></failure>
    </testcase>
    <testcase name="XWPlusB_Bp_5" status="run" result="completed" time="0" timestamp="2021-12-24T21:22:47" classname="DeclarableOpsTests18" />
    <testcase name="XWPlusB_Bp_6" status="run" result="completed" time="0.001" timestamp="2021-12-24T21:22:47" classname="DeclarableOpsTests18" />
    <testcase name="TestUpdaterSgd1" status="run" result="completed" time="0" timestamp="2021-12-24T21:22:47" classname="DeclarableOpsTests18" />
    <testcase name="TestUpdaterSgd2" status="run" result="completed" time="0" timestamp="2021-12-24T21:22:47" classname="DeclarableOpsTests18" />
    <testcase name="TestUpdaterSgd3" status="run" result="completed" time="0" timestamp="2021-12-24T21:22:47" classname="DeclarableOpsTests18" />
    <testcase name="TestUpdaterRmsProm1" status="run" result="completed" time="0" timestamp="2021-12-24T21:22:47" classname="DeclarableOpsTests18" />
    <testcase name="TestUpdaterRmsProm2" status="run" result="completed" time="0" timestamp="2021-12-24T21:22:47" classname="DeclarableOpsTests18" />
    <testcase name="TestUpdaterRmsProm3" status="run" result="completed" time="0" timestamp="2021-12-24T21:22:47" classname="DeclarableOpsTests18" />
    <testcase name="TestUpdaterAdaGrad1" status="run" result="completed" time="0" timestamp="2021-12-24T21:22:47" classname="DeclarableOpsTests18" />
    <testcase name="TestUpdaterNesterovs1" status="run" result="completed" time="0" timestamp="2021-12-24T21:22:47" classname="DeclarableOpsTests18" />
    <testcase name="TestUpdaterNesterovs2" status="run" result="completed" time="0" timestamp="2021-12-24T21:22:47" classname="DeclarableOpsTests18" />
    <testcase name="TestUpdaterNesterovs3" status="run" result="completed" time="0" timestamp="2021-12-24T21:22:47" classname="DeclarableOpsTests18" />
    <testcase name="TestUpdaterAdaMax1" status="run" result="completed" time="0" timestamp="2021-12-24T21:22:47" classname="DeclarableOpsTests18" />
    <testcase name="TestUpdaterAdaMax2" status="run" result="completed" time="0" timestamp="2021-12-24T21:22:47" classname="DeclarableOpsTests18" />
    <testcase name="TestUpdaterAdaMax3" status="run" result="completed" time="0" timestamp="2021-12-24T21:22:47" classname="DeclarableOpsTests18" />
    <testcase name="TestUpdaterAdam1" status="run" result="completed" time="0" timestamp="2021-12-24T21:22:47" classname="DeclarableOpsTests18" />
    <testcase name="TestUpdaterAdam2" status="run" result="completed" time="0" timestamp="2021-12-24T21:22:47" classname="DeclarableOpsTests18" />
    <testcase name="TestUpdaterAdam3" status="run" result="completed" time="0" timestamp="2021-12-24T21:22:47" classname="DeclarableOpsTests18" />
    <testcase name="TestUpdaterAdaBelief1" status="run" result="completed" time="0" timestamp="2021-12-24T21:22:47" classname="DeclarableOpsTests18" />
    <testcase name="TestUpdaterAdaDelta1" status="run" result="completed" time="0" timestamp="2021-12-24T21:22:47" classname="DeclarableOpsTests18" />
    <testcase name="TestUpdaterAdaDelta2" status="run" result="completed" time="0" timestamp="2021-12-24T21:22:47" classname="DeclarableOpsTests18" />
    <testcase name="TestUpdaterAdaDelta3" status="run" result="completed" time="0" timestamp="2021-12-24T21:22:47" classname="DeclarableOpsTests18" />
    <testcase name="TestUpdaterNadam1" status="run" result="completed" time="0" timestamp="2021-12-24T21:22:47" classname="DeclarableOpsTests18" />
    <testcase name="TestUpdaterNadam2" status="run" result="completed" time="0" timestamp="2021-12-24T21:22:47" classname="DeclarableOpsTests18" />
    <testcase name="TestUpdaterNadam3" status="run" result="completed" time="0.001" timestamp="2021-12-24T21:22:47" classname="DeclarableOpsTests18" />
    <testcase name="TestUpdaterAmsGrad1" status="run" result="completed" time="0" timestamp="2021-12-24T21:22:47" classname="DeclarableOpsTests18" />
    <testcase name="TestUpdaterAmsGrad2" status="run" result="completed" time="0" timestamp="2021-12-24T21:22:47" classname="DeclarableOpsTests18" />
    <testcase name="TestUpdaterAmsGrad3" status="run" result="completed" time="0" timestamp="2021-12-24T21:22:47" classname="DeclarableOpsTests18" />
  </testsuite>
  <testsuite name="DeclarableOpsTests19" tests="17" failures="0" disabled="0" errors="0" time="0.518" timestamp="2021-12-24T21:22:47">
    <testcase name="test_argmax_maxint_vector_1" status="run" result="completed" time="0" timestamp="2021-12-24T21:22:47" classname="DeclarableOpsTests19" />
    <testcase name="test_threshold_encode_1" status="run" result="completed" time="0" timestamp="2021-12-24T21:22:47" classname="DeclarableOpsTests19" />
    <testcase name="test_threshold_encode_2" status="run" result="completed" time="0.037" timestamp="2021-12-24T21:22:47" classname="DeclarableOpsTests19" />
    <testcase name="test_threshold_encode_boundary_1" status="run" result="completed" time="0" timestamp="2021-12-24T21:22:47" classname="DeclarableOpsTests19" />
    <testcase name="test_threshold_encode_boundary_2" status="run" result="completed" time="0" timestamp="2021-12-24T21:22:47" classname="DeclarableOpsTests19" />
    <testcase name="test_threshold_decode_1" status="run" result="completed" time="0" timestamp="2021-12-24T21:22:47" classname="DeclarableOpsTests19" />
    <testcase name="test_bitmap_encode_1" status="run" result="completed" time="0" timestamp="2021-12-24T21:22:47" classname="DeclarableOpsTests19" />
    <testcase name="test_bitmap_encode_decode" status="run" result="completed" time="0.015" timestamp="2021-12-24T21:22:47" classname="DeclarableOpsTests19" />
    <testcase name="test_threshold_encode_decode" status="run" result="completed" time="0.033" timestamp="2021-12-24T21:22:47" classname="DeclarableOpsTests19" />
    <testcase name="test_threshold_encode_decode_2" status="run" result="completed" time="0.432" timestamp="2021-12-24T21:22:47" classname="DeclarableOpsTests19" />
    <testcase name="test_matmul_ccc" status="run" result="completed" time="0.001" timestamp="2021-12-24T21:22:48" classname="DeclarableOpsTests19" />
    <testcase name="test_matmul_fcf" status="run" result="completed" time="0" timestamp="2021-12-24T21:22:48" classname="DeclarableOpsTests19" />
    <testcase name="test_matmul_cff" status="run" result="completed" time="0" timestamp="2021-12-24T21:22:48" classname="DeclarableOpsTests19" />
    <testcase name="test_matmul_ccf" status="run" result="completed" time="0" timestamp="2021-12-24T21:22:48" classname="DeclarableOpsTests19" />
    <testcase name="test_matmul_fff" status="run" result="completed" time="0" timestamp="2021-12-24T21:22:48" classname="DeclarableOpsTests19" />
    <testcase name="test_conv1d_bp_1" status="run" result="completed" time="0" timestamp="2021-12-24T21:22:48" classname="DeclarableOpsTests19" />
    <testcase name="test_squeeze_1" status="run" result="completed" time="0" timestamp="2021-12-24T21:22:48" classname="DeclarableOpsTests19" />
  </testsuite>
  <testsuite name="DeclarableOpsTests2" tests="168" failures="0" disabled="0" errors="0" time="0.008" timestamp="2021-12-24T21:22:48">
    <testcase name="gather_1" status="run" result="completed" time="0.001" timestamp="2021-12-24T21:22:48" classname="DeclarableOpsTests2" />
    <testcase name="gather_2" status="run" result="completed" time="0" timestamp="2021-12-24T21:22:48" classname="DeclarableOpsTests2" />
    <testcase name="gather_3" status="run" result="completed" time="0" timestamp="2021-12-24T21:22:48" classname="DeclarableOpsTests2" />
    <testcase name="gather_4" status="run" result="completed" time="0" timestamp="2021-12-24T21:22:48" classname="DeclarableOpsTests2" />
    <testcase name="gather_5" status="run" result="completed" time="0" timestamp="2021-12-24T21:22:48" classname="DeclarableOpsTests2" />
    <testcase name="gather_6" status="run" result="completed" time="0" timestamp="2021-12-24T21:22:48" classname="DeclarableOpsTests2" />
    <testcase name="gather_7" status="run" result="completed" time="0" timestamp="2021-12-24T21:22:48" classname="DeclarableOpsTests2" />
    <testcase name="gather_8" status="run" result="completed" time="0" timestamp="2021-12-24T21:22:48" classname="DeclarableOpsTests2" />
    <testcase name="gather_9" status="run" result="completed" time="0" timestamp="2021-12-24T21:22:48" classname="DeclarableOpsTests2" />
    <testcase name="gather_10" status="run" result="completed" time="0" timestamp="2021-12-24T21:22:48" classname="DeclarableOpsTests2" />
    <testcase name="gather_11" status="run" result="completed" time="0" timestamp="2021-12-24T21:22:48" classname="DeclarableOpsTests2" />
    <testcase name="gather_12" status="run" result="completed" time="0" timestamp="2021-12-24T21:22:48" classname="DeclarableOpsTests2" />
    <testcase name="gather_13" status="run" result="completed" time="0" timestamp="2021-12-24T21:22:48" classname="DeclarableOpsTests2" />
    <testcase name="gather_14" status="run" result="completed" time="0" timestamp="2021-12-24T21:22:48" classname="DeclarableOpsTests2" />
    <testcase name="gather_15" status="run" result="completed" time="0" timestamp="2021-12-24T21:22:48" classname="DeclarableOpsTests2" />
    <testcase name="BroadcastGradientArgs_1" status="run" result="completed" time="0" timestamp="2021-12-24T21:22:48" classname="DeclarableOpsTests2" />
    <testcase name="NLP_Cbow_Test_1" status="run" result="completed" time="0.001" timestamp="2021-12-24T21:22:48" classname="DeclarableOpsTests2" />
    <testcase name="Test_Squeeze_1" status="run" result="completed" time="0" timestamp="2021-12-24T21:22:48" classname="DeclarableOpsTests2" />
    <testcase name="Test_Squeeze_2" status="run" result="completed" time="0" timestamp="2021-12-24T21:22:48" classname="DeclarableOpsTests2" />
    <testcase name="Test_FloorMod_1" status="run" result="completed" time="0" timestamp="2021-12-24T21:22:48" classname="DeclarableOpsTests2" />
    <testcase name="Test_FloorDiv_1" status="run" result="completed" time="0" timestamp="2021-12-24T21:22:48" classname="DeclarableOpsTests2" />
    <testcase name="Test_FloorDiv_2" status="run" result="completed" time="0" timestamp="2021-12-24T21:22:48" classname="DeclarableOpsTests2" />
    <testcase name="Test_CRelu_1" status="run" result="completed" time="0" timestamp="2021-12-24T21:22:48" classname="DeclarableOpsTests2" />
    <testcase name="Test_CRelu_BP_2" status="run" result="completed" time="0" timestamp="2021-12-24T21:22:48" classname="DeclarableOpsTests2" />
    <testcase name="Test_Concat_BP_1" status="run" result="completed" time="0" timestamp="2021-12-24T21:22:48" classname="DeclarableOpsTests2" />
    <testcase name="absolute_difference_loss_test_1" status="run" result="completed" time="0" timestamp="2021-12-24T21:22:48" classname="DeclarableOpsTests2" />
    <testcase name="absolute_difference_loss_test_2" status="run" result="completed" time="0" timestamp="2021-12-24T21:22:48" classname="DeclarableOpsTests2" />
    <testcase name="absolute_difference_loss_test_3" status="run" result="completed" time="0" timestamp="2021-12-24T21:22:48" classname="DeclarableOpsTests2" />
    <testcase name="absolute_difference_loss_test_4" status="run" result="completed" time="0" timestamp="2021-12-24T21:22:48" classname="DeclarableOpsTests2" />
    <testcase name="absolute_difference_loss_test_5" status="run" result="completed" time="0" timestamp="2021-12-24T21:22:48" classname="DeclarableOpsTests2" />
    <testcase name="absolute_difference_loss_test_6" status="run" result="completed" time="0" timestamp="2021-12-24T21:22:48" classname="DeclarableOpsTests2" />
    <testcase name="absolute_difference_loss_test_7" status="run" result="completed" time="0" timestamp="2021-12-24T21:22:48" classname="DeclarableOpsTests2" />
    <testcase name="absolute_difference_loss_test_8" status="run" result="completed" time="0" timestamp="2021-12-24T21:22:48" classname="DeclarableOpsTests2" />
    <testcase name="absolute_difference_loss_test_9" status="run" result="completed" time="0" timestamp="2021-12-24T21:22:48" classname="DeclarableOpsTests2" />
    <testcase name="absolute_difference_loss_test_10" status="run" result="completed" time="0" timestamp="2021-12-24T21:22:48" classname="DeclarableOpsTests2" />
    <testcase name="absolute_difference_loss_test_11" status="run" result="completed" time="0" timestamp="2021-12-24T21:22:48" classname="DeclarableOpsTests2" />
    <testcase name="absolute_difference_loss_test_12" status="run" result="completed" time="0" timestamp="2021-12-24T21:22:48" classname="DeclarableOpsTests2" />
    <testcase name="absolute_difference_loss_test_13" status="run" result="completed" time="0" timestamp="2021-12-24T21:22:48" classname="DeclarableOpsTests2" />
    <testcase name="absolute_difference_loss_test_14" status="run" result="completed" time="0.001" timestamp="2021-12-24T21:22:48" classname="DeclarableOpsTests2" />
    <testcase name="absolute_difference_loss_test_15" status="run" result="completed" time="0" timestamp="2021-12-24T21:22:48" classname="DeclarableOpsTests2" />
    <testcase name="absolute_difference_loss_test_16" status="run" result="completed" time="0" timestamp="2021-12-24T21:22:48" classname="DeclarableOpsTests2" />
    <testcase name="absolute_difference_loss_test_17" status="run" result="completed" time="0" timestamp="2021-12-24T21:22:48" classname="DeclarableOpsTests2" />
    <testcase name="absolute_difference_loss_test_18" status="run" result="completed" time="0" timestamp="2021-12-24T21:22:48" classname="DeclarableOpsTests2" />
    <testcase name="absolute_difference_loss_test_19" status="run" result="completed" time="0" timestamp="2021-12-24T21:22:48" classname="DeclarableOpsTests2" />
    <testcase name="absolute_difference_loss_test_20" status="run" result="completed" time="0" timestamp="2021-12-24T21:22:48" classname="DeclarableOpsTests2" />
    <testcase name="absolute_difference_loss_test_21" status="run" result="completed" time="0" timestamp="2021-12-24T21:22:48" classname="DeclarableOpsTests2" />
    <testcase name="absolute_difference_loss_test_22" status="run" result="completed" time="0" timestamp="2021-12-24T21:22:48" classname="DeclarableOpsTests2" />
    <testcase name="absolute_difference_loss_test_23" status="run" result="completed" time="0" timestamp="2021-12-24T21:22:48" classname="DeclarableOpsTests2" />
    <testcase name="cosine_distance_loss_test1" status="run" result="completed" time="0" timestamp="2021-12-24T21:22:48" classname="DeclarableOpsTests2" />
    <testcase name="cosine_distance_loss_test2" status="run" result="completed" time="0" timestamp="2021-12-24T21:22:48" classname="DeclarableOpsTests2" />
    <testcase name="cosine_distance_loss_test3" status="run" result="completed" time="0" timestamp="2021-12-24T21:22:48" classname="DeclarableOpsTests2" />
    <testcase name="cosine_distance_loss_test4" status="run" result="completed" time="0" timestamp="2021-12-24T21:22:48" classname="DeclarableOpsTests2" />
    <testcase name="cosine_distance_loss_test5" status="run" result="completed" time="0" timestamp="2021-12-24T21:22:48" classname="DeclarableOpsTests2" />
    <testcase name="cosine_distance_loss_test6" status="run" result="completed" time="0" timestamp="2021-12-24T21:22:48" classname="DeclarableOpsTests2" />
    <testcase name="cosine_distance_loss_test7" status="run" result="completed" time="0" timestamp="2021-12-24T21:22:48" classname="DeclarableOpsTests2" />
    <testcase name="cosine_distance_loss_test8" status="run" result="completed" time="0" timestamp="2021-12-24T21:22:48" classname="DeclarableOpsTests2" />
    <testcase name="cosine_distance_loss_test9" status="run" result="completed" time="0" timestamp="2021-12-24T21:22:48" classname="DeclarableOpsTests2" />
    <testcase name="cosine_distance_loss_test10" status="run" result="completed" time="0" timestamp="2021-12-24T21:22:48" classname="DeclarableOpsTests2" />
    <testcase name="hinge_loss_test1" status="run" result="completed" time="0" timestamp="2021-12-24T21:22:48" classname="DeclarableOpsTests2" />
    <testcase name="hinge_loss_test2" status="run" result="completed" time="0.001" timestamp="2021-12-24T21:22:48" classname="DeclarableOpsTests2" />
    <testcase name="hinge_loss_test3" status="run" result="completed" time="0" timestamp="2021-12-24T21:22:48" classname="DeclarableOpsTests2" />
    <testcase name="hinge_loss_test4" status="run" result="completed" time="0" timestamp="2021-12-24T21:22:48" classname="DeclarableOpsTests2" />
    <testcase name="hinge_loss_test5" status="run" result="completed" time="0" timestamp="2021-12-24T21:22:48" classname="DeclarableOpsTests2" />
    <testcase name="hinge_loss_test6" status="run" result="completed" time="0" timestamp="2021-12-24T21:22:48" classname="DeclarableOpsTests2" />
    <testcase name="hinge_loss_test7" status="run" result="completed" time="0" timestamp="2021-12-24T21:22:48" classname="DeclarableOpsTests2" />
    <testcase name="hinge_loss_test8" status="run" result="completed" time="0" timestamp="2021-12-24T21:22:48" classname="DeclarableOpsTests2" />
    <testcase name="hinge_loss_test9" status="run" result="completed" time="0" timestamp="2021-12-24T21:22:48" classname="DeclarableOpsTests2" />
    <testcase name="hinge_loss_test10" status="run" result="completed" time="0" timestamp="2021-12-24T21:22:48" classname="DeclarableOpsTests2" />
    <testcase name="hinge_loss_test11" status="run" result="completed" time="0" timestamp="2021-12-24T21:22:48" classname="DeclarableOpsTests2" />
    <testcase name="hinge_loss_test12" status="run" result="completed" time="0" timestamp="2021-12-24T21:22:48" classname="DeclarableOpsTests2" />
    <testcase name="hinge_loss_test13" status="run" result="completed" time="0" timestamp="2021-12-24T21:22:48" classname="DeclarableOpsTests2" />
    <testcase name="huber_loss_test1" status="run" result="completed" time="0" timestamp="2021-12-24T21:22:48" classname="DeclarableOpsTests2" />
    <testcase name="huber_loss_test2" status="run" result="completed" time="0" timestamp="2021-12-24T21:22:48" classname="DeclarableOpsTests2" />
    <testcase name="huber_loss_test3" status="run" result="completed" time="0" timestamp="2021-12-24T21:22:48" classname="DeclarableOpsTests2" />
    <testcase name="huber_loss_test4" status="run" result="completed" time="0" timestamp="2021-12-24T21:22:48" classname="DeclarableOpsTests2" />
    <testcase name="huber_loss_test5" status="run" result="completed" time="0" timestamp="2021-12-24T21:22:48" classname="DeclarableOpsTests2" />
    <testcase name="huber_loss_test6" status="run" result="completed" time="0" timestamp="2021-12-24T21:22:48" classname="DeclarableOpsTests2" />
    <testcase name="huber_loss_test7" status="run" result="completed" time="0" timestamp="2021-12-24T21:22:48" classname="DeclarableOpsTests2" />
    <testcase name="huber_loss_test8" status="run" result="completed" time="0" timestamp="2021-12-24T21:22:48" classname="DeclarableOpsTests2" />
    <testcase name="huber_loss_test9" status="run" result="completed" time="0" timestamp="2021-12-24T21:22:48" classname="DeclarableOpsTests2" />
    <testcase name="huber_loss_test10" status="run" result="completed" time="0" timestamp="2021-12-24T21:22:48" classname="DeclarableOpsTests2" />
    <testcase name="huber_loss_test11" status="run" result="completed" time="0" timestamp="2021-12-24T21:22:48" classname="DeclarableOpsTests2" />
    <testcase name="log_loss_test1" status="run" result="completed" time="0" timestamp="2021-12-24T21:22:48" classname="DeclarableOpsTests2" />
    <testcase name="log_loss_test2" status="run" result="completed" time="0" timestamp="2021-12-24T21:22:48" classname="DeclarableOpsTests2" />
    <testcase name="log_loss_test3" status="run" result="completed" time="0" timestamp="2021-12-24T21:22:48" classname="DeclarableOpsTests2" />
    <testcase name="log_loss_test4" status="run" result="completed" time="0" timestamp="2021-12-24T21:22:48" classname="DeclarableOpsTests2" />
    <testcase name="log_loss_test5" status="run" result="completed" time="0" timestamp="2021-12-24T21:22:48" classname="DeclarableOpsTests2" />
    <testcase name="log_loss_test6" status="run" result="completed" time="0" timestamp="2021-12-24T21:22:48" classname="DeclarableOpsTests2" />
    <testcase name="log_loss_test7" status="run" result="completed" time="0.001" timestamp="2021-12-24T21:22:48" classname="DeclarableOpsTests2" />
    <testcase name="log_loss_test8" status="run" result="completed" time="0" timestamp="2021-12-24T21:22:48" classname="DeclarableOpsTests2" />
    <testcase name="log_loss_test9" status="run" result="completed" time="0" timestamp="2021-12-24T21:22:48" classname="DeclarableOpsTests2" />
    <testcase name="log_loss_test10" status="run" result="completed" time="0" timestamp="2021-12-24T21:22:48" classname="DeclarableOpsTests2" />
    <testcase name="log_loss_test11" status="run" result="completed" time="0" timestamp="2021-12-24T21:22:48" classname="DeclarableOpsTests2" />
    <testcase name="log_loss_test12" status="run" result="completed" time="0" timestamp="2021-12-24T21:22:48" classname="DeclarableOpsTests2" />
    <testcase name="log_loss_test13" status="run" result="completed" time="0" timestamp="2021-12-24T21:22:48" classname="DeclarableOpsTests2" />
    <testcase name="mean_pairwssqerr_loss_test1" status="run" result="completed" time="0" timestamp="2021-12-24T21:22:48" classname="DeclarableOpsTests2" />
    <testcase name="mean_pairwssqerr_loss_test2" status="run" result="completed" time="0" timestamp="2021-12-24T21:22:48" classname="DeclarableOpsTests2" />
    <testcase name="mean_pairwssqerr_loss_test3" status="run" result="completed" time="0" timestamp="2021-12-24T21:22:48" classname="DeclarableOpsTests2" />
    <testcase name="mean_pairwssqerr_loss_test4" status="run" result="completed" time="0" timestamp="2021-12-24T21:22:48" classname="DeclarableOpsTests2" />
    <testcase name="mean_pairwssqerr_loss_test5" status="run" result="completed" time="0" timestamp="2021-12-24T21:22:48" classname="DeclarableOpsTests2" />
    <testcase name="mean_pairwssqerr_loss_test6" status="run" result="completed" time="0" timestamp="2021-12-24T21:22:48" classname="DeclarableOpsTests2" />
    <testcase name="mean_pairwssqerr_loss_test7" status="run" result="completed" time="0" timestamp="2021-12-24T21:22:48" classname="DeclarableOpsTests2" />
    <testcase name="mean_pairwssqerr_loss_test8" status="run" result="completed" time="0" timestamp="2021-12-24T21:22:48" classname="DeclarableOpsTests2" />
    <testcase name="mean_pairwssqerr_loss_test9" status="run" result="completed" time="0" timestamp="2021-12-24T21:22:48" classname="DeclarableOpsTests2" />
    <testcase name="mean_sqerr_loss_test1" status="run" result="completed" time="0" timestamp="2021-12-24T21:22:48" classname="DeclarableOpsTests2" />
    <testcase name="mean_sqerr_loss_test2" status="run" result="completed" time="0" timestamp="2021-12-24T21:22:48" classname="DeclarableOpsTests2" />
    <testcase name="mean_sqerr_loss_test3" status="run" result="completed" time="0" timestamp="2021-12-24T21:22:48" classname="DeclarableOpsTests2" />
    <testcase name="mean_sqerr_loss_test4" status="run" result="completed" time="0" timestamp="2021-12-24T21:22:48" classname="DeclarableOpsTests2" />
    <testcase name="mean_sqerr_loss_test5" status="run" result="completed" time="0" timestamp="2021-12-24T21:22:48" classname="DeclarableOpsTests2" />
    <testcase name="mean_sqerr_loss_test6" status="run" result="completed" time="0" timestamp="2021-12-24T21:22:48" classname="DeclarableOpsTests2" />
    <testcase name="mean_sqerr_loss_test7" status="run" result="completed" time="0" timestamp="2021-12-24T21:22:48" classname="DeclarableOpsTests2" />
    <testcase name="mean_sqerr_loss_test8" status="run" result="completed" time="0" timestamp="2021-12-24T21:22:48" classname="DeclarableOpsTests2" />
    <testcase name="mean_sqerr_loss_test9" status="run" result="completed" time="0" timestamp="2021-12-24T21:22:48" classname="DeclarableOpsTests2" />
    <testcase name="mean_sqerr_loss_test10" status="run" result="completed" time="0" timestamp="2021-12-24T21:22:48" classname="DeclarableOpsTests2" />
    <testcase name="mean_sqerr_loss_test11" status="run" result="completed" time="0" timestamp="2021-12-24T21:22:48" classname="DeclarableOpsTests2" />
    <testcase name="mean_sqerr_loss_test12" status="run" result="completed" time="0" timestamp="2021-12-24T21:22:48" classname="DeclarableOpsTests2" />
    <testcase name="mean_sqerr_loss_test13" status="run" result="completed" time="0" timestamp="2021-12-24T21:22:48" classname="DeclarableOpsTests2" />
    <testcase name="mean_sqerr_loss_test14" status="run" result="completed" time="0" timestamp="2021-12-24T21:22:48" classname="DeclarableOpsTests2" />
    <testcase name="mean_sqerr_loss_test15" status="run" result="completed" time="0" timestamp="2021-12-24T21:22:48" classname="DeclarableOpsTests2" />
    <testcase name="mean_sqerr_loss_test16" status="run" result="completed" time="0" timestamp="2021-12-24T21:22:48" classname="DeclarableOpsTests2" />
    <testcase name="sigm_cross_entropy_loss_test1" status="run" result="completed" time="0.001" timestamp="2021-12-24T21:22:48" classname="DeclarableOpsTests2" />
    <testcase name="sigm_cross_entropy_loss_test2" status="run" result="completed" time="0" timestamp="2021-12-24T21:22:48" classname="DeclarableOpsTests2" />
    <testcase name="sigm_cross_entropy_loss_test3" status="run" result="completed" time="0" timestamp="2021-12-24T21:22:48" classname="DeclarableOpsTests2" />
    <testcase name="sigm_cross_entropy_loss_test4" status="run" result="completed" time="0" timestamp="2021-12-24T21:22:48" classname="DeclarableOpsTests2" />
    <testcase name="sigm_cross_entropy_loss_test5" status="run" result="completed" time="0" timestamp="2021-12-24T21:22:48" classname="DeclarableOpsTests2" />
    <testcase name="sigm_cross_entropy_loss_test6" status="run" result="completed" time="0" timestamp="2021-12-24T21:22:48" classname="DeclarableOpsTests2" />
    <testcase name="sigm_cross_entropy_loss_test7" status="run" result="completed" time="0" timestamp="2021-12-24T21:22:48" classname="DeclarableOpsTests2" />
    <testcase name="sigm_cross_entropy_loss_test8" status="run" result="completed" time="0" timestamp="2021-12-24T21:22:48" classname="DeclarableOpsTests2" />
    <testcase name="sigm_cross_entropy_loss_test9" status="run" result="completed" time="0" timestamp="2021-12-24T21:22:48" classname="DeclarableOpsTests2" />
    <testcase name="sigm_cross_entropy_loss_test10" status="run" result="completed" time="0" timestamp="2021-12-24T21:22:48" classname="DeclarableOpsTests2" />
    <testcase name="sigm_cross_entropy_loss_test11" status="run" result="completed" time="0" timestamp="2021-12-24T21:22:48" classname="DeclarableOpsTests2" />
    <testcase name="sigm_cross_entropy_loss_test12" status="run" result="completed" time="0" timestamp="2021-12-24T21:22:48" classname="DeclarableOpsTests2" />
    <testcase name="sigm_cross_entropy_loss_test13" status="run" result="completed" time="0" timestamp="2021-12-24T21:22:48" classname="DeclarableOpsTests2" />
    <testcase name="sigm_cross_entropy_loss_test14" status="run" result="completed" time="0" timestamp="2021-12-24T21:22:48" classname="DeclarableOpsTests2" />
    <testcase name="sigm_cross_entropy_loss_test15" status="run" result="completed" time="0" timestamp="2021-12-24T21:22:48" classname="DeclarableOpsTests2" />
    <testcase name="sigm_cross_entropy_loss_test16" status="run" result="completed" time="0" timestamp="2021-12-24T21:22:48" classname="DeclarableOpsTests2" />
    <testcase name="sigm_cross_entropy_loss_test17" status="run" result="completed" time="0" timestamp="2021-12-24T21:22:48" classname="DeclarableOpsTests2" />
    <testcase name="softmax_cross_entropy_loss_test1" status="run" result="completed" time="0" timestamp="2021-12-24T21:22:48" classname="DeclarableOpsTests2" />
    <testcase name="softmax_cross_entropy_loss_test2" status="run" result="completed" time="0" timestamp="2021-12-24T21:22:48" classname="DeclarableOpsTests2" />
    <testcase name="softmax_cross_entropy_loss_test3" status="run" result="completed" time="0" timestamp="2021-12-24T21:22:48" classname="DeclarableOpsTests2" />
    <testcase name="softmax_cross_entropy_loss_test4" status="run" result="completed" time="0" timestamp="2021-12-24T21:22:48" classname="DeclarableOpsTests2" />
    <testcase name="softmax_cross_entropy_loss_test5" status="run" result="completed" time="0" timestamp="2021-12-24T21:22:48" classname="DeclarableOpsTests2" />
    <testcase name="softmax_cross_entropy_loss_test6" status="run" result="completed" time="0" timestamp="2021-12-24T21:22:48" classname="DeclarableOpsTests2" />
    <testcase name="softmax_cross_entropy_loss_test7" status="run" result="completed" time="0" timestamp="2021-12-24T21:22:48" classname="DeclarableOpsTests2" />
    <testcase name="softmax_cross_entropy_loss_test8" status="run" result="completed" time="0.001" timestamp="2021-12-24T21:22:48" classname="DeclarableOpsTests2" />
    <testcase name="softmax_cross_entropy_loss_test9" status="run" result="completed" time="0" timestamp="2021-12-24T21:22:48" classname="DeclarableOpsTests2" />
    <testcase name="softmax_cross_entropy_loss_test10" status="run" result="completed" time="0" timestamp="2021-12-24T21:22:48" classname="DeclarableOpsTests2" />
    <testcase name="softmax_cross_entropy_loss_test11" status="run" result="completed" time="0" timestamp="2021-12-24T21:22:48" classname="DeclarableOpsTests2" />
    <testcase name="softmax_cross_entropy_loss_test12" status="run" result="completed" time="0" timestamp="2021-12-24T21:22:48" classname="DeclarableOpsTests2" />
    <testcase name="softmax_cross_entropy_loss_test13" status="run" result="completed" time="0" timestamp="2021-12-24T21:22:48" classname="DeclarableOpsTests2" />
    <testcase name="softmax_cross_entropy_loss_test14" status="run" result="completed" time="0" timestamp="2021-12-24T21:22:48" classname="DeclarableOpsTests2" />
    <testcase name="softmax_cross_entropy_loss_test15" status="run" result="completed" time="0" timestamp="2021-12-24T21:22:48" classname="DeclarableOpsTests2" />
    <testcase name="lstmCell_test1" status="run" result="completed" time="0" timestamp="2021-12-24T21:22:48" classname="DeclarableOpsTests2" />
    <testcase name="lstmCell_test2" status="run" result="completed" time="0" timestamp="2021-12-24T21:22:48" classname="DeclarableOpsTests2" />
    <testcase name="lstmCell_test3" status="run" result="completed" time="0" timestamp="2021-12-24T21:22:48" classname="DeclarableOpsTests2" />
    <testcase name="lstmCell_test4" status="run" result="completed" time="0" timestamp="2021-12-24T21:22:48" classname="DeclarableOpsTests2" />
    <testcase name="lstmCell_test5" status="run" result="completed" time="0" timestamp="2021-12-24T21:22:48" classname="DeclarableOpsTests2" />
    <testcase name="lstmCell_test6" status="run" result="completed" time="0" timestamp="2021-12-24T21:22:48" classname="DeclarableOpsTests2" />
    <testcase name="lstmCell_test7" status="run" result="completed" time="0" timestamp="2021-12-24T21:22:48" classname="DeclarableOpsTests2" />
    <testcase name="lstmCell_test8" status="run" result="completed" time="0" timestamp="2021-12-24T21:22:48" classname="DeclarableOpsTests2" />
    <testcase name="lstmCell_test9" status="run" result="completed" time="0" timestamp="2021-12-24T21:22:48" classname="DeclarableOpsTests2" />
    <testcase name="lstmCell_test10" status="run" result="completed" time="0" timestamp="2021-12-24T21:22:48" classname="DeclarableOpsTests2" />
    <testcase name="lstmCell_test11" status="run" result="completed" time="0" timestamp="2021-12-24T21:22:48" classname="DeclarableOpsTests2" />
    <testcase name="lstmCell_test12" status="run" result="completed" time="0" timestamp="2021-12-24T21:22:48" classname="DeclarableOpsTests2" />
    <testcase name="ctc_loss_test1" status="run" result="completed" time="0" timestamp="2021-12-24T21:22:48" classname="DeclarableOpsTests2" />
    <testcase name="ctc_loss_grad_test1" status="run" result="completed" time="0" timestamp="2021-12-24T21:22:48" classname="DeclarableOpsTests2" />
    <testcase name="ctc_beam_test1" status="run" result="completed" time="0" timestamp="2021-12-24T21:22:48" classname="DeclarableOpsTests2" />
    <testcase name="ctc_beam_test2" status="run" result="completed" time="0" timestamp="2021-12-24T21:22:48" classname="DeclarableOpsTests2" />
  </testsuite>
  <testsuite name="DeclarableOpsTests3" tests="112" failures="7" disabled="0" errors="0" time="0.08" timestamp="2021-12-24T21:22:48">
    <testcase name="Test_Tile_1" status="run" result="completed" time="0" timestamp="2021-12-24T21:22:48" classname="DeclarableOpsTests3" />
    <testcase name="Test_Tile_2" status="run" result="completed" time="0" timestamp="2021-12-24T21:22:48" classname="DeclarableOpsTests3" />
    <testcase name="Test_Permute_1" status="run" result="completed" time="0" timestamp="2021-12-24T21:22:48" classname="DeclarableOpsTests3" />
    <testcase name="Test_Permute_2" status="run" result="completed" time="0" timestamp="2021-12-24T21:22:48" classname="DeclarableOpsTests3" />
    <testcase name="Test_Unique_1" status="run" result="completed" time="0" timestamp="2021-12-24T21:22:48" classname="DeclarableOpsTests3" />
    <testcase name="Test_Unique_2" status="run" result="completed" time="0" timestamp="2021-12-24T21:22:48" classname="DeclarableOpsTests3" />
    <testcase name="Test_Rint_1" status="run" result="completed" time="0" timestamp="2021-12-24T21:22:48" classname="DeclarableOpsTests3" />
    <testcase name="Test_Norm_1" status="run" result="completed" time="0.001" timestamp="2021-12-24T21:22:48" classname="DeclarableOpsTests3" />
    <testcase name="Test_Norm_2" status="run" result="completed" time="0.007" timestamp="2021-12-24T21:22:48" classname="DeclarableOpsTests3" />
    <testcase name="Test_ListDiff_1" status="run" result="completed" time="0" timestamp="2021-12-24T21:22:48" classname="DeclarableOpsTests3" />
    <testcase name="Test_Range_1" status="run" result="completed" time="0" timestamp="2021-12-24T21:22:48" classname="DeclarableOpsTests3" />
    <testcase name="Test_Range_2" status="run" result="completed" time="0" timestamp="2021-12-24T21:22:48" classname="DeclarableOpsTests3" />
    <testcase name="Test_Range_3" status="run" result="completed" time="0" timestamp="2021-12-24T21:22:48" classname="DeclarableOpsTests3" />
    <testcase name="Test_Range_10" status="run" result="completed" time="0" timestamp="2021-12-24T21:22:48" classname="DeclarableOpsTests3" />
    <testcase name="Test_Range_4" status="run" result="completed" time="0" timestamp="2021-12-24T21:22:48" classname="DeclarableOpsTests3" />
    <testcase name="Test_Range_5" status="run" result="completed" time="0" timestamp="2021-12-24T21:22:48" classname="DeclarableOpsTests3" />
    <testcase name="Test_Range_6" status="run" result="completed" time="0" timestamp="2021-12-24T21:22:48" classname="DeclarableOpsTests3" />
    <testcase name="Test_Range_7" status="run" result="completed" time="0" timestamp="2021-12-24T21:22:48" classname="DeclarableOpsTests3" />
    <testcase name="Test_Range_8" status="run" result="completed" time="0" timestamp="2021-12-24T21:22:48" classname="DeclarableOpsTests3" />
    <testcase name="Test_Range_9" status="run" result="completed" time="0" timestamp="2021-12-24T21:22:48" classname="DeclarableOpsTests3" />
    <testcase name="Test_Batched_Gemm_1" status="run" result="completed" time="0.001" timestamp="2021-12-24T21:22:48" classname="DeclarableOpsTests3" />
    <testcase name="Test_Batched_Gemm_2" status="run" result="completed" time="0" timestamp="2021-12-24T21:22:48" classname="DeclarableOpsTests3" />
    <testcase name="Test_Batched_Gemm_3" status="run" result="completed" time="0" timestamp="2021-12-24T21:22:48" classname="DeclarableOpsTests3" />
    <testcase name="Test_Batched_Gemm_4" status="run" result="completed" time="0" timestamp="2021-12-24T21:22:48" classname="DeclarableOpsTests3" />
    <testcase name="Test_Batched_Gemm_5" status="run" result="completed" time="0" timestamp="2021-12-24T21:22:48" classname="DeclarableOpsTests3" />
    <testcase name="Test_Batched_Gemm_6" status="run" result="completed" time="0" timestamp="2021-12-24T21:22:48" classname="DeclarableOpsTests3" />
    <testcase name="Test_Batched_Gemm_7" status="run" result="completed" time="0" timestamp="2021-12-24T21:22:48" classname="DeclarableOpsTests3" />
    <testcase name="Test_Batched_Gemm_Validation_1" status="run" result="completed" time="0" timestamp="2021-12-24T21:22:48" classname="DeclarableOpsTests3" />
    <testcase name="Test_Batched_Gemm_Validation_2" status="run" result="completed" time="0" timestamp="2021-12-24T21:22:48" classname="DeclarableOpsTests3" />
    <testcase name="Test_ReverseDivide_1" status="run" result="completed" time="0" timestamp="2021-12-24T21:22:48" classname="DeclarableOpsTests3" />
    <testcase name="sruCell_test1" status="run" result="completed" time="0" timestamp="2021-12-24T21:22:48" classname="DeclarableOpsTests3" />
    <testcase name="sruCell_test2" status="run" result="completed" time="0" timestamp="2021-12-24T21:22:48" classname="DeclarableOpsTests3" />
    <testcase name="sruCell_test3" status="run" result="completed" time="0" timestamp="2021-12-24T21:22:48" classname="DeclarableOpsTests3" />
    <testcase name="gruCell_test1" status="run" result="completed" time="0" timestamp="2021-12-24T21:22:48" classname="DeclarableOpsTests3" />
    <testcase name="gruCell_test2" status="run" result="completed" time="0" timestamp="2021-12-24T21:22:48" classname="DeclarableOpsTests3" />
    <testcase name="gruCell_test3" status="run" result="completed" time="0.001" timestamp="2021-12-24T21:22:48" classname="DeclarableOpsTests3" />
    <testcase name="invertPermutation_test1" status="run" result="completed" time="0" timestamp="2021-12-24T21:22:48" classname="DeclarableOpsTests3" />
    <testcase name="invertPermutation_test2" status="run" result="completed" time="0" timestamp="2021-12-24T21:22:48" classname="DeclarableOpsTests3" />
    <testcase name="invertPermutation_test3" status="run" result="completed" time="0" timestamp="2021-12-24T21:22:48" classname="DeclarableOpsTests3" />
    <testcase name="diag_test1" status="run" result="completed" time="0" timestamp="2021-12-24T21:22:48" classname="DeclarableOpsTests3" />
    <testcase name="diag_test2" status="run" result="completed" time="0" timestamp="2021-12-24T21:22:48" classname="DeclarableOpsTests3" />
    <testcase name="diag_test_vector" status="run" result="completed" time="0" timestamp="2021-12-24T21:22:48" classname="DeclarableOpsTests3" />
    <testcase name="diag_test_col_vector" status="run" result="completed" time="0" timestamp="2021-12-24T21:22:48" classname="DeclarableOpsTests3" />
    <testcase name="diag_test3" status="run" result="completed" time="0" timestamp="2021-12-24T21:22:48" classname="DeclarableOpsTests3" />
    <testcase name="diag_test4" status="run" result="completed" time="0" timestamp="2021-12-24T21:22:48" classname="DeclarableOpsTests3" />
    <testcase name="diag_test5" status="run" result="completed" time="0" timestamp="2021-12-24T21:22:48" classname="DeclarableOpsTests3" />
    <testcase name="diag_test6" status="run" result="completed" time="0" timestamp="2021-12-24T21:22:48" classname="DeclarableOpsTests3" />
    <testcase name="matrixSetDiag_test1" status="run" result="completed" time="0" timestamp="2021-12-24T21:22:48" classname="DeclarableOpsTests3" />
    <testcase name="matrixSetDiag_test2" status="run" result="completed" time="0" timestamp="2021-12-24T21:22:48" classname="DeclarableOpsTests3" />
    <testcase name="matrixSetDiag_test3" status="run" result="completed" time="0" timestamp="2021-12-24T21:22:48" classname="DeclarableOpsTests3" />
    <testcase name="matrixSetDiag_test4" status="run" result="completed" time="0" timestamp="2021-12-24T21:22:48" classname="DeclarableOpsTests3" />
    <testcase name="diagPart_test1" status="run" result="completed" time="0" timestamp="2021-12-24T21:22:48" classname="DeclarableOpsTests3" />
    <testcase name="diagPart_test2" status="run" result="completed" time="0" timestamp="2021-12-24T21:22:48" classname="DeclarableOpsTests3" />
    <testcase name="diagPart_test3" status="run" result="completed" time="0" timestamp="2021-12-24T21:22:48" classname="DeclarableOpsTests3" />
    <testcase name="betainc_test1" status="run" result="completed" time="0" timestamp="2021-12-24T21:22:48" classname="DeclarableOpsTests3" />
    <testcase name="betainc_test2" status="run" result="completed" time="0" timestamp="2021-12-24T21:22:48" classname="DeclarableOpsTests3" />
    <testcase name="betainc_test3" status="run" result="completed" time="0" timestamp="2021-12-24T21:22:48" classname="DeclarableOpsTests3" />
    <testcase name="betainc_test4" status="run" result="completed" time="0" timestamp="2021-12-24T21:22:48" classname="DeclarableOpsTests3" />
    <testcase name="betainc_test5" status="run" result="completed" time="0" timestamp="2021-12-24T21:22:48" classname="DeclarableOpsTests3" />
    <testcase name="betainc_test6" status="run" result="completed" time="0" timestamp="2021-12-24T21:22:48" classname="DeclarableOpsTests3" />
    <testcase name="betainc_test7" status="run" result="completed" time="0" timestamp="2021-12-24T21:22:48" classname="DeclarableOpsTests3" />
    <testcase name="betainc_test8" status="run" result="completed" time="0" timestamp="2021-12-24T21:22:48" classname="DeclarableOpsTests3" />
    <testcase name="betainc_test9" status="run" result="completed" time="0" timestamp="2021-12-24T21:22:48" classname="DeclarableOpsTests3" />
    <testcase name="betainc_test10" status="run" result="completed" time="0" timestamp="2021-12-24T21:22:48" classname="DeclarableOpsTests3" />
    <testcase name="betainc_test11" status="run" result="completed" time="0" timestamp="2021-12-24T21:22:48" classname="DeclarableOpsTests3" />
    <testcase name="betainc_test12" status="run" result="completed" time="0" timestamp="2021-12-24T21:22:48" classname="DeclarableOpsTests3" />
    <testcase name="zeta_test1" status="run" result="completed" time="0" timestamp="2021-12-24T21:22:48" classname="DeclarableOpsTests3" />
    <testcase name="zeta_test2" status="run" result="completed" time="0" timestamp="2021-12-24T21:22:48" classname="DeclarableOpsTests3" />
    <testcase name="zeta_test3" status="run" result="completed" time="0" timestamp="2021-12-24T21:22:48" classname="DeclarableOpsTests3" />
    <testcase name="zeta_test4" status="run" result="completed" time="0" timestamp="2021-12-24T21:22:48" classname="DeclarableOpsTests3" />
    <testcase name="zeta_test5" status="run" result="completed" time="0" timestamp="2021-12-24T21:22:48" classname="DeclarableOpsTests3" />
    <testcase name="zeta_test6" status="run" result="completed" time="0" timestamp="2021-12-24T21:22:48" classname="DeclarableOpsTests3" />
    <testcase name="zeta_test7" status="run" result="completed" time="0" timestamp="2021-12-24T21:22:48" classname="DeclarableOpsTests3" />
    <testcase name="zeta_test8" status="run" result="completed" time="0" timestamp="2021-12-24T21:22:48" classname="DeclarableOpsTests3" />
    <testcase name="zeta_test9" status="run" result="completed" time="0" timestamp="2021-12-24T21:22:48" classname="DeclarableOpsTests3" />
    <testcase name="zeta_test10" status="run" result="completed" time="0" timestamp="2021-12-24T21:22:48" classname="DeclarableOpsTests3" />
    <testcase name="Test_SplitV_Validation_1" status="run" result="completed" time="0" timestamp="2021-12-24T21:22:48" classname="DeclarableOpsTests3" />
    <testcase name="polygamma_test1" status="run" result="completed" time="0.001" timestamp="2021-12-24T21:22:48" classname="DeclarableOpsTests3" />
    <testcase name="polygamma_test2" status="run" result="completed" time="0" timestamp="2021-12-24T21:22:48" classname="DeclarableOpsTests3" />
    <testcase name="polygamma_test3" status="run" result="completed" time="0" timestamp="2021-12-24T21:22:48" classname="DeclarableOpsTests3" />
    <testcase name="polygamma_test4" status="run" result="completed" time="0" timestamp="2021-12-24T21:22:48" classname="DeclarableOpsTests3" />
    <testcase name="digamma_1" status="run" result="completed" time="0" timestamp="2021-12-24T21:22:48" classname="DeclarableOpsTests3" />
    <testcase name="svd_test1" status="run" result="completed" time="0.003" timestamp="2021-12-24T21:22:48" classname="DeclarableOpsTests3" />
    <testcase name="svd_test2" status="run" result="completed" time="0.003" timestamp="2021-12-24T21:22:48" classname="DeclarableOpsTests3">
      <failure message="/home/agibsonccc/Documents/GitHub/deeplearning4j/libnd4j/tests_cpu/layers_tests/DeclarableOpsTests3.cpp:1923&#x0A;Value of: expS.equalsTo(s)&#x0A;  Actual: false&#x0A;Expected: true" type=""><![CDATA[/home/agibsonccc/Documents/GitHub/deeplearning4j/libnd4j/tests_cpu/layers_tests/DeclarableOpsTests3.cpp:1923
Value of: expS.equalsTo(s)
  Actual: false
Expected: true]]></failure>
    </testcase>
    <testcase name="svd_test3" status="run" result="completed" time="0.003" timestamp="2021-12-24T21:22:48" classname="DeclarableOpsTests3">
      <failure message="/home/agibsonccc/Documents/GitHub/deeplearning4j/libnd4j/tests_cpu/layers_tests/DeclarableOpsTests3.cpp:1967&#x0A;Value of: expS.equalsTo(s)&#x0A;  Actual: false&#x0A;Expected: true" type=""><![CDATA[/home/agibsonccc/Documents/GitHub/deeplearning4j/libnd4j/tests_cpu/layers_tests/DeclarableOpsTests3.cpp:1967
Value of: expS.equalsTo(s)
  Actual: false
Expected: true]]></failure>
    </testcase>
    <testcase name="svd_test4" status="run" result="completed" time="0.008" timestamp="2021-12-24T21:22:48" classname="DeclarableOpsTests3">
      <failure message="/home/agibsonccc/Documents/GitHub/deeplearning4j/libnd4j/tests_cpu/layers_tests/DeclarableOpsTests3.cpp:2011&#x0A;Value of: expS.equalsTo(s)&#x0A;  Actual: false&#x0A;Expected: true" type=""><![CDATA[/home/agibsonccc/Documents/GitHub/deeplearning4j/libnd4j/tests_cpu/layers_tests/DeclarableOpsTests3.cpp:2011
Value of: expS.equalsTo(s)
  Actual: false
Expected: true]]></failure>
    </testcase>
    <testcase name="svd_test5" status="run" result="completed" time="0.003" timestamp="2021-12-24T21:22:48" classname="DeclarableOpsTests3">
      <failure message="/home/agibsonccc/Documents/GitHub/deeplearning4j/libnd4j/tests_cpu/layers_tests/DeclarableOpsTests3.cpp:2055&#x0A;Value of: expS.equalsTo(s)&#x0A;  Actual: false&#x0A;Expected: true" type=""><![CDATA[/home/agibsonccc/Documents/GitHub/deeplearning4j/libnd4j/tests_cpu/layers_tests/DeclarableOpsTests3.cpp:2055
Value of: expS.equalsTo(s)
  Actual: false
Expected: true]]></failure>
    </testcase>
    <testcase name="svd_test6" status="run" result="completed" time="0.017" timestamp="2021-12-24T21:22:48" classname="DeclarableOpsTests3" />
    <testcase name="svd_test7" status="run" result="completed" time="0.006" timestamp="2021-12-24T21:22:48" classname="DeclarableOpsTests3" />
    <testcase name="svd_test9" status="run" result="completed" time="0.015" timestamp="2021-12-24T21:22:48" classname="DeclarableOpsTests3">
      <failure message="/home/agibsonccc/Documents/GitHub/deeplearning4j/libnd4j/tests_cpu/layers_tests/DeclarableOpsTests3.cpp:2423&#x0A;Value of: expS.equalsTo(s)&#x0A;  Actual: false&#x0A;Expected: true" type=""><![CDATA[/home/agibsonccc/Documents/GitHub/deeplearning4j/libnd4j/tests_cpu/layers_tests/DeclarableOpsTests3.cpp:2423
Value of: expS.equalsTo(s)
  Actual: false
Expected: true]]></failure>
    </testcase>
    <testcase name="svd_test10" status="run" result="completed" time="0.009" timestamp="2021-12-24T21:22:48" classname="DeclarableOpsTests3">
      <failure message="/home/agibsonccc/Documents/GitHub/deeplearning4j/libnd4j/tests_cpu/layers_tests/DeclarableOpsTests3.cpp:2500&#x0A;Value of: expS.equalsTo(s)&#x0A;  Actual: false&#x0A;Expected: true" type=""><![CDATA[/home/agibsonccc/Documents/GitHub/deeplearning4j/libnd4j/tests_cpu/layers_tests/DeclarableOpsTests3.cpp:2500
Value of: expS.equalsTo(s)
  Actual: false
Expected: true]]></failure>
    </testcase>
    <testcase name="svd_test11" status="run" result="completed" time="0.001" timestamp="2021-12-24T21:22:48" classname="DeclarableOpsTests3" />
    <testcase name="svd_test12" status="run" result="completed" time="0.001" timestamp="2021-12-24T21:22:48" classname="DeclarableOpsTests3">
      <failure message="/home/agibsonccc/Documents/GitHub/deeplearning4j/libnd4j/tests_cpu/layers_tests/DeclarableOpsTests3.cpp:2574&#x0A;Value of: expS.equalsTo(s)&#x0A;  Actual: false&#x0A;Expected: true" type=""><![CDATA[/home/agibsonccc/Documents/GitHub/deeplearning4j/libnd4j/tests_cpu/layers_tests/DeclarableOpsTests3.cpp:2574
Value of: expS.equalsTo(s)
  Actual: false
Expected: true]]></failure>
    </testcase>
    <testcase name="elu_test1" status="run" result="completed" time="0" timestamp="2021-12-24T21:22:48" classname="DeclarableOpsTests3" />
    <testcase name="elu_bp_test1" status="run" result="completed" time="0" timestamp="2021-12-24T21:22:48" classname="DeclarableOpsTests3" />
    <testcase name="lrelu_test1" status="run" result="completed" time="0" timestamp="2021-12-24T21:22:48" classname="DeclarableOpsTests3" />
    <testcase name="lrelu_bp_test1" status="run" result="completed" time="0" timestamp="2021-12-24T21:22:48" classname="DeclarableOpsTests3" />
    <testcase name="selu_test1" status="run" result="completed" time="0" timestamp="2021-12-24T21:22:48" classname="DeclarableOpsTests3" />
    <testcase name="selu_test2" status="run" result="completed" time="0" timestamp="2021-12-24T21:22:48" classname="DeclarableOpsTests3" />
    <testcase name="EQScalarTests_1" status="run" result="completed" time="0" timestamp="2021-12-24T21:22:48" classname="DeclarableOpsTests3" />
    <testcase name="EQScalarTests_2" status="run" result="completed" time="0" timestamp="2021-12-24T21:22:48" classname="DeclarableOpsTests3" />
    <testcase name="GTScalarTests_1" status="run" result="completed" time="0" timestamp="2021-12-24T21:22:48" classname="DeclarableOpsTests3" />
    <testcase name="GTScalarTests_2" status="run" result="completed" time="0" timestamp="2021-12-24T21:22:48" classname="DeclarableOpsTests3" />
    <testcase name="GTEScalarTests_1" status="run" result="completed" time="0" timestamp="2021-12-24T21:22:48" classname="DeclarableOpsTests3" />
    <testcase name="GTEScalarTests_2" status="run" result="completed" time="0" timestamp="2021-12-24T21:22:48" classname="DeclarableOpsTests3" />
    <testcase name="GTEScalarTests_3" status="run" result="completed" time="0" timestamp="2021-12-24T21:22:48" classname="DeclarableOpsTests3" />
    <testcase name="LTEScalarTests_1" status="run" result="completed" time="0" timestamp="2021-12-24T21:22:48" classname="DeclarableOpsTests3" />
    <testcase name="LTEScalarTests_2" status="run" result="completed" time="0" timestamp="2021-12-24T21:22:48" classname="DeclarableOpsTests3" />
    <testcase name="LTEScalarTests_3" status="run" result="completed" time="0" timestamp="2021-12-24T21:22:48" classname="DeclarableOpsTests3" />
    <testcase name="NEQScalarTests_1" status="run" result="completed" time="0" timestamp="2021-12-24T21:22:48" classname="DeclarableOpsTests3" />
    <testcase name="NEQScalarTests_2" status="run" result="completed" time="0" timestamp="2021-12-24T21:22:48" classname="DeclarableOpsTests3" />
    <testcase name="NOOPTests_1" status="run" result="completed" time="0" timestamp="2021-12-24T21:22:48" classname="DeclarableOpsTests3" />
  </testsuite>
  <testsuite name="TypedDeclarableOpsTests4/0" tests="16" failures="0" disabled="0" errors="0" time="0.001" timestamp="2021-12-24T21:22:48">
    <testcase name="avgpool2d_1" type_param="double" status="run" result="completed" time="0" timestamp="2021-12-24T21:22:48" classname="TypedDeclarableOpsTests4/0" />
    <testcase name="avgpool2d_2" type_param="double" status="run" result="completed" time="0" timestamp="2021-12-24T21:22:48" classname="TypedDeclarableOpsTests4/0" />
    <testcase name="avgpool2d_3" type_param="double" status="run" result="completed" time="0" timestamp="2021-12-24T21:22:48" classname="TypedDeclarableOpsTests4/0" />
    <testcase name="avgpool2d_padded_buffer" type_param="double" status="run" result="completed" time="0" timestamp="2021-12-24T21:22:48" classname="TypedDeclarableOpsTests4/0" />
    <testcase name="avgpool2d_4" type_param="double" status="run" result="completed" time="0" timestamp="2021-12-24T21:22:48" classname="TypedDeclarableOpsTests4/0" />
    <testcase name="avgpool2d_5" type_param="double" status="run" result="completed" time="0" timestamp="2021-12-24T21:22:48" classname="TypedDeclarableOpsTests4/0" />
    <testcase name="avgpool2d_6" type_param="double" status="run" result="completed" time="0" timestamp="2021-12-24T21:22:48" classname="TypedDeclarableOpsTests4/0" />
    <testcase name="avgpool2d_7" type_param="double" status="run" result="completed" time="0" timestamp="2021-12-24T21:22:48" classname="TypedDeclarableOpsTests4/0" />
    <testcase name="avgpool2d_8" type_param="double" status="run" result="completed" time="0" timestamp="2021-12-24T21:22:48" classname="TypedDeclarableOpsTests4/0" />
    <testcase name="avgpool2d_9" type_param="double" status="run" result="completed" time="0.001" timestamp="2021-12-24T21:22:48" classname="TypedDeclarableOpsTests4/0" />
    <testcase name="avgpool2d_10" type_param="double" status="run" result="completed" time="0" timestamp="2021-12-24T21:22:48" classname="TypedDeclarableOpsTests4/0" />
    <testcase name="LrnTest_1" type_param="double" status="run" result="completed" time="0" timestamp="2021-12-24T21:22:48" classname="TypedDeclarableOpsTests4/0" />
    <testcase name="LrnTest_2" type_param="double" status="run" result="completed" time="0" timestamp="2021-12-24T21:22:48" classname="TypedDeclarableOpsTests4/0" />
    <testcase name="LrnTest_3" type_param="double" status="run" result="completed" time="0" timestamp="2021-12-24T21:22:48" classname="TypedDeclarableOpsTests4/0" />
    <testcase name="LrnTest_4" type_param="double" status="run" result="completed" time="0" timestamp="2021-12-24T21:22:48" classname="TypedDeclarableOpsTests4/0" />
    <testcase name="LrnTest_5" type_param="double" status="run" result="completed" time="0" timestamp="2021-12-24T21:22:48" classname="TypedDeclarableOpsTests4/0" />
  </testsuite>
  <testsuite name="TypedDeclarableOpsTests4/1" tests="16" failures="0" disabled="0" errors="0" time="0.001" timestamp="2021-12-24T21:22:48">
    <testcase name="avgpool2d_1" type_param="float" status="run" result="completed" time="0" timestamp="2021-12-24T21:22:48" classname="TypedDeclarableOpsTests4/1" />
    <testcase name="avgpool2d_2" type_param="float" status="run" result="completed" time="0" timestamp="2021-12-24T21:22:48" classname="TypedDeclarableOpsTests4/1" />
    <testcase name="avgpool2d_3" type_param="float" status="run" result="completed" time="0" timestamp="2021-12-24T21:22:48" classname="TypedDeclarableOpsTests4/1" />
    <testcase name="avgpool2d_padded_buffer" type_param="float" status="run" result="completed" time="0" timestamp="2021-12-24T21:22:48" classname="TypedDeclarableOpsTests4/1" />
    <testcase name="avgpool2d_4" type_param="float" status="run" result="completed" time="0" timestamp="2021-12-24T21:22:48" classname="TypedDeclarableOpsTests4/1" />
    <testcase name="avgpool2d_5" type_param="float" status="run" result="completed" time="0" timestamp="2021-12-24T21:22:48" classname="TypedDeclarableOpsTests4/1" />
    <testcase name="avgpool2d_6" type_param="float" status="run" result="completed" time="0" timestamp="2021-12-24T21:22:48" classname="TypedDeclarableOpsTests4/1" />
    <testcase name="avgpool2d_7" type_param="float" status="run" result="completed" time="0" timestamp="2021-12-24T21:22:48" classname="TypedDeclarableOpsTests4/1" />
    <testcase name="avgpool2d_8" type_param="float" status="run" result="completed" time="0" timestamp="2021-12-24T21:22:48" classname="TypedDeclarableOpsTests4/1" />
    <testcase name="avgpool2d_9" type_param="float" status="run" result="completed" time="0" timestamp="2021-12-24T21:22:48" classname="TypedDeclarableOpsTests4/1" />
    <testcase name="avgpool2d_10" type_param="float" status="run" result="completed" time="0" timestamp="2021-12-24T21:22:48" classname="TypedDeclarableOpsTests4/1" />
    <testcase name="LrnTest_1" type_param="float" status="run" result="completed" time="0" timestamp="2021-12-24T21:22:48" classname="TypedDeclarableOpsTests4/1" />
    <testcase name="LrnTest_2" type_param="float" status="run" result="completed" time="0" timestamp="2021-12-24T21:22:48" classname="TypedDeclarableOpsTests4/1" />
    <testcase name="LrnTest_3" type_param="float" status="run" result="completed" time="0.001" timestamp="2021-12-24T21:22:48" classname="TypedDeclarableOpsTests4/1" />
    <testcase name="LrnTest_4" type_param="float" status="run" result="completed" time="0" timestamp="2021-12-24T21:22:48" classname="TypedDeclarableOpsTests4/1" />
    <testcase name="LrnTest_5" type_param="float" status="run" result="completed" time="0" timestamp="2021-12-24T21:22:48" classname="TypedDeclarableOpsTests4/1" />
  </testsuite>
  <testsuite name="DeclarableOpsTests4" tests="86" failures="13" disabled="0" errors="0" time="0.009" timestamp="2021-12-24T21:22:48">
    <testcase name="avgpool2d_11" status="run" result="completed" time="0" timestamp="2021-12-24T21:22:48" classname="DeclarableOpsTests4" />
    <testcase name="avgpool2d_12" status="run" result="completed" time="0.002" timestamp="2021-12-24T21:22:48" classname="DeclarableOpsTests4" />
    <testcase name="avgpool2d_13" status="run" result="completed" time="0.003" timestamp="2021-12-24T21:22:48" classname="DeclarableOpsTests4" />
    <testcase name="avgpool2d_14" status="run" result="completed" time="0.001" timestamp="2021-12-24T21:22:48" classname="DeclarableOpsTests4" />
    <testcase name="Avgpool2d_test15" status="run" result="completed" time="0" timestamp="2021-12-24T21:22:48" classname="DeclarableOpsTests4" />
    <testcase name="avgpool2d_16" status="run" result="completed" time="0" timestamp="2021-12-24T21:22:48" classname="DeclarableOpsTests4" />
    <testcase name="biasadd_1" status="run" result="completed" time="0" timestamp="2021-12-24T21:22:48" classname="DeclarableOpsTests4" />
    <testcase name="biasadd_2" status="run" result="completed" time="0" timestamp="2021-12-24T21:22:48" classname="DeclarableOpsTests4" />
    <testcase name="biasadd_3" status="run" result="completed" time="0" timestamp="2021-12-24T21:22:48" classname="DeclarableOpsTests4" />
    <testcase name="biasadd_bp_1" status="run" result="completed" time="0" timestamp="2021-12-24T21:22:48" classname="DeclarableOpsTests4" />
    <testcase name="biasadd_bp_2" status="run" result="completed" time="0" timestamp="2021-12-24T21:22:48" classname="DeclarableOpsTests4" />
    <testcase name="biasadd_4" status="run" result="completed" time="0" timestamp="2021-12-24T21:22:48" classname="DeclarableOpsTests4" />
    <testcase name="Test_Fill_1" status="run" result="completed" time="0" timestamp="2021-12-24T21:22:48" classname="DeclarableOpsTests4" />
    <testcase name="Test_FirasSparce_1" status="run" result="completed" time="0" timestamp="2021-12-24T21:22:48" classname="DeclarableOpsTests4" />
    <testcase name="Test_FlattenTests_1" status="run" result="completed" time="0" timestamp="2021-12-24T21:22:48" classname="DeclarableOpsTests4" />
    <testcase name="Test_FlattenTests_2" status="run" result="completed" time="0" timestamp="2021-12-24T21:22:48" classname="DeclarableOpsTests4" />
    <testcase name="Test_FlattenTests_3" status="run" result="completed" time="0" timestamp="2021-12-24T21:22:48" classname="DeclarableOpsTests4" />
    <testcase name="Test_FlattenTests_4" status="run" result="completed" time="0" timestamp="2021-12-24T21:22:48" classname="DeclarableOpsTests4" />
    <testcase name="Test_FloorTests_1" status="run" result="completed" time="0" timestamp="2021-12-24T21:22:48" classname="DeclarableOpsTests4" />
    <testcase name="Test_Split_1" status="run" result="completed" time="0" timestamp="2021-12-24T21:22:48" classname="DeclarableOpsTests4" />
    <testcase name="Test_Split_2" status="run" result="completed" time="0" timestamp="2021-12-24T21:22:48" classname="DeclarableOpsTests4" />
    <testcase name="Test_Split_3" status="run" result="completed" time="0.001" timestamp="2021-12-24T21:22:48" classname="DeclarableOpsTests4" />
    <testcase name="split_test4" status="run" result="completed" time="0" timestamp="2021-12-24T21:22:48" classname="DeclarableOpsTests4" />
    <testcase name="split_test5" status="run" result="completed" time="0" timestamp="2021-12-24T21:22:48" classname="DeclarableOpsTests4" />
    <testcase name="split_test6" status="run" result="completed" time="0" timestamp="2021-12-24T21:22:48" classname="DeclarableOpsTests4" />
    <testcase name="split_test7" status="run" result="completed" time="0" timestamp="2021-12-24T21:22:48" classname="DeclarableOpsTests4" />
    <testcase name="Test_Squeeze_args_1" status="run" result="completed" time="0" timestamp="2021-12-24T21:22:48" classname="DeclarableOpsTests4" />
    <testcase name="Test_Squeeze_args_2" status="run" result="completed" time="0" timestamp="2021-12-24T21:22:48" classname="DeclarableOpsTests4" />
    <testcase name="Test_Squeeze_args_3" status="run" result="completed" time="0" timestamp="2021-12-24T21:22:48" classname="DeclarableOpsTests4" />
    <testcase name="Test_SpaceToDepth_1" status="run" result="completed" time="0" timestamp="2021-12-24T21:22:48" classname="DeclarableOpsTests4" />
    <testcase name="Test_SpaceToDepth_2" status="run" result="completed" time="0" timestamp="2021-12-24T21:22:48" classname="DeclarableOpsTests4" />
    <testcase name="Test_DepthToSpace_1" status="run" result="completed" time="0" timestamp="2021-12-24T21:22:48" classname="DeclarableOpsTests4" />
    <testcase name="Test_DepthToSpace_2" status="run" result="completed" time="0" timestamp="2021-12-24T21:22:48" classname="DeclarableOpsTests4" />
    <testcase name="Test_DepthToSpace_3" status="run" result="completed" time="0" timestamp="2021-12-24T21:22:48" classname="DeclarableOpsTests4" />
    <testcase name="Test_Cross_1" status="run" result="completed" time="0" timestamp="2021-12-24T21:22:48" classname="DeclarableOpsTests4" />
    <testcase name="Test_Cross_2" status="run" result="completed" time="0" timestamp="2021-12-24T21:22:48" classname="DeclarableOpsTests4" />
    <testcase name="Test_Cross_3" status="run" result="completed" time="0" timestamp="2021-12-24T21:22:48" classname="DeclarableOpsTests4" />
    <testcase name="Test_Add_119" status="run" result="completed" time="0" timestamp="2021-12-24T21:22:48" classname="DeclarableOpsTests4" />
    <testcase name="Test_TileToShape_1" status="run" result="completed" time="0" timestamp="2021-12-24T21:22:48" classname="DeclarableOpsTests4" />
    <testcase name="Test_StridedSlice_Alex_1" status="run" result="completed" time="0" timestamp="2021-12-24T21:22:48" classname="DeclarableOpsTests4" />
    <testcase name="Test_StridedSlice_Alex_2" status="run" result="completed" time="0" timestamp="2021-12-24T21:22:48" classname="DeclarableOpsTests4" />
    <testcase name="Test_StridedSlice_Alex_3" status="run" result="completed" time="0" timestamp="2021-12-24T21:22:48" classname="DeclarableOpsTests4" />
    <testcase name="Test_StridedSlice_Alex_4" status="run" result="completed" time="0" timestamp="2021-12-24T21:22:48" classname="DeclarableOpsTests4" />
    <testcase name="parallel_stack_test1" status="run" result="completed" time="0" timestamp="2021-12-24T21:22:48" classname="DeclarableOpsTests4" />
    <testcase name="parallel_stack_test2" status="run" result="completed" time="0" timestamp="2021-12-24T21:22:48" classname="DeclarableOpsTests4" />
    <testcase name="parallel_stack_test3" status="run" result="completed" time="0" timestamp="2021-12-24T21:22:48" classname="DeclarableOpsTests4" />
    <testcase name="parallel_stack_test4" status="run" result="completed" time="0" timestamp="2021-12-24T21:22:48" classname="DeclarableOpsTests4" />
    <testcase name="parallel_stack_test5" status="run" result="completed" time="0" timestamp="2021-12-24T21:22:48" classname="DeclarableOpsTests4" />
    <testcase name="parallel_stack_test6" status="run" result="completed" time="0" timestamp="2021-12-24T21:22:48" classname="DeclarableOpsTests4" />
    <testcase name="parallel_stack_test7" status="run" result="completed" time="0" timestamp="2021-12-24T21:22:48" classname="DeclarableOpsTests4" />
    <testcase name="meshgrid_test1" status="run" result="completed" time="0" timestamp="2021-12-24T21:22:48" classname="DeclarableOpsTests4" />
    <testcase name="meshgrid_test2" status="run" result="completed" time="0" timestamp="2021-12-24T21:22:48" classname="DeclarableOpsTests4" />
    <testcase name="meshgrid_test3" status="run" result="completed" time="0" timestamp="2021-12-24T21:22:48" classname="DeclarableOpsTests4" />
    <testcase name="meshgrid_test4" status="run" result="completed" time="0" timestamp="2021-12-24T21:22:48" classname="DeclarableOpsTests4" />
    <testcase name="meshgrid_test5" status="run" result="completed" time="0" timestamp="2021-12-24T21:22:48" classname="DeclarableOpsTests4" />
    <testcase name="meshgrid_test6" status="run" result="completed" time="0" timestamp="2021-12-24T21:22:48" classname="DeclarableOpsTests4" />
    <testcase name="meshgrid_test7" status="run" result="completed" time="0" timestamp="2021-12-24T21:22:48" classname="DeclarableOpsTests4" />
    <testcase name="meshgrid_test8" status="run" result="completed" time="0" timestamp="2021-12-24T21:22:48" classname="DeclarableOpsTests4" />
    <testcase name="meshgrid_test9" status="run" result="completed" time="0" timestamp="2021-12-24T21:22:48" classname="DeclarableOpsTests4" />
    <testcase name="WeightedCrossEntropyWithLogits_1" status="run" result="completed" time="0" timestamp="2021-12-24T21:22:48" classname="DeclarableOpsTests4" />
    <testcase name="WeightedCrossEntropyWithLogits_2" status="run" result="completed" time="0" timestamp="2021-12-24T21:22:48" classname="DeclarableOpsTests4" />
    <testcase name="lstm_test1" status="run" result="completed" time="0" timestamp="2021-12-24T21:22:48" classname="DeclarableOpsTests4" />
    <testcase name="relu6_test1" status="run" result="completed" time="0" timestamp="2021-12-24T21:22:48" classname="DeclarableOpsTests4" />
    <testcase name="relu6_bp_test1" status="run" result="completed" time="0" timestamp="2021-12-24T21:22:48" classname="DeclarableOpsTests4" />
    <testcase name="tri_test1" status="run" result="completed" time="0" timestamp="2021-12-24T21:22:48" classname="DeclarableOpsTests4">
      <failure message="/home/agibsonccc/Documents/GitHub/deeplearning4j/libnd4j/tests_cpu/layers_tests/DeclarableOpsTests4.cpp:2030&#x0A;Value of: expected.equalsTo(output)&#x0A;  Actual: false&#x0A;Expected: true" type=""><![CDATA[/home/agibsonccc/Documents/GitHub/deeplearning4j/libnd4j/tests_cpu/layers_tests/DeclarableOpsTests4.cpp:2030
Value of: expected.equalsTo(output)
  Actual: false
Expected: true]]></failure>
    </testcase>
    <testcase name="tri_test2" status="run" result="completed" time="0" timestamp="2021-12-24T21:22:48" classname="DeclarableOpsTests4" />
    <testcase name="tri_test3" status="run" result="completed" time="0" timestamp="2021-12-24T21:22:48" classname="DeclarableOpsTests4">
      <failure message="/home/agibsonccc/Documents/GitHub/deeplearning4j/libnd4j/tests_cpu/layers_tests/DeclarableOpsTests4.cpp:2068&#x0A;Value of: expected.equalsTo(output)&#x0A;  Actual: false&#x0A;Expected: true" type=""><![CDATA[/home/agibsonccc/Documents/GitHub/deeplearning4j/libnd4j/tests_cpu/layers_tests/DeclarableOpsTests4.cpp:2068
Value of: expected.equalsTo(output)
  Actual: false
Expected: true]]></failure>
    </testcase>
    <testcase name="tri_test4" status="run" result="completed" time="0" timestamp="2021-12-24T21:22:48" classname="DeclarableOpsTests4">
      <failure message="/home/agibsonccc/Documents/GitHub/deeplearning4j/libnd4j/tests_cpu/layers_tests/DeclarableOpsTests4.cpp:2087&#x0A;Value of: expected.equalsTo(output)&#x0A;  Actual: false&#x0A;Expected: true" type=""><![CDATA[/home/agibsonccc/Documents/GitHub/deeplearning4j/libnd4j/tests_cpu/layers_tests/DeclarableOpsTests4.cpp:2087
Value of: expected.equalsTo(output)
  Actual: false
Expected: true]]></failure>
    </testcase>
    <testcase name="tri_test5" status="run" result="completed" time="0" timestamp="2021-12-24T21:22:48" classname="DeclarableOpsTests4">
      <failure message="/home/agibsonccc/Documents/GitHub/deeplearning4j/libnd4j/tests_cpu/layers_tests/DeclarableOpsTests4.cpp:2105&#x0A;Value of: expected.equalsTo(output)&#x0A;  Actual: false&#x0A;Expected: true" type=""><![CDATA[/home/agibsonccc/Documents/GitHub/deeplearning4j/libnd4j/tests_cpu/layers_tests/DeclarableOpsTests4.cpp:2105
Value of: expected.equalsTo(output)
  Actual: false
Expected: true]]></failure>
    </testcase>
    <testcase name="tri_test6" status="run" result="completed" time="0" timestamp="2021-12-24T21:22:48" classname="DeclarableOpsTests4" />
    <testcase name="tri_test7" status="run" result="completed" time="0" timestamp="2021-12-24T21:22:48" classname="DeclarableOpsTests4" />
    <testcase name="triu_test1" status="run" result="completed" time="0" timestamp="2021-12-24T21:22:48" classname="DeclarableOpsTests4">
      <failure message="/home/agibsonccc/Documents/GitHub/deeplearning4j/libnd4j/tests_cpu/layers_tests/DeclarableOpsTests4.cpp:2158&#x0A;Value of: expected.equalsTo(output)&#x0A;  Actual: false&#x0A;Expected: true" type=""><![CDATA[/home/agibsonccc/Documents/GitHub/deeplearning4j/libnd4j/tests_cpu/layers_tests/DeclarableOpsTests4.cpp:2158
Value of: expected.equalsTo(output)
  Actual: false
Expected: true]]></failure>
    </testcase>
    <testcase name="triu_test2" status="run" result="completed" time="0" timestamp="2021-12-24T21:22:48" classname="DeclarableOpsTests4" />
    <testcase name="triu_test3" status="run" result="completed" time="0" timestamp="2021-12-24T21:22:48" classname="DeclarableOpsTests4">
      <failure message="/home/agibsonccc/Documents/GitHub/deeplearning4j/libnd4j/tests_cpu/layers_tests/DeclarableOpsTests4.cpp:2188&#x0A;Value of: expected.equalsTo(output)&#x0A;  Actual: false&#x0A;Expected: true" type=""><![CDATA[/home/agibsonccc/Documents/GitHub/deeplearning4j/libnd4j/tests_cpu/layers_tests/DeclarableOpsTests4.cpp:2188
Value of: expected.equalsTo(output)
  Actual: false
Expected: true]]></failure>
    </testcase>
    <testcase name="triu_test4" status="run" result="completed" time="0" timestamp="2021-12-24T21:22:48" classname="DeclarableOpsTests4">
      <failure message="/home/agibsonccc/Documents/GitHub/deeplearning4j/libnd4j/tests_cpu/layers_tests/DeclarableOpsTests4.cpp:2203&#x0A;Value of: expected.equalsTo(output)&#x0A;  Actual: false&#x0A;Expected: true" type=""><![CDATA[/home/agibsonccc/Documents/GitHub/deeplearning4j/libnd4j/tests_cpu/layers_tests/DeclarableOpsTests4.cpp:2203
Value of: expected.equalsTo(output)
  Actual: false
Expected: true]]></failure>
    </testcase>
    <testcase name="triu_test5" status="run" result="completed" time="0" timestamp="2021-12-24T21:22:48" classname="DeclarableOpsTests4">
      <failure message="/home/agibsonccc/Documents/GitHub/deeplearning4j/libnd4j/tests_cpu/layers_tests/DeclarableOpsTests4.cpp:2218&#x0A;Value of: expected.equalsTo(output)&#x0A;  Actual: false&#x0A;Expected: true" type=""><![CDATA[/home/agibsonccc/Documents/GitHub/deeplearning4j/libnd4j/tests_cpu/layers_tests/DeclarableOpsTests4.cpp:2218
Value of: expected.equalsTo(output)
  Actual: false
Expected: true]]></failure>
    </testcase>
    <testcase name="triu_test6" status="run" result="completed" time="0" timestamp="2021-12-24T21:22:48" classname="DeclarableOpsTests4" />
    <testcase name="triu_test7" status="run" result="completed" time="0" timestamp="2021-12-24T21:22:48" classname="DeclarableOpsTests4" />
    <testcase name="triu_test8" status="run" result="completed" time="0" timestamp="2021-12-24T21:22:48" classname="DeclarableOpsTests4">
      <failure message="/home/agibsonccc/Documents/GitHub/deeplearning4j/libnd4j/tests_cpu/layers_tests/DeclarableOpsTests4.cpp:2264&#x0A;Value of: expected.equalsTo(output)&#x0A;  Actual: false&#x0A;Expected: true" type=""><![CDATA[/home/agibsonccc/Documents/GitHub/deeplearning4j/libnd4j/tests_cpu/layers_tests/DeclarableOpsTests4.cpp:2264
Value of: expected.equalsTo(output)
  Actual: false
Expected: true]]></failure>
    </testcase>
    <testcase name="triu_test9" status="run" result="completed" time="0" timestamp="2021-12-24T21:22:48" classname="DeclarableOpsTests4" />
    <testcase name="triu_test10" status="run" result="completed" time="0" timestamp="2021-12-24T21:22:48" classname="DeclarableOpsTests4">
      <failure message="/home/agibsonccc/Documents/GitHub/deeplearning4j/libnd4j/tests_cpu/layers_tests/DeclarableOpsTests4.cpp:2296&#x0A;Value of: expected.equalsTo(output)&#x0A;  Actual: false&#x0A;Expected: true" type=""><![CDATA[/home/agibsonccc/Documents/GitHub/deeplearning4j/libnd4j/tests_cpu/layers_tests/DeclarableOpsTests4.cpp:2296
Value of: expected.equalsTo(output)
  Actual: false
Expected: true]]></failure>
    </testcase>
    <testcase name="triu_test11" status="run" result="completed" time="0" timestamp="2021-12-24T21:22:48" classname="DeclarableOpsTests4" />
    <testcase name="triu_bp_test1" status="run" result="completed" time="0" timestamp="2021-12-24T21:22:48" classname="DeclarableOpsTests4">
      <failure message="/home/agibsonccc/Documents/GitHub/deeplearning4j/libnd4j/tests_cpu/layers_tests/DeclarableOpsTests4.cpp:2330&#x0A;Value of: expected.equalsTo(gradI)&#x0A;  Actual: false&#x0A;Expected: true" type=""><![CDATA[/home/agibsonccc/Documents/GitHub/deeplearning4j/libnd4j/tests_cpu/layers_tests/DeclarableOpsTests4.cpp:2330
Value of: expected.equalsTo(gradI)
  Actual: false
Expected: true]]></failure>
    </testcase>
    <testcase name="triu_bp_test2" status="run" result="completed" time="0" timestamp="2021-12-24T21:22:48" classname="DeclarableOpsTests4">
      <failure message="/home/agibsonccc/Documents/GitHub/deeplearning4j/libnd4j/tests_cpu/layers_tests/DeclarableOpsTests4.cpp:2349&#x0A;Value of: expected.equalsTo(gradI)&#x0A;  Actual: false&#x0A;Expected: true" type=""><![CDATA[/home/agibsonccc/Documents/GitHub/deeplearning4j/libnd4j/tests_cpu/layers_tests/DeclarableOpsTests4.cpp:2349
Value of: expected.equalsTo(gradI)
  Actual: false
Expected: true]]></failure>
    </testcase>
    <testcase name="triu_bp_test3" status="run" result="completed" time="0" timestamp="2021-12-24T21:22:48" classname="DeclarableOpsTests4">
      <failure message="unknown file&#x0A;C++ exception with description &quot;NDArray::assign: lengths of arrays are mismatched&quot; thrown in the test body." type=""><![CDATA[unknown file
C++ exception with description "NDArray::assign: lengths of arrays are mismatched" thrown in the test body.]]></failure>
    </testcase>
    <testcase name="triu_bp_test4" status="run" result="completed" time="0" timestamp="2021-12-24T21:22:48" classname="DeclarableOpsTests4" />
  </testsuite>
  <testsuite name="DeclarableOpsTests5" tests="139" failures="0" disabled="0" errors="0" time="0.017" timestamp="2021-12-24T21:22:48">
    <testcase name="Test_PermuteEquality_1" status="run" result="completed" time="0" timestamp="2021-12-24T21:22:48" classname="DeclarableOpsTests5" />
    <testcase name="Test_PermuteEquality_0" status="run" result="completed" time="0" timestamp="2021-12-24T21:22:48" classname="DeclarableOpsTests5" />
    <testcase name="Test_PermuteEquality_2" status="run" result="completed" time="0" timestamp="2021-12-24T21:22:48" classname="DeclarableOpsTests5" />
    <testcase name="Test_PermuteEquality_3" status="run" result="completed" time="0" timestamp="2021-12-24T21:22:48" classname="DeclarableOpsTests5" />
    <testcase name="Test_PermuteEquality_4" status="run" result="completed" time="0" timestamp="2021-12-24T21:22:48" classname="DeclarableOpsTests5" />
    <testcase name="Test_PermuteEquality_5" status="run" result="completed" time="0" timestamp="2021-12-24T21:22:48" classname="DeclarableOpsTests5" />
    <testcase name="Test_TTS_bp_1" status="run" result="completed" time="0.001" timestamp="2021-12-24T21:22:48" classname="DeclarableOpsTests5" />
    <testcase name="Test_Rdiv_bp_1" status="run" result="completed" time="0" timestamp="2021-12-24T21:22:48" classname="DeclarableOpsTests5" />
    <testcase name="Test_Boolean_diff_1" status="run" result="completed" time="0" timestamp="2021-12-24T21:22:48" classname="DeclarableOpsTests5" />
    <testcase name="Test_SetSeed_1" status="run" result="completed" time="0" timestamp="2021-12-24T21:22:48" classname="DeclarableOpsTests5" />
    <testcase name="scatterMul_test1" status="run" result="completed" time="0" timestamp="2021-12-24T21:22:48" classname="DeclarableOpsTests5" />
    <testcase name="scatterDiv_test1" status="run" result="completed" time="0" timestamp="2021-12-24T21:22:48" classname="DeclarableOpsTests5" />
    <testcase name="scatterSub_test1" status="run" result="completed" time="0" timestamp="2021-12-24T21:22:48" classname="DeclarableOpsTests5" />
    <testcase name="hardsigmoid_test1" status="run" result="completed" time="0" timestamp="2021-12-24T21:22:48" classname="DeclarableOpsTests5" />
    <testcase name="hardsigmoid_test2" status="run" result="completed" time="0" timestamp="2021-12-24T21:22:48" classname="DeclarableOpsTests5" />
    <testcase name="hardtanh_test1" status="run" result="completed" time="0" timestamp="2021-12-24T21:22:48" classname="DeclarableOpsTests5" />
    <testcase name="hardtanh_test2" status="run" result="completed" time="0" timestamp="2021-12-24T21:22:48" classname="DeclarableOpsTests5" />
    <testcase name="histogram_test1" status="run" result="completed" time="0" timestamp="2021-12-24T21:22:48" classname="DeclarableOpsTests5" />
    <testcase name="histogram_test2" status="run" result="completed" time="0" timestamp="2021-12-24T21:22:48" classname="DeclarableOpsTests5" />
    <testcase name="Identity_test1" status="run" result="completed" time="0" timestamp="2021-12-24T21:22:48" classname="DeclarableOpsTests5" />
    <testcase name="Identity_test2" status="run" result="completed" time="0" timestamp="2021-12-24T21:22:48" classname="DeclarableOpsTests5" />
    <testcase name="Log1p_test1" status="run" result="completed" time="0" timestamp="2021-12-24T21:22:48" classname="DeclarableOpsTests5" />
    <testcase name="Test_SpaceToBatch_1" status="run" result="completed" time="0" timestamp="2021-12-24T21:22:48" classname="DeclarableOpsTests5" />
    <testcase name="Test_SpaceToBatch_2" status="run" result="completed" time="0" timestamp="2021-12-24T21:22:48" classname="DeclarableOpsTests5" />
    <testcase name="Test_SpaceToBatch_3" status="run" result="completed" time="0.001" timestamp="2021-12-24T21:22:48" classname="DeclarableOpsTests5" />
    <testcase name="Test_SpaceToBatch_4" status="run" result="completed" time="0" timestamp="2021-12-24T21:22:48" classname="DeclarableOpsTests5" />
    <testcase name="Test_BatchToSpace_1" status="run" result="completed" time="0" timestamp="2021-12-24T21:22:48" classname="DeclarableOpsTests5" />
    <testcase name="Test_BatchToSpace_2" status="run" result="completed" time="0" timestamp="2021-12-24T21:22:48" classname="DeclarableOpsTests5" />
    <testcase name="Test_BatchToSpace_3" status="run" result="completed" time="0" timestamp="2021-12-24T21:22:48" classname="DeclarableOpsTests5" />
    <testcase name="Test_BatchToSpace_4" status="run" result="completed" time="0" timestamp="2021-12-24T21:22:48" classname="DeclarableOpsTests5" />
    <testcase name="eye_test1" status="run" result="completed" time="0" timestamp="2021-12-24T21:22:48" classname="DeclarableOpsTests5" />
    <testcase name="eye_test2" status="run" result="completed" time="0" timestamp="2021-12-24T21:22:48" classname="DeclarableOpsTests5" />
    <testcase name="eye_test3" status="run" result="completed" time="0" timestamp="2021-12-24T21:22:48" classname="DeclarableOpsTests5" />
    <testcase name="eye_test4" status="run" result="completed" time="0" timestamp="2021-12-24T21:22:48" classname="DeclarableOpsTests5" />
    <testcase name="eye_test5" status="run" result="completed" time="0" timestamp="2021-12-24T21:22:48" classname="DeclarableOpsTests5" />
    <testcase name="gatherNd_test1" status="run" result="completed" time="0" timestamp="2021-12-24T21:22:48" classname="DeclarableOpsTests5" />
    <testcase name="gatherNd_test2" status="run" result="completed" time="0" timestamp="2021-12-24T21:22:48" classname="DeclarableOpsTests5" />
    <testcase name="gatherNd_test3" status="run" result="completed" time="0" timestamp="2021-12-24T21:22:48" classname="DeclarableOpsTests5" />
    <testcase name="gatherNd_test4" status="run" result="completed" time="0" timestamp="2021-12-24T21:22:48" classname="DeclarableOpsTests5" />
    <testcase name="gatherNd_test5" status="run" result="completed" time="0" timestamp="2021-12-24T21:22:48" classname="DeclarableOpsTests5" />
    <testcase name="gatherNd_test6" status="run" result="completed" time="0" timestamp="2021-12-24T21:22:48" classname="DeclarableOpsTests5" />
    <testcase name="gatherNd_test7" status="run" result="completed" time="0" timestamp="2021-12-24T21:22:48" classname="DeclarableOpsTests5" />
    <testcase name="gatherNd_test8" status="run" result="completed" time="0.001" timestamp="2021-12-24T21:22:48" classname="DeclarableOpsTests5" />
    <testcase name="gatherNd_test9" status="run" result="completed" time="0" timestamp="2021-12-24T21:22:48" classname="DeclarableOpsTests5" />
    <testcase name="gatherNd_test10" status="run" result="completed" time="0" timestamp="2021-12-24T21:22:48" classname="DeclarableOpsTests5" />
    <testcase name="gatherNd_test11" status="run" result="completed" time="0" timestamp="2021-12-24T21:22:48" classname="DeclarableOpsTests5" />
    <testcase name="reverse_sequense_test1" status="run" result="completed" time="0" timestamp="2021-12-24T21:22:48" classname="DeclarableOpsTests5" />
    <testcase name="reverse_sequense_test2" status="run" result="completed" time="0" timestamp="2021-12-24T21:22:48" classname="DeclarableOpsTests5" />
    <testcase name="reverse_sequense_test3" status="run" result="completed" time="0" timestamp="2021-12-24T21:22:48" classname="DeclarableOpsTests5" />
    <testcase name="reverse_sequense_test4" status="run" result="completed" time="0" timestamp="2021-12-24T21:22:48" classname="DeclarableOpsTests5" />
    <testcase name="reverse_sequense_test5" status="run" result="completed" time="0" timestamp="2021-12-24T21:22:48" classname="DeclarableOpsTests5" />
    <testcase name="reverse_sequense_test6" status="run" result="completed" time="0" timestamp="2021-12-24T21:22:48" classname="DeclarableOpsTests5" />
    <testcase name="reverse_sequense_test7" status="run" result="completed" time="0" timestamp="2021-12-24T21:22:48" classname="DeclarableOpsTests5" />
    <testcase name="reverse_sequense_test8" status="run" result="completed" time="0" timestamp="2021-12-24T21:22:48" classname="DeclarableOpsTests5" />
    <testcase name="reverse_sequense_test9" status="run" result="completed" time="0" timestamp="2021-12-24T21:22:48" classname="DeclarableOpsTests5" />
    <testcase name="reverse_sequense_test10" status="run" result="completed" time="0" timestamp="2021-12-24T21:22:48" classname="DeclarableOpsTests5" />
    <testcase name="reverse_sequense_test11" status="run" result="completed" time="0" timestamp="2021-12-24T21:22:48" classname="DeclarableOpsTests5" />
    <testcase name="reverse_sequense_test12" status="run" result="completed" time="0" timestamp="2021-12-24T21:22:48" classname="DeclarableOpsTests5" />
    <testcase name="reverse_sequense_test13" status="run" result="completed" time="0" timestamp="2021-12-24T21:22:48" classname="DeclarableOpsTests5" />
    <testcase name="reverse_sequense_test14" status="run" result="completed" time="0" timestamp="2021-12-24T21:22:48" classname="DeclarableOpsTests5" />
    <testcase name="Test_TopK_0" status="run" result="completed" time="0.001" timestamp="2021-12-24T21:22:48" classname="DeclarableOpsTests5" />
    <testcase name="Test_TopK_1" status="run" result="completed" time="0" timestamp="2021-12-24T21:22:48" classname="DeclarableOpsTests5" />
    <testcase name="Test_TopK_2" status="run" result="completed" time="0" timestamp="2021-12-24T21:22:48" classname="DeclarableOpsTests5" />
    <testcase name="Test_TopK_3" status="run" result="completed" time="0" timestamp="2021-12-24T21:22:48" classname="DeclarableOpsTests5" />
    <testcase name="Test_TopK_3_unsorted" status="run" result="completed" time="0" timestamp="2021-12-24T21:22:48" classname="DeclarableOpsTests5" />
    <testcase name="Test_TopK_4" status="run" result="completed" time="0" timestamp="2021-12-24T21:22:48" classname="DeclarableOpsTests5" />
    <testcase name="Test_TopK_5" status="run" result="completed" time="0.001" timestamp="2021-12-24T21:22:48" classname="DeclarableOpsTests5" />
    <testcase name="Test_Moments_1" status="run" result="completed" time="0" timestamp="2021-12-24T21:22:48" classname="DeclarableOpsTests5" />
    <testcase name="Test_Moments_2" status="run" result="completed" time="0" timestamp="2021-12-24T21:22:48" classname="DeclarableOpsTests5" />
    <testcase name="Test_Moments_3" status="run" result="completed" time="0" timestamp="2021-12-24T21:22:48" classname="DeclarableOpsTests5" />
    <testcase name="Test_Moments_4" status="run" result="completed" time="0" timestamp="2021-12-24T21:22:48" classname="DeclarableOpsTests5" />
    <testcase name="trace_test1" status="run" result="completed" time="0" timestamp="2021-12-24T21:22:48" classname="DeclarableOpsTests5" />
    <testcase name="trace_test2" status="run" result="completed" time="0" timestamp="2021-12-24T21:22:48" classname="DeclarableOpsTests5" />
    <testcase name="trace_test3" status="run" result="completed" time="0" timestamp="2021-12-24T21:22:48" classname="DeclarableOpsTests5" />
    <testcase name="trace_test4" status="run" result="completed" time="0" timestamp="2021-12-24T21:22:48" classname="DeclarableOpsTests5" />
    <testcase name="trace_test5" status="run" result="completed" time="0" timestamp="2021-12-24T21:22:48" classname="DeclarableOpsTests5" />
    <testcase name="random_shuffle_test1" status="run" result="completed" time="0" timestamp="2021-12-24T21:22:48" classname="DeclarableOpsTests5" />
    <testcase name="random_shuffle_test2" status="run" result="completed" time="0" timestamp="2021-12-24T21:22:48" classname="DeclarableOpsTests5" />
    <testcase name="random_shuffle_test3" status="run" result="completed" time="0" timestamp="2021-12-24T21:22:48" classname="DeclarableOpsTests5" />
    <testcase name="random_shuffle_test4" status="run" result="completed" time="0" timestamp="2021-12-24T21:22:48" classname="DeclarableOpsTests5" />
    <testcase name="random_shuffle_test5" status="run" result="completed" time="0" timestamp="2021-12-24T21:22:48" classname="DeclarableOpsTests5" />
    <testcase name="random_shuffle_test6" status="run" result="completed" time="0" timestamp="2021-12-24T21:22:48" classname="DeclarableOpsTests5" />
    <testcase name="random_shuffle_test7" status="run" result="completed" time="0.004" timestamp="2021-12-24T21:22:48" classname="DeclarableOpsTests5" />
    <testcase name="random_shuffle_test8" status="run" result="completed" time="0" timestamp="2021-12-24T21:22:48" classname="DeclarableOpsTests5" />
    <testcase name="random_shuffle_test9" status="run" result="completed" time="0" timestamp="2021-12-24T21:22:48" classname="DeclarableOpsTests5" />
    <testcase name="EmbeddingLookup_1" status="run" result="completed" time="0" timestamp="2021-12-24T21:22:48" classname="DeclarableOpsTests5" />
    <testcase name="EmbeddingLookup_2" status="run" result="completed" time="0" timestamp="2021-12-24T21:22:48" classname="DeclarableOpsTests5" />
    <testcase name="EmbeddingLookup_3" status="run" result="completed" time="0" timestamp="2021-12-24T21:22:48" classname="DeclarableOpsTests5" />
    <testcase name="DynamicPartition_01" status="run" result="completed" time="0" timestamp="2021-12-24T21:22:48" classname="DeclarableOpsTests5" />
    <testcase name="DynamicPartition_1" status="run" result="completed" time="0" timestamp="2021-12-24T21:22:48" classname="DeclarableOpsTests5" />
    <testcase name="DynamicPartition_2" status="run" result="completed" time="0" timestamp="2021-12-24T21:22:48" classname="DeclarableOpsTests5" />
    <testcase name="DynamicPartition_3" status="run" result="completed" time="0" timestamp="2021-12-24T21:22:48" classname="DeclarableOpsTests5" />
    <testcase name="DynamicStitch_empty_1" status="run" result="completed" time="0" timestamp="2021-12-24T21:22:48" classname="DeclarableOpsTests5" />
    <testcase name="DynamicStitch_empty_2" status="run" result="completed" time="0" timestamp="2021-12-24T21:22:48" classname="DeclarableOpsTests5" />
    <testcase name="DynamicStitch_1" status="run" result="completed" time="0" timestamp="2021-12-24T21:22:48" classname="DeclarableOpsTests5" />
    <testcase name="DynamicStitch_2" status="run" result="completed" time="0" timestamp="2021-12-24T21:22:48" classname="DeclarableOpsTests5" />
    <testcase name="fusedBatchNorm_test1" status="run" result="completed" time="0" timestamp="2021-12-24T21:22:48" classname="DeclarableOpsTests5" />
    <testcase name="fusedBatchNorm_test2" status="run" result="completed" time="0" timestamp="2021-12-24T21:22:48" classname="DeclarableOpsTests5" />
    <testcase name="fusedBatchNorm_test3" status="run" result="completed" time="0" timestamp="2021-12-24T21:22:48" classname="DeclarableOpsTests5" />
    <testcase name="fusedBatchNorm_test4" status="run" result="completed" time="0.001" timestamp="2021-12-24T21:22:48" classname="DeclarableOpsTests5" />
    <testcase name="fusedBatchNorm_test5" status="run" result="completed" time="0" timestamp="2021-12-24T21:22:48" classname="DeclarableOpsTests5" />
    <testcase name="confusion_matrix_test1" status="run" result="completed" time="0" timestamp="2021-12-24T21:22:48" classname="DeclarableOpsTests5" />
    <testcase name="confusion_matrix_test2" status="run" result="completed" time="0" timestamp="2021-12-24T21:22:48" classname="DeclarableOpsTests5" />
    <testcase name="confusion_matrix_test3" status="run" result="completed" time="0" timestamp="2021-12-24T21:22:48" classname="DeclarableOpsTests5" />
    <testcase name="confusion_matrix_test4" status="run" result="completed" time="0" timestamp="2021-12-24T21:22:48" classname="DeclarableOpsTests5" />
    <testcase name="ZeroFraction_1" status="run" result="completed" time="0" timestamp="2021-12-24T21:22:48" classname="DeclarableOpsTests5" />
    <testcase name="ZeroFraction_2" status="run" result="completed" time="0" timestamp="2021-12-24T21:22:48" classname="DeclarableOpsTests5" />
    <testcase name="ZeroFraction_3" status="run" result="completed" time="0" timestamp="2021-12-24T21:22:48" classname="DeclarableOpsTests5" />
    <testcase name="XWPlusB_1" status="run" result="completed" time="0" timestamp="2021-12-24T21:22:48" classname="DeclarableOpsTests5" />
    <testcase name="XWPlusB_2" status="run" result="completed" time="0" timestamp="2021-12-24T21:22:48" classname="DeclarableOpsTests5" />
    <testcase name="XWPlusB_3" status="run" result="completed" time="0" timestamp="2021-12-24T21:22:48" classname="DeclarableOpsTests5" />
    <testcase name="XWPlusB_4" status="run" result="completed" time="0" timestamp="2021-12-24T21:22:48" classname="DeclarableOpsTests5" />
    <testcase name="XWPlusB_5" status="run" result="completed" time="0" timestamp="2021-12-24T21:22:48" classname="DeclarableOpsTests5" />
    <testcase name="XWPlusB_6" status="run" result="completed" time="0" timestamp="2021-12-24T21:22:48" classname="DeclarableOpsTests5" />
    <testcase name="XWPlusB_7" status="run" result="completed" time="0" timestamp="2021-12-24T21:22:48" classname="DeclarableOpsTests5" />
    <testcase name="StopGradient_1" status="run" result="completed" time="0" timestamp="2021-12-24T21:22:48" classname="DeclarableOpsTests5" />
    <testcase name="StopGradient_2" status="run" result="completed" time="0" timestamp="2021-12-24T21:22:48" classname="DeclarableOpsTests5" />
    <testcase name="log_softmax_test1" status="run" result="completed" time="0" timestamp="2021-12-24T21:22:48" classname="DeclarableOpsTests5" />
    <testcase name="log_softmax_test2" status="run" result="completed" time="0" timestamp="2021-12-24T21:22:48" classname="DeclarableOpsTests5" />
    <testcase name="log_softmax_test3" status="run" result="completed" time="0" timestamp="2021-12-24T21:22:48" classname="DeclarableOpsTests5" />
    <testcase name="log_softmax_test5" status="run" result="completed" time="0.001" timestamp="2021-12-24T21:22:48" classname="DeclarableOpsTests5" />
    <testcase name="log_softmax_test6" status="run" result="completed" time="0" timestamp="2021-12-24T21:22:48" classname="DeclarableOpsTests5" />
    <testcase name="log_softmax_test7" status="run" result="completed" time="0" timestamp="2021-12-24T21:22:48" classname="DeclarableOpsTests5" />
    <testcase name="log_softmax_test8" status="run" result="completed" time="0" timestamp="2021-12-24T21:22:48" classname="DeclarableOpsTests5" />
    <testcase name="log_softmax_test9" status="run" result="completed" time="0" timestamp="2021-12-24T21:22:48" classname="DeclarableOpsTests5" />
    <testcase name="log_softmax_test10" status="run" result="completed" time="0" timestamp="2021-12-24T21:22:48" classname="DeclarableOpsTests5" />
    <testcase name="log_softmax_test11" status="run" result="completed" time="0" timestamp="2021-12-24T21:22:48" classname="DeclarableOpsTests5" />
    <testcase name="log_softmax_test12" status="run" result="completed" time="0" timestamp="2021-12-24T21:22:48" classname="DeclarableOpsTests5" />
    <testcase name="log_softmax_bp_test1" status="run" result="completed" time="0.005" timestamp="2021-12-24T21:22:48" classname="DeclarableOpsTests5" />
    <testcase name="log_softmax_bp_test2" status="run" result="completed" time="0" timestamp="2021-12-24T21:22:48" classname="DeclarableOpsTests5" />
    <testcase name="ELU_1" status="run" result="completed" time="0" timestamp="2021-12-24T21:22:48" classname="DeclarableOpsTests5" />
    <testcase name="L2_Loss_1" status="run" result="completed" time="0" timestamp="2021-12-24T21:22:48" classname="DeclarableOpsTests5" />
    <testcase name="L2_Loss_2" status="run" result="completed" time="0" timestamp="2021-12-24T21:22:48" classname="DeclarableOpsTests5" />
    <testcase name="L2_Loss_3" status="run" result="completed" time="0" timestamp="2021-12-24T21:22:48" classname="DeclarableOpsTests5" />
    <testcase name="LogPoissonLoss_1" status="run" result="completed" time="0" timestamp="2021-12-24T21:22:48" classname="DeclarableOpsTests5" />
    <testcase name="LogPoissonLoss_2" status="run" result="completed" time="0" timestamp="2021-12-24T21:22:48" classname="DeclarableOpsTests5" />
    <testcase name="NormalizeMoments_1" status="run" result="completed" time="0.001" timestamp="2021-12-24T21:22:48" classname="DeclarableOpsTests5" />
    <testcase name="NormalizeMoments_2" status="run" result="completed" time="0" timestamp="2021-12-24T21:22:48" classname="DeclarableOpsTests5" />
    <testcase name="NormalizeMoments_3" status="run" result="completed" time="0" timestamp="2021-12-24T21:22:48" classname="DeclarableOpsTests5" />
  </testsuite>
  <testsuite name="DeclarableOpsTests6" tests="102" failures="0" disabled="0" errors="0" time="0.022" timestamp="2021-12-24T21:22:48">
    <testcase name="Test_StridedSlice_Once_Again_1" status="run" result="completed" time="0" timestamp="2021-12-24T21:22:48" classname="DeclarableOpsTests6" />
    <testcase name="Test_StridedSlice_Once_Again_2" status="run" result="completed" time="0" timestamp="2021-12-24T21:22:48" classname="DeclarableOpsTests6" />
    <testcase name="Test_StridedSlice_Once_Again_3" status="run" result="completed" time="0" timestamp="2021-12-24T21:22:48" classname="DeclarableOpsTests6" />
    <testcase name="Test_StridedSlice_Once_Again_4" status="run" result="completed" time="0" timestamp="2021-12-24T21:22:48" classname="DeclarableOpsTests6" />
    <testcase name="Test_StridedSlice_Once_Again_04" status="run" result="completed" time="0" timestamp="2021-12-24T21:22:48" classname="DeclarableOpsTests6" />
    <testcase name="Test_StridedSlice_Once_Again_5" status="run" result="completed" time="0" timestamp="2021-12-24T21:22:48" classname="DeclarableOpsTests6" />
    <testcase name="Test_StridedSlice_Once_Again_6" status="run" result="completed" time="0" timestamp="2021-12-24T21:22:48" classname="DeclarableOpsTests6" />
    <testcase name="Test_StridedSlice_Once_Again_7" status="run" result="completed" time="0" timestamp="2021-12-24T21:22:48" classname="DeclarableOpsTests6" />
    <testcase name="Test_StridedSlice_BP_1" status="run" result="completed" time="0" timestamp="2021-12-24T21:22:48" classname="DeclarableOpsTests6" />
    <testcase name="Test_StridedSlice_BP_2" status="run" result="completed" time="0" timestamp="2021-12-24T21:22:48" classname="DeclarableOpsTests6" />
    <testcase name="Test_StridedSlice_BP_3" status="run" result="completed" time="0.002" timestamp="2021-12-24T21:22:48" classname="DeclarableOpsTests6" />
    <testcase name="Test_Simple_Scalar_1" status="run" result="completed" time="0" timestamp="2021-12-24T21:22:48" classname="DeclarableOpsTests6" />
    <testcase name="Test_Order_1" status="run" result="completed" time="0" timestamp="2021-12-24T21:22:48" classname="DeclarableOpsTests6" />
    <testcase name="cumSum_1" status="run" result="completed" time="0" timestamp="2021-12-24T21:22:48" classname="DeclarableOpsTests6" />
    <testcase name="cumSum_2" status="run" result="completed" time="0" timestamp="2021-12-24T21:22:48" classname="DeclarableOpsTests6" />
    <testcase name="cumSum_3" status="run" result="completed" time="0" timestamp="2021-12-24T21:22:48" classname="DeclarableOpsTests6" />
    <testcase name="cumSum_4" status="run" result="completed" time="0" timestamp="2021-12-24T21:22:48" classname="DeclarableOpsTests6" />
    <testcase name="cumSum_5" status="run" result="completed" time="0" timestamp="2021-12-24T21:22:48" classname="DeclarableOpsTests6" />
    <testcase name="cumSum_6" status="run" result="completed" time="0" timestamp="2021-12-24T21:22:48" classname="DeclarableOpsTests6" />
    <testcase name="cumSum_7" status="run" result="completed" time="0" timestamp="2021-12-24T21:22:48" classname="DeclarableOpsTests6" />
    <testcase name="cumSum_8" status="run" result="completed" time="0" timestamp="2021-12-24T21:22:48" classname="DeclarableOpsTests6" />
    <testcase name="cumSum_9" status="run" result="completed" time="0" timestamp="2021-12-24T21:22:48" classname="DeclarableOpsTests6" />
    <testcase name="cumSum_10" status="run" result="completed" time="0" timestamp="2021-12-24T21:22:48" classname="DeclarableOpsTests6" />
    <testcase name="cumSum_11" status="run" result="completed" time="0" timestamp="2021-12-24T21:22:48" classname="DeclarableOpsTests6" />
    <testcase name="cumSum_12" status="run" result="completed" time="0" timestamp="2021-12-24T21:22:48" classname="DeclarableOpsTests6" />
    <testcase name="cumSum_13" status="run" result="completed" time="0" timestamp="2021-12-24T21:22:48" classname="DeclarableOpsTests6" />
    <testcase name="cumSum_14" status="run" result="completed" time="0" timestamp="2021-12-24T21:22:48" classname="DeclarableOpsTests6" />
    <testcase name="cumSum_15" status="run" result="completed" time="0" timestamp="2021-12-24T21:22:48" classname="DeclarableOpsTests6" />
    <testcase name="cumSum_16" status="run" result="completed" time="0" timestamp="2021-12-24T21:22:48" classname="DeclarableOpsTests6" />
    <testcase name="cumSum_17" status="run" result="completed" time="0.003" timestamp="2021-12-24T21:22:48" classname="DeclarableOpsTests6" />
    <testcase name="cumSum_18" status="run" result="completed" time="0.001" timestamp="2021-12-24T21:22:48" classname="DeclarableOpsTests6" />
    <testcase name="cumSum_19" status="run" result="completed" time="0" timestamp="2021-12-24T21:22:48" classname="DeclarableOpsTests6" />
    <testcase name="cumSum_20" status="run" result="completed" time="0.001" timestamp="2021-12-24T21:22:48" classname="DeclarableOpsTests6" />
    <testcase name="TestMergeMaxIndex_1" status="run" result="completed" time="0" timestamp="2021-12-24T21:22:48" classname="DeclarableOpsTests6" />
    <testcase name="TestMergeMaxIndex_2" status="run" result="completed" time="0" timestamp="2021-12-24T21:22:48" classname="DeclarableOpsTests6" />
    <testcase name="TestMergeMaxIndex_3" status="run" result="completed" time="0" timestamp="2021-12-24T21:22:48" classname="DeclarableOpsTests6" />
    <testcase name="TestDropout_1" status="run" result="completed" time="0" timestamp="2021-12-24T21:22:48" classname="DeclarableOpsTests6" />
    <testcase name="TestMod_1" status="run" result="completed" time="0" timestamp="2021-12-24T21:22:48" classname="DeclarableOpsTests6" />
    <testcase name="TestMod_BP_1" status="run" result="completed" time="0" timestamp="2021-12-24T21:22:48" classname="DeclarableOpsTests6" />
    <testcase name="TestRank_1" status="run" result="completed" time="0" timestamp="2021-12-24T21:22:48" classname="DeclarableOpsTests6" />
    <testcase name="TestDropout_2" status="run" result="completed" time="0" timestamp="2021-12-24T21:22:48" classname="DeclarableOpsTests6" />
    <testcase name="TestDropout_3" status="run" result="completed" time="0" timestamp="2021-12-24T21:22:48" classname="DeclarableOpsTests6" />
    <testcase name="MaxPoolWithArgmax_1" status="run" result="completed" time="0" timestamp="2021-12-24T21:22:48" classname="DeclarableOpsTests6" />
    <testcase name="SufficientStatistics_1" status="run" result="completed" time="0" timestamp="2021-12-24T21:22:48" classname="DeclarableOpsTests6" />
    <testcase name="SufficientStatistics_2" status="run" result="completed" time="0" timestamp="2021-12-24T21:22:48" classname="DeclarableOpsTests6" />
    <testcase name="BinCount_1" status="run" result="completed" time="0" timestamp="2021-12-24T21:22:48" classname="DeclarableOpsTests6" />
    <testcase name="BinCount_2" status="run" result="completed" time="0" timestamp="2021-12-24T21:22:48" classname="DeclarableOpsTests6" />
    <testcase name="BinCount_3" status="run" result="completed" time="0" timestamp="2021-12-24T21:22:48" classname="DeclarableOpsTests6" />
    <testcase name="BinCount_4" status="run" result="completed" time="0" timestamp="2021-12-24T21:22:48" classname="DeclarableOpsTests6" />
    <testcase name="BinCount_5" status="run" result="completed" time="0" timestamp="2021-12-24T21:22:48" classname="DeclarableOpsTests6" />
    <testcase name="BroadcastDynamicShape_1" status="run" result="completed" time="0" timestamp="2021-12-24T21:22:48" classname="DeclarableOpsTests6" />
    <testcase name="BroadcastDynamicShape_2" status="run" result="completed" time="0" timestamp="2021-12-24T21:22:48" classname="DeclarableOpsTests6" />
    <testcase name="BroadcastDynamicShape_3" status="run" result="completed" time="0" timestamp="2021-12-24T21:22:48" classname="DeclarableOpsTests6" />
    <testcase name="BroadcastDynamicShape_SGO_4" status="run" result="completed" time="0" timestamp="2021-12-24T21:22:48" classname="DeclarableOpsTests6" />
    <testcase name="BroadcastDynamicShape_SGO_6" status="run" result="completed" time="0" timestamp="2021-12-24T21:22:48" classname="DeclarableOpsTests6" />
    <testcase name="BroadcastDynamicShape_SGO_7" status="run" result="completed" time="0" timestamp="2021-12-24T21:22:48" classname="DeclarableOpsTests6" />
    <testcase name="BroadcastDynamicShape_SGO_8" status="run" result="completed" time="0" timestamp="2021-12-24T21:22:48" classname="DeclarableOpsTests6" />
    <testcase name="BroadcastDynamicShape_SGO_9" status="run" result="completed" time="0" timestamp="2021-12-24T21:22:48" classname="DeclarableOpsTests6" />
    <testcase name="ClipByGlobalNorm_1" status="run" result="completed" time="0" timestamp="2021-12-24T21:22:48" classname="DeclarableOpsTests6" />
    <testcase name="ClipByGlobalNorm_2" status="run" result="completed" time="0" timestamp="2021-12-24T21:22:48" classname="DeclarableOpsTests6" />
    <testcase name="ClipByGlobalNorm_3" status="run" result="completed" time="0" timestamp="2021-12-24T21:22:48" classname="DeclarableOpsTests6" />
    <testcase name="MatrixDeterminant_1" status="run" result="completed" time="0" timestamp="2021-12-24T21:22:48" classname="DeclarableOpsTests6" />
    <testcase name="MatrixDeterminant_2" status="run" result="completed" time="0" timestamp="2021-12-24T21:22:48" classname="DeclarableOpsTests6" />
    <testcase name="MatrixDeterminant_3" status="run" result="completed" time="0" timestamp="2021-12-24T21:22:48" classname="DeclarableOpsTests6" />
    <testcase name="MatrixDeterminant_4" status="run" result="completed" time="0" timestamp="2021-12-24T21:22:48" classname="DeclarableOpsTests6" />
    <testcase name="MatrixDeterminant_5" status="run" result="completed" time="0" timestamp="2021-12-24T21:22:48" classname="DeclarableOpsTests6" />
    <testcase name="MatrixDeterminant_6" status="run" result="completed" time="0" timestamp="2021-12-24T21:22:48" classname="DeclarableOpsTests6" />
    <testcase name="LogMatrixDeterminant_1" status="run" result="completed" time="0" timestamp="2021-12-24T21:22:48" classname="DeclarableOpsTests6" />
    <testcase name="LogDet_1" status="run" result="completed" time="0" timestamp="2021-12-24T21:22:48" classname="DeclarableOpsTests6" />
    <testcase name="LogDet_2" status="run" result="completed" time="0" timestamp="2021-12-24T21:22:48" classname="DeclarableOpsTests6" />
    <testcase name="LogDet_3" status="run" result="completed" time="0" timestamp="2021-12-24T21:22:48" classname="DeclarableOpsTests6" />
    <testcase name="MatrixInverse_1" status="run" result="completed" time="0" timestamp="2021-12-24T21:22:48" classname="DeclarableOpsTests6" />
    <testcase name="MatrixInverse_010" status="run" result="completed" time="0" timestamp="2021-12-24T21:22:48" classname="DeclarableOpsTests6" />
    <testcase name="MatrixInverse_01" status="run" result="completed" time="0" timestamp="2021-12-24T21:22:48" classname="DeclarableOpsTests6" />
    <testcase name="MatrixInverse_02" status="run" result="completed" time="0" timestamp="2021-12-24T21:22:48" classname="DeclarableOpsTests6" />
    <testcase name="MatrixInverse_03" status="run" result="completed" time="0" timestamp="2021-12-24T21:22:48" classname="DeclarableOpsTests6" />
    <testcase name="MatrixInverse_3" status="run" result="completed" time="0" timestamp="2021-12-24T21:22:48" classname="DeclarableOpsTests6" />
    <testcase name="MatrixInverse_4" status="run" result="completed" time="0" timestamp="2021-12-24T21:22:48" classname="DeclarableOpsTests6" />
    <testcase name="MatrixInverse_04" status="run" result="completed" time="0.001" timestamp="2021-12-24T21:22:48" classname="DeclarableOpsTests6" />
    <testcase name="ReluLayer_1" status="run" result="completed" time="0" timestamp="2021-12-24T21:22:48" classname="DeclarableOpsTests6" />
    <testcase name="Test_Reduce3_Edge" status="run" result="completed" time="0" timestamp="2021-12-24T21:22:48" classname="DeclarableOpsTests6" />
    <testcase name="static_rnn_test1" status="run" result="completed" time="0" timestamp="2021-12-24T21:22:48" classname="DeclarableOpsTests6" />
    <testcase name="static_rnn_test2" status="run" result="completed" time="0" timestamp="2021-12-24T21:22:48" classname="DeclarableOpsTests6" />
    <testcase name="static_rnn_test3" status="run" result="completed" time="0" timestamp="2021-12-24T21:22:48" classname="DeclarableOpsTests6" />
    <testcase name="static_rnn_test4" status="run" result="completed" time="0" timestamp="2021-12-24T21:22:48" classname="DeclarableOpsTests6" />
    <testcase name="static_rnn_test5" status="run" result="completed" time="0.001" timestamp="2021-12-24T21:22:48" classname="DeclarableOpsTests6" />
    <testcase name="static_bidir_rnn_test1" status="run" result="completed" time="0" timestamp="2021-12-24T21:22:48" classname="DeclarableOpsTests6" />
    <testcase name="static_bidir_rnn_test2" status="run" result="completed" time="0.001" timestamp="2021-12-24T21:22:48" classname="DeclarableOpsTests6" />
    <testcase name="static_bidir_rnn_test3" status="run" result="completed" time="0.001" timestamp="2021-12-24T21:22:48" classname="DeclarableOpsTests6" />
    <testcase name="dynamic_rnn_test1" status="run" result="completed" time="0" timestamp="2021-12-24T21:22:48" classname="DeclarableOpsTests6" />
    <testcase name="dynamic_rnn_test2" status="run" result="completed" time="0" timestamp="2021-12-24T21:22:48" classname="DeclarableOpsTests6" />
    <testcase name="dynamic_rnn_test3" status="run" result="completed" time="0" timestamp="2021-12-24T21:22:48" classname="DeclarableOpsTests6" />
    <testcase name="dynamic_rnn_test4" status="run" result="completed" time="0.001" timestamp="2021-12-24T21:22:48" classname="DeclarableOpsTests6" />
    <testcase name="dynamic_rnn_test5" status="run" result="completed" time="0" timestamp="2021-12-24T21:22:48" classname="DeclarableOpsTests6" />
    <testcase name="dynamic_bidir_rnn_test1" status="run" result="completed" time="0" timestamp="2021-12-24T21:22:48" classname="DeclarableOpsTests6" />
    <testcase name="dynamic_bidir_rnn_test2" status="run" result="completed" time="0.006" timestamp="2021-12-24T21:22:48" classname="DeclarableOpsTests6" />
    <testcase name="dynamic_bidir_rnn_test3" status="run" result="completed" time="0.001" timestamp="2021-12-24T21:22:48" classname="DeclarableOpsTests6" />
    <testcase name="dynamic_bidir_rnn_test4" status="run" result="completed" time="0.001" timestamp="2021-12-24T21:22:48" classname="DeclarableOpsTests6" />
    <testcase name="dynamic_bidir_rnn_test5" status="run" result="completed" time="0.001" timestamp="2021-12-24T21:22:48" classname="DeclarableOpsTests6" />
    <testcase name="Test_Diag_119_1" status="run" result="completed" time="0" timestamp="2021-12-24T21:22:48" classname="DeclarableOpsTests6" />
    <testcase name="Test_Diag_119_2" status="run" result="completed" time="0" timestamp="2021-12-24T21:22:48" classname="DeclarableOpsTests6" />
    <testcase name="Test_Diag_119_3" status="run" result="completed" time="0" timestamp="2021-12-24T21:22:48" classname="DeclarableOpsTests6" />
  </testsuite>
  <testsuite name="DeclarableOpsTests7" tests="306" failures="2" disabled="0" errors="0" time="0.02" timestamp="2021-12-24T21:22:48">
    <testcase name="Test_CHOOSE_SCALAR_LARGE" status="run" result="completed" time="0" timestamp="2021-12-24T21:22:48" classname="DeclarableOpsTests7" />
    <testcase name="Test_CHOOSE_SCALAR_ZERO" status="run" result="completed" time="0" timestamp="2021-12-24T21:22:48" classname="DeclarableOpsTests7" />
    <testcase name="Test_CHOOSE_SCALAR" status="run" result="completed" time="0" timestamp="2021-12-24T21:22:48" classname="DeclarableOpsTests7" />
    <testcase name="Test_CHOOSE_SCALAR_LEFT" status="run" result="completed" time="0" timestamp="2021-12-24T21:22:48" classname="DeclarableOpsTests7" />
    <testcase name="Test_CHOOSE_ONLY_SCALAR" status="run" result="completed" time="0" timestamp="2021-12-24T21:22:48" classname="DeclarableOpsTests7" />
    <testcase name="Test_CHOOSE_ONLY_SCALAR_GTE" status="run" result="completed" time="0" timestamp="2021-12-24T21:22:48" classname="DeclarableOpsTests7" />
    <testcase name="TEST_WHERE" status="run" result="completed" time="0" timestamp="2021-12-24T21:22:48" classname="DeclarableOpsTests7" />
    <testcase name="TEST_WHERE_MASK" status="run" result="completed" time="0" timestamp="2021-12-24T21:22:48" classname="DeclarableOpsTests7" />
    <testcase name="TEST_WHERE_SCALAR" status="run" result="completed" time="0" timestamp="2021-12-24T21:22:48" classname="DeclarableOpsTests7" />
    <testcase name="TestMatrixDiagPart_1" status="run" result="completed" time="0" timestamp="2021-12-24T21:22:48" classname="DeclarableOpsTests7" />
    <testcase name="TestMatrixDiagPart_2" status="run" result="completed" time="0.001" timestamp="2021-12-24T21:22:48" classname="DeclarableOpsTests7" />
    <testcase name="TestMatrixDiag_1" status="run" result="completed" time="0" timestamp="2021-12-24T21:22:48" classname="DeclarableOpsTests7" />
    <testcase name="TestMatrixDiag_2" status="run" result="completed" time="0" timestamp="2021-12-24T21:22:48" classname="DeclarableOpsTests7" />
    <testcase name="TestRandomCrop_1" status="run" result="completed" time="0" timestamp="2021-12-24T21:22:48" classname="DeclarableOpsTests7" />
    <testcase name="TestRandomCrop_2" status="run" result="completed" time="0" timestamp="2021-12-24T21:22:48" classname="DeclarableOpsTests7" />
    <testcase name="Test_Dynamic_Stitch_119" status="run" result="completed" time="0" timestamp="2021-12-24T21:22:48" classname="DeclarableOpsTests7" />
    <testcase name="Test_Dynamic_Stitch_Prof_1" status="run" result="completed" time="0.002" timestamp="2021-12-24T21:22:48" classname="DeclarableOpsTests7" />
    <testcase name="Test_Dynamic_Stitch_119_1" status="run" result="completed" time="0" timestamp="2021-12-24T21:22:48" classname="DeclarableOpsTests7" />
    <testcase name="Test_Dynamic_Stitch_119_2" status="run" result="completed" time="0" timestamp="2021-12-24T21:22:48" classname="DeclarableOpsTests7" />
    <testcase name="Test_Dynamic_Partition_119" status="run" result="completed" time="0" timestamp="2021-12-24T21:22:48" classname="DeclarableOpsTests7" />
    <testcase name="Test_Dynamic_Partition_119_1" status="run" result="completed" time="0" timestamp="2021-12-24T21:22:48" classname="DeclarableOpsTests7" />
    <testcase name="Test_Dynamic_Partition_119_2" status="run" result="completed" time="0" timestamp="2021-12-24T21:22:48" classname="DeclarableOpsTests7" />
    <testcase name="Test_SequenceMask_1" status="run" result="completed" time="0" timestamp="2021-12-24T21:22:48" classname="DeclarableOpsTests7" />
    <testcase name="Test_SequenceMask_2" status="run" result="completed" time="0" timestamp="2021-12-24T21:22:48" classname="DeclarableOpsTests7" />
    <testcase name="Test_SequenceMask_3" status="run" result="completed" time="0" timestamp="2021-12-24T21:22:48" classname="DeclarableOpsTests7" />
    <testcase name="Test_SequenceMask_4" status="run" result="completed" time="0" timestamp="2021-12-24T21:22:48" classname="DeclarableOpsTests7" />
    <testcase name="Test_SequenceMask_5" status="run" result="completed" time="0" timestamp="2021-12-24T21:22:48" classname="DeclarableOpsTests7" />
    <testcase name="TestSegmentMax_1" status="run" result="completed" time="0" timestamp="2021-12-24T21:22:48" classname="DeclarableOpsTests7" />
    <testcase name="TestSegmentMax_01" status="run" result="completed" time="0" timestamp="2021-12-24T21:22:48" classname="DeclarableOpsTests7" />
    <testcase name="TestSegmentMaxBP_1" status="run" result="completed" time="0" timestamp="2021-12-24T21:22:48" classname="DeclarableOpsTests7" />
    <testcase name="TestSegmentMax_2" status="run" result="completed" time="0" timestamp="2021-12-24T21:22:48" classname="DeclarableOpsTests7" />
    <testcase name="TestSegmentMaxBP_2" status="run" result="completed" time="0" timestamp="2021-12-24T21:22:48" classname="DeclarableOpsTests7" />
    <testcase name="TestSegmentMax_3" status="run" result="completed" time="0.001" timestamp="2021-12-24T21:22:48" classname="DeclarableOpsTests7" />
    <testcase name="TestSegmentMax_4" status="run" result="completed" time="0" timestamp="2021-12-24T21:22:48" classname="DeclarableOpsTests7" />
    <testcase name="TestUnsortedSegmentMax_1" status="run" result="completed" time="0" timestamp="2021-12-24T21:22:48" classname="DeclarableOpsTests7" />
    <testcase name="TestUnsortedSegmentMaxBP_1" status="run" result="completed" time="0" timestamp="2021-12-24T21:22:48" classname="DeclarableOpsTests7" />
    <testcase name="TestUnsortedSegmentMaxBP_2" status="run" result="completed" time="0" timestamp="2021-12-24T21:22:48" classname="DeclarableOpsTests7" />
    <testcase name="TestUnsortedSegmentMax_2" status="run" result="completed" time="0" timestamp="2021-12-24T21:22:48" classname="DeclarableOpsTests7" />
    <testcase name="TestUnsortedSegmentMax_3" status="run" result="completed" time="0" timestamp="2021-12-24T21:22:48" classname="DeclarableOpsTests7" />
    <testcase name="TestUnsortedSegmentMax_4" status="run" result="completed" time="0" timestamp="2021-12-24T21:22:48" classname="DeclarableOpsTests7" />
    <testcase name="TestSegmentMin_1" status="run" result="completed" time="0" timestamp="2021-12-24T21:22:48" classname="DeclarableOpsTests7" />
    <testcase name="TestSegmentMin_01" status="run" result="completed" time="0" timestamp="2021-12-24T21:22:48" classname="DeclarableOpsTests7" />
    <testcase name="TestSegmentMin_02" status="run" result="completed" time="0" timestamp="2021-12-24T21:22:48" classname="DeclarableOpsTests7" />
    <testcase name="TestSegmentMinBP_1" status="run" result="completed" time="0" timestamp="2021-12-24T21:22:48" classname="DeclarableOpsTests7" />
    <testcase name="TestUnsortedSegmentMinBP_1" status="run" result="completed" time="0" timestamp="2021-12-24T21:22:48" classname="DeclarableOpsTests7" />
    <testcase name="TestUnsortedSegmentMinBP_2" status="run" result="completed" time="0" timestamp="2021-12-24T21:22:48" classname="DeclarableOpsTests7" />
    <testcase name="TestSegmentMin_2" status="run" result="completed" time="0" timestamp="2021-12-24T21:22:48" classname="DeclarableOpsTests7" />
    <testcase name="TestSegmentMinBP_2" status="run" result="completed" time="0" timestamp="2021-12-24T21:22:48" classname="DeclarableOpsTests7" />
    <testcase name="TestSegmentMin_3" status="run" result="completed" time="0" timestamp="2021-12-24T21:22:48" classname="DeclarableOpsTests7" />
    <testcase name="TestSegmentMin_4" status="run" result="completed" time="0" timestamp="2021-12-24T21:22:48" classname="DeclarableOpsTests7" />
    <testcase name="TestUnsortedSegmentMin_1" status="run" result="completed" time="0" timestamp="2021-12-24T21:22:48" classname="DeclarableOpsTests7" />
    <testcase name="TestUnsortedSegmentMin_01" status="run" result="completed" time="0" timestamp="2021-12-24T21:22:48" classname="DeclarableOpsTests7" />
    <testcase name="TestUnsortedSegmentMin_2" status="run" result="completed" time="0" timestamp="2021-12-24T21:22:48" classname="DeclarableOpsTests7" />
    <testcase name="TestUnsortedSegmentMin_3" status="run" result="completed" time="0" timestamp="2021-12-24T21:22:48" classname="DeclarableOpsTests7" />
    <testcase name="TestUnsortedSegmentMin_4" status="run" result="completed" time="0" timestamp="2021-12-24T21:22:48" classname="DeclarableOpsTests7" />
    <testcase name="TestSegmentMean_1" status="run" result="completed" time="0" timestamp="2021-12-24T21:22:48" classname="DeclarableOpsTests7" />
    <testcase name="TestSegmentMean_2" status="run" result="completed" time="0" timestamp="2021-12-24T21:22:48" classname="DeclarableOpsTests7" />
    <testcase name="TestSegmentMean_02" status="run" result="completed" time="0" timestamp="2021-12-24T21:22:48" classname="DeclarableOpsTests7" />
    <testcase name="TestSegmentMean_021" status="run" result="completed" time="0.001" timestamp="2021-12-24T21:22:48" classname="DeclarableOpsTests7" />
    <testcase name="TestSegmentMean_022" status="run" result="completed" time="0" timestamp="2021-12-24T21:22:48" classname="DeclarableOpsTests7" />
    <testcase name="TestSegmentMeanBP_2" status="run" result="completed" time="0" timestamp="2021-12-24T21:22:48" classname="DeclarableOpsTests7" />
    <testcase name="TestSegmentMean_3" status="run" result="completed" time="0" timestamp="2021-12-24T21:22:48" classname="DeclarableOpsTests7" />
    <testcase name="TestSegmentMean_4" status="run" result="completed" time="0" timestamp="2021-12-24T21:22:48" classname="DeclarableOpsTests7" />
    <testcase name="TestUnsortedSegmentMean_1" status="run" result="completed" time="0" timestamp="2021-12-24T21:22:48" classname="DeclarableOpsTests7" />
    <testcase name="TestSegmentMeanBP_1" status="run" result="completed" time="0" timestamp="2021-12-24T21:22:48" classname="DeclarableOpsTests7" />
    <testcase name="TestUnsortedSegmentMeanBP_1" status="run" result="completed" time="0" timestamp="2021-12-24T21:22:48" classname="DeclarableOpsTests7" />
    <testcase name="TestUnsortedSegmentMeanBP_2" status="run" result="completed" time="0" timestamp="2021-12-24T21:22:48" classname="DeclarableOpsTests7" />
    <testcase name="TestUnsortedSegmentMean_2" status="run" result="completed" time="0" timestamp="2021-12-24T21:22:48" classname="DeclarableOpsTests7" />
    <testcase name="TestUnsortedSegmentMean_3" status="run" result="completed" time="0" timestamp="2021-12-24T21:22:48" classname="DeclarableOpsTests7" />
    <testcase name="TestUnsortedSegmentMean_4" status="run" result="completed" time="0" timestamp="2021-12-24T21:22:48" classname="DeclarableOpsTests7" />
    <testcase name="TestUnsortedSegmentSqrtN_1" status="run" result="completed" time="0" timestamp="2021-12-24T21:22:48" classname="DeclarableOpsTests7" />
    <testcase name="TestUnsortedSegmentSqrtN_BP_1" status="run" result="completed" time="0" timestamp="2021-12-24T21:22:48" classname="DeclarableOpsTests7" />
    <testcase name="TestUnsortedSegmentSqrtN_2" status="run" result="completed" time="0" timestamp="2021-12-24T21:22:48" classname="DeclarableOpsTests7" />
    <testcase name="TestUnsortedSegmentSqrtN_3" status="run" result="completed" time="0" timestamp="2021-12-24T21:22:48" classname="DeclarableOpsTests7" />
    <testcase name="TestUnsortedSegmentSqrtN_4" status="run" result="completed" time="0" timestamp="2021-12-24T21:22:48" classname="DeclarableOpsTests7" />
    <testcase name="TestUnsortedSegmentSqrtN_5" status="run" result="completed" time="0" timestamp="2021-12-24T21:22:48" classname="DeclarableOpsTests7" />
    <testcase name="TestUnsortedSegmentSqrtN_6" status="run" result="completed" time="0" timestamp="2021-12-24T21:22:48" classname="DeclarableOpsTests7" />
    <testcase name="TestSegmentSum_1" status="run" result="completed" time="0" timestamp="2021-12-24T21:22:48" classname="DeclarableOpsTests7" />
    <testcase name="TestSegmentSumBP_1" status="run" result="completed" time="0" timestamp="2021-12-24T21:22:48" classname="DeclarableOpsTests7" />
    <testcase name="TestUnsortedSegmentSumBP_1" status="run" result="completed" time="0" timestamp="2021-12-24T21:22:48" classname="DeclarableOpsTests7" />
    <testcase name="TestUnsortedSegmentSumBP_2" status="run" result="completed" time="0" timestamp="2021-12-24T21:22:48" classname="DeclarableOpsTests7" />
    <testcase name="TestSegmentSum_2" status="run" result="completed" time="0" timestamp="2021-12-24T21:22:48" classname="DeclarableOpsTests7" />
    <testcase name="TestSegmentSumBP_2" status="run" result="completed" time="0" timestamp="2021-12-24T21:22:48" classname="DeclarableOpsTests7" />
    <testcase name="TestSegmentSum_3" status="run" result="completed" time="0" timestamp="2021-12-24T21:22:48" classname="DeclarableOpsTests7" />
    <testcase name="TestSegmentSum_4" status="run" result="completed" time="0.001" timestamp="2021-12-24T21:22:48" classname="DeclarableOpsTests7" />
    <testcase name="TestUnsortedSegmentSum_1" status="run" result="completed" time="0" timestamp="2021-12-24T21:22:48" classname="DeclarableOpsTests7" />
    <testcase name="TestUnsortedSegmentSum_2" status="run" result="completed" time="0" timestamp="2021-12-24T21:22:48" classname="DeclarableOpsTests7" />
    <testcase name="TestUnsortedSegmentSum_3" status="run" result="completed" time="0" timestamp="2021-12-24T21:22:48" classname="DeclarableOpsTests7" />
    <testcase name="TestUnsortedSegmentSum_4" status="run" result="completed" time="0" timestamp="2021-12-24T21:22:48" classname="DeclarableOpsTests7" />
    <testcase name="TestSegmentProd_1" status="run" result="completed" time="0" timestamp="2021-12-24T21:22:48" classname="DeclarableOpsTests7" />
    <testcase name="TestSegmentProdBP_1" status="run" result="completed" time="0" timestamp="2021-12-24T21:22:48" classname="DeclarableOpsTests7" />
    <testcase name="TestUnsortedSegmentProdBP_1" status="run" result="completed" time="0" timestamp="2021-12-24T21:22:48" classname="DeclarableOpsTests7" />
    <testcase name="TestUnsortedSegmentProdBP_2" status="run" result="completed" time="0" timestamp="2021-12-24T21:22:48" classname="DeclarableOpsTests7" />
    <testcase name="TestSegmentProd_2" status="run" result="completed" time="0" timestamp="2021-12-24T21:22:48" classname="DeclarableOpsTests7" />
    <testcase name="TestSegmentProdBP_2" status="run" result="completed" time="0" timestamp="2021-12-24T21:22:48" classname="DeclarableOpsTests7" />
    <testcase name="TestSegmentProd_3" status="run" result="completed" time="0" timestamp="2021-12-24T21:22:48" classname="DeclarableOpsTests7" />
    <testcase name="TestSegmentProd_04" status="run" result="completed" time="0" timestamp="2021-12-24T21:22:48" classname="DeclarableOpsTests7" />
    <testcase name="TestSegmentProd_05" status="run" result="completed" time="0" timestamp="2021-12-24T21:22:48" classname="DeclarableOpsTests7" />
    <testcase name="TestSegmentProd_05_1" status="run" result="completed" time="0" timestamp="2021-12-24T21:22:48" classname="DeclarableOpsTests7" />
    <testcase name="TestSegmentProd_06" status="run" result="completed" time="0" timestamp="2021-12-24T21:22:48" classname="DeclarableOpsTests7" />
    <testcase name="TestSegmentProd_07" status="run" result="completed" time="0" timestamp="2021-12-24T21:22:48" classname="DeclarableOpsTests7" />
    <testcase name="TestSegmentProd_08" status="run" result="completed" time="0" timestamp="2021-12-24T21:22:48" classname="DeclarableOpsTests7" />
    <testcase name="TestUnsortedSegmentProd_1" status="run" result="completed" time="0" timestamp="2021-12-24T21:22:48" classname="DeclarableOpsTests7" />
    <testcase name="TestUnsortedSegmentProd_11" status="run" result="completed" time="0" timestamp="2021-12-24T21:22:48" classname="DeclarableOpsTests7" />
    <testcase name="TestUnsortedSegmentProd_2" status="run" result="completed" time="0" timestamp="2021-12-24T21:22:48" classname="DeclarableOpsTests7" />
    <testcase name="TestUnsortedSegmentProd_12" status="run" result="completed" time="0" timestamp="2021-12-24T21:22:48" classname="DeclarableOpsTests7" />
    <testcase name="TestUnsortedSegmentProd_08" status="run" result="completed" time="0" timestamp="2021-12-24T21:22:48" classname="DeclarableOpsTests7" />
    <testcase name="TestUnsortedSegmentProd_3" status="run" result="completed" time="0" timestamp="2021-12-24T21:22:48" classname="DeclarableOpsTests7" />
    <testcase name="TestUnsortedSegmentProd_4" status="run" result="completed" time="0" timestamp="2021-12-24T21:22:48" classname="DeclarableOpsTests7" />
    <testcase name="TestUnsortedSegmentProd_5" status="run" result="completed" time="0" timestamp="2021-12-24T21:22:48" classname="DeclarableOpsTests7" />
    <testcase name="TestUnsortedSegmentProdBP_4" status="run" result="completed" time="0" timestamp="2021-12-24T21:22:48" classname="DeclarableOpsTests7" />
    <testcase name="TestExtractImagePatches_1" status="run" result="completed" time="0" timestamp="2021-12-24T21:22:48" classname="DeclarableOpsTests7" />
    <testcase name="TestExtractImagePatches_2" status="run" result="completed" time="0" timestamp="2021-12-24T21:22:48" classname="DeclarableOpsTests7" />
    <testcase name="TestExtractImagePatches_3" status="run" result="completed" time="0" timestamp="2021-12-24T21:22:48" classname="DeclarableOpsTests7" />
    <testcase name="TestExtractImagePatches_4" status="run" result="completed" time="0" timestamp="2021-12-24T21:22:48" classname="DeclarableOpsTests7" />
    <testcase name="TestExtractImagePatches_5" status="run" result="completed" time="0" timestamp="2021-12-24T21:22:48" classname="DeclarableOpsTests7" />
    <testcase name="TestExtractImagePatches_6" status="run" result="completed" time="0" timestamp="2021-12-24T21:22:48" classname="DeclarableOpsTests7" />
    <testcase name="TestExtractImagePatches_SGO_7" status="run" result="completed" time="0" timestamp="2021-12-24T21:22:48" classname="DeclarableOpsTests7" />
    <testcase name="TestExtractImagePatches_SGO_8" status="run" result="completed" time="0" timestamp="2021-12-24T21:22:48" classname="DeclarableOpsTests7" />
    <testcase name="TestExtractImagePatches_SGO_9" status="run" result="completed" time="0" timestamp="2021-12-24T21:22:48" classname="DeclarableOpsTests7" />
    <testcase name="TestExtractImagePatches_SGO_9_1" status="run" result="completed" time="0" timestamp="2021-12-24T21:22:48" classname="DeclarableOpsTests7" />
    <testcase name="TestExtractImagePatches_SGO_10" status="run" result="completed" time="0" timestamp="2021-12-24T21:22:48" classname="DeclarableOpsTests7" />
    <testcase name="TestExtractImagePatches_SGO_010" status="run" result="completed" time="0" timestamp="2021-12-24T21:22:48" classname="DeclarableOpsTests7" />
    <testcase name="TestExtractImagePatches_SGO_010_1" status="run" result="completed" time="0" timestamp="2021-12-24T21:22:48" classname="DeclarableOpsTests7" />
    <testcase name="TestExtractImagePatches_SGO_011" status="run" result="completed" time="0" timestamp="2021-12-24T21:22:48" classname="DeclarableOpsTests7" />
    <testcase name="TestExtractImagePatches_SGO_11" status="run" result="completed" time="0" timestamp="2021-12-24T21:22:48" classname="DeclarableOpsTests7" />
    <testcase name="TestExtractImagePatches_SGO_12" status="run" result="completed" time="0" timestamp="2021-12-24T21:22:48" classname="DeclarableOpsTests7" />
    <testcase name="TestExtractImagePatches_SGO_13" status="run" result="completed" time="0" timestamp="2021-12-24T21:22:48" classname="DeclarableOpsTests7" />
    <testcase name="TestRoll_1" status="run" result="completed" time="0" timestamp="2021-12-24T21:22:48" classname="DeclarableOpsTests7" />
    <testcase name="TestRoll_2" status="run" result="completed" time="0" timestamp="2021-12-24T21:22:48" classname="DeclarableOpsTests7" />
    <testcase name="TestRoll_3" status="run" result="completed" time="0" timestamp="2021-12-24T21:22:48" classname="DeclarableOpsTests7" />
    <testcase name="TestRoll_4" status="run" result="completed" time="0" timestamp="2021-12-24T21:22:48" classname="DeclarableOpsTests7" />
    <testcase name="TestRoll_4_inplace" status="run" result="completed" time="0" timestamp="2021-12-24T21:22:48" classname="DeclarableOpsTests7" />
    <testcase name="TestRoll_5" status="run" result="completed" time="0" timestamp="2021-12-24T21:22:48" classname="DeclarableOpsTests7" />
    <testcase name="TestRoll_6" status="run" result="completed" time="0" timestamp="2021-12-24T21:22:48" classname="DeclarableOpsTests7" />
    <testcase name="TestRoll_7" status="run" result="completed" time="0" timestamp="2021-12-24T21:22:48" classname="DeclarableOpsTests7" />
    <testcase name="TestRoll_8" status="run" result="completed" time="0" timestamp="2021-12-24T21:22:48" classname="DeclarableOpsTests7" />
    <testcase name="TestRoll_9" status="run" result="completed" time="0" timestamp="2021-12-24T21:22:48" classname="DeclarableOpsTests7" />
    <testcase name="TestRoll_10" status="run" result="completed" time="0" timestamp="2021-12-24T21:22:48" classname="DeclarableOpsTests7" />
    <testcase name="TestRoll_11" status="run" result="completed" time="0" timestamp="2021-12-24T21:22:48" classname="DeclarableOpsTests7" />
    <testcase name="TestRoll_12" status="run" result="completed" time="0" timestamp="2021-12-24T21:22:48" classname="DeclarableOpsTests7" />
    <testcase name="TestRoll_13" status="run" result="completed" time="0" timestamp="2021-12-24T21:22:48" classname="DeclarableOpsTests7" />
    <testcase name="TestRoll_14" status="run" result="completed" time="0" timestamp="2021-12-24T21:22:48" classname="DeclarableOpsTests7" />
    <testcase name="TestRoll_15" status="run" result="completed" time="0" timestamp="2021-12-24T21:22:48" classname="DeclarableOpsTests7" />
    <testcase name="percentile_test1" status="run" result="completed" time="0" timestamp="2021-12-24T21:22:48" classname="DeclarableOpsTests7" />
    <testcase name="percentile_test2" status="run" result="completed" time="0" timestamp="2021-12-24T21:22:48" classname="DeclarableOpsTests7" />
    <testcase name="percentile_test3" status="run" result="completed" time="0" timestamp="2021-12-24T21:22:48" classname="DeclarableOpsTests7" />
    <testcase name="percentile_test4" status="run" result="completed" time="0" timestamp="2021-12-24T21:22:48" classname="DeclarableOpsTests7" />
    <testcase name="percentile_test5" status="run" result="completed" time="0" timestamp="2021-12-24T21:22:48" classname="DeclarableOpsTests7" />
    <testcase name="percentile_test6" status="run" result="completed" time="0" timestamp="2021-12-24T21:22:48" classname="DeclarableOpsTests7" />
    <testcase name="percentile_test7" status="run" result="completed" time="0" timestamp="2021-12-24T21:22:48" classname="DeclarableOpsTests7" />
    <testcase name="percentile_test8" status="run" result="completed" time="0" timestamp="2021-12-24T21:22:48" classname="DeclarableOpsTests7" />
    <testcase name="percentile_test9" status="run" result="completed" time="0" timestamp="2021-12-24T21:22:48" classname="DeclarableOpsTests7" />
    <testcase name="percentile_test10" status="run" result="completed" time="0" timestamp="2021-12-24T21:22:48" classname="DeclarableOpsTests7" />
    <testcase name="percentile_test11" status="run" result="completed" time="0" timestamp="2021-12-24T21:22:48" classname="DeclarableOpsTests7">
      <failure message="unknown file&#x0A;C++ exception with description &quot;vector::_M_range_check: __n (which is 0) &gt;= this-&gt;size() (which is 0)&quot; thrown in the test body." type=""><![CDATA[unknown file
C++ exception with description "vector::_M_range_check: __n (which is 0) >= this->size() (which is 0)" thrown in the test body.]]></failure>
    </testcase>
    <testcase name="percentile_test12" status="run" result="completed" time="0" timestamp="2021-12-24T21:22:48" classname="DeclarableOpsTests7">
      <failure message="unknown file&#x0A;C++ exception with description &quot;vector::_M_range_check: __n (which is 0) &gt;= this-&gt;size() (which is 0)&quot; thrown in the test body." type=""><![CDATA[unknown file
C++ exception with description "vector::_M_range_check: __n (which is 0) >= this->size() (which is 0)" thrown in the test body.]]></failure>
    </testcase>
    <testcase name="transpose_test3" status="run" result="completed" time="0" timestamp="2021-12-24T21:22:48" classname="DeclarableOpsTests7" />
    <testcase name="rationaltanh_test1" status="run" result="completed" time="0" timestamp="2021-12-24T21:22:48" classname="DeclarableOpsTests7" />
    <testcase name="rationaltanh_test2" status="run" result="completed" time="0" timestamp="2021-12-24T21:22:48" classname="DeclarableOpsTests7" />
    <testcase name="rationaltanh_test3" status="run" result="completed" time="0" timestamp="2021-12-24T21:22:48" classname="DeclarableOpsTests7" />
    <testcase name="rectifiedtanh_test1" status="run" result="completed" time="0" timestamp="2021-12-24T21:22:48" classname="DeclarableOpsTests7" />
    <testcase name="rectifiedtanh_test2" status="run" result="completed" time="0" timestamp="2021-12-24T21:22:48" classname="DeclarableOpsTests7" />
    <testcase name="RealDiv_1" status="run" result="completed" time="0" timestamp="2021-12-24T21:22:48" classname="DeclarableOpsTests7" />
    <testcase name="RealDiv_BP_1" status="run" result="completed" time="0" timestamp="2021-12-24T21:22:48" classname="DeclarableOpsTests7" />
    <testcase name="ShapesOf_1" status="run" result="completed" time="0" timestamp="2021-12-24T21:22:48" classname="DeclarableOpsTests7" />
    <testcase name="ShapesOf_2" status="run" result="completed" time="0" timestamp="2021-12-24T21:22:48" classname="DeclarableOpsTests7" />
    <testcase name="Size_1" status="run" result="completed" time="0" timestamp="2021-12-24T21:22:48" classname="DeclarableOpsTests7" />
    <testcase name="Size_2" status="run" result="completed" time="0" timestamp="2021-12-24T21:22:48" classname="DeclarableOpsTests7" />
    <testcase name="Softplus_1" status="run" result="completed" time="0" timestamp="2021-12-24T21:22:48" classname="DeclarableOpsTests7" />
    <testcase name="Softplus_BP_1" status="run" result="completed" time="0" timestamp="2021-12-24T21:22:48" classname="DeclarableOpsTests7" />
    <testcase name="Softsign_1" status="run" result="completed" time="0" timestamp="2021-12-24T21:22:48" classname="DeclarableOpsTests7" />
    <testcase name="Softsign_BP_1" status="run" result="completed" time="0" timestamp="2021-12-24T21:22:48" classname="DeclarableOpsTests7" />
    <testcase name="fill_test2" status="run" result="completed" time="0" timestamp="2021-12-24T21:22:48" classname="DeclarableOpsTests7" />
    <testcase name="fill_test3" status="run" result="completed" time="0" timestamp="2021-12-24T21:22:48" classname="DeclarableOpsTests7" />
    <testcase name="ToggleBits_test1" status="run" result="completed" time="0" timestamp="2021-12-24T21:22:48" classname="DeclarableOpsTests7" />
    <testcase name="ToggleBits_test2" status="run" result="completed" time="0" timestamp="2021-12-24T21:22:48" classname="DeclarableOpsTests7" />
    <testcase name="Truncatediv_test1" status="run" result="completed" time="0" timestamp="2021-12-24T21:22:48" classname="DeclarableOpsTests7" />
    <testcase name="Truncatediv_test2" status="run" result="completed" time="0" timestamp="2021-12-24T21:22:48" classname="DeclarableOpsTests7" />
    <testcase name="TypesConversion_test1" status="run" result="completed" time="0" timestamp="2021-12-24T21:22:48" classname="DeclarableOpsTests7" />
    <testcase name="TypesConversion_test2" status="run" result="completed" time="0" timestamp="2021-12-24T21:22:48" classname="DeclarableOpsTests7" />
    <testcase name="TypesConversion_test3" status="run" result="completed" time="0" timestamp="2021-12-24T21:22:48" classname="DeclarableOpsTests7" />
    <testcase name="TypesConversion_test4" status="run" result="completed" time="0" timestamp="2021-12-24T21:22:48" classname="DeclarableOpsTests7" />
    <testcase name="mirrorPad_test1" status="run" result="completed" time="0" timestamp="2021-12-24T21:22:48" classname="DeclarableOpsTests7" />
    <testcase name="mirrorPad_test2" status="run" result="completed" time="0" timestamp="2021-12-24T21:22:48" classname="DeclarableOpsTests7" />
    <testcase name="mirrorPad_test3" status="run" result="completed" time="0" timestamp="2021-12-24T21:22:48" classname="DeclarableOpsTests7" />
    <testcase name="mirrorPad_test4" status="run" result="completed" time="0" timestamp="2021-12-24T21:22:48" classname="DeclarableOpsTests7" />
    <testcase name="mirrorPad_test5" status="run" result="completed" time="0" timestamp="2021-12-24T21:22:48" classname="DeclarableOpsTests7" />
    <testcase name="mirrorPad_test6" status="run" result="completed" time="0" timestamp="2021-12-24T21:22:48" classname="DeclarableOpsTests7" />
    <testcase name="mirrorPad_test7" status="run" result="completed" time="0" timestamp="2021-12-24T21:22:48" classname="DeclarableOpsTests7" />
    <testcase name="mirrorPad_test8" status="run" result="completed" time="0" timestamp="2021-12-24T21:22:48" classname="DeclarableOpsTests7" />
    <testcase name="mirrorPad_test9" status="run" result="completed" time="0" timestamp="2021-12-24T21:22:48" classname="DeclarableOpsTests7" />
    <testcase name="mirrorPad_test10" status="run" result="completed" time="0" timestamp="2021-12-24T21:22:48" classname="DeclarableOpsTests7" />
    <testcase name="mirrorPad_test11" status="run" result="completed" time="0" timestamp="2021-12-24T21:22:48" classname="DeclarableOpsTests7" />
    <testcase name="mirrorPad_test12" status="run" result="completed" time="0" timestamp="2021-12-24T21:22:48" classname="DeclarableOpsTests7" />
    <testcase name="mirrorPad_test13" status="run" result="completed" time="0" timestamp="2021-12-24T21:22:48" classname="DeclarableOpsTests7" />
    <testcase name="mirrorPad_test14" status="run" result="completed" time="0" timestamp="2021-12-24T21:22:48" classname="DeclarableOpsTests7" />
    <testcase name="mirrorPad_test15" status="run" result="completed" time="0" timestamp="2021-12-24T21:22:48" classname="DeclarableOpsTests7" />
    <testcase name="mirrorPad_test16" status="run" result="completed" time="0" timestamp="2021-12-24T21:22:48" classname="DeclarableOpsTests7" />
    <testcase name="Test_Reduce_Sum_1" status="run" result="completed" time="0" timestamp="2021-12-24T21:22:48" classname="DeclarableOpsTests7" />
    <testcase name="Test_Reduce_Sum_2" status="run" result="completed" time="0" timestamp="2021-12-24T21:22:48" classname="DeclarableOpsTests7" />
    <testcase name="Test_Reduce_Prod_1" status="run" result="completed" time="0" timestamp="2021-12-24T21:22:48" classname="DeclarableOpsTests7" />
    <testcase name="Test_Reduce_Prod_2" status="run" result="completed" time="0" timestamp="2021-12-24T21:22:48" classname="DeclarableOpsTests7" />
    <testcase name="Test_Reduce_Sum_01" status="run" result="completed" time="0" timestamp="2021-12-24T21:22:48" classname="DeclarableOpsTests7" />
    <testcase name="Test_Reduce_Sum_02" status="run" result="completed" time="0" timestamp="2021-12-24T21:22:48" classname="DeclarableOpsTests7" />
    <testcase name="Test_Reduce_Sum_3" status="run" result="completed" time="0" timestamp="2021-12-24T21:22:48" classname="DeclarableOpsTests7" />
    <testcase name="Test_Reduce_Sum_4" status="run" result="completed" time="0" timestamp="2021-12-24T21:22:48" classname="DeclarableOpsTests7" />
    <testcase name="Test_Reduce_Sum_5" status="run" result="completed" time="0" timestamp="2021-12-24T21:22:48" classname="DeclarableOpsTests7" />
    <testcase name="Test_Reduce_Sum_6" status="run" result="completed" time="0" timestamp="2021-12-24T21:22:48" classname="DeclarableOpsTests7" />
    <testcase name="Test_Reduce_Sum_7" status="run" result="completed" time="0" timestamp="2021-12-24T21:22:48" classname="DeclarableOpsTests7" />
    <testcase name="Test_Reduce_Prod_01" status="run" result="completed" time="0" timestamp="2021-12-24T21:22:48" classname="DeclarableOpsTests7" />
    <testcase name="Test_Reduce_Prod_02" status="run" result="completed" time="0" timestamp="2021-12-24T21:22:48" classname="DeclarableOpsTests7" />
    <testcase name="Test_Reduce_Prod_3" status="run" result="completed" time="0" timestamp="2021-12-24T21:22:48" classname="DeclarableOpsTests7" />
    <testcase name="Test_Reduce_Prod_4" status="run" result="completed" time="0" timestamp="2021-12-24T21:22:48" classname="DeclarableOpsTests7" />
    <testcase name="Test_Reduce_Prod_5" status="run" result="completed" time="0" timestamp="2021-12-24T21:22:48" classname="DeclarableOpsTests7" />
    <testcase name="Test_Reduce_Prod_6" status="run" result="completed" time="0" timestamp="2021-12-24T21:22:48" classname="DeclarableOpsTests7" />
    <testcase name="Test_Reduce_Prod_7" status="run" result="completed" time="0" timestamp="2021-12-24T21:22:48" classname="DeclarableOpsTests7" />
    <testcase name="Test_Reduce_Min_1" status="run" result="completed" time="0" timestamp="2021-12-24T21:22:48" classname="DeclarableOpsTests7" />
    <testcase name="Test_Reduce_Min_2" status="run" result="completed" time="0" timestamp="2021-12-24T21:22:48" classname="DeclarableOpsTests7" />
    <testcase name="Test_Reduce_Min_3" status="run" result="completed" time="0" timestamp="2021-12-24T21:22:48" classname="DeclarableOpsTests7" />
    <testcase name="Test_Reduce_Min_4" status="run" result="completed" time="0" timestamp="2021-12-24T21:22:48" classname="DeclarableOpsTests7" />
    <testcase name="Test_Reduce_Min_5" status="run" result="completed" time="0" timestamp="2021-12-24T21:22:48" classname="DeclarableOpsTests7" />
    <testcase name="Test_Reduce_Min_6" status="run" result="completed" time="0" timestamp="2021-12-24T21:22:48" classname="DeclarableOpsTests7" />
    <testcase name="Test_Reduce_Min_7" status="run" result="completed" time="0" timestamp="2021-12-24T21:22:48" classname="DeclarableOpsTests7" />
    <testcase name="Test_Reduce_Max_1" status="run" result="completed" time="0" timestamp="2021-12-24T21:22:48" classname="DeclarableOpsTests7" />
    <testcase name="Test_Reduce_Max_2" status="run" result="completed" time="0" timestamp="2021-12-24T21:22:48" classname="DeclarableOpsTests7" />
    <testcase name="Test_Reduce_Max_3" status="run" result="completed" time="0" timestamp="2021-12-24T21:22:48" classname="DeclarableOpsTests7" />
    <testcase name="Test_Reduce_Max_4" status="run" result="completed" time="0" timestamp="2021-12-24T21:22:48" classname="DeclarableOpsTests7" />
    <testcase name="Test_Reduce_Max_5" status="run" result="completed" time="0" timestamp="2021-12-24T21:22:48" classname="DeclarableOpsTests7" />
    <testcase name="Test_Reduce_Max_6" status="run" result="completed" time="0" timestamp="2021-12-24T21:22:48" classname="DeclarableOpsTests7" />
    <testcase name="Test_Reduce_Max_7" status="run" result="completed" time="0" timestamp="2021-12-24T21:22:48" classname="DeclarableOpsTests7" />
    <testcase name="Test_Reduce_Norm1_1" status="run" result="completed" time="0.001" timestamp="2021-12-24T21:22:48" classname="DeclarableOpsTests7" />
    <testcase name="Test_Reduce_Norm1_2" status="run" result="completed" time="0" timestamp="2021-12-24T21:22:48" classname="DeclarableOpsTests7" />
    <testcase name="Test_Reduce_Norm1_3" status="run" result="completed" time="0" timestamp="2021-12-24T21:22:48" classname="DeclarableOpsTests7" />
    <testcase name="Test_Reduce_Norm1_4" status="run" result="completed" time="0" timestamp="2021-12-24T21:22:48" classname="DeclarableOpsTests7" />
    <testcase name="Test_Reduce_Norm1_5" status="run" result="completed" time="0" timestamp="2021-12-24T21:22:48" classname="DeclarableOpsTests7" />
    <testcase name="Test_Reduce_Norm1_6" status="run" result="completed" time="0" timestamp="2021-12-24T21:22:48" classname="DeclarableOpsTests7" />
    <testcase name="Test_Reduce_Norm1_7" status="run" result="completed" time="0" timestamp="2021-12-24T21:22:48" classname="DeclarableOpsTests7" />
    <testcase name="Test_Reduce_Norm2_1" status="run" result="completed" time="0" timestamp="2021-12-24T21:22:48" classname="DeclarableOpsTests7" />
    <testcase name="Test_Reduce_Norm2_2" status="run" result="completed" time="0" timestamp="2021-12-24T21:22:48" classname="DeclarableOpsTests7" />
    <testcase name="Test_Reduce_Norm2_3" status="run" result="completed" time="0" timestamp="2021-12-24T21:22:48" classname="DeclarableOpsTests7" />
    <testcase name="Test_Reduce_Norm2_4" status="run" result="completed" time="0" timestamp="2021-12-24T21:22:48" classname="DeclarableOpsTests7" />
    <testcase name="Test_Reduce_Norm2_5" status="run" result="completed" time="0" timestamp="2021-12-24T21:22:48" classname="DeclarableOpsTests7" />
    <testcase name="Test_Reduce_Norm2_6" status="run" result="completed" time="0" timestamp="2021-12-24T21:22:48" classname="DeclarableOpsTests7" />
    <testcase name="Test_Reduce_Norm2_7" status="run" result="completed" time="0" timestamp="2021-12-24T21:22:48" classname="DeclarableOpsTests7" />
    <testcase name="Test_Reduce_NormMax_1" status="run" result="completed" time="0" timestamp="2021-12-24T21:22:48" classname="DeclarableOpsTests7" />
    <testcase name="Test_Reduce_NormMax_2" status="run" result="completed" time="0" timestamp="2021-12-24T21:22:48" classname="DeclarableOpsTests7" />
    <testcase name="Test_Reduce_NormMax_3" status="run" result="completed" time="0" timestamp="2021-12-24T21:22:48" classname="DeclarableOpsTests7" />
    <testcase name="Test_Reduce_NormMax_4" status="run" result="completed" time="0" timestamp="2021-12-24T21:22:48" classname="DeclarableOpsTests7" />
    <testcase name="Test_Reduce_NormMax_5" status="run" result="completed" time="0" timestamp="2021-12-24T21:22:48" classname="DeclarableOpsTests7" />
    <testcase name="Test_Reduce_NormMax_6" status="run" result="completed" time="0" timestamp="2021-12-24T21:22:48" classname="DeclarableOpsTests7" />
    <testcase name="Test_Reduce_NormMax_7" status="run" result="completed" time="0" timestamp="2021-12-24T21:22:48" classname="DeclarableOpsTests7" />
    <testcase name="Test_Reduce_SquaredNorm_1" status="run" result="completed" time="0" timestamp="2021-12-24T21:22:48" classname="DeclarableOpsTests7" />
    <testcase name="Test_Reduce_SquaredNorm_2" status="run" result="completed" time="0" timestamp="2021-12-24T21:22:48" classname="DeclarableOpsTests7" />
    <testcase name="Test_Reduce_SquaredNorm_3" status="run" result="completed" time="0" timestamp="2021-12-24T21:22:48" classname="DeclarableOpsTests7" />
    <testcase name="Test_Reduce_SquaredNorm_4" status="run" result="completed" time="0" timestamp="2021-12-24T21:22:48" classname="DeclarableOpsTests7" />
    <testcase name="Test_Reduce_SquaredNorm_5" status="run" result="completed" time="0" timestamp="2021-12-24T21:22:48" classname="DeclarableOpsTests7" />
    <testcase name="Test_Reduce_SquaredNorm_6" status="run" result="completed" time="0" timestamp="2021-12-24T21:22:48" classname="DeclarableOpsTests7" />
    <testcase name="Test_Reduce_SquaredNorm_7" status="run" result="completed" time="0" timestamp="2021-12-24T21:22:48" classname="DeclarableOpsTests7" />
    <testcase name="Test_Reduce_Sum_BP_1" status="run" result="completed" time="0" timestamp="2021-12-24T21:22:48" classname="DeclarableOpsTests7" />
    <testcase name="Test_Reduce_Sum_BP_2" status="run" result="completed" time="0" timestamp="2021-12-24T21:22:48" classname="DeclarableOpsTests7" />
    <testcase name="Test_Reduce_Sum_BP_3" status="run" result="completed" time="0" timestamp="2021-12-24T21:22:48" classname="DeclarableOpsTests7" />
    <testcase name="Test_Reduce_Sum_BP_4" status="run" result="completed" time="0" timestamp="2021-12-24T21:22:48" classname="DeclarableOpsTests7" />
    <testcase name="Test_Reduce_Prod_BP_1" status="run" result="completed" time="0" timestamp="2021-12-24T21:22:48" classname="DeclarableOpsTests7" />
    <testcase name="Test_Reduce_Prod_BP_2" status="run" result="completed" time="0" timestamp="2021-12-24T21:22:48" classname="DeclarableOpsTests7" />
    <testcase name="Test_Reduce_Prod_BP_3" status="run" result="completed" time="0.001" timestamp="2021-12-24T21:22:48" classname="DeclarableOpsTests7" />
    <testcase name="Test_Reduce_Prod_BP_03" status="run" result="completed" time="0" timestamp="2021-12-24T21:22:48" classname="DeclarableOpsTests7" />
    <testcase name="Test_Reduce_Prod_BP_4" status="run" result="completed" time="0" timestamp="2021-12-24T21:22:48" classname="DeclarableOpsTests7" />
    <testcase name="Test_Reduce_Prod_BP_5" status="run" result="completed" time="0.002" timestamp="2021-12-24T21:22:48" classname="DeclarableOpsTests7" />
    <testcase name="Test_Reduce_Min_BP_1" status="run" result="completed" time="0.003" timestamp="2021-12-24T21:22:48" classname="DeclarableOpsTests7" />
    <testcase name="Test_Reduce_Min_BP_2" status="run" result="completed" time="0.001" timestamp="2021-12-24T21:22:48" classname="DeclarableOpsTests7" />
    <testcase name="Test_Reduce_Min_BP_02" status="run" result="completed" time="0" timestamp="2021-12-24T21:22:48" classname="DeclarableOpsTests7" />
    <testcase name="Test_Reduce_Min_BP_3" status="run" result="completed" time="0" timestamp="2021-12-24T21:22:48" classname="DeclarableOpsTests7" />
    <testcase name="Test_Reduce_Min_BP_4" status="run" result="completed" time="0" timestamp="2021-12-24T21:22:48" classname="DeclarableOpsTests7" />
    <testcase name="Test_Reduce_Min_BP_5" status="run" result="completed" time="0" timestamp="2021-12-24T21:22:48" classname="DeclarableOpsTests7" />
    <testcase name="Test_Reduce_Min_BP_6" status="run" result="completed" time="0" timestamp="2021-12-24T21:22:48" classname="DeclarableOpsTests7" />
    <testcase name="Test_Reduce_Max_BP_1" status="run" result="completed" time="0" timestamp="2021-12-24T21:22:48" classname="DeclarableOpsTests7" />
    <testcase name="Test_Reduce_Max_BP_2" status="run" result="completed" time="0" timestamp="2021-12-24T21:22:48" classname="DeclarableOpsTests7" />
    <testcase name="Test_Reduce_Max_BP_02" status="run" result="completed" time="0" timestamp="2021-12-24T21:22:48" classname="DeclarableOpsTests7" />
    <testcase name="Test_Reduce_Max_BP_3" status="run" result="completed" time="0" timestamp="2021-12-24T21:22:48" classname="DeclarableOpsTests7" />
    <testcase name="Test_Reduce_Max_BP_4" status="run" result="completed" time="0" timestamp="2021-12-24T21:22:48" classname="DeclarableOpsTests7" />
    <testcase name="Test_Reduce_Norm1_BP_1" status="run" result="completed" time="0" timestamp="2021-12-24T21:22:48" classname="DeclarableOpsTests7" />
    <testcase name="Test_Reduce_Norm1_BP_2" status="run" result="completed" time="0.001" timestamp="2021-12-24T21:22:48" classname="DeclarableOpsTests7" />
    <testcase name="Test_Reduce_Norm1_BP_02" status="run" result="completed" time="0" timestamp="2021-12-24T21:22:48" classname="DeclarableOpsTests7" />
    <testcase name="Test_Reduce_Norm1_BP_3" status="run" result="completed" time="0" timestamp="2021-12-24T21:22:48" classname="DeclarableOpsTests7" />
    <testcase name="Test_Reduce_Norm2_BP_1" status="run" result="completed" time="0" timestamp="2021-12-24T21:22:48" classname="DeclarableOpsTests7" />
    <testcase name="Test_Reduce_Norm2_BP_2" status="run" result="completed" time="0" timestamp="2021-12-24T21:22:48" classname="DeclarableOpsTests7" />
    <testcase name="Test_Reduce_Norm2_BP_02" status="run" result="completed" time="0" timestamp="2021-12-24T21:22:48" classname="DeclarableOpsTests7" />
    <testcase name="Test_Reduce_Norm2_BP_3" status="run" result="completed" time="0" timestamp="2021-12-24T21:22:48" classname="DeclarableOpsTests7" />
    <testcase name="Test_Reduce_Norm2_BP_4" status="run" result="completed" time="0" timestamp="2021-12-24T21:22:48" classname="DeclarableOpsTests7" />
    <testcase name="Test_Reduce_SquaredNorm_BP_1" status="run" result="completed" time="0" timestamp="2021-12-24T21:22:48" classname="DeclarableOpsTests7" />
    <testcase name="Test_Reduce_SquaredNorm_BP_01" status="run" result="completed" time="0" timestamp="2021-12-24T21:22:48" classname="DeclarableOpsTests7" />
    <testcase name="Test_Reduce_NormMax_BP_1" status="run" result="completed" time="0" timestamp="2021-12-24T21:22:48" classname="DeclarableOpsTests7" />
    <testcase name="Test_Reduce_NormMax_BP_2" status="run" result="completed" time="0" timestamp="2021-12-24T21:22:48" classname="DeclarableOpsTests7" />
    <testcase name="Test_Reduce_NormMax_BP_02" status="run" result="completed" time="0.001" timestamp="2021-12-24T21:22:48" classname="DeclarableOpsTests7" />
    <testcase name="Test_Reduce_NormMax_BP_3" status="run" result="completed" time="0" timestamp="2021-12-24T21:22:48" classname="DeclarableOpsTests7" />
    <testcase name="Test_Reduce_NormMax_BP_4" status="run" result="completed" time="0" timestamp="2021-12-24T21:22:48" classname="DeclarableOpsTests7" />
    <testcase name="Test_Reduce_NormMax_BP_5" status="run" result="completed" time="0" timestamp="2021-12-24T21:22:48" classname="DeclarableOpsTests7" />
    <testcase name="Test_Reduce_NormMax_BP_6" status="run" result="completed" time="0" timestamp="2021-12-24T21:22:48" classname="DeclarableOpsTests7" />
    <testcase name="Test_Reduce_NormMax_BP_7" status="run" result="completed" time="0" timestamp="2021-12-24T21:22:48" classname="DeclarableOpsTests7" />
    <testcase name="Test_Reduce_Dot_BP_1" status="run" result="completed" time="0" timestamp="2021-12-24T21:22:48" classname="DeclarableOpsTests7" />
    <testcase name="Test_Reduce_Dot_BP_2" status="run" result="completed" time="0" timestamp="2021-12-24T21:22:48" classname="DeclarableOpsTests7" />
    <testcase name="Test_Reduce_Dot_BP_02" status="run" result="completed" time="0" timestamp="2021-12-24T21:22:48" classname="DeclarableOpsTests7" />
    <testcase name="Test_Reduce_Dot_BP_3" status="run" result="completed" time="0" timestamp="2021-12-24T21:22:48" classname="DeclarableOpsTests7" />
    <testcase name="cumsum_bp_1" status="run" result="completed" time="0" timestamp="2021-12-24T21:22:48" classname="DeclarableOpsTests7" />
    <testcase name="cumsum_bp_2" status="run" result="completed" time="0" timestamp="2021-12-24T21:22:48" classname="DeclarableOpsTests7" />
    <testcase name="cumsum_bp_3" status="run" result="completed" time="0" timestamp="2021-12-24T21:22:48" classname="DeclarableOpsTests7" />
  </testsuite>
  <testsuite name="TypedDeclarableOpsTests7/0" tests="1" failures="0" disabled="0" errors="0" time="0" timestamp="2021-12-24T21:22:48">
    <testcase name="Test_Pnorm_Once_Again" type_param="double" status="run" result="completed" time="0" timestamp="2021-12-24T21:22:48" classname="TypedDeclarableOpsTests7/0" />
  </testsuite>
  <testsuite name="TypedDeclarableOpsTests7/1" tests="1" failures="0" disabled="0" errors="0" time="0" timestamp="2021-12-24T21:22:48">
    <testcase name="Test_Pnorm_Once_Again" type_param="float" status="run" result="completed" time="0" timestamp="2021-12-24T21:22:48" classname="TypedDeclarableOpsTests7/1" />
  </testsuite>
  <testsuite name="DeclarableOpsTests8" tests="137" failures="0" disabled="0" errors="0" time="0.008" timestamp="2021-12-24T21:22:48">
    <testcase name="reduceVariance_test1" status="run" result="completed" time="0" timestamp="2021-12-24T21:22:48" classname="DeclarableOpsTests8" />
    <testcase name="reduceVariance_test2" status="run" result="completed" time="0" timestamp="2021-12-24T21:22:48" classname="DeclarableOpsTests8" />
    <testcase name="reduceVariance_test3" status="run" result="completed" time="0" timestamp="2021-12-24T21:22:48" classname="DeclarableOpsTests8" />
    <testcase name="reduceVariance_test4" status="run" result="completed" time="0" timestamp="2021-12-24T21:22:48" classname="DeclarableOpsTests8" />
    <testcase name="reduceVariance_test5" status="run" result="completed" time="0" timestamp="2021-12-24T21:22:48" classname="DeclarableOpsTests8" />
    <testcase name="reduceVariance_test6" status="run" result="completed" time="0" timestamp="2021-12-24T21:22:48" classname="DeclarableOpsTests8" />
    <testcase name="reduceVariance_test7" status="run" result="completed" time="0" timestamp="2021-12-24T21:22:48" classname="DeclarableOpsTests8" />
    <testcase name="reduceVariance_test8" status="run" result="completed" time="0" timestamp="2021-12-24T21:22:48" classname="DeclarableOpsTests8" />
    <testcase name="reduceStDev_test1" status="run" result="completed" time="0" timestamp="2021-12-24T21:22:48" classname="DeclarableOpsTests8" />
    <testcase name="reduceStDev_test2" status="run" result="completed" time="0" timestamp="2021-12-24T21:22:48" classname="DeclarableOpsTests8" />
    <testcase name="reduceStDev_test3" status="run" result="completed" time="0" timestamp="2021-12-24T21:22:48" classname="DeclarableOpsTests8" />
    <testcase name="reduceStDev_test4" status="run" result="completed" time="0" timestamp="2021-12-24T21:22:48" classname="DeclarableOpsTests8" />
    <testcase name="reduceStDev_test5" status="run" result="completed" time="0" timestamp="2021-12-24T21:22:48" classname="DeclarableOpsTests8" />
    <testcase name="reduceStDev_test6" status="run" result="completed" time="0" timestamp="2021-12-24T21:22:48" classname="DeclarableOpsTests8" />
    <testcase name="reduceStDev_test7" status="run" result="completed" time="0" timestamp="2021-12-24T21:22:48" classname="DeclarableOpsTests8" />
    <testcase name="reduceStDev_test8" status="run" result="completed" time="0" timestamp="2021-12-24T21:22:48" classname="DeclarableOpsTests8" />
    <testcase name="reduceStDev_test08" status="run" result="completed" time="0" timestamp="2021-12-24T21:22:48" classname="DeclarableOpsTests8" />
    <testcase name="reduceVarianceBP_test1" status="run" result="completed" time="0.001" timestamp="2021-12-24T21:22:48" classname="DeclarableOpsTests8" />
    <testcase name="reduceVarianceBP_test2" status="run" result="completed" time="0" timestamp="2021-12-24T21:22:48" classname="DeclarableOpsTests8" />
    <testcase name="reduceVarianceBP_test02" status="run" result="completed" time="0" timestamp="2021-12-24T21:22:48" classname="DeclarableOpsTests8" />
    <testcase name="reduceVarianceBP_test3" status="run" result="completed" time="0.001" timestamp="2021-12-24T21:22:48" classname="DeclarableOpsTests8" />
    <testcase name="reduceStDevBP_test1" status="run" result="completed" time="0" timestamp="2021-12-24T21:22:48" classname="DeclarableOpsTests8" />
    <testcase name="reduceStDevBP_test2" status="run" result="completed" time="0" timestamp="2021-12-24T21:22:48" classname="DeclarableOpsTests8" />
    <testcase name="reduceStDevBP_test02" status="run" result="completed" time="0" timestamp="2021-12-24T21:22:48" classname="DeclarableOpsTests8" />
    <testcase name="reduceStDevBP_test3" status="run" result="completed" time="0" timestamp="2021-12-24T21:22:48" classname="DeclarableOpsTests8" />
    <testcase name="Test_Reduce_Sum_1" status="run" result="completed" time="0" timestamp="2021-12-24T21:22:48" classname="DeclarableOpsTests8" />
    <testcase name="Test_Reduce_Sum_2" status="run" result="completed" time="0" timestamp="2021-12-24T21:22:48" classname="DeclarableOpsTests8" />
    <testcase name="Test_Reduce_Sum_03" status="run" result="completed" time="0" timestamp="2021-12-24T21:22:48" classname="DeclarableOpsTests8" />
    <testcase name="Test_Reduce_Prod_1" status="run" result="completed" time="0" timestamp="2021-12-24T21:22:48" classname="DeclarableOpsTests8" />
    <testcase name="Test_Reduce_Prod_2" status="run" result="completed" time="0" timestamp="2021-12-24T21:22:48" classname="DeclarableOpsTests8" />
    <testcase name="Test_Reduce_Sum_01" status="run" result="completed" time="0" timestamp="2021-12-24T21:22:48" classname="DeclarableOpsTests8" />
    <testcase name="Test_Reduce_Sum_02" status="run" result="completed" time="0" timestamp="2021-12-24T21:22:48" classname="DeclarableOpsTests8" />
    <testcase name="Test_Reduce_Sum_3" status="run" result="completed" time="0" timestamp="2021-12-24T21:22:48" classname="DeclarableOpsTests8" />
    <testcase name="Test_Reduce_Sum_4" status="run" result="completed" time="0" timestamp="2021-12-24T21:22:48" classname="DeclarableOpsTests8" />
    <testcase name="Test_Reduce_Sum_5" status="run" result="completed" time="0" timestamp="2021-12-24T21:22:48" classname="DeclarableOpsTests8" />
    <testcase name="Test_Reduce_Sum_6" status="run" result="completed" time="0" timestamp="2021-12-24T21:22:48" classname="DeclarableOpsTests8" />
    <testcase name="Test_Reduce_Sum_7" status="run" result="completed" time="0" timestamp="2021-12-24T21:22:48" classname="DeclarableOpsTests8" />
    <testcase name="Test_Reduce_Prod_01" status="run" result="completed" time="0" timestamp="2021-12-24T21:22:48" classname="DeclarableOpsTests8" />
    <testcase name="Test_Reduce_Prod_02" status="run" result="completed" time="0" timestamp="2021-12-24T21:22:48" classname="DeclarableOpsTests8" />
    <testcase name="Test_Reduce_Prod_3" status="run" result="completed" time="0" timestamp="2021-12-24T21:22:48" classname="DeclarableOpsTests8" />
    <testcase name="Test_Reduce_Prod_4" status="run" result="completed" time="0" timestamp="2021-12-24T21:22:48" classname="DeclarableOpsTests8" />
    <testcase name="Test_Reduce_Prod_04" status="run" result="completed" time="0" timestamp="2021-12-24T21:22:48" classname="DeclarableOpsTests8" />
    <testcase name="Test_Reduce_Prod_5" status="run" result="completed" time="0" timestamp="2021-12-24T21:22:48" classname="DeclarableOpsTests8" />
    <testcase name="Test_Reduce_Prod_6" status="run" result="completed" time="0" timestamp="2021-12-24T21:22:48" classname="DeclarableOpsTests8" />
    <testcase name="Test_Reduce_Prod_7" status="run" result="completed" time="0" timestamp="2021-12-24T21:22:48" classname="DeclarableOpsTests8" />
    <testcase name="Test_Reduce_Min_1" status="run" result="completed" time="0" timestamp="2021-12-24T21:22:48" classname="DeclarableOpsTests8" />
    <testcase name="Test_Reduce_Min_2" status="run" result="completed" time="0" timestamp="2021-12-24T21:22:48" classname="DeclarableOpsTests8" />
    <testcase name="Test_Reduce_Min_3" status="run" result="completed" time="0" timestamp="2021-12-24T21:22:48" classname="DeclarableOpsTests8" />
    <testcase name="Test_Reduce_Min_4" status="run" result="completed" time="0" timestamp="2021-12-24T21:22:48" classname="DeclarableOpsTests8" />
    <testcase name="Test_Reduce_Min_04" status="run" result="completed" time="0" timestamp="2021-12-24T21:22:48" classname="DeclarableOpsTests8" />
    <testcase name="Test_Reduce_Min_5" status="run" result="completed" time="0" timestamp="2021-12-24T21:22:48" classname="DeclarableOpsTests8" />
    <testcase name="Test_Reduce_Min_6" status="run" result="completed" time="0" timestamp="2021-12-24T21:22:48" classname="DeclarableOpsTests8" />
    <testcase name="Test_Reduce_Min_7" status="run" result="completed" time="0" timestamp="2021-12-24T21:22:48" classname="DeclarableOpsTests8" />
    <testcase name="Test_Reduce_Max_1" status="run" result="completed" time="0" timestamp="2021-12-24T21:22:48" classname="DeclarableOpsTests8" />
    <testcase name="Test_Reduce_Max_2" status="run" result="completed" time="0" timestamp="2021-12-24T21:22:48" classname="DeclarableOpsTests8" />
    <testcase name="Test_Reduce_Max_3" status="run" result="completed" time="0" timestamp="2021-12-24T21:22:48" classname="DeclarableOpsTests8" />
    <testcase name="Test_Reduce_Max_4" status="run" result="completed" time="0" timestamp="2021-12-24T21:22:48" classname="DeclarableOpsTests8" />
    <testcase name="Test_Reduce_Max_04" status="run" result="completed" time="0" timestamp="2021-12-24T21:22:48" classname="DeclarableOpsTests8" />
    <testcase name="Test_Reduce_Max_5" status="run" result="completed" time="0" timestamp="2021-12-24T21:22:48" classname="DeclarableOpsTests8" />
    <testcase name="Test_Reduce_Max_6" status="run" result="completed" time="0" timestamp="2021-12-24T21:22:48" classname="DeclarableOpsTests8" />
    <testcase name="Test_Reduce_Max_7" status="run" result="completed" time="0" timestamp="2021-12-24T21:22:48" classname="DeclarableOpsTests8" />
    <testcase name="Test_Reduce_Norm1_1" status="run" result="completed" time="0" timestamp="2021-12-24T21:22:48" classname="DeclarableOpsTests8" />
    <testcase name="Test_Reduce_Norm1_2" status="run" result="completed" time="0" timestamp="2021-12-24T21:22:48" classname="DeclarableOpsTests8" />
    <testcase name="Test_Reduce_Norm1_3" status="run" result="completed" time="0" timestamp="2021-12-24T21:22:48" classname="DeclarableOpsTests8" />
    <testcase name="Test_Reduce_Norm1_4" status="run" result="completed" time="0" timestamp="2021-12-24T21:22:48" classname="DeclarableOpsTests8" />
    <testcase name="Test_Reduce_Norm1_04" status="run" result="completed" time="0" timestamp="2021-12-24T21:22:48" classname="DeclarableOpsTests8" />
    <testcase name="Test_Reduce_Norm1_5" status="run" result="completed" time="0" timestamp="2021-12-24T21:22:48" classname="DeclarableOpsTests8" />
    <testcase name="Test_Reduce_Norm1_6" status="run" result="completed" time="0" timestamp="2021-12-24T21:22:48" classname="DeclarableOpsTests8" />
    <testcase name="Test_Reduce_Norm1_7" status="run" result="completed" time="0" timestamp="2021-12-24T21:22:48" classname="DeclarableOpsTests8" />
    <testcase name="Test_Reduce_Norm2_1" status="run" result="completed" time="0" timestamp="2021-12-24T21:22:48" classname="DeclarableOpsTests8" />
    <testcase name="Test_Reduce_Norm2_2" status="run" result="completed" time="0" timestamp="2021-12-24T21:22:48" classname="DeclarableOpsTests8" />
    <testcase name="Test_Reduce_Norm2_3" status="run" result="completed" time="0" timestamp="2021-12-24T21:22:48" classname="DeclarableOpsTests8" />
    <testcase name="Test_Reduce_Norm2_4" status="run" result="completed" time="0" timestamp="2021-12-24T21:22:48" classname="DeclarableOpsTests8" />
    <testcase name="Test_Reduce_Norm2_04" status="run" result="completed" time="0" timestamp="2021-12-24T21:22:48" classname="DeclarableOpsTests8" />
    <testcase name="Test_Reduce_Norm2_5" status="run" result="completed" time="0" timestamp="2021-12-24T21:22:48" classname="DeclarableOpsTests8" />
    <testcase name="Test_Reduce_Norm2_6" status="run" result="completed" time="0" timestamp="2021-12-24T21:22:48" classname="DeclarableOpsTests8" />
    <testcase name="Test_Reduce_Norm2_7" status="run" result="completed" time="0" timestamp="2021-12-24T21:22:48" classname="DeclarableOpsTests8" />
    <testcase name="Test_Reduce_NormMax_1" status="run" result="completed" time="0" timestamp="2021-12-24T21:22:48" classname="DeclarableOpsTests8" />
    <testcase name="Test_Reduce_NormMax_2" status="run" result="completed" time="0" timestamp="2021-12-24T21:22:48" classname="DeclarableOpsTests8" />
    <testcase name="Test_Reduce_NormMax_3" status="run" result="completed" time="0.001" timestamp="2021-12-24T21:22:48" classname="DeclarableOpsTests8" />
    <testcase name="Test_Reduce_NormMax_4" status="run" result="completed" time="0" timestamp="2021-12-24T21:22:48" classname="DeclarableOpsTests8" />
    <testcase name="Test_Reduce_NormMax_04" status="run" result="completed" time="0" timestamp="2021-12-24T21:22:48" classname="DeclarableOpsTests8" />
    <testcase name="Test_Reduce_NormMax_5" status="run" result="completed" time="0" timestamp="2021-12-24T21:22:48" classname="DeclarableOpsTests8" />
    <testcase name="Test_Reduce_NormMax_6" status="run" result="completed" time="0" timestamp="2021-12-24T21:22:48" classname="DeclarableOpsTests8" />
    <testcase name="Test_Reduce_NormMax_7" status="run" result="completed" time="0" timestamp="2021-12-24T21:22:48" classname="DeclarableOpsTests8" />
    <testcase name="Test_Reduce_SquaredNorm_1" status="run" result="completed" time="0" timestamp="2021-12-24T21:22:48" classname="DeclarableOpsTests8" />
    <testcase name="Test_Reduce_SquaredNorm_2" status="run" result="completed" time="0" timestamp="2021-12-24T21:22:48" classname="DeclarableOpsTests8" />
    <testcase name="Test_Reduce_SquaredNorm_3" status="run" result="completed" time="0" timestamp="2021-12-24T21:22:48" classname="DeclarableOpsTests8" />
    <testcase name="Test_Reduce_SquaredNorm_4" status="run" result="completed" time="0" timestamp="2021-12-24T21:22:48" classname="DeclarableOpsTests8" />
    <testcase name="Test_Reduce_SquaredNorm_04" status="run" result="completed" time="0" timestamp="2021-12-24T21:22:48" classname="DeclarableOpsTests8" />
    <testcase name="Test_Reduce_SquaredNorm_5" status="run" result="completed" time="0" timestamp="2021-12-24T21:22:48" classname="DeclarableOpsTests8" />
    <testcase name="Test_Reduce_SquaredNorm_6" status="run" result="completed" time="0" timestamp="2021-12-24T21:22:48" classname="DeclarableOpsTests8" />
    <testcase name="Test_Reduce_SquaredNorm_7" status="run" result="completed" time="0" timestamp="2021-12-24T21:22:48" classname="DeclarableOpsTests8" />
    <testcase name="Test_Reduce_Sum_BP_1" status="run" result="completed" time="0.002" timestamp="2021-12-24T21:22:48" classname="DeclarableOpsTests8" />
    <testcase name="Test_Reduce_Sum_BP_2" status="run" result="completed" time="0" timestamp="2021-12-24T21:22:48" classname="DeclarableOpsTests8" />
    <testcase name="Test_Reduce_Sum_BP_3" status="run" result="completed" time="0" timestamp="2021-12-24T21:22:48" classname="DeclarableOpsTests8" />
    <testcase name="Test_Reduce_Sum_BP_4" status="run" result="completed" time="0" timestamp="2021-12-24T21:22:48" classname="DeclarableOpsTests8" />
    <testcase name="Test_Reduce_Sum_BP_04" status="run" result="completed" time="0" timestamp="2021-12-24T21:22:48" classname="DeclarableOpsTests8" />
    <testcase name="Test_Reduce_Prod_BP_1" status="run" result="completed" time="0" timestamp="2021-12-24T21:22:48" classname="DeclarableOpsTests8" />
    <testcase name="reduceMean_test1" status="run" result="completed" time="0" timestamp="2021-12-24T21:22:48" classname="DeclarableOpsTests8" />
    <testcase name="reduceMean_test2" status="run" result="completed" time="0" timestamp="2021-12-24T21:22:48" classname="DeclarableOpsTests8" />
    <testcase name="reduceMean_test3" status="run" result="completed" time="0" timestamp="2021-12-24T21:22:48" classname="DeclarableOpsTests8" />
    <testcase name="reduceMean_test4" status="run" result="completed" time="0" timestamp="2021-12-24T21:22:48" classname="DeclarableOpsTests8" />
    <testcase name="reduceMean_test5" status="run" result="completed" time="0" timestamp="2021-12-24T21:22:48" classname="DeclarableOpsTests8" />
    <testcase name="reduceMean_test6" status="run" result="completed" time="0" timestamp="2021-12-24T21:22:48" classname="DeclarableOpsTests8" />
    <testcase name="reduceMean_test7" status="run" result="completed" time="0" timestamp="2021-12-24T21:22:48" classname="DeclarableOpsTests8" />
    <testcase name="reduceMean_test8" status="run" result="completed" time="0" timestamp="2021-12-24T21:22:48" classname="DeclarableOpsTests8" />
    <testcase name="reduceMeanBP_test1" status="run" result="completed" time="0" timestamp="2021-12-24T21:22:48" classname="DeclarableOpsTests8" />
    <testcase name="reduceMeanBP_test2" status="run" result="completed" time="0" timestamp="2021-12-24T21:22:48" classname="DeclarableOpsTests8" />
    <testcase name="reduceMeanBP_test02" status="run" result="completed" time="0" timestamp="2021-12-24T21:22:48" classname="DeclarableOpsTests8" />
    <testcase name="reduceMeanBP_test3" status="run" result="completed" time="0" timestamp="2021-12-24T21:22:48" classname="DeclarableOpsTests8" />
    <testcase name="reduceStDevBP_test4" status="run" result="completed" time="0" timestamp="2021-12-24T21:22:48" classname="DeclarableOpsTests8" />
    <testcase name="softmax_cross_entropy_loss_with_logits_test1" status="run" result="completed" time="0" timestamp="2021-12-24T21:22:48" classname="DeclarableOpsTests8" />
    <testcase name="softmax_cross_entropy_loss_with_logits_test2" status="run" result="completed" time="0" timestamp="2021-12-24T21:22:48" classname="DeclarableOpsTests8" />
    <testcase name="softmax_cross_entropy_loss_with_logits_test3" status="run" result="completed" time="0" timestamp="2021-12-24T21:22:48" classname="DeclarableOpsTests8" />
    <testcase name="softmax_cross_entropy_loss_with_logits_test4" status="run" result="completed" time="0" timestamp="2021-12-24T21:22:48" classname="DeclarableOpsTests8" />
    <testcase name="softmax_cross_entropy_loss_with_logits_test5" status="run" result="completed" time="0" timestamp="2021-12-24T21:22:48" classname="DeclarableOpsTests8" />
    <testcase name="softmax_cross_entropy_loss_with_logits_test6" status="run" result="completed" time="0" timestamp="2021-12-24T21:22:48" classname="DeclarableOpsTests8" />
    <testcase name="softmax_cross_entropy_loss_with_logits_test7" status="run" result="completed" time="0" timestamp="2021-12-24T21:22:48" classname="DeclarableOpsTests8" />
    <testcase name="softmax_cross_entropy_loss_with_logits_test8" status="run" result="completed" time="0" timestamp="2021-12-24T21:22:48" classname="DeclarableOpsTests8" />
    <testcase name="softmax_cross_entropy_loss_with_logits_test9" status="run" result="completed" time="0" timestamp="2021-12-24T21:22:48" classname="DeclarableOpsTests8" />
    <testcase name="softmax_cross_entropy_loss_with_logits_test10" status="run" result="completed" time="0" timestamp="2021-12-24T21:22:48" classname="DeclarableOpsTests8" />
    <testcase name="reduceMeanBP_test4" status="run" result="completed" time="0" timestamp="2021-12-24T21:22:48" classname="DeclarableOpsTests8" />
    <testcase name="reduceMeanBP_test5" status="run" result="completed" time="0.001" timestamp="2021-12-24T21:22:48" classname="DeclarableOpsTests8" />
    <testcase name="reduceStDevBP_test5" status="run" result="completed" time="0" timestamp="2021-12-24T21:22:48" classname="DeclarableOpsTests8" />
    <testcase name="zeros_as_test1" status="run" result="completed" time="0" timestamp="2021-12-24T21:22:48" classname="DeclarableOpsTests8" />
    <testcase name="zeros_as_test2" status="run" result="completed" time="0" timestamp="2021-12-24T21:22:48" classname="DeclarableOpsTests8" />
    <testcase name="ones_as_test1" status="run" result="completed" time="0" timestamp="2021-12-24T21:22:48" classname="DeclarableOpsTests8" />
    <testcase name="ones_as_test2" status="run" result="completed" time="0" timestamp="2021-12-24T21:22:48" classname="DeclarableOpsTests8" />
    <testcase name="ones_as_test3" status="run" result="completed" time="0" timestamp="2021-12-24T21:22:48" classname="DeclarableOpsTests8" />
    <testcase name="NormalizeMoments_SGO_1" status="run" result="completed" time="0" timestamp="2021-12-24T21:22:48" classname="DeclarableOpsTests8" />
    <testcase name="Test_Moments_1" status="run" result="completed" time="0" timestamp="2021-12-24T21:22:48" classname="DeclarableOpsTests8" />
    <testcase name="Test_Moments_2" status="run" result="completed" time="0" timestamp="2021-12-24T21:22:48" classname="DeclarableOpsTests8" />
    <testcase name="Test_Moments_3" status="run" result="completed" time="0" timestamp="2021-12-24T21:22:48" classname="DeclarableOpsTests8" />
    <testcase name="Test_Moments_4" status="run" result="completed" time="0" timestamp="2021-12-24T21:22:48" classname="DeclarableOpsTests8" />
    <testcase name="Test_Moments_6" status="run" result="completed" time="0" timestamp="2021-12-24T21:22:48" classname="DeclarableOpsTests8" />
    <testcase name="Test_Moments_7" status="run" result="completed" time="0" timestamp="2021-12-24T21:22:48" classname="DeclarableOpsTests8" />
  </testsuite>
  <testsuite name="TypedDeclarableOpsTests8/0" tests="12" failures="0" disabled="0" errors="0" time="0.032" timestamp="2021-12-24T21:22:48">
    <testcase name="LrnTest_01" type_param="double" status="run" result="completed" time="0" timestamp="2021-12-24T21:22:48" classname="TypedDeclarableOpsTests8/0" />
    <testcase name="LrnTest_02" type_param="double" status="run" result="completed" time="0" timestamp="2021-12-24T21:22:48" classname="TypedDeclarableOpsTests8/0" />
    <testcase name="LrnTest_03" type_param="double" status="run" result="completed" time="0" timestamp="2021-12-24T21:22:48" classname="TypedDeclarableOpsTests8/0" />
    <testcase name="LrnTest_1" type_param="double" status="run" result="completed" time="0" timestamp="2021-12-24T21:22:48" classname="TypedDeclarableOpsTests8/0" />
    <testcase name="LrnTest_2" type_param="double" status="run" result="completed" time="0" timestamp="2021-12-24T21:22:48" classname="TypedDeclarableOpsTests8/0" />
    <testcase name="LrnTest_3" type_param="double" status="run" result="completed" time="0" timestamp="2021-12-24T21:22:48" classname="TypedDeclarableOpsTests8/0" />
    <testcase name="LrnTest_4" type_param="double" status="run" result="completed" time="0.001" timestamp="2021-12-24T21:22:48" classname="TypedDeclarableOpsTests8/0" />
    <testcase name="LrnTest_4_119" type_param="double" status="run" result="completed" time="0.031" timestamp="2021-12-24T21:22:48" classname="TypedDeclarableOpsTests8/0" />
    <testcase name="LrnTest_BP_01" type_param="double" status="run" result="completed" time="0" timestamp="2021-12-24T21:22:48" classname="TypedDeclarableOpsTests8/0" />
    <testcase name="LrnTest_BP_02" type_param="double" status="run" result="completed" time="0" timestamp="2021-12-24T21:22:48" classname="TypedDeclarableOpsTests8/0" />
    <testcase name="LrnTest_BP_1" type_param="double" status="run" result="completed" time="0" timestamp="2021-12-24T21:22:48" classname="TypedDeclarableOpsTests8/0" />
    <testcase name="LrnTest_BP_2" type_param="double" status="run" result="completed" time="0" timestamp="2021-12-24T21:22:48" classname="TypedDeclarableOpsTests8/0" />
  </testsuite>
  <testsuite name="TypedDeclarableOpsTests8/1" tests="12" failures="0" disabled="0" errors="0" time="0.019" timestamp="2021-12-24T21:22:48">
    <testcase name="LrnTest_01" type_param="float" status="run" result="completed" time="0" timestamp="2021-12-24T21:22:48" classname="TypedDeclarableOpsTests8/1" />
    <testcase name="LrnTest_02" type_param="float" status="run" result="completed" time="0" timestamp="2021-12-24T21:22:48" classname="TypedDeclarableOpsTests8/1" />
    <testcase name="LrnTest_03" type_param="float" status="run" result="completed" time="0" timestamp="2021-12-24T21:22:48" classname="TypedDeclarableOpsTests8/1" />
    <testcase name="LrnTest_1" type_param="float" status="run" result="completed" time="0.001" timestamp="2021-12-24T21:22:48" classname="TypedDeclarableOpsTests8/1" />
    <testcase name="LrnTest_2" type_param="float" status="run" result="completed" time="0" timestamp="2021-12-24T21:22:48" classname="TypedDeclarableOpsTests8/1" />
    <testcase name="LrnTest_3" type_param="float" status="run" result="completed" time="0" timestamp="2021-12-24T21:22:48" classname="TypedDeclarableOpsTests8/1" />
    <testcase name="LrnTest_4" type_param="float" status="run" result="completed" time="0" timestamp="2021-12-24T21:22:48" classname="TypedDeclarableOpsTests8/1" />
    <testcase name="LrnTest_4_119" type_param="float" status="run" result="completed" time="0.018" timestamp="2021-12-24T21:22:48" classname="TypedDeclarableOpsTests8/1" />
    <testcase name="LrnTest_BP_01" type_param="float" status="run" result="completed" time="0" timestamp="2021-12-24T21:22:48" classname="TypedDeclarableOpsTests8/1" />
    <testcase name="LrnTest_BP_02" type_param="float" status="run" result="completed" time="0" timestamp="2021-12-24T21:22:48" classname="TypedDeclarableOpsTests8/1" />
    <testcase name="LrnTest_BP_1" type_param="float" status="run" result="completed" time="0" timestamp="2021-12-24T21:22:48" classname="TypedDeclarableOpsTests8/1" />
    <testcase name="LrnTest_BP_2" type_param="float" status="run" result="completed" time="0" timestamp="2021-12-24T21:22:48" classname="TypedDeclarableOpsTests8/1" />
  </testsuite>
  <testsuite name="DeclarableOpsTests9" tests="108" failures="0" disabled="0" errors="0" time="0.041" timestamp="2021-12-24T21:22:48">
    <testcase name="reduceStDevBP_test3" status="run" result="completed" time="0.001" timestamp="2021-12-24T21:22:48" classname="DeclarableOpsTests9" />
    <testcase name="reduceStDevBP_test03" status="run" result="completed" time="0" timestamp="2021-12-24T21:22:48" classname="DeclarableOpsTests9" />
    <testcase name="ScalarOpTest_MixedOrders_1" status="run" result="completed" time="0" timestamp="2021-12-24T21:22:48" classname="DeclarableOpsTests9" />
    <testcase name="concat_test1" status="run" result="completed" time="0" timestamp="2021-12-24T21:22:48" classname="DeclarableOpsTests9" />
    <testcase name="concat_test2" status="run" result="completed" time="0" timestamp="2021-12-24T21:22:48" classname="DeclarableOpsTests9" />
    <testcase name="concat_test3" status="run" result="completed" time="0" timestamp="2021-12-24T21:22:48" classname="DeclarableOpsTests9" />
    <testcase name="concat_test4" status="run" result="completed" time="0" timestamp="2021-12-24T21:22:48" classname="DeclarableOpsTests9" />
    <testcase name="concat_test5" status="run" result="completed" time="0" timestamp="2021-12-24T21:22:48" classname="DeclarableOpsTests9" />
    <testcase name="concat_test6" status="run" result="completed" time="0" timestamp="2021-12-24T21:22:48" classname="DeclarableOpsTests9" />
    <testcase name="concat_test7" status="run" result="completed" time="0" timestamp="2021-12-24T21:22:48" classname="DeclarableOpsTests9" />
    <testcase name="concat_test8" status="run" result="completed" time="0" timestamp="2021-12-24T21:22:48" classname="DeclarableOpsTests9" />
    <testcase name="concat_test9" status="run" result="completed" time="0" timestamp="2021-12-24T21:22:48" classname="DeclarableOpsTests9" />
    <testcase name="concat_test10" status="run" result="completed" time="0" timestamp="2021-12-24T21:22:48" classname="DeclarableOpsTests9" />
    <testcase name="concat_test11" status="run" result="completed" time="0" timestamp="2021-12-24T21:22:48" classname="DeclarableOpsTests9" />
    <testcase name="concat_test12" status="run" result="completed" time="0" timestamp="2021-12-24T21:22:48" classname="DeclarableOpsTests9" />
    <testcase name="concat_test13" status="run" result="completed" time="0" timestamp="2021-12-24T21:22:48" classname="DeclarableOpsTests9" />
    <testcase name="concat_test14" status="run" result="completed" time="0" timestamp="2021-12-24T21:22:48" classname="DeclarableOpsTests9" />
    <testcase name="concat_test15" status="run" result="completed" time="0" timestamp="2021-12-24T21:22:48" classname="DeclarableOpsTests9" />
    <testcase name="concat_test16" status="run" result="completed" time="0" timestamp="2021-12-24T21:22:48" classname="DeclarableOpsTests9" />
    <testcase name="concat_test17" status="run" result="completed" time="0" timestamp="2021-12-24T21:22:48" classname="DeclarableOpsTests9" />
    <testcase name="concat_test18" status="run" result="completed" time="0.012" timestamp="2021-12-24T21:22:48" classname="DeclarableOpsTests9" />
    <testcase name="concat_test19" status="run" result="completed" time="0" timestamp="2021-12-24T21:22:48" classname="DeclarableOpsTests9" />
    <testcase name="concat_test20" status="run" result="completed" time="0.005" timestamp="2021-12-24T21:22:48" classname="DeclarableOpsTests9" />
    <testcase name="concat_test21" status="run" result="completed" time="0" timestamp="2021-12-24T21:22:48" classname="DeclarableOpsTests9" />
    <testcase name="concat_test22" status="run" result="completed" time="0" timestamp="2021-12-24T21:22:48" classname="DeclarableOpsTests9" />
    <testcase name="concat_test23" status="run" result="completed" time="0" timestamp="2021-12-24T21:22:48" classname="DeclarableOpsTests9" />
    <testcase name="concat_test24" status="run" result="completed" time="0" timestamp="2021-12-24T21:22:48" classname="DeclarableOpsTests9" />
    <testcase name="concat_test25" status="run" result="completed" time="0" timestamp="2021-12-24T21:22:48" classname="DeclarableOpsTests9" />
    <testcase name="concat_test26" status="run" result="completed" time="0" timestamp="2021-12-24T21:22:48" classname="DeclarableOpsTests9" />
    <testcase name="concat_test27" status="run" result="completed" time="0" timestamp="2021-12-24T21:22:48" classname="DeclarableOpsTests9" />
    <testcase name="tile_bp_test1" status="run" result="completed" time="0" timestamp="2021-12-24T21:22:48" classname="DeclarableOpsTests9" />
    <testcase name="tile_bp_test2" status="run" result="completed" time="0" timestamp="2021-12-24T21:22:48" classname="DeclarableOpsTests9" />
    <testcase name="tile_bp_test3" status="run" result="completed" time="0" timestamp="2021-12-24T21:22:48" classname="DeclarableOpsTests9" />
    <testcase name="tile_bp_test4" status="run" result="completed" time="0" timestamp="2021-12-24T21:22:48" classname="DeclarableOpsTests9" />
    <testcase name="tile_bp_test5" status="run" result="completed" time="0" timestamp="2021-12-24T21:22:48" classname="DeclarableOpsTests9" />
    <testcase name="tile_bp_test6" status="run" result="completed" time="0" timestamp="2021-12-24T21:22:48" classname="DeclarableOpsTests9" />
    <testcase name="tile_bp_test7" status="run" result="completed" time="0" timestamp="2021-12-24T21:22:48" classname="DeclarableOpsTests9" />
    <testcase name="tile_test1" status="run" result="completed" time="0" timestamp="2021-12-24T21:22:48" classname="DeclarableOpsTests9" />
    <testcase name="TestDropout_BP_1" status="run" result="completed" time="0" timestamp="2021-12-24T21:22:48" classname="DeclarableOpsTests9" />
    <testcase name="TestDropout_1" status="run" result="completed" time="0" timestamp="2021-12-24T21:22:48" classname="DeclarableOpsTests9" />
    <testcase name="Test_DropoutInverted_01" status="run" result="completed" time="0" timestamp="2021-12-24T21:22:48" classname="DeclarableOpsTests9" />
    <testcase name="Test_Dropout_BP_2" status="run" result="completed" time="0" timestamp="2021-12-24T21:22:48" classname="DeclarableOpsTests9" />
    <testcase name="Test_AlphaDropout_BP_1" status="run" result="completed" time="0" timestamp="2021-12-24T21:22:48" classname="DeclarableOpsTests9" />
    <testcase name="test_range_int_1" status="run" result="completed" time="0" timestamp="2021-12-24T21:22:48" classname="DeclarableOpsTests9" />
    <testcase name="test_range_empty_1" status="run" result="completed" time="0" timestamp="2021-12-24T21:22:48" classname="DeclarableOpsTests9" />
    <testcase name="test_broadcast_bool_1" status="run" result="completed" time="0.001" timestamp="2021-12-24T21:22:48" classname="DeclarableOpsTests9" />
    <testcase name="test_broadcast_bool_2" status="run" result="completed" time="0" timestamp="2021-12-24T21:22:48" classname="DeclarableOpsTests9" />
    <testcase name="test_unstack_1" status="run" result="completed" time="0" timestamp="2021-12-24T21:22:48" classname="DeclarableOpsTests9" />
    <testcase name="test_unstack_SGO_1" status="run" result="completed" time="0" timestamp="2021-12-24T21:22:48" classname="DeclarableOpsTests9" />
    <testcase name="cumprod_1" status="run" result="completed" time="0" timestamp="2021-12-24T21:22:48" classname="DeclarableOpsTests9" />
    <testcase name="cumprod_2" status="run" result="completed" time="0" timestamp="2021-12-24T21:22:48" classname="DeclarableOpsTests9" />
    <testcase name="cumprod_bp_check_1" status="run" result="completed" time="0" timestamp="2021-12-24T21:22:48" classname="DeclarableOpsTests9" />
    <testcase name="cumprod_bp_check_2" status="run" result="completed" time="0" timestamp="2021-12-24T21:22:48" classname="DeclarableOpsTests9" />
    <testcase name="cumprod_bp_check_3" status="run" result="completed" time="0" timestamp="2021-12-24T21:22:48" classname="DeclarableOpsTests9" />
    <testcase name="cumprod_bp_check_4" status="run" result="completed" time="0" timestamp="2021-12-24T21:22:48" classname="DeclarableOpsTests9" />
    <testcase name="cumsum_bp_check_2" status="run" result="completed" time="0" timestamp="2021-12-24T21:22:48" classname="DeclarableOpsTests9" />
    <testcase name="cumprod_test1" status="run" result="completed" time="0" timestamp="2021-12-24T21:22:48" classname="DeclarableOpsTests9" />
    <testcase name="cumprod_test2" status="run" result="completed" time="0" timestamp="2021-12-24T21:22:48" classname="DeclarableOpsTests9" />
    <testcase name="prelu_test1" status="run" result="completed" time="0" timestamp="2021-12-24T21:22:48" classname="DeclarableOpsTests9" />
    <testcase name="prelu_test2" status="run" result="completed" time="0" timestamp="2021-12-24T21:22:48" classname="DeclarableOpsTests9" />
    <testcase name="prelu_test3" status="run" result="completed" time="0" timestamp="2021-12-24T21:22:48" classname="DeclarableOpsTests9" />
    <testcase name="prelu_test4" status="run" result="completed" time="0" timestamp="2021-12-24T21:22:48" classname="DeclarableOpsTests9" />
    <testcase name="prelu_test5" status="run" result="completed" time="0" timestamp="2021-12-24T21:22:48" classname="DeclarableOpsTests9" />
    <testcase name="prelu_test6" status="run" result="completed" time="0" timestamp="2021-12-24T21:22:48" classname="DeclarableOpsTests9" />
    <testcase name="prelu_test7" status="run" result="completed" time="0" timestamp="2021-12-24T21:22:48" classname="DeclarableOpsTests9" />
    <testcase name="prelu_test8" status="run" result="completed" time="0" timestamp="2021-12-24T21:22:48" classname="DeclarableOpsTests9" />
    <testcase name="prelu_test9" status="run" result="completed" time="0" timestamp="2021-12-24T21:22:48" classname="DeclarableOpsTests9" />
    <testcase name="prelu_test10" status="run" result="completed" time="0" timestamp="2021-12-24T21:22:48" classname="DeclarableOpsTests9" />
    <testcase name="prelu_test11" status="run" result="completed" time="0" timestamp="2021-12-24T21:22:48" classname="DeclarableOpsTests9" />
    <testcase name="prelu_test12" status="run" result="completed" time="0" timestamp="2021-12-24T21:22:48" classname="DeclarableOpsTests9" />
    <testcase name="prelu_test13" status="run" result="completed" time="0" timestamp="2021-12-24T21:22:48" classname="DeclarableOpsTests9" />
    <testcase name="prelu_test14" status="run" result="completed" time="0" timestamp="2021-12-24T21:22:48" classname="DeclarableOpsTests9" />
    <testcase name="eig1" status="run" result="completed" time="0" timestamp="2021-12-24T21:22:48" classname="DeclarableOpsTests9" />
    <testcase name="eig2" status="run" result="completed" time="0.001" timestamp="2021-12-24T21:22:48" classname="DeclarableOpsTests9" />
    <testcase name="compare_and_bitpack_test1" status="run" result="completed" time="0" timestamp="2021-12-24T21:22:48" classname="DeclarableOpsTests9" />
    <testcase name="compare_and_bitpack_test2" status="run" result="completed" time="0" timestamp="2021-12-24T21:22:48" classname="DeclarableOpsTests9" />
    <testcase name="compare_and_bitpack_test3" status="run" result="completed" time="0" timestamp="2021-12-24T21:22:48" classname="DeclarableOpsTests9" />
    <testcase name="compare_and_bitpack_test4" status="run" result="completed" time="0" timestamp="2021-12-24T21:22:48" classname="DeclarableOpsTests9" />
    <testcase name="compare_and_bitpack_test5" status="run" result="completed" time="0" timestamp="2021-12-24T21:22:48" classname="DeclarableOpsTests9" />
    <testcase name="compare_and_bitpack_test6" status="run" result="completed" time="0" timestamp="2021-12-24T21:22:48" classname="DeclarableOpsTests9" />
    <testcase name="compare_and_bitpack_test7" status="run" result="completed" time="0" timestamp="2021-12-24T21:22:48" classname="DeclarableOpsTests9" />
    <testcase name="compare_and_bitpack_test8" status="run" result="completed" time="0.001" timestamp="2021-12-24T21:22:48" classname="DeclarableOpsTests9" />
    <testcase name="thresholdedrelu_test1" status="run" result="completed" time="0" timestamp="2021-12-24T21:22:48" classname="DeclarableOpsTests9" />
    <testcase name="thresholdedrelu_test2" status="run" result="completed" time="0" timestamp="2021-12-24T21:22:48" classname="DeclarableOpsTests9" />
    <testcase name="prelu_bp_test1" status="run" result="completed" time="0" timestamp="2021-12-24T21:22:48" classname="DeclarableOpsTests9" />
    <testcase name="prelu_bp_test2" status="run" result="completed" time="0.001" timestamp="2021-12-24T21:22:48" classname="DeclarableOpsTests9" />
    <testcase name="prelu_bp_test3" status="run" result="completed" time="0.002" timestamp="2021-12-24T21:22:48" classname="DeclarableOpsTests9" />
    <testcase name="prelu_bp_test4" status="run" result="completed" time="0.007" timestamp="2021-12-24T21:22:48" classname="DeclarableOpsTests9" />
    <testcase name="thresholdedrelu_bp_test1" status="run" result="completed" time="0.001" timestamp="2021-12-24T21:22:48" classname="DeclarableOpsTests9" />
    <testcase name="multiply_test1" status="run" result="completed" time="0.001" timestamp="2021-12-24T21:22:48" classname="DeclarableOpsTests9" />
    <testcase name="multiply_test2" status="run" result="completed" time="0" timestamp="2021-12-24T21:22:48" classname="DeclarableOpsTests9" />
    <testcase name="multiply_test3" status="run" result="completed" time="0.003" timestamp="2021-12-24T21:22:48" classname="DeclarableOpsTests9" />
    <testcase name="multiply_test4" status="run" result="completed" time="0" timestamp="2021-12-24T21:22:48" classname="DeclarableOpsTests9" />
    <testcase name="multiply_test5" status="run" result="completed" time="0" timestamp="2021-12-24T21:22:48" classname="DeclarableOpsTests9" />
    <testcase name="multiply_bp_test1" status="run" result="completed" time="0" timestamp="2021-12-24T21:22:48" classname="DeclarableOpsTests9" />
    <testcase name="multiply_bp_test2" status="run" result="completed" time="0" timestamp="2021-12-24T21:22:48" classname="DeclarableOpsTests9" />
    <testcase name="multiply_bp_test3" status="run" result="completed" time="0" timestamp="2021-12-24T21:22:48" classname="DeclarableOpsTests9" />
    <testcase name="multiply_bp_test4" status="run" result="completed" time="0" timestamp="2021-12-24T21:22:48" classname="DeclarableOpsTests9" />
    <testcase name="multiply_bp_test5" status="run" result="completed" time="0.001" timestamp="2021-12-24T21:22:48" classname="DeclarableOpsTests9" />
    <testcase name="multiply_bp_test6" status="run" result="completed" time="0" timestamp="2021-12-24T21:22:48" classname="DeclarableOpsTests9" />
    <testcase name="multiply_bp_test7" status="run" result="completed" time="0" timestamp="2021-12-24T21:22:48" classname="DeclarableOpsTests9" />
    <testcase name="multiply_bp_test8" status="run" result="completed" time="0" timestamp="2021-12-24T21:22:48" classname="DeclarableOpsTests9" />
    <testcase name="Floormod_BP_Test_2" status="run" result="completed" time="0.001" timestamp="2021-12-24T21:22:48" classname="DeclarableOpsTests9" />
    <testcase name="Dynamic_Partition_BP_1" status="run" result="completed" time="0" timestamp="2021-12-24T21:22:48" classname="DeclarableOpsTests9" />
    <testcase name="Floormod_BP_Test_4" status="run" result="completed" time="0" timestamp="2021-12-24T21:22:48" classname="DeclarableOpsTests9" />
    <testcase name="Cholesky_Test_1" status="run" result="completed" time="0" timestamp="2021-12-24T21:22:48" classname="DeclarableOpsTests9" />
    <testcase name="Cholesky_Test_2" status="run" result="completed" time="0" timestamp="2021-12-24T21:22:48" classname="DeclarableOpsTests9" />
    <testcase name="Cholesky_Test_3" status="run" result="completed" time="0.001" timestamp="2021-12-24T21:22:48" classname="DeclarableOpsTests9" />
  </testsuite>
  <testsuite name="EmptyTests" tests="15" failures="0" disabled="0" errors="0" time="0" timestamp="2021-12-24T21:22:48">
    <testcase name="Test_Create_Empty_1" status="run" result="completed" time="0" timestamp="2021-12-24T21:22:48" classname="EmptyTests" />
    <testcase name="Test_Create_Empty_2" status="run" result="completed" time="0" timestamp="2021-12-24T21:22:48" classname="EmptyTests" />
    <testcase name="Test_Concat_1" status="run" result="completed" time="0" timestamp="2021-12-24T21:22:48" classname="EmptyTests" />
    <testcase name="Test_Concat_2" status="run" result="completed" time="0" timestamp="2021-12-24T21:22:48" classname="EmptyTests" />
    <testcase name="Test_Concat_3" status="run" result="completed" time="0" timestamp="2021-12-24T21:22:48" classname="EmptyTests" />
    <testcase name="Test_Concat_4" status="run" result="completed" time="0" timestamp="2021-12-24T21:22:48" classname="EmptyTests" />
    <testcase name="Test_dup_1" status="run" result="completed" time="0" timestamp="2021-12-24T21:22:48" classname="EmptyTests" />
    <testcase name="test_empty_scatter_1" status="run" result="completed" time="0" timestamp="2021-12-24T21:22:48" classname="EmptyTests" />
    <testcase name="test_empty_scatter_2" status="run" result="completed" time="0" timestamp="2021-12-24T21:22:48" classname="EmptyTests" />
    <testcase name="test_shaped_empty_1" status="run" result="completed" time="0" timestamp="2021-12-24T21:22:48" classname="EmptyTests" />
    <testcase name="test_shaped_empty_2" status="run" result="completed" time="0" timestamp="2021-12-24T21:22:48" classname="EmptyTests" />
    <testcase name="test_shaped_empty_3" status="run" result="completed" time="0" timestamp="2021-12-24T21:22:48" classname="EmptyTests" />
    <testcase name="test_shaped_empty_4" status="run" result="completed" time="0" timestamp="2021-12-24T21:22:48" classname="EmptyTests" />
    <testcase name="test_empty_matmul_1" status="run" result="completed" time="0" timestamp="2021-12-24T21:22:48" classname="EmptyTests" />
    <testcase name="test_empty_matmul_2" status="run" result="completed" time="0" timestamp="2021-12-24T21:22:48" classname="EmptyTests" />
  </testsuite>
  <testsuite name="ExtraArgumentsTests" tests="1" failures="0" disabled="0" errors="0" time="0" timestamp="2021-12-24T21:22:48">
    <testcase name="Basic_Test_1" status="run" result="completed" time="0" timestamp="2021-12-24T21:22:48" classname="ExtraArgumentsTests" />
  </testsuite>
  <testsuite name="FlatBuffersTest" tests="2" failures="0" disabled="0" errors="0" time="0" timestamp="2021-12-24T21:22:48">
    <testcase name="BasicTest1" status="run" result="completed" time="0" timestamp="2021-12-24T21:22:48" classname="FlatBuffersTest" />
    <testcase name="ExecutionTest1" status="run" result="completed" time="0" timestamp="2021-12-24T21:22:48" classname="FlatBuffersTest" />
  </testsuite>
  <testsuite name="FlatUtilsTests" tests="4" failures="0" disabled="0" errors="0" time="0" timestamp="2021-12-24T21:22:48">
    <testcase name="flat_float_serde_1" status="run" result="completed" time="0" timestamp="2021-12-24T21:22:48" classname="FlatUtilsTests" />
    <testcase name="flat_int_serde_1" status="run" result="completed" time="0" timestamp="2021-12-24T21:22:48" classname="FlatUtilsTests" />
    <testcase name="flat_bool_serde_1" status="run" result="completed" time="0" timestamp="2021-12-24T21:22:48" classname="FlatUtilsTests" />
    <testcase name="flat_string_serde_1" status="run" result="completed" time="0" timestamp="2021-12-24T21:22:48" classname="FlatUtilsTests" />
  </testsuite>
  <testsuite name="GraphHolderTests" tests="3" failures="0" disabled="0" errors="0" time="0" timestamp="2021-12-24T21:22:48">
    <testcase name="SimpleTests_1" status="run" result="completed" time="0" timestamp="2021-12-24T21:22:48" classname="GraphHolderTests" />
    <testcase name="SimpleTests_2" status="run" result="completed" time="0" timestamp="2021-12-24T21:22:48" classname="GraphHolderTests" />
    <testcase name="SimpleTests_3" status="run" result="completed" time="0" timestamp="2021-12-24T21:22:48" classname="GraphHolderTests" />
  </testsuite>
  <testsuite name="GraphRandomGeneratorTests" tests="10" failures="0" disabled="0" errors="0" time="0" timestamp="2021-12-24T21:22:48">
    <testcase name="Reproducibility_Test_1" status="run" result="completed" time="0" timestamp="2021-12-24T21:22:48" classname="GraphRandomGeneratorTests" />
    <testcase name="Reproducibility_Test_2" status="run" result="completed" time="0" timestamp="2021-12-24T21:22:48" classname="GraphRandomGeneratorTests" />
    <testcase name="Reproducibility_Test_3" status="run" result="completed" time="0" timestamp="2021-12-24T21:22:48" classname="GraphRandomGeneratorTests" />
    <testcase name="Reproducibility_Test_4" status="run" result="completed" time="0" timestamp="2021-12-24T21:22:48" classname="GraphRandomGeneratorTests" />
    <testcase name="Sequential_Test_1" status="run" result="completed" time="0" timestamp="2021-12-24T21:22:48" classname="GraphRandomGeneratorTests" />
    <testcase name="Sequential_Test_2" status="run" result="completed" time="0" timestamp="2021-12-24T21:22:48" classname="GraphRandomGeneratorTests" />
    <testcase name="Sequential_Test_3" status="run" result="completed" time="0" timestamp="2021-12-24T21:22:48" classname="GraphRandomGeneratorTests" />
    <testcase name="Sequential_Test_4" status="run" result="completed" time="0" timestamp="2021-12-24T21:22:48" classname="GraphRandomGeneratorTests" />
    <testcase name="Long_Test_1" status="run" result="completed" time="0" timestamp="2021-12-24T21:22:48" classname="GraphRandomGeneratorTests" />
    <testcase name="FloatingPoint_Test_1" status="run" result="completed" time="0" timestamp="2021-12-24T21:22:48" classname="GraphRandomGeneratorTests" />
  </testsuite>
  <testsuite name="GraphStateTests" tests="2" failures="0" disabled="0" errors="0" time="0" timestamp="2021-12-24T21:22:48">
    <testcase name="Basic_Tests_1" status="run" result="completed" time="0" timestamp="2021-12-24T21:22:48" classname="GraphStateTests" />
    <testcase name="Basic_Tests_2" status="run" result="completed" time="0" timestamp="2021-12-24T21:22:48" classname="GraphStateTests" />
  </testsuite>
  <testsuite name="GraphTests" tests="32" failures="0" disabled="0" errors="0" time="0.032" timestamp="2021-12-24T21:22:48">
    <testcase name="SingleInput1" status="run" result="completed" time="0" timestamp="2021-12-24T21:22:48" classname="GraphTests" />
    <testcase name="DoubleInput1" status="run" result="completed" time="0.001" timestamp="2021-12-24T21:22:48" classname="GraphTests" />
    <testcase name="SingleInput3" status="run" result="completed" time="0" timestamp="2021-12-24T21:22:48" classname="GraphTests" />
    <testcase name="SingleInput4" status="run" result="completed" time="0" timestamp="2021-12-24T21:22:48" classname="GraphTests" />
    <testcase name="DoubleInput2" status="run" result="completed" time="0" timestamp="2021-12-24T21:22:48" classname="GraphTests" />
    <testcase name="DoubleInput3" status="run" result="completed" time="0" timestamp="2021-12-24T21:22:48" classname="GraphTests" />
    <testcase name="QuadInput1" status="run" result="completed" time="0" timestamp="2021-12-24T21:22:48" classname="GraphTests" />
    <testcase name="InternalBranching1" status="run" result="completed" time="0" timestamp="2021-12-24T21:22:48" classname="GraphTests" />
    <testcase name="ReductionsTest1" status="run" result="completed" time="0" timestamp="2021-12-24T21:22:48" classname="GraphTests" />
    <testcase name="IndexReductionsTest1" status="run" result="completed" time="0" timestamp="2021-12-24T21:22:48" classname="GraphTests" />
    <testcase name="BroadcastTest1" status="run" result="completed" time="0" timestamp="2021-12-24T21:22:48" classname="GraphTests" />
    <testcase name="ScalarTest1" status="run" result="completed" time="0" timestamp="2021-12-24T21:22:48" classname="GraphTests" />
    <testcase name="SymbolicLookupTest1" status="run" result="completed" time="0" timestamp="2021-12-24T21:22:48" classname="GraphTests" />
    <testcase name="OutputValidation1" status="run" result="completed" time="0" timestamp="2021-12-24T21:22:48" classname="GraphTests" />
    <testcase name="OutputValidation2" status="run" result="completed" time="0" timestamp="2021-12-24T21:22:48" classname="GraphTests" />
    <testcase name="OutputValidation3" status="run" result="completed" time="0" timestamp="2021-12-24T21:22:48" classname="GraphTests" />
    <testcase name="OutputValidation4" status="run" result="completed" time="0" timestamp="2021-12-24T21:22:48" classname="GraphTests" />
    <testcase name="OutputValidation5" status="run" result="completed" time="0" timestamp="2021-12-24T21:22:48" classname="GraphTests" />
    <testcase name="OutputValidation6" status="run" result="completed" time="0" timestamp="2021-12-24T21:22:48" classname="GraphTests" />
    <testcase name="TestMultiOutput1" status="run" result="completed" time="0" timestamp="2021-12-24T21:22:48" classname="GraphTests" />
    <testcase name="TestDivergentNode1" status="run" result="completed" time="0" timestamp="2021-12-24T21:22:48" classname="GraphTests" />
    <testcase name="MemoryEstimationTest1" status="run" result="completed" time="0" timestamp="2021-12-24T21:22:48" classname="GraphTests" />
    <testcase name="MemoryEstimationTest2" status="run" result="completed" time="0" timestamp="2021-12-24T21:22:48" classname="GraphTests" />
    <testcase name="MemoryEstimationTest3" status="run" result="completed" time="0" timestamp="2021-12-24T21:22:48" classname="GraphTests" />
    <testcase name="MemoryEstimationTest4" status="run" result="completed" time="0" timestamp="2021-12-24T21:22:48" classname="GraphTests" />
    <testcase name="MemoryEstimationTest5" status="run" result="completed" time="0" timestamp="2021-12-24T21:22:48" classname="GraphTests" />
    <testcase name="TestGraphInGraph_1" status="run" result="completed" time="0" timestamp="2021-12-24T21:22:48" classname="GraphTests" />
    <testcase name="TestGraphInGraph_2" status="run" result="completed" time="0.001" timestamp="2021-12-24T21:22:48" classname="GraphTests" />
    <testcase name="Test_Inplace_Outputs_1" status="run" result="completed" time="0" timestamp="2021-12-24T21:22:48" classname="GraphTests" />
    <testcase name="Test_Inplace_Outputs_2" status="run" result="completed" time="0" timestamp="2021-12-24T21:22:48" classname="GraphTests" />
    <testcase name="Test_Minifier_2" status="run" result="completed" time="0.025" timestamp="2021-12-24T21:22:48" classname="GraphTests" />
    <testcase name="Test_Minifier_3" status="run" result="completed" time="0.005" timestamp="2021-12-24T21:22:48" classname="GraphTests" />
  </testsuite>
  <testsuite name="HashUtilsTests" tests="2" failures="0" disabled="0" errors="0" time="0" timestamp="2021-12-24T21:22:48">
    <testcase name="TestEquality1" status="run" result="completed" time="0" timestamp="2021-12-24T21:22:48" classname="HashUtilsTests" />
    <testcase name="TestEquality2" status="run" result="completed" time="0" timestamp="2021-12-24T21:22:48" classname="HashUtilsTests" />
  </testsuite>
  <testsuite name="HelpersTests1" tests="109" failures="7" disabled="0" errors="0" time="0.048" timestamp="2021-12-24T21:22:48">
    <testcase name="evalHHmatrixData_test1" status="run" result="completed" time="0" timestamp="2021-12-24T21:22:48" classname="HelpersTests1" />
    <testcase name="Householder_mulLeft_test1" status="run" result="completed" time="0.004" timestamp="2021-12-24T21:22:48" classname="HelpersTests1" />
    <testcase name="Householder_mulLeft_test2" status="run" result="completed" time="0" timestamp="2021-12-24T21:22:48" classname="HelpersTests1" />
    <testcase name="Householder_mulRight_test1" status="run" result="completed" time="0" timestamp="2021-12-24T21:22:48" classname="HelpersTests1" />
    <testcase name="BiDiagonalizeUp_test1" status="run" result="completed" time="0.001" timestamp="2021-12-24T21:22:48" classname="HelpersTests1" />
    <testcase name="BiDiagonalizeUp_test2" status="run" result="completed" time="0" timestamp="2021-12-24T21:22:48" classname="HelpersTests1" />
    <testcase name="BiDiagonalizeUp_test3" status="run" result="completed" time="0" timestamp="2021-12-24T21:22:48" classname="HelpersTests1" />
    <testcase name="HHsequence_test1" status="run" result="completed" time="0" timestamp="2021-12-24T21:22:48" classname="HelpersTests1" />
    <testcase name="HHsequence_test2" status="run" result="completed" time="0" timestamp="2021-12-24T21:22:48" classname="HelpersTests1" />
    <testcase name="HHsequence_test3" status="run" result="completed" time="0" timestamp="2021-12-24T21:22:48" classname="HelpersTests1" />
    <testcase name="HHsequence_test4" status="run" result="completed" time="0" timestamp="2021-12-24T21:22:48" classname="HelpersTests1" />
    <testcase name="HHsequence_test5" status="run" result="completed" time="0.001" timestamp="2021-12-24T21:22:48" classname="HelpersTests1" />
    <testcase name="HHsequence_test6" status="run" result="completed" time="0" timestamp="2021-12-24T21:22:48" classname="HelpersTests1" />
    <testcase name="HHsequence_test7" status="run" result="completed" time="0" timestamp="2021-12-24T21:22:48" classname="HelpersTests1" />
    <testcase name="HHsequence_test8" status="run" result="completed" time="0" timestamp="2021-12-24T21:22:48" classname="HelpersTests1" />
    <testcase name="HHsequence_test9" status="run" result="completed" time="0" timestamp="2021-12-24T21:22:48" classname="HelpersTests1" />
    <testcase name="HHsequence_test10" status="run" result="completed" time="0" timestamp="2021-12-24T21:22:48" classname="HelpersTests1" />
    <testcase name="HHsequence_test11" status="run" result="completed" time="0" timestamp="2021-12-24T21:22:48" classname="HelpersTests1" />
    <testcase name="HHsequence_test12" status="run" result="completed" time="0" timestamp="2021-12-24T21:22:48" classname="HelpersTests1" />
    <testcase name="HHsequence_test13" status="run" result="completed" time="0.001" timestamp="2021-12-24T21:22:48" classname="HelpersTests1" />
    <testcase name="HHsequence_test14" status="run" result="completed" time="0" timestamp="2021-12-24T21:22:48" classname="HelpersTests1" />
    <testcase name="HHsequence_test15" status="run" result="completed" time="0" timestamp="2021-12-24T21:22:48" classname="HelpersTests1" />
    <testcase name="HHsequence_test16" status="run" result="completed" time="0" timestamp="2021-12-24T21:22:48" classname="HelpersTests1" />
    <testcase name="HHsequence_test17" status="run" result="completed" time="0" timestamp="2021-12-24T21:22:48" classname="HelpersTests1" />
    <testcase name="HHsequence_test18" status="run" result="completed" time="0" timestamp="2021-12-24T21:22:48" classname="HelpersTests1" />
    <testcase name="HHsequence_test19" status="run" result="completed" time="0.001" timestamp="2021-12-24T21:22:48" classname="HelpersTests1" />
    <testcase name="HHcolPivQR_1" status="run" result="completed" time="0" timestamp="2021-12-24T21:22:48" classname="HelpersTests1" />
    <testcase name="HHcolPivQR_2" status="run" result="completed" time="0" timestamp="2021-12-24T21:22:48" classname="HelpersTests1" />
    <testcase name="HHcolPivQR_3" status="run" result="completed" time="0" timestamp="2021-12-24T21:22:48" classname="HelpersTests1" />
    <testcase name="JacobiSVD_test1" status="run" result="completed" time="0" timestamp="2021-12-24T21:22:48" classname="HelpersTests1" />
    <testcase name="JacobiSVD_test2" status="run" result="completed" time="0.003" timestamp="2021-12-24T21:22:48" classname="HelpersTests1" />
    <testcase name="JacobiSVD_test3" status="run" result="completed" time="0" timestamp="2021-12-24T21:22:48" classname="HelpersTests1" />
    <testcase name="JacobiSVD_test4" status="run" result="completed" time="0" timestamp="2021-12-24T21:22:48" classname="HelpersTests1" />
    <testcase name="JacobiSVD_test5" status="run" result="completed" time="0" timestamp="2021-12-24T21:22:48" classname="HelpersTests1" />
    <testcase name="JacobiSVD_test6" status="run" result="completed" time="0" timestamp="2021-12-24T21:22:48" classname="HelpersTests1" />
    <testcase name="JacobiSVD_test7" status="run" result="completed" time="0" timestamp="2021-12-24T21:22:48" classname="HelpersTests1" />
    <testcase name="JacobiSVD_test8" status="run" result="completed" time="0" timestamp="2021-12-24T21:22:48" classname="HelpersTests1" />
    <testcase name="JacobiSVD_test9" status="run" result="completed" time="0.002" timestamp="2021-12-24T21:22:48" classname="HelpersTests1" />
    <testcase name="JacobiSVD_test10" status="run" result="completed" time="0.001" timestamp="2021-12-24T21:22:48" classname="HelpersTests1" />
    <testcase name="JacobiSVD_test11" status="run" result="completed" time="0.002" timestamp="2021-12-24T21:22:48" classname="HelpersTests1">
      <failure message="/home/agibsonccc/Documents/GitHub/deeplearning4j/libnd4j/tests_cpu/layers_tests/HelpersTests1.cpp:835&#x0A;Value of: expS.equalsTo(&amp;jac._s)&#x0A;  Actual: false&#x0A;Expected: true" type=""><![CDATA[/home/agibsonccc/Documents/GitHub/deeplearning4j/libnd4j/tests_cpu/layers_tests/HelpersTests1.cpp:835
Value of: expS.equalsTo(&jac._s)
  Actual: false
Expected: true]]></failure>
    </testcase>
    <testcase name="JacobiSVD_test12" status="run" result="completed" time="0.002" timestamp="2021-12-24T21:22:48" classname="HelpersTests1">
      <failure message="/home/agibsonccc/Documents/GitHub/deeplearning4j/libnd4j/tests_cpu/layers_tests/HelpersTests1.cpp:860&#x0A;Value of: expS.equalsTo(&amp;jac._s)&#x0A;  Actual: false&#x0A;Expected: true" type=""><![CDATA[/home/agibsonccc/Documents/GitHub/deeplearning4j/libnd4j/tests_cpu/layers_tests/HelpersTests1.cpp:860
Value of: expS.equalsTo(&jac._s)
  Actual: false
Expected: true]]></failure>
    </testcase>
    <testcase name="JacobiSVD_test13" status="run" result="completed" time="0.007" timestamp="2021-12-24T21:22:48" classname="HelpersTests1">
      <failure message="/home/agibsonccc/Documents/GitHub/deeplearning4j/libnd4j/tests_cpu/layers_tests/HelpersTests1.cpp:884&#x0A;Value of: expS.equalsTo(&amp;jac._s)&#x0A;  Actual: false&#x0A;Expected: true" type=""><![CDATA[/home/agibsonccc/Documents/GitHub/deeplearning4j/libnd4j/tests_cpu/layers_tests/HelpersTests1.cpp:884
Value of: expS.equalsTo(&jac._s)
  Actual: false
Expected: true]]></failure>
    </testcase>
    <testcase name="JacobiSVD_test14" status="run" result="completed" time="0.002" timestamp="2021-12-24T21:22:48" classname="HelpersTests1">
      <failure message="/home/agibsonccc/Documents/GitHub/deeplearning4j/libnd4j/tests_cpu/layers_tests/HelpersTests1.cpp:908&#x0A;Value of: expS.equalsTo(&amp;jac._s)&#x0A;  Actual: false&#x0A;Expected: true" type=""><![CDATA[/home/agibsonccc/Documents/GitHub/deeplearning4j/libnd4j/tests_cpu/layers_tests/HelpersTests1.cpp:908
Value of: expS.equalsTo(&jac._s)
  Actual: false
Expected: true]]></failure>
    </testcase>
    <testcase name="JacobiSVD_test15" status="run" result="completed" time="0.002" timestamp="2021-12-24T21:22:48" classname="HelpersTests1">
      <failure message="/home/agibsonccc/Documents/GitHub/deeplearning4j/libnd4j/tests_cpu/layers_tests/HelpersTests1.cpp:932&#x0A;Value of: expS.equalsTo(&amp;jac._s)&#x0A;  Actual: false&#x0A;Expected: true" type=""><![CDATA[/home/agibsonccc/Documents/GitHub/deeplearning4j/libnd4j/tests_cpu/layers_tests/HelpersTests1.cpp:932
Value of: expS.equalsTo(&jac._s)
  Actual: false
Expected: true]]></failure>
    </testcase>
    <testcase name="JacobiSVD_test16" status="run" result="completed" time="0" timestamp="2021-12-24T21:22:48" classname="HelpersTests1" />
    <testcase name="test_binary_search_1" status="run" result="completed" time="0" timestamp="2021-12-24T21:22:48" classname="HelpersTests1" />
    <testcase name="test_binary_search_2" status="run" result="completed" time="0" timestamp="2021-12-24T21:22:48" classname="HelpersTests1" />
    <testcase name="SVD_test1" status="run" result="completed" time="0" timestamp="2021-12-24T21:22:48" classname="HelpersTests1" />
    <testcase name="SVD_test2" status="run" result="completed" time="0.001" timestamp="2021-12-24T21:22:48" classname="HelpersTests1" />
    <testcase name="SVD_test3" status="run" result="completed" time="0" timestamp="2021-12-24T21:22:48" classname="HelpersTests1" />
    <testcase name="SVD_test4" status="run" result="completed" time="0" timestamp="2021-12-24T21:22:48" classname="HelpersTests1" />
    <testcase name="SVD_test5" status="run" result="completed" time="0" timestamp="2021-12-24T21:22:48" classname="HelpersTests1" />
    <testcase name="SVD_test6" status="run" result="completed" time="0" timestamp="2021-12-24T21:22:48" classname="HelpersTests1" />
    <testcase name="SVD_test7" status="run" result="completed" time="0" timestamp="2021-12-24T21:22:48" classname="HelpersTests1" />
    <testcase name="SVD_test8" status="run" result="completed" time="0" timestamp="2021-12-24T21:22:48" classname="HelpersTests1" />
    <testcase name="SVD_test9" status="run" result="completed" time="0.001" timestamp="2021-12-24T21:22:48" classname="HelpersTests1" />
    <testcase name="SVD_test10" status="run" result="completed" time="0" timestamp="2021-12-24T21:22:48" classname="HelpersTests1" />
    <testcase name="SVD_test11" status="run" result="completed" time="0" timestamp="2021-12-24T21:22:48" classname="HelpersTests1" />
    <testcase name="SVD_test12" status="run" result="completed" time="0" timestamp="2021-12-24T21:22:48" classname="HelpersTests1" />
    <testcase name="SVD_test16" status="run" result="completed" time="0" timestamp="2021-12-24T21:22:48" classname="HelpersTests1">
      <failure message="/home/agibsonccc/Documents/GitHub/deeplearning4j/libnd4j/tests_cpu/layers_tests/HelpersTests1.cpp:1346&#x0A;Value of: expM.equalsTo(&amp;svd._m)&#x0A;  Actual: false&#x0A;Expected: true" type=""><![CDATA[/home/agibsonccc/Documents/GitHub/deeplearning4j/libnd4j/tests_cpu/layers_tests/HelpersTests1.cpp:1346
Value of: expM.equalsTo(&svd._m)
  Actual: false
Expected: true]]></failure>
    </testcase>
    <testcase name="SVD_test17" status="run" result="completed" time="0.001" timestamp="2021-12-24T21:22:48" classname="HelpersTests1">
      <failure message="/home/agibsonccc/Documents/GitHub/deeplearning4j/libnd4j/tests_cpu/layers_tests/HelpersTests1.cpp:1383&#x0A;Value of: expM.equalsTo(&amp;svd._m)&#x0A;  Actual: false&#x0A;Expected: true" type=""><![CDATA[/home/agibsonccc/Documents/GitHub/deeplearning4j/libnd4j/tests_cpu/layers_tests/HelpersTests1.cpp:1383
Value of: expM.equalsTo(&svd._m)
  Actual: false
Expected: true]]></failure>
    </testcase>
    <testcase name="rnnCell_test1" status="run" result="completed" time="0.001" timestamp="2021-12-24T21:22:48" classname="HelpersTests1" />
    <testcase name="rnnCell_test2" status="run" result="completed" time="0" timestamp="2021-12-24T21:22:48" classname="HelpersTests1" />
    <testcase name="rnnCell_test3" status="run" result="completed" time="0" timestamp="2021-12-24T21:22:48" classname="HelpersTests1" />
    <testcase name="rnnCell_test4" status="run" result="completed" time="0" timestamp="2021-12-24T21:22:48" classname="HelpersTests1" />
    <testcase name="mmulHelper_test_1" status="run" result="completed" time="0" timestamp="2021-12-24T21:22:48" classname="HelpersTests1" />
    <testcase name="mmulHelper_test_2" status="run" result="completed" time="0" timestamp="2021-12-24T21:22:48" classname="HelpersTests1" />
    <testcase name="mmulHelper_test_3" status="run" result="completed" time="0" timestamp="2021-12-24T21:22:48" classname="HelpersTests1" />
    <testcase name="mmulHelper_test_4" status="run" result="completed" time="0" timestamp="2021-12-24T21:22:48" classname="HelpersTests1" />
    <testcase name="mmulHelper_test_5" status="run" result="completed" time="0" timestamp="2021-12-24T21:22:48" classname="HelpersTests1" />
    <testcase name="mmulHelper_test_6" status="run" result="completed" time="0" timestamp="2021-12-24T21:22:48" classname="HelpersTests1" />
    <testcase name="mmulHelper_test_7" status="run" result="completed" time="0" timestamp="2021-12-24T21:22:48" classname="HelpersTests1" />
    <testcase name="tensordot_test_1" status="run" result="completed" time="0" timestamp="2021-12-24T21:22:48" classname="HelpersTests1" />
    <testcase name="tensordot_test_2" status="run" result="completed" time="0.001" timestamp="2021-12-24T21:22:48" classname="HelpersTests1" />
    <testcase name="tensordot_test_3" status="run" result="completed" time="0" timestamp="2021-12-24T21:22:48" classname="HelpersTests1" />
    <testcase name="tensordot_test_4" status="run" result="completed" time="0" timestamp="2021-12-24T21:22:48" classname="HelpersTests1" />
    <testcase name="tensordot_test_5" status="run" result="completed" time="0" timestamp="2021-12-24T21:22:48" classname="HelpersTests1" />
    <testcase name="tensordot_test_6" status="run" result="completed" time="0" timestamp="2021-12-24T21:22:48" classname="HelpersTests1" />
    <testcase name="mmmulHelperAgain" status="run" result="completed" time="0.001" timestamp="2021-12-24T21:22:48" classname="HelpersTests1" />
    <testcase name="OpArgsHolder_test1" status="run" result="completed" time="0" timestamp="2021-12-24T21:22:48" classname="HelpersTests1" />
    <testcase name="OpArgsHolder_test2" status="run" result="completed" time="0" timestamp="2021-12-24T21:22:48" classname="HelpersTests1" />
    <testcase name="OpArgsHolder_test3" status="run" result="completed" time="0" timestamp="2021-12-24T21:22:48" classname="HelpersTests1" />
    <testcase name="checkGrad_test1" status="run" result="completed" time="0" timestamp="2021-12-24T21:22:48" classname="HelpersTests1" />
    <testcase name="checkGrad_test2" status="run" result="completed" time="0.001" timestamp="2021-12-24T21:22:48" classname="HelpersTests1" />
    <testcase name="checkGrad_test3" status="run" result="completed" time="0.009" timestamp="2021-12-24T21:22:48" classname="HelpersTests1" />
    <testcase name="checkGrad_test4" status="run" result="completed" time="0.001" timestamp="2021-12-24T21:22:48" classname="HelpersTests1" />
    <testcase name="checkGrad_test5" status="run" result="completed" time="0" timestamp="2021-12-24T21:22:48" classname="HelpersTests1" />
    <testcase name="checkGrad_test6" status="run" result="completed" time="0.001" timestamp="2021-12-24T21:22:48" classname="HelpersTests1" />
    <testcase name="softMaxForVector_test1" status="run" result="completed" time="0" timestamp="2021-12-24T21:22:48" classname="HelpersTests1" />
    <testcase name="softMaxForVector_test2" status="run" result="completed" time="0" timestamp="2021-12-24T21:22:48" classname="HelpersTests1" />
    <testcase name="softMaxForVector_test3" status="run" result="completed" time="0" timestamp="2021-12-24T21:22:48" classname="HelpersTests1" />
    <testcase name="softMaxForVector_test4" status="run" result="completed" time="0" timestamp="2021-12-24T21:22:48" classname="HelpersTests1" />
    <testcase name="logSoftMaxForVector_test1" status="run" result="completed" time="0" timestamp="2021-12-24T21:22:48" classname="HelpersTests1" />
    <testcase name="logSoftMaxForVector_test2" status="run" result="completed" time="0" timestamp="2021-12-24T21:22:48" classname="HelpersTests1" />
    <testcase name="logSoftMaxForVector_test3" status="run" result="completed" time="0" timestamp="2021-12-24T21:22:48" classname="HelpersTests1" />
    <testcase name="logSoftMaxForVector_test4" status="run" result="completed" time="0" timestamp="2021-12-24T21:22:48" classname="HelpersTests1" />
    <testcase name="mmulMxV_1" status="run" result="completed" time="0" timestamp="2021-12-24T21:22:48" classname="HelpersTests1" />
    <testcase name="mmulMxV_2" status="run" result="completed" time="0" timestamp="2021-12-24T21:22:48" classname="HelpersTests1" />
    <testcase name="mmulMxV_3" status="run" result="completed" time="0" timestamp="2021-12-24T21:22:48" classname="HelpersTests1" />
    <testcase name="mmulMxV_4" status="run" result="completed" time="0" timestamp="2021-12-24T21:22:48" classname="HelpersTests1" />
    <testcase name="mmulMxV_5" status="run" result="completed" time="0" timestamp="2021-12-24T21:22:48" classname="HelpersTests1" />
    <testcase name="mmulMxV_6" status="run" result="completed" time="0" timestamp="2021-12-24T21:22:48" classname="HelpersTests1" />
    <testcase name="mmulMxV_7" status="run" result="completed" time="0" timestamp="2021-12-24T21:22:48" classname="HelpersTests1" />
    <testcase name="softmaxDerivative_1" status="run" result="completed" time="0.001" timestamp="2021-12-24T21:22:48" classname="HelpersTests1" />
    <testcase name="softmaxDerivative_2" status="run" result="completed" time="0" timestamp="2021-12-24T21:22:48" classname="HelpersTests1" />
    <testcase name="softmaxDerivative_3" status="run" result="completed" time="0" timestamp="2021-12-24T21:22:48" classname="HelpersTests1" />
    <testcase name="lstmLayerCell_1" status="run" result="completed" time="0" timestamp="2021-12-24T21:22:48" classname="HelpersTests1" />
    <testcase name="lstmLayerCell_2" status="run" result="completed" time="0" timestamp="2021-12-24T21:22:48" classname="HelpersTests1" />
    <testcase name="lstmLayerCell_3" status="run" result="completed" time="0" timestamp="2021-12-24T21:22:48" classname="HelpersTests1" />
  </testsuite>
  <testsuite name="HelpersTests2" tests="16" failures="0" disabled="0" errors="0" time="0.005" timestamp="2021-12-24T21:22:48">
    <testcase name="Hessenberg_1" status="run" result="completed" time="0" timestamp="2021-12-24T21:22:48" classname="HelpersTests2" />
    <testcase name="Hessenberg_2" status="run" result="completed" time="0" timestamp="2021-12-24T21:22:48" classname="HelpersTests2" />
    <testcase name="Hessenberg_3" status="run" result="completed" time="0" timestamp="2021-12-24T21:22:48" classname="HelpersTests2" />
    <testcase name="Hessenberg_4" status="run" result="completed" time="0" timestamp="2021-12-24T21:22:48" classname="HelpersTests2" />
    <testcase name="Hessenberg_5" status="run" result="completed" time="0.001" timestamp="2021-12-24T21:22:48" classname="HelpersTests2" />
    <testcase name="Schur_1" status="run" result="completed" time="0" timestamp="2021-12-24T21:22:48" classname="HelpersTests2" />
    <testcase name="Schur_2" status="run" result="completed" time="0" timestamp="2021-12-24T21:22:48" classname="HelpersTests2" />
    <testcase name="Schur_3" status="run" result="completed" time="0" timestamp="2021-12-24T21:22:48" classname="HelpersTests2" />
    <testcase name="Schur_4" status="run" result="completed" time="0" timestamp="2021-12-24T21:22:48" classname="HelpersTests2" />
    <testcase name="EigenValsAndVecs_1" status="run" result="completed" time="0" timestamp="2021-12-24T21:22:48" classname="HelpersTests2" />
    <testcase name="EigenValsAndVecs_2" status="run" result="completed" time="0.001" timestamp="2021-12-24T21:22:48" classname="HelpersTests2" />
    <testcase name="EigenValsAndVecs_3" status="run" result="completed" time="0.002" timestamp="2021-12-24T21:22:48" classname="HelpersTests2" />
    <testcase name="fullPivLU_1" status="run" result="completed" time="0" timestamp="2021-12-24T21:22:48" classname="HelpersTests2" />
    <testcase name="fullPivLU_2" status="run" result="completed" time="0" timestamp="2021-12-24T21:22:48" classname="HelpersTests2" />
    <testcase name="fullPivLU_3" status="run" result="completed" time="0.001" timestamp="2021-12-24T21:22:48" classname="HelpersTests2" />
    <testcase name="fullPivLU_4" status="run" result="completed" time="0" timestamp="2021-12-24T21:22:48" classname="HelpersTests2" />
  </testsuite>
  <testsuite name="IndexingTests" tests="19" failures="0" disabled="0" errors="0" time="0" timestamp="2021-12-24T21:22:48">
    <testcase name="StridedSlice_1" status="run" result="completed" time="0" timestamp="2021-12-24T21:22:48" classname="IndexingTests" />
    <testcase name="StridedSlice_2" status="run" result="completed" time="0" timestamp="2021-12-24T21:22:48" classname="IndexingTests" />
    <testcase name="StridedSlice_3" status="run" result="completed" time="0" timestamp="2021-12-24T21:22:48" classname="IndexingTests" />
    <testcase name="SimpleSlice_1" status="run" result="completed" time="0" timestamp="2021-12-24T21:22:48" classname="IndexingTests" />
    <testcase name="SimpleSlice_2" status="run" result="completed" time="0" timestamp="2021-12-24T21:22:48" classname="IndexingTests" />
    <testcase name="SimpleSlice_3" status="run" result="completed" time="0" timestamp="2021-12-24T21:22:48" classname="IndexingTests" />
    <testcase name="SimpleSlice_4" status="run" result="completed" time="0" timestamp="2021-12-24T21:22:48" classname="IndexingTests" />
    <testcase name="MaskedSlice_0" status="run" result="completed" time="0" timestamp="2021-12-24T21:22:48" classname="IndexingTests" />
    <testcase name="MaskedSlice_00" status="run" result="completed" time="0" timestamp="2021-12-24T21:22:48" classname="IndexingTests" />
    <testcase name="MaskedSlice_1" status="run" result="completed" time="0" timestamp="2021-12-24T21:22:48" classname="IndexingTests" />
    <testcase name="MaskedSlice_2" status="run" result="completed" time="0" timestamp="2021-12-24T21:22:48" classname="IndexingTests" />
    <testcase name="MaskedSlice_3" status="run" result="completed" time="0" timestamp="2021-12-24T21:22:48" classname="IndexingTests" />
    <testcase name="MaskedSlice_4" status="run" result="completed" time="0" timestamp="2021-12-24T21:22:48" classname="IndexingTests" />
    <testcase name="Live_Slice_1" status="run" result="completed" time="0" timestamp="2021-12-24T21:22:48" classname="IndexingTests" />
    <testcase name="Test_StridedSlice_1" status="run" result="completed" time="0" timestamp="2021-12-24T21:22:48" classname="IndexingTests" />
    <testcase name="Test_StridedSlice_2" status="run" result="completed" time="0" timestamp="2021-12-24T21:22:48" classname="IndexingTests" />
    <testcase name="Test_StridedSlice_3" status="run" result="completed" time="0" timestamp="2021-12-24T21:22:48" classname="IndexingTests" />
    <testcase name="Test_StridedSlice_4" status="run" result="completed" time="0" timestamp="2021-12-24T21:22:48" classname="IndexingTests" />
    <testcase name="Test_Subarray_Strided_1" status="run" result="completed" time="0" timestamp="2021-12-24T21:22:48" classname="IndexingTests" />
  </testsuite>
  <testsuite name="JavaInteropTests" tests="46" failures="0" disabled="0" errors="0" time="0.002" timestamp="2021-12-24T21:22:48">
    <testcase name="TestShapeExposure1" status="run" result="completed" time="0" timestamp="2021-12-24T21:22:48" classname="JavaInteropTests" />
    <testcase name="TestShapeExposure2" status="run" result="completed" time="0" timestamp="2021-12-24T21:22:48" classname="JavaInteropTests" />
    <testcase name="TestShapeExposure3" status="run" result="completed" time="0" timestamp="2021-12-24T21:22:48" classname="JavaInteropTests" />
    <testcase name="Test_Squeeze_1" status="run" result="completed" time="0" timestamp="2021-12-24T21:22:48" classname="JavaInteropTests" />
    <testcase name="Test_RDiv_1" status="run" result="completed" time="0" timestamp="2021-12-24T21:22:48" classname="JavaInteropTests" />
    <testcase name="TestSconv2d_1" status="run" result="completed" time="0.001" timestamp="2021-12-24T21:22:48" classname="JavaInteropTests" />
    <testcase name="TestSconv2d_2" status="run" result="completed" time="0" timestamp="2021-12-24T21:22:48" classname="JavaInteropTests" />
    <testcase name="TestMaxPooling2d_1" status="run" result="completed" time="0" timestamp="2021-12-24T21:22:48" classname="JavaInteropTests" />
    <testcase name="TestCol2Im_1" status="run" result="completed" time="0" timestamp="2021-12-24T21:22:48" classname="JavaInteropTests" />
    <testcase name="TestPNorm_1" status="run" result="completed" time="0" timestamp="2021-12-24T21:22:48" classname="JavaInteropTests" />
    <testcase name="TestInplace_1" status="run" result="completed" time="0" timestamp="2021-12-24T21:22:48" classname="JavaInteropTests" />
    <testcase name="Test_Synonyms_1" status="run" result="completed" time="0" timestamp="2021-12-24T21:22:48" classname="JavaInteropTests" />
    <testcase name="Test_Synonyms_2" status="run" result="completed" time="0" timestamp="2021-12-24T21:22:48" classname="JavaInteropTests" />
    <testcase name="Test_Synonyms_3" status="run" result="completed" time="0" timestamp="2021-12-24T21:22:48" classname="JavaInteropTests" />
    <testcase name="Test_FastPath_Validation_1" status="run" result="completed" time="0" timestamp="2021-12-24T21:22:48" classname="JavaInteropTests" />
    <testcase name="Test_FastPath_Validation_2" status="run" result="completed" time="0" timestamp="2021-12-24T21:22:48" classname="JavaInteropTests" />
    <testcase name="Test_FastPath_Validation_3" status="run" result="completed" time="0" timestamp="2021-12-24T21:22:48" classname="JavaInteropTests" />
    <testcase name="Test_empty_cast_1" status="run" result="completed" time="0" timestamp="2021-12-24T21:22:48" classname="JavaInteropTests" />
    <testcase name="Test_Greater_1" status="run" result="completed" time="0" timestamp="2021-12-24T21:22:48" classname="JavaInteropTests" />
    <testcase name="Test_Greater_2" status="run" result="completed" time="0" timestamp="2021-12-24T21:22:48" classname="JavaInteropTests" />
    <testcase name="Test_Boolean_Op_1" status="run" result="completed" time="0" timestamp="2021-12-24T21:22:48" classname="JavaInteropTests" />
    <testcase name="Test_Inplace_Outputs_1" status="run" result="completed" time="0" timestamp="2021-12-24T21:22:48" classname="JavaInteropTests" />
    <testcase name="Test_Inplace_Outputs_2" status="run" result="completed" time="0" timestamp="2021-12-24T21:22:48" classname="JavaInteropTests" />
    <testcase name="Test_Inplace_Outputs_3" status="run" result="completed" time="0" timestamp="2021-12-24T21:22:48" classname="JavaInteropTests" />
    <testcase name="Test_Reduce3_EdgeCase" status="run" result="completed" time="0" timestamp="2021-12-24T21:22:48" classname="JavaInteropTests" />
    <testcase name="Test_AveragePooling_FF_TF_double" status="run" result="completed" time="0" timestamp="2021-12-24T21:22:48" classname="JavaInteropTests" />
    <testcase name="Test_MaxPool2D_float_1" status="run" result="completed" time="0" timestamp="2021-12-24T21:22:48" classname="JavaInteropTests" />
    <testcase name="Test_Unstack_1" status="run" result="completed" time="0" timestamp="2021-12-24T21:22:48" classname="JavaInteropTests" />
    <testcase name="Test_AveragePooling_FF_TF_float" status="run" result="completed" time="0" timestamp="2021-12-24T21:22:48" classname="JavaInteropTests" />
    <testcase name="Test_Mixed_Add_1" status="run" result="completed" time="0" timestamp="2021-12-24T21:22:48" classname="JavaInteropTests" />
    <testcase name="Test_Add_1" status="run" result="completed" time="0.001" timestamp="2021-12-24T21:22:48" classname="JavaInteropTests" />
    <testcase name="zeta_test10" status="run" result="completed" time="0" timestamp="2021-12-24T21:22:48" classname="JavaInteropTests" />
    <testcase name="Test_IAMax_1" status="run" result="completed" time="0" timestamp="2021-12-24T21:22:48" classname="JavaInteropTests" />
    <testcase name="Test_Boolean_Broadcastables_1" status="run" result="completed" time="0" timestamp="2021-12-24T21:22:48" classname="JavaInteropTests" />
    <testcase name="Test_L2_Loss_3" status="run" result="completed" time="0" timestamp="2021-12-24T21:22:48" classname="JavaInteropTests" />
    <testcase name="Test_Fastpath_3" status="run" result="completed" time="0" timestamp="2021-12-24T21:22:48" classname="JavaInteropTests" />
    <testcase name="Test_Fastpath_4" status="run" result="completed" time="0" timestamp="2021-12-24T21:22:48" classname="JavaInteropTests" />
    <testcase name="Test_Fastpath_5" status="run" result="completed" time="0" timestamp="2021-12-24T21:22:48" classname="JavaInteropTests" />
    <testcase name="Test_Fastpath_6" status="run" result="completed" time="0" timestamp="2021-12-24T21:22:48" classname="JavaInteropTests" />
    <testcase name="Test_Fastpath_7" status="run" result="completed" time="0" timestamp="2021-12-24T21:22:48" classname="JavaInteropTests" />
    <testcase name="test_bfloat16_rng" status="run" result="completed" time="0" timestamp="2021-12-24T21:22:48" classname="JavaInteropTests" />
    <testcase name="test_ismax_view" status="run" result="completed" time="0" timestamp="2021-12-24T21:22:48" classname="JavaInteropTests" />
    <testcase name="test_size_dtype_1" status="run" result="completed" time="0" timestamp="2021-12-24T21:22:48" classname="JavaInteropTests" />
    <testcase name="test_expandable_array_op_1" status="run" result="completed" time="0" timestamp="2021-12-24T21:22:48" classname="JavaInteropTests" />
    <testcase name="test_workspace_backed_arrays_1" status="run" result="completed" time="0" timestamp="2021-12-24T21:22:48" classname="JavaInteropTests" />
    <testcase name="test_linspace_shape_1" status="run" result="completed" time="0" timestamp="2021-12-24T21:22:48" classname="JavaInteropTests" />
  </testsuite>
  <testsuite name="LegacyOpsTests" tests="33" failures="0" disabled="0" errors="0" time="0.001" timestamp="2021-12-24T21:22:48">
    <testcase name="TransformTests_1" status="run" result="completed" time="0" timestamp="2021-12-24T21:22:48" classname="LegacyOpsTests" />
    <testcase name="TransformTests_2" status="run" result="completed" time="0" timestamp="2021-12-24T21:22:48" classname="LegacyOpsTests" />
    <testcase name="Reciprocal_1" status="run" result="completed" time="0" timestamp="2021-12-24T21:22:48" classname="LegacyOpsTests" />
    <testcase name="PWT_Tests_1" status="run" result="completed" time="0" timestamp="2021-12-24T21:22:48" classname="LegacyOpsTests" />
    <testcase name="PWT_Tests_2" status="run" result="completed" time="0" timestamp="2021-12-24T21:22:48" classname="LegacyOpsTests" />
    <testcase name="Scalar_Test_1" status="run" result="completed" time="0" timestamp="2021-12-24T21:22:48" classname="LegacyOpsTests" />
    <testcase name="Scalar_Test_2" status="run" result="completed" time="0" timestamp="2021-12-24T21:22:48" classname="LegacyOpsTests" />
    <testcase name="ReduceTests_1" status="run" result="completed" time="0" timestamp="2021-12-24T21:22:48" classname="LegacyOpsTests" />
    <testcase name="ReduceTests_2" status="run" result="completed" time="0" timestamp="2021-12-24T21:22:48" classname="LegacyOpsTests" />
    <testcase name="ReduceTests_3" status="run" result="completed" time="0" timestamp="2021-12-24T21:22:48" classname="LegacyOpsTests" />
    <testcase name="ReduceTests_4" status="run" result="completed" time="0" timestamp="2021-12-24T21:22:48" classname="LegacyOpsTests" />
    <testcase name="ReduceTests_5" status="run" result="completed" time="0" timestamp="2021-12-24T21:22:48" classname="LegacyOpsTests" />
    <testcase name="ReduceTests_6" status="run" result="completed" time="0" timestamp="2021-12-24T21:22:48" classname="LegacyOpsTests" />
    <testcase name="ReduceTests_7" status="run" result="completed" time="0" timestamp="2021-12-24T21:22:48" classname="LegacyOpsTests" />
    <testcase name="ReduceTests_8" status="run" result="completed" time="0" timestamp="2021-12-24T21:22:48" classname="LegacyOpsTests" />
    <testcase name="IndexReduceTests_1" status="run" result="completed" time="0" timestamp="2021-12-24T21:22:48" classname="LegacyOpsTests" />
    <testcase name="IndexReduceTests_2" status="run" result="completed" time="0" timestamp="2021-12-24T21:22:48" classname="LegacyOpsTests" />
    <testcase name="BroadcastingTests_1" status="run" result="completed" time="0.001" timestamp="2021-12-24T21:22:48" classname="LegacyOpsTests" />
    <testcase name="BroadcastingTests_2" status="run" result="completed" time="0" timestamp="2021-12-24T21:22:48" classname="LegacyOpsTests" />
    <testcase name="PowDerivative_1" status="run" result="completed" time="0" timestamp="2021-12-24T21:22:48" classname="LegacyOpsTests" />
    <testcase name="reduce3_1" status="run" result="completed" time="0" timestamp="2021-12-24T21:22:48" classname="LegacyOpsTests" />
    <testcase name="Reduce3_2" status="run" result="completed" time="0" timestamp="2021-12-24T21:22:48" classname="LegacyOpsTests" />
    <testcase name="Reduce3_3" status="run" result="completed" time="0" timestamp="2021-12-24T21:22:48" classname="LegacyOpsTests" />
    <testcase name="Reduce3_4" status="run" result="completed" time="0" timestamp="2021-12-24T21:22:48" classname="LegacyOpsTests" />
    <testcase name="Reduce3_5" status="run" result="completed" time="0" timestamp="2021-12-24T21:22:48" classname="LegacyOpsTests" />
    <testcase name="test_Reduce3_All_1" status="run" result="completed" time="0" timestamp="2021-12-24T21:22:48" classname="LegacyOpsTests" />
    <testcase name="test_inverse_broadcast_1" status="run" result="completed" time="0" timestamp="2021-12-24T21:22:48" classname="LegacyOpsTests" />
    <testcase name="test_inverse_broadcast_2" status="run" result="completed" time="0" timestamp="2021-12-24T21:22:48" classname="LegacyOpsTests" />
    <testcase name="test_legacy_reduce_empty_1" status="run" result="completed" time="0" timestamp="2021-12-24T21:22:48" classname="LegacyOpsTests" />
    <testcase name="test_legacy_reduce_empty_2" status="run" result="completed" time="0" timestamp="2021-12-24T21:22:48" classname="LegacyOpsTests" />
    <testcase name="test_legacy_reduce_empty_3" status="run" result="completed" time="0" timestamp="2021-12-24T21:22:48" classname="LegacyOpsTests" />
    <testcase name="test_legacy_reduce_empty_4" status="run" result="completed" time="0" timestamp="2021-12-24T21:22:48" classname="LegacyOpsTests" />
    <testcase name="test_legacy_transform_float_1" status="run" result="completed" time="0" timestamp="2021-12-24T21:22:48" classname="LegacyOpsTests" />
  </testsuite>
  <testsuite name="ListOperationsTests" tests="13" failures="0" disabled="0" errors="0" time="0.001" timestamp="2021-12-24T21:22:48">
    <testcase name="BasicTest_Write_1" status="run" result="completed" time="0" timestamp="2021-12-24T21:22:48" classname="ListOperationsTests" />
    <testcase name="BasicTest_Stack_1" status="run" result="completed" time="0" timestamp="2021-12-24T21:22:48" classname="ListOperationsTests" />
    <testcase name="BasicTest_UnStackList_1" status="run" result="completed" time="0" timestamp="2021-12-24T21:22:48" classname="ListOperationsTests" />
    <testcase name="BasicTest_Read_1" status="run" result="completed" time="0" timestamp="2021-12-24T21:22:48" classname="ListOperationsTests" />
    <testcase name="BasicTest_Pick_1" status="run" result="completed" time="0" timestamp="2021-12-24T21:22:48" classname="ListOperationsTests" />
    <testcase name="BasicTest_Size_1" status="run" result="completed" time="0.001" timestamp="2021-12-24T21:22:48" classname="ListOperationsTests" />
    <testcase name="BasicTest_Create_1" status="run" result="completed" time="0" timestamp="2021-12-24T21:22:48" classname="ListOperationsTests" />
    <testcase name="BasicTest_Split_1" status="run" result="completed" time="0" timestamp="2021-12-24T21:22:48" classname="ListOperationsTests" />
    <testcase name="BasicTest_Scatter_1" status="run" result="completed" time="0" timestamp="2021-12-24T21:22:48" classname="ListOperationsTests" />
    <testcase name="BasicTest_Clone_1" status="run" result="completed" time="0" timestamp="2021-12-24T21:22:48" classname="ListOperationsTests" />
    <testcase name="BasicTest_Gather_1" status="run" result="completed" time="0" timestamp="2021-12-24T21:22:48" classname="ListOperationsTests" />
    <testcase name="GraphTests_Sequential_1" status="run" result="completed" time="0" timestamp="2021-12-24T21:22:48" classname="ListOperationsTests" />
    <testcase name="GraphTests_Sequential_2" status="run" result="completed" time="0" timestamp="2021-12-24T21:22:48" classname="ListOperationsTests" />
  </testsuite>
  <testsuite name="LoopCoordsHelper" tests="2" failures="0" disabled="0" errors="0" time="0" timestamp="2021-12-24T21:22:48">
    <testcase name="Init_Tests" status="run" result="completed" time="0" timestamp="2021-12-24T21:22:48" classname="LoopCoordsHelper" />
    <testcase name="Increment_Use_Tests" status="run" result="completed" time="0" timestamp="2021-12-24T21:22:48" classname="LoopCoordsHelper" />
  </testsuite>
  <testsuite name="MemoryUtilsTests" tests="1" failures="0" disabled="0" errors="0" time="0" timestamp="2021-12-24T21:22:48">
    <testcase name="BasicRetrieve_1" status="run" result="completed" time="0" timestamp="2021-12-24T21:22:48" classname="MemoryUtilsTests" />
  </testsuite>
  <testsuite name="MmapTests" tests="1" failures="0" disabled="0" errors="0" time="0" timestamp="2021-12-24T21:22:48">
    <testcase name="Test_Basic_Mmap_1" status="run" result="completed" time="0" timestamp="2021-12-24T21:22:48" classname="MmapTests" />
  </testsuite>
  <testsuite name="MultiDataTypeTests" tests="72" failures="0" disabled="0" errors="0" time="0.002" timestamp="2021-12-24T21:22:48">
    <testcase name="DataTypeUtils_Test_1" status="run" result="completed" time="0" timestamp="2021-12-24T21:22:48" classname="MultiDataTypeTests" />
    <testcase name="DataTypeUtils_Test_2" status="run" result="completed" time="0" timestamp="2021-12-24T21:22:48" classname="MultiDataTypeTests" />
    <testcase name="DataTypeUtils_Test_3" status="run" result="completed" time="0" timestamp="2021-12-24T21:22:48" classname="MultiDataTypeTests" />
    <testcase name="Basic_Test_1" status="run" result="completed" time="0" timestamp="2021-12-24T21:22:48" classname="MultiDataTypeTests" />
    <testcase name="Basic_Test_2" status="run" result="completed" time="0" timestamp="2021-12-24T21:22:48" classname="MultiDataTypeTests" />
    <testcase name="Basic_Test_3" status="run" result="completed" time="0" timestamp="2021-12-24T21:22:48" classname="MultiDataTypeTests" />
    <testcase name="Basic_Test_4" status="run" result="completed" time="0" timestamp="2021-12-24T21:22:48" classname="MultiDataTypeTests" />
    <testcase name="Basic_Test_5" status="run" result="completed" time="0" timestamp="2021-12-24T21:22:48" classname="MultiDataTypeTests" />
    <testcase name="Basic_Test_7" status="run" result="completed" time="0" timestamp="2021-12-24T21:22:48" classname="MultiDataTypeTests" />
    <testcase name="Basic_Test_6" status="run" result="completed" time="0" timestamp="2021-12-24T21:22:48" classname="MultiDataTypeTests" />
    <testcase name="ndarray_assign_number_test1" status="run" result="completed" time="0" timestamp="2021-12-24T21:22:48" classname="MultiDataTypeTests" />
    <testcase name="ndarray_assign_number_test2" status="run" result="completed" time="0" timestamp="2021-12-24T21:22:48" classname="MultiDataTypeTests" />
    <testcase name="ndarray_assign_number_test3" status="run" result="completed" time="0" timestamp="2021-12-24T21:22:48" classname="MultiDataTypeTests" />
    <testcase name="ndarray_repeat_test1" status="run" result="completed" time="0.001" timestamp="2021-12-24T21:22:48" classname="MultiDataTypeTests" />
    <testcase name="ndarray_bufferAsT_test1" status="run" result="completed" time="0" timestamp="2021-12-24T21:22:48" classname="MultiDataTypeTests" />
    <testcase name="ndarray_assign_test1" status="run" result="completed" time="0" timestamp="2021-12-24T21:22:48" classname="MultiDataTypeTests" />
    <testcase name="ndarray_reduceAlongDimension_test1" status="run" result="completed" time="0" timestamp="2021-12-24T21:22:48" classname="MultiDataTypeTests" />
    <testcase name="ndarray_reduceAlongDimension_test2" status="run" result="completed" time="0" timestamp="2021-12-24T21:22:48" classname="MultiDataTypeTests" />
    <testcase name="ndarray_reduceAlongDimension_test3" status="run" result="completed" time="0" timestamp="2021-12-24T21:22:48" classname="MultiDataTypeTests" />
    <testcase name="ndarray_reduceAlongDimension_test4" status="run" result="completed" time="0" timestamp="2021-12-24T21:22:48" classname="MultiDataTypeTests" />
    <testcase name="ndarray_varianceNumber_test1" status="run" result="completed" time="0" timestamp="2021-12-24T21:22:48" classname="MultiDataTypeTests" />
    <testcase name="ndarray_operatorPlus_test1" status="run" result="completed" time="0" timestamp="2021-12-24T21:22:48" classname="MultiDataTypeTests" />
    <testcase name="ndarray_operatorPlus_test2" status="run" result="completed" time="0" timestamp="2021-12-24T21:22:48" classname="MultiDataTypeTests" />
    <testcase name="ndarray_operatorMinus_test1" status="run" result="completed" time="0" timestamp="2021-12-24T21:22:48" classname="MultiDataTypeTests" />
    <testcase name="ndarray_operatorMinus_test2" status="run" result="completed" time="0" timestamp="2021-12-24T21:22:48" classname="MultiDataTypeTests" />
    <testcase name="ndarray_operatorMultiply_test1" status="run" result="completed" time="0" timestamp="2021-12-24T21:22:48" classname="MultiDataTypeTests" />
    <testcase name="ndarray_operatorMultiply_test2" status="run" result="completed" time="0" timestamp="2021-12-24T21:22:48" classname="MultiDataTypeTests" />
    <testcase name="ndarray_operatorDivide_test1" status="run" result="completed" time="0" timestamp="2021-12-24T21:22:48" classname="MultiDataTypeTests" />
    <testcase name="ndarray_operatorDivide_test2" status="run" result="completed" time="0" timestamp="2021-12-24T21:22:48" classname="MultiDataTypeTests" />
    <testcase name="ndarray_operatorPlusEqual_test1" status="run" result="completed" time="0" timestamp="2021-12-24T21:22:48" classname="MultiDataTypeTests" />
    <testcase name="ndarray_operatorPlusEqual_test2" status="run" result="completed" time="0" timestamp="2021-12-24T21:22:48" classname="MultiDataTypeTests" />
    <testcase name="ndarray_operatorMinusEqual_test1" status="run" result="completed" time="0" timestamp="2021-12-24T21:22:48" classname="MultiDataTypeTests" />
    <testcase name="ndarray_operatorMinusEqual_test2" status="run" result="completed" time="0" timestamp="2021-12-24T21:22:48" classname="MultiDataTypeTests" />
    <testcase name="ndarray_operatorMultiplyEqual_test1" status="run" result="completed" time="0" timestamp="2021-12-24T21:22:48" classname="MultiDataTypeTests" />
    <testcase name="ndarray_operatorMultiplyEqual_test2" status="run" result="completed" time="0" timestamp="2021-12-24T21:22:48" classname="MultiDataTypeTests" />
    <testcase name="ndarray_operatorDivideEqual_test1" status="run" result="completed" time="0" timestamp="2021-12-24T21:22:48" classname="MultiDataTypeTests" />
    <testcase name="ndarray_operatorDivideEqual_test2" status="run" result="completed" time="0" timestamp="2021-12-24T21:22:48" classname="MultiDataTypeTests" />
    <testcase name="ndarray_reduceNumberFloat_test1" status="run" result="completed" time="0" timestamp="2021-12-24T21:22:48" classname="MultiDataTypeTests" />
    <testcase name="ndarray_reduceNumberSame_test1" status="run" result="completed" time="0" timestamp="2021-12-24T21:22:48" classname="MultiDataTypeTests" />
    <testcase name="ndarray_reduceNumberBool_test1" status="run" result="completed" time="0" timestamp="2021-12-24T21:22:48" classname="MultiDataTypeTests" />
    <testcase name="ndarray_reduceNumberLong_test1" status="run" result="completed" time="0" timestamp="2021-12-24T21:22:48" classname="MultiDataTypeTests" />
    <testcase name="ndarray_indexReduceNumber_test1" status="run" result="completed" time="0" timestamp="2021-12-24T21:22:48" classname="MultiDataTypeTests" />
    <testcase name="ndarray_applyTransformFloat_test1" status="run" result="completed" time="0" timestamp="2021-12-24T21:22:48" classname="MultiDataTypeTests" />
    <testcase name="ndarray_applyTransformSame_test1" status="run" result="completed" time="0" timestamp="2021-12-24T21:22:48" classname="MultiDataTypeTests" />
    <testcase name="ndarray_applyTransformBool_test1" status="run" result="completed" time="0" timestamp="2021-12-24T21:22:48" classname="MultiDataTypeTests" />
    <testcase name="ndarray_applyTransformStrict_test1" status="run" result="completed" time="0" timestamp="2021-12-24T21:22:48" classname="MultiDataTypeTests" />
    <testcase name="ndarray_applyPairwiseTransform_test1" status="run" result="completed" time="0" timestamp="2021-12-24T21:22:48" classname="MultiDataTypeTests" />
    <testcase name="ndarray_applyPairwiseTransform_test2" status="run" result="completed" time="0" timestamp="2021-12-24T21:22:48" classname="MultiDataTypeTests" />
    <testcase name="ndarray_applyBroadcast_test1" status="run" result="completed" time="0" timestamp="2021-12-24T21:22:48" classname="MultiDataTypeTests" />
    <testcase name="ndarray_applyBroadcast_test2" status="run" result="completed" time="0" timestamp="2021-12-24T21:22:48" classname="MultiDataTypeTests" />
    <testcase name="ndarray_applyTrueBroadcast_test1" status="run" result="completed" time="0" timestamp="2021-12-24T21:22:48" classname="MultiDataTypeTests" />
    <testcase name="ndarray_applyTrueBroadcast_test2" status="run" result="completed" time="0" timestamp="2021-12-24T21:22:48" classname="MultiDataTypeTests" />
    <testcase name="ndarray_applyScalar_test1" status="run" result="completed" time="0" timestamp="2021-12-24T21:22:48" classname="MultiDataTypeTests" />
    <testcase name="ndarray_applyScalar_test2" status="run" result="completed" time="0" timestamp="2021-12-24T21:22:48" classname="MultiDataTypeTests" />
    <testcase name="ndarray_applyLambda_test1" status="run" result="completed" time="0.001" timestamp="2021-12-24T21:22:48" classname="MultiDataTypeTests" />
    <testcase name="ndarray_applyIndexedLambda_test1" status="run" result="completed" time="0" timestamp="2021-12-24T21:22:48" classname="MultiDataTypeTests" />
    <testcase name="ndarray_applyPairwiseLambda_test1" status="run" result="completed" time="0" timestamp="2021-12-24T21:22:48" classname="MultiDataTypeTests" />
    <testcase name="ndarray_applyIndexedPairwiseLambda_test1" status="run" result="completed" time="0" timestamp="2021-12-24T21:22:48" classname="MultiDataTypeTests" />
    <testcase name="ndarray_applyTriplewiseLambda_test1" status="run" result="completed" time="0" timestamp="2021-12-24T21:22:48" classname="MultiDataTypeTests" />
    <testcase name="ndarray_applyIndexReduce_test1" status="run" result="completed" time="0" timestamp="2021-12-24T21:22:48" classname="MultiDataTypeTests" />
    <testcase name="ndarray_applyIndexReduce_test2" status="run" result="completed" time="0" timestamp="2021-12-24T21:22:48" classname="MultiDataTypeTests" />
    <testcase name="applyReduce3_test1" status="run" result="completed" time="0" timestamp="2021-12-24T21:22:48" classname="MultiDataTypeTests" />
    <testcase name="applyReduce3_test2" status="run" result="completed" time="0" timestamp="2021-12-24T21:22:48" classname="MultiDataTypeTests" />
    <testcase name="applyAllReduce3_test1" status="run" result="completed" time="0" timestamp="2021-12-24T21:22:48" classname="MultiDataTypeTests" />
    <testcase name="RowCol_test1" status="run" result="completed" time="0" timestamp="2021-12-24T21:22:48" classname="MultiDataTypeTests" />
    <testcase name="RowCol_test2" status="run" result="completed" time="0" timestamp="2021-12-24T21:22:48" classname="MultiDataTypeTests" />
    <testcase name="assign_test2" status="run" result="completed" time="0" timestamp="2021-12-24T21:22:48" classname="MultiDataTypeTests" />
    <testcase name="Test_Cast_1" status="run" result="completed" time="0" timestamp="2021-12-24T21:22:48" classname="MultiDataTypeTests" />
    <testcase name="Test_Cast_2" status="run" result="completed" time="0" timestamp="2021-12-24T21:22:48" classname="MultiDataTypeTests" />
    <testcase name="divide_bool_test1" status="run" result="completed" time="0" timestamp="2021-12-24T21:22:48" classname="MultiDataTypeTests" />
    <testcase name="aaa" status="run" result="completed" time="0" timestamp="2021-12-24T21:22:48" classname="MultiDataTypeTests" />
    <testcase name="assign_2" status="run" result="completed" time="0" timestamp="2021-12-24T21:22:48" classname="MultiDataTypeTests" />
  </testsuite>
  <testsuite name="MultiDeviceTests" tests="1" failures="0" disabled="0" errors="0" time="0" timestamp="2021-12-24T21:22:48">
    <testcase name="test_multi_device_migration_1" status="run" result="completed" time="0" timestamp="2021-12-24T21:22:48" classname="MultiDeviceTests" />
  </testsuite>
  <testsuite name="NDArrayListTests" tests="3" failures="0" disabled="0" errors="0" time="0" timestamp="2021-12-24T21:22:48">
    <testcase name="BasicTests_1" status="run" result="completed" time="0" timestamp="2021-12-24T21:22:48" classname="NDArrayListTests" />
    <testcase name="BasicTests_2" status="run" result="completed" time="0" timestamp="2021-12-24T21:22:48" classname="NDArrayListTests" />
    <testcase name="Test_Stack_UnStack_1" status="run" result="completed" time="0" timestamp="2021-12-24T21:22:48" classname="NDArrayListTests" />
  </testsuite>
  <testsuite name="NDArrayTest" tests="140" failures="0" disabled="0" errors="0" time="0.018" timestamp="2021-12-24T21:22:48">
    <testcase name="TestDup1" status="run" result="completed" time="0" timestamp="2021-12-24T21:22:48" classname="NDArrayTest" />
    <testcase name="AssignScalar1" status="run" result="completed" time="0" timestamp="2021-12-24T21:22:48" classname="NDArrayTest" />
    <testcase name="NDArrayOrder1" status="run" result="completed" time="0" timestamp="2021-12-24T21:22:48" classname="NDArrayTest" />
    <testcase name="TestGetScalar1" status="run" result="completed" time="0" timestamp="2021-12-24T21:22:48" classname="NDArrayTest" />
    <testcase name="EqualityTest1" status="run" result="completed" time="0.001" timestamp="2021-12-24T21:22:48" classname="NDArrayTest" />
    <testcase name="TestTad1" status="run" result="completed" time="0" timestamp="2021-12-24T21:22:48" classname="NDArrayTest" />
    <testcase name="TestTad2" status="run" result="completed" time="0" timestamp="2021-12-24T21:22:48" classname="NDArrayTest" />
    <testcase name="TestTad3" status="run" result="completed" time="0" timestamp="2021-12-24T21:22:48" classname="NDArrayTest" />
    <testcase name="TestPermuteReshape1" status="run" result="completed" time="0" timestamp="2021-12-24T21:22:48" classname="NDArrayTest" />
    <testcase name="TestPermuteReshape2" status="run" result="completed" time="0" timestamp="2021-12-24T21:22:48" classname="NDArrayTest" />
    <testcase name="TestRepeat1" status="run" result="completed" time="0" timestamp="2021-12-24T21:22:48" classname="NDArrayTest" />
    <testcase name="TestRepeat2" status="run" result="completed" time="0" timestamp="2021-12-24T21:22:48" classname="NDArrayTest" />
    <testcase name="TestIndexedPut1" status="run" result="completed" time="0" timestamp="2021-12-24T21:22:48" classname="NDArrayTest" />
    <testcase name="TestSum1" status="run" result="completed" time="0" timestamp="2021-12-24T21:22:48" classname="NDArrayTest" />
    <testcase name="TestAddiRowVector" status="run" result="completed" time="0" timestamp="2021-12-24T21:22:48" classname="NDArrayTest" />
    <testcase name="TestAddiColumnVector" status="run" result="completed" time="0.004" timestamp="2021-12-24T21:22:48" classname="NDArrayTest" />
    <testcase name="TestMuliColumnVector" status="run" result="completed" time="0" timestamp="2021-12-24T21:22:48" classname="NDArrayTest" />
    <testcase name="Test3D_1" status="run" result="completed" time="0" timestamp="2021-12-24T21:22:48" classname="NDArrayTest" />
    <testcase name="TestTranspose1" status="run" result="completed" time="0" timestamp="2021-12-24T21:22:48" classname="NDArrayTest" />
    <testcase name="TestTranspose2" status="run" result="completed" time="0" timestamp="2021-12-24T21:22:48" classname="NDArrayTest" />
    <testcase name="TestReduceAlongDimension1" status="run" result="completed" time="0" timestamp="2021-12-24T21:22:48" classname="NDArrayTest" />
    <testcase name="TestReduceAlongDimension2" status="run" result="completed" time="0" timestamp="2021-12-24T21:22:48" classname="NDArrayTest" />
    <testcase name="TestTransform1" status="run" result="completed" time="0" timestamp="2021-12-24T21:22:48" classname="NDArrayTest" />
    <testcase name="TestReduceScalar1" status="run" result="completed" time="0" timestamp="2021-12-24T21:22:48" classname="NDArrayTest" />
    <testcase name="TestReduceScalar2" status="run" result="completed" time="0" timestamp="2021-12-24T21:22:48" classname="NDArrayTest" />
    <testcase name="TestReduceScalar3" status="run" result="completed" time="0" timestamp="2021-12-24T21:22:48" classname="NDArrayTest" />
    <testcase name="TestApplyTransform1" status="run" result="completed" time="0" timestamp="2021-12-24T21:22:48" classname="NDArrayTest" />
    <testcase name="TestVectors1" status="run" result="completed" time="0" timestamp="2021-12-24T21:22:48" classname="NDArrayTest" />
    <testcase name="TestChecks1" status="run" result="completed" time="0" timestamp="2021-12-24T21:22:48" classname="NDArrayTest" />
    <testcase name="TestChecks2" status="run" result="completed" time="0" timestamp="2021-12-24T21:22:48" classname="NDArrayTest" />
    <testcase name="TestChecks3" status="run" result="completed" time="0" timestamp="2021-12-24T21:22:48" classname="NDArrayTest" />
    <testcase name="TestChecks4" status="run" result="completed" time="0" timestamp="2021-12-24T21:22:48" classname="NDArrayTest" />
    <testcase name="TestReductionAny1" status="run" result="completed" time="0" timestamp="2021-12-24T21:22:48" classname="NDArrayTest" />
    <testcase name="TestReductionAll1" status="run" result="completed" time="0" timestamp="2021-12-24T21:22:48" classname="NDArrayTest" />
    <testcase name="TestChecks5" status="run" result="completed" time="0" timestamp="2021-12-24T21:22:48" classname="NDArrayTest" />
    <testcase name="TestTile1" status="run" result="completed" time="0" timestamp="2021-12-24T21:22:48" classname="NDArrayTest" />
    <testcase name="TestTile2" status="run" result="completed" time="0" timestamp="2021-12-24T21:22:48" classname="NDArrayTest" />
    <testcase name="TestTile3" status="run" result="completed" time="0" timestamp="2021-12-24T21:22:48" classname="NDArrayTest" />
    <testcase name="TestTile4" status="run" result="completed" time="0" timestamp="2021-12-24T21:22:48" classname="NDArrayTest" />
    <testcase name="TestTile5" status="run" result="completed" time="0" timestamp="2021-12-24T21:22:48" classname="NDArrayTest" />
    <testcase name="TestTile6" status="run" result="completed" time="0" timestamp="2021-12-24T21:22:48" classname="NDArrayTest" />
    <testcase name="TestMmulHelper1" status="run" result="completed" time="0" timestamp="2021-12-24T21:22:48" classname="NDArrayTest" />
    <testcase name="TestPermuteReshapeMmul1" status="run" result="completed" time="0" timestamp="2021-12-24T21:22:48" classname="NDArrayTest" />
    <testcase name="TestPermuteReshapeMmul2" status="run" result="completed" time="0" timestamp="2021-12-24T21:22:48" classname="NDArrayTest" />
    <testcase name="TestPermuteReshapeMmul3" status="run" result="completed" time="0" timestamp="2021-12-24T21:22:48" classname="NDArrayTest" />
    <testcase name="TestPermuteReshapeMmul4" status="run" result="completed" time="0" timestamp="2021-12-24T21:22:48" classname="NDArrayTest" />
    <testcase name="TestMmulHelper2" status="run" result="completed" time="0" timestamp="2021-12-24T21:22:48" classname="NDArrayTest" />
    <testcase name="TestMmulHelper3" status="run" result="completed" time="0" timestamp="2021-12-24T21:22:48" classname="NDArrayTest" />
    <testcase name="TestMmulHelper4" status="run" result="completed" time="0" timestamp="2021-12-24T21:22:48" classname="NDArrayTest" />
    <testcase name="TestMmulHelper5" status="run" result="completed" time="0" timestamp="2021-12-24T21:22:48" classname="NDArrayTest" />
    <testcase name="TestMmulHelper6" status="run" result="completed" time="0" timestamp="2021-12-24T21:22:48" classname="NDArrayTest" />
    <testcase name="TestMmulHelper7" status="run" result="completed" time="0" timestamp="2021-12-24T21:22:48" classname="NDArrayTest" />
    <testcase name="TestMmulHelper_ND_1" status="run" result="completed" time="0.001" timestamp="2021-12-24T21:22:48" classname="NDArrayTest" />
    <testcase name="TestMmulHelper_ND_2" status="run" result="completed" time="0" timestamp="2021-12-24T21:22:48" classname="NDArrayTest" />
    <testcase name="TestNegSize1" status="run" result="completed" time="0" timestamp="2021-12-24T21:22:48" classname="NDArrayTest" />
    <testcase name="Permute1" status="run" result="completed" time="0" timestamp="2021-12-24T21:22:48" classname="NDArrayTest" />
    <testcase name="Permute2" status="run" result="completed" time="0" timestamp="2021-12-24T21:22:48" classname="NDArrayTest" />
    <testcase name="RSubScalarTest1" status="run" result="completed" time="0" timestamp="2021-12-24T21:22:48" classname="NDArrayTest" />
    <testcase name="BroadcastOpsTest1" status="run" result="completed" time="0" timestamp="2021-12-24T21:22:48" classname="NDArrayTest" />
    <testcase name="TestIndexedPut2" status="run" result="completed" time="0" timestamp="2021-12-24T21:22:48" classname="NDArrayTest" />
    <testcase name="TestIndexedPut3" status="run" result="completed" time="0" timestamp="2021-12-24T21:22:48" classname="NDArrayTest" />
    <testcase name="TestIndexedPut4" status="run" result="completed" time="0" timestamp="2021-12-24T21:22:48" classname="NDArrayTest" />
    <testcase name="TestIndexedPut5" status="run" result="completed" time="0" timestamp="2021-12-24T21:22:48" classname="NDArrayTest" />
    <testcase name="TestAllTensors1" status="run" result="completed" time="0" timestamp="2021-12-24T21:22:48" classname="NDArrayTest" />
    <testcase name="TestIndexing1" status="run" result="completed" time="0" timestamp="2021-12-24T21:22:48" classname="NDArrayTest" />
    <testcase name="TestIndexing2" status="run" result="completed" time="0" timestamp="2021-12-24T21:22:48" classname="NDArrayTest" />
    <testcase name="TestIndexing3" status="run" result="completed" time="0" timestamp="2021-12-24T21:22:48" classname="NDArrayTest" />
    <testcase name="TestIndexing4" status="run" result="completed" time="0" timestamp="2021-12-24T21:22:48" classname="NDArrayTest" />
    <testcase name="TestReshapeNegative1" status="run" result="completed" time="0" timestamp="2021-12-24T21:22:48" classname="NDArrayTest" />
    <testcase name="TestReshapeNegative2" status="run" result="completed" time="0" timestamp="2021-12-24T21:22:48" classname="NDArrayTest" />
    <testcase name="TestStdDev1" status="run" result="completed" time="0" timestamp="2021-12-24T21:22:48" classname="NDArrayTest" />
    <testcase name="TestStdDev2" status="run" result="completed" time="0" timestamp="2021-12-24T21:22:48" classname="NDArrayTest" />
    <testcase name="TestStdDev3" status="run" result="completed" time="0.003" timestamp="2021-12-24T21:22:48" classname="NDArrayTest" />
    <testcase name="TestStdDev4" status="run" result="completed" time="0.005" timestamp="2021-12-24T21:22:48" classname="NDArrayTest" />
    <testcase name="TestStdDev5" status="run" result="completed" time="0.001" timestamp="2021-12-24T21:22:48" classname="NDArrayTest" />
    <testcase name="TestApplyIndexReduce1" status="run" result="completed" time="0" timestamp="2021-12-24T21:22:48" classname="NDArrayTest" />
    <testcase name="applyReduce3Dot" status="run" result="completed" time="0" timestamp="2021-12-24T21:22:48" classname="NDArrayTest" />
    <testcase name="applyAllReduce3EuclideanDistance" status="run" result="completed" time="0" timestamp="2021-12-24T21:22:48" classname="NDArrayTest" />
    <testcase name="applyReduce3EuclideanDistance" status="run" result="completed" time="0" timestamp="2021-12-24T21:22:48" classname="NDArrayTest" />
    <testcase name="TestVarianceAlongDimension1" status="run" result="completed" time="0" timestamp="2021-12-24T21:22:48" classname="NDArrayTest" />
    <testcase name="TestVarianceAlongDimension2" status="run" result="completed" time="0" timestamp="2021-12-24T21:22:48" classname="NDArrayTest" />
    <testcase name="TestVarianceAlongDimension3" status="run" result="completed" time="0" timestamp="2021-12-24T21:22:48" classname="NDArrayTest" />
    <testcase name="TestVarianceAlongDimension4" status="run" result="completed" time="0" timestamp="2021-12-24T21:22:48" classname="NDArrayTest" />
    <testcase name="TestSubRowVector1" status="run" result="completed" time="0" timestamp="2021-12-24T21:22:48" classname="NDArrayTest" />
    <testcase name="TestDivRowVector1" status="run" result="completed" time="0.001" timestamp="2021-12-24T21:22:48" classname="NDArrayTest" />
    <testcase name="TestMulRowVector1" status="run" result="completed" time="0" timestamp="2021-12-24T21:22:48" classname="NDArrayTest" />
    <testcase name="TestTensorDotAgain_1" status="run" result="completed" time="0" timestamp="2021-12-24T21:22:48" classname="NDArrayTest" />
    <testcase name="TestBroadcast_1" status="run" result="completed" time="0" timestamp="2021-12-24T21:22:48" classname="NDArrayTest" />
    <testcase name="TestTranspose_11" status="run" result="completed" time="0" timestamp="2021-12-24T21:22:48" classname="NDArrayTest" />
    <testcase name="TestTranspose_12" status="run" result="completed" time="0" timestamp="2021-12-24T21:22:48" classname="NDArrayTest" />
    <testcase name="TestMMulMultiDim" status="run" result="completed" time="0" timestamp="2021-12-24T21:22:48" classname="NDArrayTest" />
    <testcase name="AdditionOperator1" status="run" result="completed" time="0" timestamp="2021-12-24T21:22:48" classname="NDArrayTest" />
    <testcase name="TestMatmMul_Again_1" status="run" result="completed" time="0" timestamp="2021-12-24T21:22:48" classname="NDArrayTest" />
    <testcase name="TestMatmMul_Again_2" status="run" result="completed" time="0" timestamp="2021-12-24T21:22:48" classname="NDArrayTest" />
    <testcase name="Operator_Plus_Test_1" status="run" result="completed" time="0" timestamp="2021-12-24T21:22:48" classname="NDArrayTest" />
    <testcase name="Operator_Plus_Test_2" status="run" result="completed" time="0" timestamp="2021-12-24T21:22:48" classname="NDArrayTest" />
    <testcase name="Operator_Plus_Test_3" status="run" result="completed" time="0" timestamp="2021-12-24T21:22:48" classname="NDArrayTest" />
    <testcase name="Operator_Plus_Test_4" status="run" result="completed" time="0" timestamp="2021-12-24T21:22:48" classname="NDArrayTest" />
    <testcase name="Operator_Minus_Test_1" status="run" result="completed" time="0" timestamp="2021-12-24T21:22:48" classname="NDArrayTest" />
    <testcase name="Operator_Minus_Test_2" status="run" result="completed" time="0" timestamp="2021-12-24T21:22:48" classname="NDArrayTest" />
    <testcase name="Operator_Minus_Test_3" status="run" result="completed" time="0" timestamp="2021-12-24T21:22:48" classname="NDArrayTest" />
    <testcase name="Operator_Minus_Test_4" status="run" result="completed" time="0" timestamp="2021-12-24T21:22:48" classname="NDArrayTest" />
    <testcase name="Operator_Minus_Test_5" status="run" result="completed" time="0" timestamp="2021-12-24T21:22:48" classname="NDArrayTest" />
    <testcase name="Operator_Minus_Test_6" status="run" result="completed" time="0" timestamp="2021-12-24T21:22:48" classname="NDArrayTest" />
    <testcase name="Operator_Multiply_Test_1" status="run" result="completed" time="0" timestamp="2021-12-24T21:22:48" classname="NDArrayTest" />
    <testcase name="Operator_Multiply_Test_2" status="run" result="completed" time="0" timestamp="2021-12-24T21:22:48" classname="NDArrayTest" />
    <testcase name="Operator_Multiply_Test_3" status="run" result="completed" time="0.001" timestamp="2021-12-24T21:22:48" classname="NDArrayTest" />
    <testcase name="Operator_Multiply_Test_4" status="run" result="completed" time="0" timestamp="2021-12-24T21:22:48" classname="NDArrayTest" />
    <testcase name="Operator_Multiply_Test_5" status="run" result="completed" time="0" timestamp="2021-12-24T21:22:48" classname="NDArrayTest" />
    <testcase name="Operator_Multiply_Test_6" status="run" result="completed" time="0" timestamp="2021-12-24T21:22:48" classname="NDArrayTest" />
    <testcase name="Operator_Divide_Test_1" status="run" result="completed" time="0" timestamp="2021-12-24T21:22:48" classname="NDArrayTest" />
    <testcase name="Operator_Divide_Test_2" status="run" result="completed" time="0" timestamp="2021-12-24T21:22:48" classname="NDArrayTest" />
    <testcase name="Operator_Divide_Test_3" status="run" result="completed" time="0" timestamp="2021-12-24T21:22:48" classname="NDArrayTest" />
    <testcase name="Operator_Divide_Test_4" status="run" result="completed" time="0" timestamp="2021-12-24T21:22:48" classname="NDArrayTest" />
    <testcase name="Operator_Divide_Test_5" status="run" result="completed" time="0" timestamp="2021-12-24T21:22:48" classname="NDArrayTest" />
    <testcase name="Operator_Divide_Test_6" status="run" result="completed" time="0" timestamp="2021-12-24T21:22:48" classname="NDArrayTest" />
    <testcase name="Operator_Divide_Test_7" status="run" result="completed" time="0" timestamp="2021-12-24T21:22:48" classname="NDArrayTest" />
    <testcase name="Test_Lambda_1" status="run" result="completed" time="0" timestamp="2021-12-24T21:22:48" classname="NDArrayTest" />
    <testcase name="Test_Lambda_2" status="run" result="completed" time="0" timestamp="2021-12-24T21:22:48" classname="NDArrayTest" />
    <testcase name="Test_Lambda_3" status="run" result="completed" time="0" timestamp="2021-12-24T21:22:48" classname="NDArrayTest" />
    <testcase name="Test_swapUnsafe_1" status="run" result="completed" time="0" timestamp="2021-12-24T21:22:48" classname="NDArrayTest" />
    <testcase name="Test_diagonal_1" status="run" result="completed" time="0" timestamp="2021-12-24T21:22:48" classname="NDArrayTest" />
    <testcase name="Test_diagonal_2" status="run" result="completed" time="0" timestamp="2021-12-24T21:22:48" classname="NDArrayTest" />
    <testcase name="Test_diagonal_3" status="run" result="completed" time="0" timestamp="2021-12-24T21:22:48" classname="NDArrayTest" />
    <testcase name="Test_diagonal_4" status="run" result="completed" time="0" timestamp="2021-12-24T21:22:48" classname="NDArrayTest" />
    <testcase name="Test_diagonal_5" status="run" result="completed" time="0" timestamp="2021-12-24T21:22:48" classname="NDArrayTest" />
    <testcase name="Test_diagonal_6" status="run" result="completed" time="0" timestamp="2021-12-24T21:22:48" classname="NDArrayTest" />
    <testcase name="Test_diagonal_7" status="run" result="completed" time="0" timestamp="2021-12-24T21:22:48" classname="NDArrayTest" />
    <testcase name="Test_diagonal_8" status="run" result="completed" time="0" timestamp="2021-12-24T21:22:48" classname="NDArrayTest" />
    <testcase name="Test_diagonal_9" status="run" result="completed" time="0" timestamp="2021-12-24T21:22:48" classname="NDArrayTest" />
    <testcase name="Test_diagonal_10" status="run" result="completed" time="0" timestamp="2021-12-24T21:22:48" classname="NDArrayTest" />
    <testcase name="Test_diagonal_11" status="run" result="completed" time="0" timestamp="2021-12-24T21:22:48" classname="NDArrayTest" />
    <testcase name="Test_diagonal_12" status="run" result="completed" time="0" timestamp="2021-12-24T21:22:48" classname="NDArrayTest" />
    <testcase name="Test_diagonal_13" status="run" result="completed" time="0" timestamp="2021-12-24T21:22:48" classname="NDArrayTest" />
    <testcase name="Test_diagonal_14" status="run" result="completed" time="0" timestamp="2021-12-24T21:22:48" classname="NDArrayTest" />
    <testcase name="Test_diagonal_15" status="run" result="completed" time="0" timestamp="2021-12-24T21:22:48" classname="NDArrayTest" />
    <testcase name="Test_diagonal_16" status="run" result="completed" time="0" timestamp="2021-12-24T21:22:48" classname="NDArrayTest" />
    <testcase name="Test_diagonal_17" status="run" result="completed" time="0" timestamp="2021-12-24T21:22:48" classname="NDArrayTest" />
    <testcase name="Test_diagonal_18" status="run" result="completed" time="0" timestamp="2021-12-24T21:22:48" classname="NDArrayTest" />
    <testcase name="assign_test1" status="run" result="completed" time="0" timestamp="2021-12-24T21:22:48" classname="NDArrayTest" />
  </testsuite>
  <testsuite name="NDArrayTest2" tests="86" failures="4" disabled="0" errors="0" time="0.015" timestamp="2021-12-24T21:22:48">
    <testcase name="Test_ByteVector_1" status="run" result="completed" time="0" timestamp="2021-12-24T21:22:48" classname="NDArrayTest2" />
    <testcase name="Test_ByteVector_2" status="run" result="completed" time="0" timestamp="2021-12-24T21:22:48" classname="NDArrayTest2" />
    <testcase name="Test_ByteVector_3" status="run" result="completed" time="0" timestamp="2021-12-24T21:22:48" classname="NDArrayTest2" />
    <testcase name="Test_Reshape_Scalar_1" status="run" result="completed" time="0" timestamp="2021-12-24T21:22:48" classname="NDArrayTest2" />
    <testcase name="Test_Reshape_Scalar_2" status="run" result="completed" time="0" timestamp="2021-12-24T21:22:48" classname="NDArrayTest2" />
    <testcase name="Test_IndexReduce_1" status="run" result="completed" time="0" timestamp="2021-12-24T21:22:48" classname="NDArrayTest2" />
    <testcase name="SetIdentity_test_1" status="run" result="completed" time="0" timestamp="2021-12-24T21:22:48" classname="NDArrayTest2" />
    <testcase name="SetIdentity_test_2" status="run" result="completed" time="0" timestamp="2021-12-24T21:22:48" classname="NDArrayTest2" />
    <testcase name="SetIdentity_test_3" status="run" result="completed" time="0" timestamp="2021-12-24T21:22:48" classname="NDArrayTest2" />
    <testcase name="SetIdentity_test_4" status="run" result="completed" time="0" timestamp="2021-12-24T21:22:48" classname="NDArrayTest2" />
    <testcase name="SetIdentity_test_5" status="run" result="completed" time="0" timestamp="2021-12-24T21:22:48" classname="NDArrayTest2" />
    <testcase name="SetIdentity_test_6" status="run" result="completed" time="0" timestamp="2021-12-24T21:22:48" classname="NDArrayTest2" />
    <testcase name="SetIdentity_test_7" status="run" result="completed" time="0" timestamp="2021-12-24T21:22:48" classname="NDArrayTest2" />
    <testcase name="Test_AllReduce3_1" status="run" result="completed" time="0" timestamp="2021-12-24T21:22:48" classname="NDArrayTest2" />
    <testcase name="Test_AllReduce3_2" status="run" result="completed" time="0" timestamp="2021-12-24T21:22:48" classname="NDArrayTest2" />
    <testcase name="mmul_test1" status="run" result="completed" time="0" timestamp="2021-12-24T21:22:48" classname="NDArrayTest2" />
    <testcase name="mmul_test2" status="run" result="completed" time="0" timestamp="2021-12-24T21:22:48" classname="NDArrayTest2" />
    <testcase name="mmul_test3" status="run" result="completed" time="0" timestamp="2021-12-24T21:22:48" classname="NDArrayTest2" />
    <testcase name="Test_Streamline_1" status="run" result="completed" time="0" timestamp="2021-12-24T21:22:48" classname="NDArrayTest2" />
    <testcase name="Test_Streamline_2" status="run" result="completed" time="0" timestamp="2021-12-24T21:22:48" classname="NDArrayTest2" />
    <testcase name="Test_Enforce_1" status="run" result="completed" time="0" timestamp="2021-12-24T21:22:48" classname="NDArrayTest2" />
    <testcase name="TestVector_1" status="run" result="completed" time="0" timestamp="2021-12-24T21:22:48" classname="NDArrayTest2" />
    <testcase name="Operator_Plus_Test_5" status="run" result="completed" time="0" timestamp="2021-12-24T21:22:48" classname="NDArrayTest2" />
    <testcase name="Operator_Plus_Test_6" status="run" result="completed" time="0" timestamp="2021-12-24T21:22:48" classname="NDArrayTest2" />
    <testcase name="tileToShape_test1" status="run" result="completed" time="0" timestamp="2021-12-24T21:22:48" classname="NDArrayTest2" />
    <testcase name="tileToShape_test2" status="run" result="completed" time="0" timestamp="2021-12-24T21:22:48" classname="NDArrayTest2" />
    <testcase name="tileToShape_test3" status="run" result="completed" time="0" timestamp="2021-12-24T21:22:48" classname="NDArrayTest2" />
    <testcase name="tileToShape_test4" status="run" result="completed" time="0" timestamp="2021-12-24T21:22:48" classname="NDArrayTest2" />
    <testcase name="Test_TriplewiseLambda_1" status="run" result="completed" time="0" timestamp="2021-12-24T21:22:48" classname="NDArrayTest2" />
    <testcase name="Test_TriplewiseLambda_2" status="run" result="completed" time="0" timestamp="2021-12-24T21:22:48" classname="NDArrayTest2" />
    <testcase name="Test_Indexed_Lambda" status="run" result="completed" time="0" timestamp="2021-12-24T21:22:48" classname="NDArrayTest2" />
    <testcase name="Test_PermuteEquality_1" status="run" result="completed" time="0" timestamp="2021-12-24T21:22:48" classname="NDArrayTest2" />
    <testcase name="Test_PermuteEquality_0" status="run" result="completed" time="0" timestamp="2021-12-24T21:22:48" classname="NDArrayTest2" />
    <testcase name="Test_PermuteEquality_2" status="run" result="completed" time="0" timestamp="2021-12-24T21:22:48" classname="NDArrayTest2" />
    <testcase name="Test_PermuteEquality_3" status="run" result="completed" time="0" timestamp="2021-12-24T21:22:48" classname="NDArrayTest2" />
    <testcase name="Test_PermuteEquality_4" status="run" result="completed" time="0" timestamp="2021-12-24T21:22:48" classname="NDArrayTest2" />
    <testcase name="Test_PermuteEquality_5" status="run" result="completed" time="0" timestamp="2021-12-24T21:22:48" classname="NDArrayTest2" />
    <testcase name="fillAsTriangular_test1" status="run" result="completed" time="0" timestamp="2021-12-24T21:22:48" classname="NDArrayTest2">
      <failure message="/home/agibsonccc/Documents/GitHub/deeplearning4j/libnd4j/tests_cpu/layers_tests/NDArrayTests2.cpp:559&#x0A;Value of: exp.equalsTo(&amp;x)&#x0A;  Actual: false&#x0A;Expected: true" type=""><![CDATA[/home/agibsonccc/Documents/GitHub/deeplearning4j/libnd4j/tests_cpu/layers_tests/NDArrayTests2.cpp:559
Value of: exp.equalsTo(&x)
  Actual: false
Expected: true]]></failure>
    </testcase>
    <testcase name="fillAsTriangular_test2" status="run" result="completed" time="0" timestamp="2021-12-24T21:22:48" classname="NDArrayTest2">
      <failure message="/home/agibsonccc/Documents/GitHub/deeplearning4j/libnd4j/tests_cpu/layers_tests/NDArrayTests2.cpp:570&#x0A;Value of: exp.equalsTo(&amp;x)&#x0A;  Actual: false&#x0A;Expected: true" type=""><![CDATA[/home/agibsonccc/Documents/GitHub/deeplearning4j/libnd4j/tests_cpu/layers_tests/NDArrayTests2.cpp:570
Value of: exp.equalsTo(&x)
  Actual: false
Expected: true]]></failure>
    </testcase>
    <testcase name="fillAsTriangular_test3" status="run" result="completed" time="0" timestamp="2021-12-24T21:22:48" classname="NDArrayTest2">
      <failure message="/home/agibsonccc/Documents/GitHub/deeplearning4j/libnd4j/tests_cpu/layers_tests/NDArrayTests2.cpp:581&#x0A;Value of: exp.equalsTo(&amp;x)&#x0A;  Actual: false&#x0A;Expected: true" type=""><![CDATA[/home/agibsonccc/Documents/GitHub/deeplearning4j/libnd4j/tests_cpu/layers_tests/NDArrayTests2.cpp:581
Value of: exp.equalsTo(&x)
  Actual: false
Expected: true]]></failure>
    </testcase>
    <testcase name="fillAsTriangular_test4" status="run" result="completed" time="0.001" timestamp="2021-12-24T21:22:48" classname="NDArrayTest2">
      <failure message="/home/agibsonccc/Documents/GitHub/deeplearning4j/libnd4j/tests_cpu/layers_tests/NDArrayTests2.cpp:592&#x0A;Value of: exp.equalsTo(&amp;x)&#x0A;  Actual: false&#x0A;Expected: true" type=""><![CDATA[/home/agibsonccc/Documents/GitHub/deeplearning4j/libnd4j/tests_cpu/layers_tests/NDArrayTests2.cpp:592
Value of: exp.equalsTo(&x)
  Actual: false
Expected: true]]></failure>
    </testcase>
    <testcase name="Test_DType_Conversion_1" status="run" result="completed" time="0" timestamp="2021-12-24T21:22:48" classname="NDArrayTest2" />
    <testcase name="Test_ScalarArray_Assign_1" status="run" result="completed" time="0" timestamp="2021-12-24T21:22:48" classname="NDArrayTest2" />
    <testcase name="Test_Reshape_To_Vector_1" status="run" result="completed" time="0" timestamp="2021-12-24T21:22:48" classname="NDArrayTest2" />
    <testcase name="Test_toIndexedString_1" status="run" result="completed" time="0" timestamp="2021-12-24T21:22:48" classname="NDArrayTest2" />
    <testcase name="permute_test4" status="run" result="completed" time="0" timestamp="2021-12-24T21:22:48" classname="NDArrayTest2" />
    <testcase name="TestStdDev3" status="run" result="completed" time="0" timestamp="2021-12-24T21:22:48" classname="NDArrayTest2" />
    <testcase name="Test_Linspace_1" status="run" result="completed" time="0" timestamp="2021-12-24T21:22:48" classname="NDArrayTest2" />
    <testcase name="Test_Linspace_2" status="run" result="completed" time="0" timestamp="2021-12-24T21:22:48" classname="NDArrayTest2" />
    <testcase name="Test_Linspace_3" status="run" result="completed" time="0" timestamp="2021-12-24T21:22:48" classname="NDArrayTest2" />
    <testcase name="Test_Linspace_4" status="run" result="completed" time="0" timestamp="2021-12-24T21:22:48" classname="NDArrayTest2" />
    <testcase name="Test_Linspace_5" status="run" result="completed" time="0" timestamp="2021-12-24T21:22:48" classname="NDArrayTest2" />
    <testcase name="allTensorsAlongDimension_test1" status="run" result="completed" time="0" timestamp="2021-12-24T21:22:48" classname="NDArrayTest2" />
    <testcase name="scalar_get_test1" status="run" result="completed" time="0" timestamp="2021-12-24T21:22:48" classname="NDArrayTest2" />
    <testcase name="scalar_get_test2" status="run" result="completed" time="0" timestamp="2021-12-24T21:22:48" classname="NDArrayTest2" />
    <testcase name="scalar_set_test1" status="run" result="completed" time="0" timestamp="2021-12-24T21:22:48" classname="NDArrayTest2" />
    <testcase name="scalar_set_test2" status="run" result="completed" time="0" timestamp="2021-12-24T21:22:48" classname="NDArrayTest2" />
    <testcase name="big_dup_test" status="run" result="completed" time="0" timestamp="2021-12-24T21:22:48" classname="NDArrayTest2" />
    <testcase name="debugInfoTest_1" status="run" result="completed" time="0" timestamp="2021-12-24T21:22:48" classname="NDArrayTest2" />
    <testcase name="debugInfoTest_2" status="run" result="completed" time="0.001" timestamp="2021-12-24T21:22:48" classname="NDArrayTest2" />
    <testcase name="test_subarray_ews_1" status="run" result="completed" time="0" timestamp="2021-12-24T21:22:48" classname="NDArrayTest2" />
    <testcase name="test_subarray_ews_2" status="run" result="completed" time="0" timestamp="2021-12-24T21:22:48" classname="NDArrayTest2" />
    <testcase name="test_subarray_ews_3" status="run" result="completed" time="0" timestamp="2021-12-24T21:22:48" classname="NDArrayTest2" />
    <testcase name="test_subarray_ews_4" status="run" result="completed" time="0" timestamp="2021-12-24T21:22:48" classname="NDArrayTest2" />
    <testcase name="subarray_1" status="run" result="completed" time="0" timestamp="2021-12-24T21:22:48" classname="NDArrayTest2" />
    <testcase name="test_subarray_interval_1" status="run" result="completed" time="0" timestamp="2021-12-24T21:22:48" classname="NDArrayTest2" />
    <testcase name="test_subarray_interval_2" status="run" result="completed" time="0" timestamp="2021-12-24T21:22:48" classname="NDArrayTest2" />
    <testcase name="test_subarray_3d_cf" status="run" result="completed" time="0" timestamp="2021-12-24T21:22:48" classname="NDArrayTest2" />
    <testcase name="test_broadcast_row_1" status="run" result="completed" time="0" timestamp="2021-12-24T21:22:48" classname="NDArrayTest2" />
    <testcase name="test_broadcast_column_1" status="run" result="completed" time="0.001" timestamp="2021-12-24T21:22:48" classname="NDArrayTest2" />
    <testcase name="test_broadcast_column_2" status="run" result="completed" time="0" timestamp="2021-12-24T21:22:48" classname="NDArrayTest2" />
    <testcase name="test_broadcast_column_3" status="run" result="completed" time="0" timestamp="2021-12-24T21:22:48" classname="NDArrayTest2" />
    <testcase name="test_broadcast_column_4" status="run" result="completed" time="0" timestamp="2021-12-24T21:22:48" classname="NDArrayTest2" />
    <testcase name="test_not_tiled_1" status="run" result="completed" time="0.009" timestamp="2021-12-24T21:22:48" classname="NDArrayTest2" />
    <testcase name="test_not_tiled_2" status="run" result="completed" time="0.001" timestamp="2021-12-24T21:22:48" classname="NDArrayTest2" />
    <testcase name="test_long_sum_1" status="run" result="completed" time="0" timestamp="2021-12-24T21:22:48" classname="NDArrayTest2" />
    <testcase name="reshapei_1" status="run" result="completed" time="0" timestamp="2021-12-24T21:22:48" classname="NDArrayTest2" />
    <testcase name="reshapei_2" status="run" result="completed" time="0" timestamp="2021-12-24T21:22:48" classname="NDArrayTest2" />
    <testcase name="trueBroadcast_1" status="run" result="completed" time="0" timestamp="2021-12-24T21:22:48" classname="NDArrayTest2" />
    <testcase name="reduce_1" status="run" result="completed" time="0" timestamp="2021-12-24T21:22:48" classname="NDArrayTest2" />
    <testcase name="reduce3_1" status="run" result="completed" time="0" timestamp="2021-12-24T21:22:48" classname="NDArrayTest2" />
    <testcase name="all_tads_1" status="run" result="completed" time="0" timestamp="2021-12-24T21:22:48" classname="NDArrayTest2" />
    <testcase name="test_trueBroadcast_empty_1" status="run" result="completed" time="0" timestamp="2021-12-24T21:22:48" classname="NDArrayTest2" />
    <testcase name="test_trueBroadcast_empty_2" status="run" result="completed" time="0" timestamp="2021-12-24T21:22:48" classname="NDArrayTest2" />
    <testcase name="test_subarray_followed_by_reshape_1" status="run" result="completed" time="0" timestamp="2021-12-24T21:22:48" classname="NDArrayTest2" />
    <testcase name="test_numpy_import_1" status="run" result="completed" time="0" timestamp="2021-12-24T21:22:48" classname="NDArrayTest2" />
  </testsuite>
  <testsuite name="NativeOpsTests" tests="64" failures="0" disabled="0" errors="0" time="0.002" timestamp="2021-12-24T21:22:48">
    <testcase name="CreateContextTests_1" status="run" result="completed" time="0" timestamp="2021-12-24T21:22:48" classname="NativeOpsTests" />
    <testcase name="CreateContextTests_2" status="run" result="completed" time="0" timestamp="2021-12-24T21:22:48" classname="NativeOpsTests" />
    <testcase name="PointerTests_1" status="run" result="completed" time="0" timestamp="2021-12-24T21:22:48" classname="NativeOpsTests" />
    <testcase name="ThresholdTests_1" status="run" result="completed" time="0" timestamp="2021-12-24T21:22:48" classname="NativeOpsTests" />
    <testcase name="ThresholdTests_2" status="run" result="completed" time="0" timestamp="2021-12-24T21:22:48" classname="NativeOpsTests" />
    <testcase name="ExecIndexReduce_1" status="run" result="completed" time="0" timestamp="2021-12-24T21:22:48" classname="NativeOpsTests" />
    <testcase name="ExecIndexReduce_2" status="run" result="completed" time="0" timestamp="2021-12-24T21:22:48" classname="NativeOpsTests" />
    <testcase name="ExecBroadcast_1" status="run" result="completed" time="0" timestamp="2021-12-24T21:22:48" classname="NativeOpsTests" />
    <testcase name="ExecBroadcast_2" status="run" result="completed" time="0" timestamp="2021-12-24T21:22:48" classname="NativeOpsTests" />
    <testcase name="ExecPairwise_1" status="run" result="completed" time="0" timestamp="2021-12-24T21:22:48" classname="NativeOpsTests" />
    <testcase name="ExecPairwise_2" status="run" result="completed" time="0" timestamp="2021-12-24T21:22:48" classname="NativeOpsTests" />
    <testcase name="ReduceTest_1" status="run" result="completed" time="0" timestamp="2021-12-24T21:22:48" classname="NativeOpsTests" />
    <testcase name="ReduceTest_2" status="run" result="completed" time="0" timestamp="2021-12-24T21:22:48" classname="NativeOpsTests" />
    <testcase name="ReduceTest_3" status="run" result="completed" time="0" timestamp="2021-12-24T21:22:48" classname="NativeOpsTests" />
    <testcase name="ReduceTest_4" status="run" result="completed" time="0" timestamp="2021-12-24T21:22:48" classname="NativeOpsTests" />
    <testcase name="ReduceTest_5" status="run" result="completed" time="0" timestamp="2021-12-24T21:22:48" classname="NativeOpsTests" />
    <testcase name="ReduceTest_6" status="run" result="completed" time="0" timestamp="2021-12-24T21:22:48" classname="NativeOpsTests" />
    <testcase name="ReduceTest_7" status="run" result="completed" time="0" timestamp="2021-12-24T21:22:48" classname="NativeOpsTests" />
    <testcase name="ReduceTest_8" status="run" result="completed" time="0" timestamp="2021-12-24T21:22:48" classname="NativeOpsTests" />
    <testcase name="ReduceTest_9" status="run" result="completed" time="0" timestamp="2021-12-24T21:22:48" classname="NativeOpsTests" />
    <testcase name="Reduce3Test_1" status="run" result="completed" time="0" timestamp="2021-12-24T21:22:48" classname="NativeOpsTests" />
    <testcase name="Reduce3Test_2" status="run" result="completed" time="0" timestamp="2021-12-24T21:22:48" classname="NativeOpsTests" />
    <testcase name="Reduce3Test_3" status="run" result="completed" time="0" timestamp="2021-12-24T21:22:48" classname="NativeOpsTests" />
    <testcase name="Reduce3Test_4" status="run" result="completed" time="0" timestamp="2021-12-24T21:22:48" classname="NativeOpsTests" />
    <testcase name="ScalarTest_1" status="run" result="completed" time="0" timestamp="2021-12-24T21:22:48" classname="NativeOpsTests" />
    <testcase name="ScalarTest_2" status="run" result="completed" time="0" timestamp="2021-12-24T21:22:48" classname="NativeOpsTests" />
    <testcase name="SummaryStatsScalarTest_1" status="run" result="completed" time="0" timestamp="2021-12-24T21:22:48" classname="NativeOpsTests" />
    <testcase name="SummaryStatsScalarTest_2" status="run" result="completed" time="0" timestamp="2021-12-24T21:22:48" classname="NativeOpsTests" />
    <testcase name="SummaryStatsScalarTest_3" status="run" result="completed" time="0" timestamp="2021-12-24T21:22:48" classname="NativeOpsTests" />
    <testcase name="TransformTest_1" status="run" result="completed" time="0" timestamp="2021-12-24T21:22:48" classname="NativeOpsTests" />
    <testcase name="TransformTest_2" status="run" result="completed" time="0" timestamp="2021-12-24T21:22:48" classname="NativeOpsTests" />
    <testcase name="TransformTest_3" status="run" result="completed" time="0" timestamp="2021-12-24T21:22:48" classname="NativeOpsTests" />
    <testcase name="TransformTest_4" status="run" result="completed" time="0" timestamp="2021-12-24T21:22:48" classname="NativeOpsTests" />
    <testcase name="ScalarTadTest_1" status="run" result="completed" time="0" timestamp="2021-12-24T21:22:48" classname="NativeOpsTests" />
    <testcase name="ScalarTadTest_2" status="run" result="completed" time="0" timestamp="2021-12-24T21:22:48" classname="NativeOpsTests" />
    <testcase name="ConcatTest_2" status="run" result="completed" time="0" timestamp="2021-12-24T21:22:48" classname="NativeOpsTests" />
    <testcase name="InitializeTest_1" status="run" result="completed" time="0" timestamp="2021-12-24T21:22:48" classname="NativeOpsTests" />
    <testcase name="MallocTest_1" status="run" result="completed" time="0" timestamp="2021-12-24T21:22:48" classname="NativeOpsTests" />
    <testcase name="OMPTest_1" status="run" result="completed" time="0" timestamp="2021-12-24T21:22:48" classname="NativeOpsTests" />
    <testcase name="CreateTest_1" status="run" result="completed" time="0" timestamp="2021-12-24T21:22:48" classname="NativeOpsTests" />
    <testcase name="MemTest_1" status="run" result="completed" time="0" timestamp="2021-12-24T21:22:48" classname="NativeOpsTests" />
    <testcase name="PullRowsTest_1" status="run" result="completed" time="0" timestamp="2021-12-24T21:22:48" classname="NativeOpsTests" />
    <testcase name="TadPackTest_1" status="run" result="completed" time="0" timestamp="2021-12-24T21:22:48" classname="NativeOpsTests" />
    <testcase name="AverageTest_1" status="run" result="completed" time="0" timestamp="2021-12-24T21:22:48" classname="NativeOpsTests" />
    <testcase name="AccumulateTest_1" status="run" result="completed" time="0" timestamp="2021-12-24T21:22:48" classname="NativeOpsTests" />
    <testcase name="P2PTest_1" status="run" result="completed" time="0" timestamp="2021-12-24T21:22:48" classname="NativeOpsTests" />
    <testcase name="ShuffleTest_1" status="run" result="completed" time="0" timestamp="2021-12-24T21:22:48" classname="NativeOpsTests" />
    <testcase name="ConvertTypesTest_1" status="run" result="completed" time="0" timestamp="2021-12-24T21:22:48" classname="NativeOpsTests" />
    <testcase name="RandomTest_1" status="run" result="completed" time="0" timestamp="2021-12-24T21:22:48" classname="NativeOpsTests" />
    <testcase name="RandomTest_2" status="run" result="completed" time="0" timestamp="2021-12-24T21:22:48" classname="NativeOpsTests" />
    <testcase name="RandomTest_3" status="run" result="completed" time="0" timestamp="2021-12-24T21:22:48" classname="NativeOpsTests" />
    <testcase name="RandomTest_4" status="run" result="completed" time="0" timestamp="2021-12-24T21:22:48" classname="NativeOpsTests" />
    <testcase name="SortTest_1" status="run" result="completed" time="0" timestamp="2021-12-24T21:22:48" classname="NativeOpsTests" />
    <testcase name="SortTests_2" status="run" result="completed" time="0" timestamp="2021-12-24T21:22:48" classname="NativeOpsTests" />
    <testcase name="SortTest_3" status="run" result="completed" time="0" timestamp="2021-12-24T21:22:48" classname="NativeOpsTests" />
    <testcase name="SortTest_4" status="run" result="completed" time="0" timestamp="2021-12-24T21:22:48" classname="NativeOpsTests" />
    <testcase name="SortTests_5" status="run" result="completed" time="0" timestamp="2021-12-24T21:22:48" classname="NativeOpsTests" />
    <testcase name="SortTests_6" status="run" result="completed" time="0" timestamp="2021-12-24T21:22:48" classname="NativeOpsTests" />
    <testcase name="MapTests_1" status="run" result="completed" time="0.001" timestamp="2021-12-24T21:22:48" classname="NativeOpsTests" />
    <testcase name="CustomOpTest_1" status="run" result="completed" time="0" timestamp="2021-12-24T21:22:48" classname="NativeOpsTests" />
    <testcase name="CustomOpTests_2" status="run" result="completed" time="0" timestamp="2021-12-24T21:22:48" classname="NativeOpsTests" />
    <testcase name="CalculateOutputShapeTests_1" status="run" result="completed" time="0" timestamp="2021-12-24T21:22:48" classname="NativeOpsTests" />
    <testcase name="CalculateOutputShapeTests_2" status="run" result="completed" time="0" timestamp="2021-12-24T21:22:48" classname="NativeOpsTests" />
    <testcase name="interop_databuffer_tests_1" status="run" result="completed" time="0" timestamp="2021-12-24T21:22:48" classname="NativeOpsTests" />
  </testsuite>
  <testsuite name="NlpTests" tests="10" failures="0" disabled="0" errors="0" time="0.012" timestamp="2021-12-24T21:22:48">
    <testcase name="basic_sg_hs_test_1" status="run" result="completed" time="0" timestamp="2021-12-24T21:22:48" classname="NlpTests" />
    <testcase name="basic_sg_hs_test_2" status="run" result="completed" time="0" timestamp="2021-12-24T21:22:48" classname="NlpTests" />
    <testcase name="basic_sg_hs_test_3" status="run" result="completed" time="0" timestamp="2021-12-24T21:22:48" classname="NlpTests" />
    <testcase name="basic_sg_hs_ns_test_1" status="run" result="completed" time="0" timestamp="2021-12-24T21:22:48" classname="NlpTests" />
    <testcase name="basic_sg_ns_test_1" status="run" result="completed" time="0" timestamp="2021-12-24T21:22:48" classname="NlpTests" />
    <testcase name="basic_cb_hs_test_1" status="run" result="completed" time="0" timestamp="2021-12-24T21:22:48" classname="NlpTests" />
    <testcase name="basic_cb_ns_test_1" status="run" result="completed" time="0" timestamp="2021-12-24T21:22:48" classname="NlpTests" />
    <testcase name="test_sg_hs_batch_1" status="run" result="completed" time="0" timestamp="2021-12-24T21:22:48" classname="NlpTests" />
    <testcase name="test_sg_ns_batch_1" status="run" result="completed" time="0.008" timestamp="2021-12-24T21:22:48" classname="NlpTests" />
    <testcase name="test_cbow_hs_batch_1" status="run" result="completed" time="0.004" timestamp="2021-12-24T21:22:48" classname="NlpTests" />
  </testsuite>
  <testsuite name="NodeTests" tests="2" failures="0" disabled="0" errors="0" time="0" timestamp="2021-12-24T21:22:48">
    <testcase name="Test_Dtype_Conversion_1" status="run" result="completed" time="0" timestamp="2021-12-24T21:22:48" classname="NodeTests" />
    <testcase name="Test_Dtype_Conversion_2" status="run" result="completed" time="0" timestamp="2021-12-24T21:22:48" classname="NodeTests" />
  </testsuite>
  <testsuite name="OmpLaunchHelperTests" tests="13" failures="0" disabled="0" errors="0" time="0" timestamp="2021-12-24T21:22:48">
    <testcase name="Test_BetterSpan_1" status="run" result="completed" time="0" timestamp="2021-12-24T21:22:48" classname="OmpLaunchHelperTests" />
    <testcase name="Test_BetterSpan_2" status="run" result="completed" time="0" timestamp="2021-12-24T21:22:48" classname="OmpLaunchHelperTests" />
    <testcase name="Test_BetterSpan_3" status="run" result="completed" time="0" timestamp="2021-12-24T21:22:48" classname="OmpLaunchHelperTests" />
    <testcase name="Test_BetterSpan_5" status="run" result="completed" time="0" timestamp="2021-12-24T21:22:48" classname="OmpLaunchHelperTests" />
    <testcase name="Test_BetterSpan_6" status="run" result="completed" time="0" timestamp="2021-12-24T21:22:48" classname="OmpLaunchHelperTests" />
    <testcase name="Test_BetterThreads_1" status="run" result="completed" time="0" timestamp="2021-12-24T21:22:48" classname="OmpLaunchHelperTests" />
    <testcase name="Test_BetterThreads_2" status="run" result="completed" time="0" timestamp="2021-12-24T21:22:48" classname="OmpLaunchHelperTests" />
    <testcase name="Test_BetterThreads_3" status="run" result="completed" time="0" timestamp="2021-12-24T21:22:48" classname="OmpLaunchHelperTests" />
    <testcase name="test_tad_threads_1" status="run" result="completed" time="0" timestamp="2021-12-24T21:22:48" classname="OmpLaunchHelperTests" />
    <testcase name="test_tad_threads_2" status="run" result="completed" time="0" timestamp="2021-12-24T21:22:48" classname="OmpLaunchHelperTests" />
    <testcase name="test_tad_threads_3" status="run" result="completed" time="0" timestamp="2021-12-24T21:22:48" classname="OmpLaunchHelperTests" />
    <testcase name="test_tad_threads_4" status="run" result="completed" time="0" timestamp="2021-12-24T21:22:48" classname="OmpLaunchHelperTests" />
    <testcase name="test_tad_threads_5" status="run" result="completed" time="0" timestamp="2021-12-24T21:22:48" classname="OmpLaunchHelperTests" />
  </testsuite>
  <testsuite name="OneOffTests" tests="13" failures="0" disabled="0" errors="0" time="0.003" timestamp="2021-12-24T21:22:48">
    <testcase name="test_avg_pool_3d_1" status="run" result="completed" time="0.001" timestamp="2021-12-24T21:22:48" classname="OneOffTests" />
    <testcase name="test_non2d_0A_1" status="run" result="completed" time="0" timestamp="2021-12-24T21:22:48" classname="OneOffTests" />
    <testcase name="test_assert_scalar_float32_2" status="run" result="completed" time="0" timestamp="2021-12-24T21:22:48" classname="OneOffTests" />
    <testcase name="test_pad_1D_1" status="run" result="completed" time="0" timestamp="2021-12-24T21:22:48" classname="OneOffTests" />
    <testcase name="test_conv2d_nhwc_failed_1" status="run" result="completed" time="0.001" timestamp="2021-12-24T21:22:48" classname="OneOffTests" />
    <testcase name="test_tensor_array_1" status="run" result="completed" time="0" timestamp="2021-12-24T21:22:48" classname="OneOffTests" />
    <testcase name="test_tensor_array_2" status="run" result="completed" time="0" timestamp="2021-12-24T21:22:48" classname="OneOffTests" />
    <testcase name="test_tensor_array_3" status="run" result="completed" time="0" timestamp="2021-12-24T21:22:48" classname="OneOffTests" />
    <testcase name="test_tensor_array_4" status="run" result="completed" time="0" timestamp="2021-12-24T21:22:48" classname="OneOffTests" />
    <testcase name="test_assert_4" status="run" result="completed" time="0.001" timestamp="2021-12-24T21:22:48" classname="OneOffTests" />
    <testcase name="test_identity_n_2" status="run" result="completed" time="0" timestamp="2021-12-24T21:22:48" classname="OneOffTests" />
    <testcase name="test_non2d_1" status="run" result="completed" time="0" timestamp="2021-12-24T21:22:48" classname="OneOffTests" />
    <testcase name="test_reduce_all_1" status="run" result="completed" time="0" timestamp="2021-12-24T21:22:48" classname="OneOffTests" />
  </testsuite>
  <testsuite name="OpTrackerTests" tests="2" failures="0" disabled="0" errors="0" time="0" timestamp="2021-12-24T21:22:48">
    <testcase name="Test_Existence_1" status="run" result="completed" time="0" timestamp="2021-12-24T21:22:48" classname="OpTrackerTests" />
    <testcase name="Test_Ops_List_1" status="run" result="completed" time="0" timestamp="2021-12-24T21:22:48" classname="OpTrackerTests" />
  </testsuite>
  <testsuite name="OpTupleTests" tests="2" failures="0" disabled="0" errors="0" time="0" timestamp="2021-12-24T21:22:48">
    <testcase name="DirectConstructorTest1" status="run" result="completed" time="0" timestamp="2021-12-24T21:22:48" classname="OpTupleTests" />
    <testcase name="BuilderTest1" status="run" result="completed" time="0" timestamp="2021-12-24T21:22:48" classname="OpTupleTests" />
  </testsuite>
  <testsuite name="EqualsTest" tests="1" failures="0" disabled="0" errors="0" time="0" timestamp="2021-12-24T21:22:48">
    <testcase name="Eps" status="run" result="completed" time="0" timestamp="2021-12-24T21:22:48" classname="EqualsTest" />
  </testsuite>
  <testsuite name="ParityOpsTests" tests="87" failures="0" disabled="0" errors="0" time="0.004" timestamp="2021-12-24T21:22:48">
    <testcase name="TestZeroAs1" status="run" result="completed" time="0" timestamp="2021-12-24T21:22:48" classname="ParityOpsTests" />
    <testcase name="TestMaximum1" status="run" result="completed" time="0" timestamp="2021-12-24T21:22:48" classname="ParityOpsTests" />
    <testcase name="TestMinimum1" status="run" result="completed" time="0" timestamp="2021-12-24T21:22:48" classname="ParityOpsTests" />
    <testcase name="TestTear1" status="run" result="completed" time="0" timestamp="2021-12-24T21:22:48" classname="ParityOpsTests" />
    <testcase name="TestUnstack1" status="run" result="completed" time="0.001" timestamp="2021-12-24T21:22:48" classname="ParityOpsTests" />
    <testcase name="TestUnstack2" status="run" result="completed" time="0" timestamp="2021-12-24T21:22:48" classname="ParityOpsTests" />
    <testcase name="TestUnstack3" status="run" result="completed" time="0" timestamp="2021-12-24T21:22:48" classname="ParityOpsTests" />
    <testcase name="TestUnstack4" status="run" result="completed" time="0" timestamp="2021-12-24T21:22:48" classname="ParityOpsTests" />
    <testcase name="TestUnstack5" status="run" result="completed" time="0" timestamp="2021-12-24T21:22:48" classname="ParityOpsTests" />
    <testcase name="TestUnstack6" status="run" result="completed" time="0" timestamp="2021-12-24T21:22:48" classname="ParityOpsTests" />
    <testcase name="TestUnstack7" status="run" result="completed" time="0" timestamp="2021-12-24T21:22:48" classname="ParityOpsTests" />
    <testcase name="TestUnstack8" status="run" result="completed" time="0" timestamp="2021-12-24T21:22:48" classname="ParityOpsTests" />
    <testcase name="TestUnstack9" status="run" result="completed" time="0" timestamp="2021-12-24T21:22:48" classname="ParityOpsTests" />
    <testcase name="TestUnstack10" status="run" result="completed" time="0" timestamp="2021-12-24T21:22:48" classname="ParityOpsTests" />
    <testcase name="TestUnstack11" status="run" result="completed" time="0" timestamp="2021-12-24T21:22:48" classname="ParityOpsTests" />
    <testcase name="TestUnstack12" status="run" result="completed" time="0" timestamp="2021-12-24T21:22:48" classname="ParityOpsTests" />
    <testcase name="TestUnstack13" status="run" result="completed" time="0" timestamp="2021-12-24T21:22:48" classname="ParityOpsTests" />
    <testcase name="ExpandDimsTest1" status="run" result="completed" time="0" timestamp="2021-12-24T21:22:48" classname="ParityOpsTests" />
    <testcase name="ExpandDimsTest2" status="run" result="completed" time="0" timestamp="2021-12-24T21:22:48" classname="ParityOpsTests" />
    <testcase name="ExpandDimsTest3" status="run" result="completed" time="0" timestamp="2021-12-24T21:22:48" classname="ParityOpsTests" />
    <testcase name="ExpandDimsTest4" status="run" result="completed" time="0" timestamp="2021-12-24T21:22:48" classname="ParityOpsTests" />
    <testcase name="Test_Shape_1" status="run" result="completed" time="0" timestamp="2021-12-24T21:22:48" classname="ParityOpsTests" />
    <testcase name="Test_Set_Shape" status="run" result="completed" time="0" timestamp="2021-12-24T21:22:48" classname="ParityOpsTests" />
    <testcase name="Test_Equals_1" status="run" result="completed" time="0" timestamp="2021-12-24T21:22:48" classname="ParityOpsTests" />
    <testcase name="Test_NotEquals_1" status="run" result="completed" time="0" timestamp="2021-12-24T21:22:48" classname="ParityOpsTests" />
    <testcase name="Test_Less_1" status="run" result="completed" time="0" timestamp="2021-12-24T21:22:48" classname="ParityOpsTests" />
    <testcase name="Test_LessEquals_1" status="run" result="completed" time="0" timestamp="2021-12-24T21:22:48" classname="ParityOpsTests" />
    <testcase name="Test_GreaterEquals_1" status="run" result="completed" time="0" timestamp="2021-12-24T21:22:48" classname="ParityOpsTests" />
    <testcase name="Test_GreaterEquals_2" status="run" result="completed" time="0" timestamp="2021-12-24T21:22:48" classname="ParityOpsTests" />
    <testcase name="Test_Greater_1" status="run" result="completed" time="0" timestamp="2021-12-24T21:22:48" classname="ParityOpsTests" />
    <testcase name="Test_Where_1" status="run" result="completed" time="0" timestamp="2021-12-24T21:22:48" classname="ParityOpsTests" />
    <testcase name="Test_Where_2" status="run" result="completed" time="0" timestamp="2021-12-24T21:22:48" classname="ParityOpsTests" />
    <testcase name="Test_Where_3" status="run" result="completed" time="0.001" timestamp="2021-12-24T21:22:48" classname="ParityOpsTests" />
    <testcase name="Test_Select_1" status="run" result="completed" time="0" timestamp="2021-12-24T21:22:48" classname="ParityOpsTests" />
    <testcase name="Test_Select_2" status="run" result="completed" time="0" timestamp="2021-12-24T21:22:48" classname="ParityOpsTests" />
    <testcase name="Test_Select_3" status="run" result="completed" time="0" timestamp="2021-12-24T21:22:48" classname="ParityOpsTests" />
    <testcase name="Test_Bias_Add_1" status="run" result="completed" time="0" timestamp="2021-12-24T21:22:48" classname="ParityOpsTests" />
    <testcase name="Test_Scatter_Add_1" status="run" result="completed" time="0" timestamp="2021-12-24T21:22:48" classname="ParityOpsTests" />
    <testcase name="Test_Scatter_Add_2" status="run" result="completed" time="0" timestamp="2021-12-24T21:22:48" classname="ParityOpsTests" />
    <testcase name="Test_Scatter_Add_3" status="run" result="completed" time="0" timestamp="2021-12-24T21:22:48" classname="ParityOpsTests" />
    <testcase name="Test_Scatter_Add_4" status="run" result="completed" time="0" timestamp="2021-12-24T21:22:48" classname="ParityOpsTests" />
    <testcase name="Test_Scatter_Add_5" status="run" result="completed" time="0" timestamp="2021-12-24T21:22:48" classname="ParityOpsTests" />
    <testcase name="Test_Scatter_Add_6" status="run" result="completed" time="0" timestamp="2021-12-24T21:22:48" classname="ParityOpsTests" />
    <testcase name="Test_Scatter_Add_7" status="run" result="completed" time="0" timestamp="2021-12-24T21:22:48" classname="ParityOpsTests" />
    <testcase name="Test_Scatter_Add_8" status="run" result="completed" time="0" timestamp="2021-12-24T21:22:48" classname="ParityOpsTests" />
    <testcase name="Test_Scatter_Add_9" status="run" result="completed" time="0" timestamp="2021-12-24T21:22:48" classname="ParityOpsTests" />
    <testcase name="scatterMax_test1" status="run" result="completed" time="0" timestamp="2021-12-24T21:22:48" classname="ParityOpsTests" />
    <testcase name="scatterMax_test2" status="run" result="completed" time="0" timestamp="2021-12-24T21:22:48" classname="ParityOpsTests" />
    <testcase name="scatterMax_test3" status="run" result="completed" time="0" timestamp="2021-12-24T21:22:48" classname="ParityOpsTests" />
    <testcase name="scatterMax_test4" status="run" result="completed" time="0" timestamp="2021-12-24T21:22:48" classname="ParityOpsTests" />
    <testcase name="scatterMax_test5" status="run" result="completed" time="0" timestamp="2021-12-24T21:22:48" classname="ParityOpsTests" />
    <testcase name="scatterMax_test6" status="run" result="completed" time="0" timestamp="2021-12-24T21:22:48" classname="ParityOpsTests" />
    <testcase name="scatterMin_test1" status="run" result="completed" time="0" timestamp="2021-12-24T21:22:48" classname="ParityOpsTests" />
    <testcase name="scatterMin_test2" status="run" result="completed" time="0" timestamp="2021-12-24T21:22:48" classname="ParityOpsTests" />
    <testcase name="scatterMin_test3" status="run" result="completed" time="0" timestamp="2021-12-24T21:22:48" classname="ParityOpsTests" />
    <testcase name="scatterMin_test4" status="run" result="completed" time="0" timestamp="2021-12-24T21:22:48" classname="ParityOpsTests" />
    <testcase name="scatterMin_test5" status="run" result="completed" time="0" timestamp="2021-12-24T21:22:48" classname="ParityOpsTests" />
    <testcase name="scatterND_test1" status="run" result="completed" time="0" timestamp="2021-12-24T21:22:48" classname="ParityOpsTests" />
    <testcase name="scatterND_test2" status="run" result="completed" time="0.001" timestamp="2021-12-24T21:22:48" classname="ParityOpsTests" />
    <testcase name="scatterND_test3" status="run" result="completed" time="0" timestamp="2021-12-24T21:22:48" classname="ParityOpsTests" />
    <testcase name="scatterND_test4" status="run" result="completed" time="0" timestamp="2021-12-24T21:22:48" classname="ParityOpsTests" />
    <testcase name="scatterND_test5" status="run" result="completed" time="0" timestamp="2021-12-24T21:22:48" classname="ParityOpsTests" />
    <testcase name="scatterND_test6" status="run" result="completed" time="0" timestamp="2021-12-24T21:22:48" classname="ParityOpsTests" />
    <testcase name="scatterND_test7" status="run" result="completed" time="0" timestamp="2021-12-24T21:22:48" classname="ParityOpsTests" />
    <testcase name="scatterND_test8" status="run" result="completed" time="0" timestamp="2021-12-24T21:22:48" classname="ParityOpsTests" />
    <testcase name="scatterND_test9" status="run" result="completed" time="0" timestamp="2021-12-24T21:22:48" classname="ParityOpsTests" />
    <testcase name="scatterND_add_test1" status="run" result="completed" time="0" timestamp="2021-12-24T21:22:48" classname="ParityOpsTests" />
    <testcase name="scatterND_add_test2" status="run" result="completed" time="0" timestamp="2021-12-24T21:22:48" classname="ParityOpsTests" />
    <testcase name="scatterND_add_test3" status="run" result="completed" time="0" timestamp="2021-12-24T21:22:48" classname="ParityOpsTests" />
    <testcase name="scatterND_add_test4" status="run" result="completed" time="0" timestamp="2021-12-24T21:22:48" classname="ParityOpsTests" />
    <testcase name="scatterND_add_test5" status="run" result="completed" time="0" timestamp="2021-12-24T21:22:48" classname="ParityOpsTests" />
    <testcase name="scatterND_add_test6" status="run" result="completed" time="0" timestamp="2021-12-24T21:22:48" classname="ParityOpsTests" />
    <testcase name="scatterND_sub_test1" status="run" result="completed" time="0" timestamp="2021-12-24T21:22:48" classname="ParityOpsTests" />
    <testcase name="scatterND_sub_test2" status="run" result="completed" time="0" timestamp="2021-12-24T21:22:48" classname="ParityOpsTests" />
    <testcase name="scatterND_sub_test3" status="run" result="completed" time="0" timestamp="2021-12-24T21:22:48" classname="ParityOpsTests" />
    <testcase name="scatterND_sub_test4" status="run" result="completed" time="0" timestamp="2021-12-24T21:22:48" classname="ParityOpsTests" />
    <testcase name="scatterND_sub_test5" status="run" result="completed" time="0.001" timestamp="2021-12-24T21:22:48" classname="ParityOpsTests" />
    <testcase name="scatterND_update_test1" status="run" result="completed" time="0" timestamp="2021-12-24T21:22:48" classname="ParityOpsTests" />
    <testcase name="scatterND_update_test2" status="run" result="completed" time="0" timestamp="2021-12-24T21:22:48" classname="ParityOpsTests" />
    <testcase name="scatterND_update_test3" status="run" result="completed" time="0" timestamp="2021-12-24T21:22:48" classname="ParityOpsTests" />
    <testcase name="scatterND_update_test4" status="run" result="completed" time="0" timestamp="2021-12-24T21:22:48" classname="ParityOpsTests" />
    <testcase name="scatterND_update_test5" status="run" result="completed" time="0" timestamp="2021-12-24T21:22:48" classname="ParityOpsTests" />
    <testcase name="scatterND_update_test6" status="run" result="completed" time="0" timestamp="2021-12-24T21:22:48" classname="ParityOpsTests" />
    <testcase name="scatter_update_1" status="run" result="completed" time="0" timestamp="2021-12-24T21:22:48" classname="ParityOpsTests" />
    <testcase name="scatter_update_2" status="run" result="completed" time="0" timestamp="2021-12-24T21:22:48" classname="ParityOpsTests" />
    <testcase name="scatter_update_3" status="run" result="completed" time="0" timestamp="2021-12-24T21:22:48" classname="ParityOpsTests" />
    <testcase name="scatter_update_4" status="run" result="completed" time="0" timestamp="2021-12-24T21:22:48" classname="ParityOpsTests" />
  </testsuite>
  <testsuite name="PlaygroundTests" tests="7" failures="0" disabled="0" errors="0" time="0.017" timestamp="2021-12-24T21:22:48">
    <testcase name="test_avx" status="run" result="completed" time="0" timestamp="2021-12-24T21:22:48" classname="PlaygroundTests" />
    <testcase name="buildver" status="run" result="completed" time="0" timestamp="2021-12-24T21:22:48" classname="PlaygroundTests" />
    <testcase name="test_biasAdd_1" status="run" result="completed" time="0.017" timestamp="2021-12-24T21:22:48" classname="PlaygroundTests" />
    <testcase name="test_bert_full_1" status="run" result="completed" time="0" timestamp="2021-12-24T21:22:48" classname="PlaygroundTests" />
    <testcase name="test_bert_1" status="run" result="completed" time="0" timestamp="2021-12-24T21:22:48" classname="PlaygroundTests" />
    <testcase name="test_bert_2" status="run" result="completed" time="0" timestamp="2021-12-24T21:22:48" classname="PlaygroundTests" />
    <testcase name="test_one_off_ops_1" status="run" result="completed" time="0" timestamp="2021-12-24T21:22:48" classname="PlaygroundTests" />
  </testsuite>
  <testsuite name="PrimitivesTests" tests="3" failures="0" disabled="0" errors="0" time="0" timestamp="2021-12-24T21:22:48">
    <testcase name="test_mod_1" status="run" result="completed" time="0" timestamp="2021-12-24T21:22:48" classname="PrimitivesTests" />
    <testcase name="test_mod_2" status="run" result="completed" time="0" timestamp="2021-12-24T21:22:48" classname="PrimitivesTests" />
    <testcase name="test_mod_3" status="run" result="completed" time="0" timestamp="2021-12-24T21:22:48" classname="PrimitivesTests" />
  </testsuite>
  <testsuite name="QuantizationTests" tests="3" failures="0" disabled="0" errors="0" time="0" timestamp="2021-12-24T21:22:48">
    <testcase name="Basic_Test_1" status="run" result="completed" time="0" timestamp="2021-12-24T21:22:48" classname="QuantizationTests" />
    <testcase name="Basic_Test_2" status="run" result="completed" time="0" timestamp="2021-12-24T21:22:48" classname="QuantizationTests" />
    <testcase name="Compression_Test_1" status="run" result="completed" time="0" timestamp="2021-12-24T21:22:48" classname="QuantizationTests" />
  </testsuite>
  <testsuite name="RNGTests" tests="51" failures="0" disabled="0" errors="0" time="2.117" timestamp="2021-12-24T21:22:48">
    <testcase name="TestSeeds_1" status="run" result="completed" time="0" timestamp="2021-12-24T21:22:48" classname="RNGTests" />
    <testcase name="TestSeeds_2" status="run" result="completed" time="0" timestamp="2021-12-24T21:22:48" classname="RNGTests" />
    <testcase name="TestGenerator_SGA_1" status="run" result="completed" time="0.174" timestamp="2021-12-24T21:22:48" classname="RNGTests" />
    <testcase name="Test_Dropout_1" status="run" result="completed" time="0" timestamp="2021-12-24T21:22:48" classname="RNGTests" />
    <testcase name="Test_DropoutInverted_1" status="run" result="completed" time="0" timestamp="2021-12-24T21:22:48" classname="RNGTests" />
    <testcase name="Test_Launcher_1" status="run" result="completed" time="0" timestamp="2021-12-24T21:22:48" classname="RNGTests" />
    <testcase name="Test_Launcher_2" status="run" result="completed" time="0" timestamp="2021-12-24T21:22:48" classname="RNGTests" />
    <testcase name="Test_Launcher_3" status="run" result="completed" time="0" timestamp="2021-12-24T21:22:48" classname="RNGTests" />
    <testcase name="Test_Uniform_1" status="run" result="completed" time="0" timestamp="2021-12-24T21:22:48" classname="RNGTests" />
    <testcase name="Test_Uniform_10" status="run" result="completed" time="0.275" timestamp="2021-12-24T21:22:48" classname="RNGTests" />
    <testcase name="Test_Uniform_10_double" status="run" result="completed" time="0.561" timestamp="2021-12-24T21:22:49" classname="RNGTests" />
    <testcase name="Test_Uniform_11" status="run" result="completed" time="0" timestamp="2021-12-24T21:22:49" classname="RNGTests" />
    <testcase name="Test_Uniform_12" status="run" result="completed" time="0.194" timestamp="2021-12-24T21:22:49" classname="RNGTests" />
    <testcase name="Test_Uniform_13" status="run" result="completed" time="0.205" timestamp="2021-12-24T21:22:49" classname="RNGTests" />
    <testcase name="Test_Uniform_3" status="run" result="completed" time="0.017" timestamp="2021-12-24T21:22:50" classname="RNGTests" />
    <testcase name="Test_Bernoulli_1" status="run" result="completed" time="0" timestamp="2021-12-24T21:22:50" classname="RNGTests" />
    <testcase name="Test_Gaussian_1" status="run" result="completed" time="0" timestamp="2021-12-24T21:22:50" classname="RNGTests" />
    <testcase name="Test_Gaussian_21" status="run" result="completed" time="0.008" timestamp="2021-12-24T21:22:50" classname="RNGTests" />
    <testcase name="Test_Binomial_1" status="run" result="completed" time="0" timestamp="2021-12-24T21:22:50" classname="RNGTests" />
    <testcase name="Test_Uniform_2" status="run" result="completed" time="0" timestamp="2021-12-24T21:22:50" classname="RNGTests" />
    <testcase name="Test_Uniform_SGA_3" status="run" result="completed" time="0" timestamp="2021-12-24T21:22:50" classname="RNGTests" />
    <testcase name="Test_Gaussian_2" status="run" result="completed" time="0" timestamp="2021-12-24T21:22:50" classname="RNGTests" />
    <testcase name="Test_LogNorm_2" status="run" result="completed" time="0" timestamp="2021-12-24T21:22:50" classname="RNGTests" />
    <testcase name="Test_TruncatedNorm_2" status="run" result="completed" time="0" timestamp="2021-12-24T21:22:50" classname="RNGTests" />
    <testcase name="Test_Binomial_2" status="run" result="completed" time="0" timestamp="2021-12-24T21:22:50" classname="RNGTests" />
    <testcase name="Test_Bernoulli_2" status="run" result="completed" time="0" timestamp="2021-12-24T21:22:50" classname="RNGTests" />
    <testcase name="Test_GaussianDistribution_1" status="run" result="completed" time="0" timestamp="2021-12-24T21:22:50" classname="RNGTests" />
    <testcase name="Test_BernoulliDistribution_1" status="run" result="completed" time="0" timestamp="2021-12-24T21:22:50" classname="RNGTests" />
    <testcase name="Test_ExponentialDistribution_1" status="run" result="completed" time="0" timestamp="2021-12-24T21:22:50" classname="RNGTests" />
    <testcase name="Test_ExponentialDistribution_1_SGA" status="run" result="completed" time="0" timestamp="2021-12-24T21:22:50" classname="RNGTests" />
    <testcase name="Test_ExponentialDistribution_2_SGA" status="run" result="completed" time="0" timestamp="2021-12-24T21:22:50" classname="RNGTests" />
    <testcase name="Test_ExponentialDistribution_2" status="run" result="completed" time="0.001" timestamp="2021-12-24T21:22:50" classname="RNGTests" />
    <testcase name="Test_PoissonDistribution_1" status="run" result="completed" time="0.002" timestamp="2021-12-24T21:22:50" classname="RNGTests" />
    <testcase name="Test_GammaDistribution_1" status="run" result="completed" time="0.002" timestamp="2021-12-24T21:22:50" classname="RNGTests" />
    <testcase name="Test_GammaDistribution_2" status="run" result="completed" time="0" timestamp="2021-12-24T21:22:50" classname="RNGTests" />
    <testcase name="Test_GammaDistribution_3" status="run" result="completed" time="0" timestamp="2021-12-24T21:22:50" classname="RNGTests" />
    <testcase name="Test_GammaDistribution_4" status="run" result="completed" time="0.025" timestamp="2021-12-24T21:22:50" classname="RNGTests" />
    <testcase name="Test_GammaDistribution_5" status="run" result="completed" time="0" timestamp="2021-12-24T21:22:50" classname="RNGTests" />
    <testcase name="Test_UniformDistribution_04" status="run" result="completed" time="0" timestamp="2021-12-24T21:22:50" classname="RNGTests" />
    <testcase name="Test_UniformDistribution_05" status="run" result="completed" time="0.555" timestamp="2021-12-24T21:22:50" classname="RNGTests" />
    <testcase name="Test_Reproducibility_1" status="run" result="completed" time="0.003" timestamp="2021-12-24T21:22:50" classname="RNGTests" />
    <testcase name="Test_Reproducibility_2" status="run" result="completed" time="0.046" timestamp="2021-12-24T21:22:50" classname="RNGTests" />
    <testcase name="Test_Uniform_4" status="run" result="completed" time="0.017" timestamp="2021-12-24T21:22:50" classname="RNGTests" />
    <testcase name="test_choice_1" status="run" result="completed" time="0" timestamp="2021-12-24T21:22:50" classname="RNGTests" />
    <testcase name="test_uniform_119" status="run" result="completed" time="0.001" timestamp="2021-12-24T21:22:50" classname="RNGTests" />
    <testcase name="test_multinomial_1" status="run" result="completed" time="0" timestamp="2021-12-24T21:22:50" classname="RNGTests" />
    <testcase name="test_multinomial_2" status="run" result="completed" time="0" timestamp="2021-12-24T21:22:50" classname="RNGTests" />
    <testcase name="test_multinomial_3" status="run" result="completed" time="0" timestamp="2021-12-24T21:22:50" classname="RNGTests" />
    <testcase name="test_multinomial_4" status="run" result="completed" time="0" timestamp="2021-12-24T21:22:50" classname="RNGTests" />
    <testcase name="test_multinomial_5" status="run" result="completed" time="0.014" timestamp="2021-12-24T21:22:50" classname="RNGTests" />
    <testcase name="test_multinomial_6" status="run" result="completed" time="0.016" timestamp="2021-12-24T21:22:50" classname="RNGTests" />
  </testsuite>
  <testsuite name="ResultSetTests" tests="1" failures="0" disabled="0" errors="0" time="0" timestamp="2021-12-24T21:22:50">
    <testcase name="basic_test_1" status="run" result="completed" time="0" timestamp="2021-12-24T21:22:50" classname="ResultSetTests" />
  </testsuite>
  <testsuite name="SanityTests" tests="3" failures="0" disabled="0" errors="0" time="0" timestamp="2021-12-24T21:22:50">
    <testcase name="VariableSpace_1" status="run" result="completed" time="0" timestamp="2021-12-24T21:22:50" classname="SanityTests" />
    <testcase name="VariableSpace_2" status="run" result="completed" time="0" timestamp="2021-12-24T21:22:50" classname="SanityTests" />
    <testcase name="Graph_1" status="run" result="completed" time="0" timestamp="2021-12-24T21:22:50" classname="SanityTests" />
  </testsuite>
  <testsuite name="ScalarTests" tests="13" failures="0" disabled="0" errors="0" time="0" timestamp="2021-12-24T21:22:50">
    <testcase name="Test_Create_1" status="run" result="completed" time="0" timestamp="2021-12-24T21:22:50" classname="ScalarTests" />
    <testcase name="Test_Add_1" status="run" result="completed" time="0" timestamp="2021-12-24T21:22:50" classname="ScalarTests" />
    <testcase name="Test_Add_2" status="run" result="completed" time="0" timestamp="2021-12-24T21:22:50" classname="ScalarTests" />
    <testcase name="Test_Add_3" status="run" result="completed" time="0" timestamp="2021-12-24T21:22:50" classname="ScalarTests" />
    <testcase name="Test_EQ_1" status="run" result="completed" time="0" timestamp="2021-12-24T21:22:50" classname="ScalarTests" />
    <testcase name="Test_Concat_1" status="run" result="completed" time="0" timestamp="2021-12-24T21:22:50" classname="ScalarTests" />
    <testcase name="Test_Concat_2" status="run" result="completed" time="0" timestamp="2021-12-24T21:22:50" classname="ScalarTests" />
    <testcase name="Test_Concat_3" status="run" result="completed" time="0" timestamp="2021-12-24T21:22:50" classname="ScalarTests" />
    <testcase name="Test_ExpandDims_1" status="run" result="completed" time="0" timestamp="2021-12-24T21:22:50" classname="ScalarTests" />
    <testcase name="Test_Squeeze_1" status="run" result="completed" time="0" timestamp="2021-12-24T21:22:50" classname="ScalarTests" />
    <testcase name="Test_Permute_1" status="run" result="completed" time="0" timestamp="2021-12-24T21:22:50" classname="ScalarTests" />
    <testcase name="Test_Concat_Scalar_1" status="run" result="completed" time="0" timestamp="2021-12-24T21:22:50" classname="ScalarTests" />
    <testcase name="Test_Concat_Scalar_2" status="run" result="completed" time="0" timestamp="2021-12-24T21:22:50" classname="ScalarTests" />
  </testsuite>
  <testsuite name="ScopeTests" tests="1" failures="0" disabled="0" errors="0" time="0" timestamp="2021-12-24T21:22:50">
    <testcase name="BasicTests_1" status="run" result="completed" time="0" timestamp="2021-12-24T21:22:50" classname="ScopeTests" />
  </testsuite>
  <testsuite name="ShapeTests" tests="28" failures="0" disabled="0" errors="0" time="0.001" timestamp="2021-12-24T21:22:50">
    <testcase name="Test_Basics_1" status="run" result="completed" time="0" timestamp="2021-12-24T21:22:50" classname="ShapeTests" />
    <testcase name="Test_Basics_2" status="run" result="completed" time="0" timestamp="2021-12-24T21:22:50" classname="ShapeTests" />
    <testcase name="Test_tadLength_1" status="run" result="completed" time="0" timestamp="2021-12-24T21:22:50" classname="ShapeTests" />
    <testcase name="Test_ShapeEquality_1" status="run" result="completed" time="0" timestamp="2021-12-24T21:22:50" classname="ShapeTests" />
    <testcase name="Test_ShapeEquality_2" status="run" result="completed" time="0" timestamp="2021-12-24T21:22:50" classname="ShapeTests" />
    <testcase name="Test_Ind2SubC_1" status="run" result="completed" time="0" timestamp="2021-12-24T21:22:50" classname="ShapeTests" />
    <testcase name="Test_ShapeDetector_1" status="run" result="completed" time="0" timestamp="2021-12-24T21:22:50" classname="ShapeTests" />
    <testcase name="Test_ShapeDetector_2" status="run" result="completed" time="0" timestamp="2021-12-24T21:22:50" classname="ShapeTests" />
    <testcase name="Test_ShapeDetector_3" status="run" result="completed" time="0" timestamp="2021-12-24T21:22:50" classname="ShapeTests" />
    <testcase name="Test_ShapeDetector_4" status="run" result="completed" time="0" timestamp="2021-12-24T21:22:50" classname="ShapeTests" />
    <testcase name="Test_ShapeDetector_5" status="run" result="completed" time="0" timestamp="2021-12-24T21:22:50" classname="ShapeTests" />
    <testcase name="Test_ShapeDetector_6" status="run" result="completed" time="0" timestamp="2021-12-24T21:22:50" classname="ShapeTests" />
    <testcase name="Test_ShapeDetector_7" status="run" result="completed" time="0" timestamp="2021-12-24T21:22:50" classname="ShapeTests" />
    <testcase name="Test_Transpose_1" status="run" result="completed" time="0" timestamp="2021-12-24T21:22:50" classname="ShapeTests" />
    <testcase name="Test_Transpose_2" status="run" result="completed" time="0" timestamp="2021-12-24T21:22:50" classname="ShapeTests" />
    <testcase name="Test_Transpose_3" status="run" result="completed" time="0" timestamp="2021-12-24T21:22:50" classname="ShapeTests" />
    <testcase name="Test_Transpose_4" status="run" result="completed" time="0" timestamp="2021-12-24T21:22:50" classname="ShapeTests" />
    <testcase name="Test_Edge_1" status="run" result="completed" time="0" timestamp="2021-12-24T21:22:50" classname="ShapeTests" />
    <testcase name="Test_Edge_2" status="run" result="completed" time="0" timestamp="2021-12-24T21:22:50" classname="ShapeTests" />
    <testcase name="Test_Remove_Index_1" status="run" result="completed" time="0" timestamp="2021-12-24T21:22:50" classname="ShapeTests" />
    <testcase name="Test_Remove_Index_2" status="run" result="completed" time="0" timestamp="2021-12-24T21:22:50" classname="ShapeTests" />
    <testcase name="Test_Remove_Index_3" status="run" result="completed" time="0" timestamp="2021-12-24T21:22:50" classname="ShapeTests" />
    <testcase name="Test_Remove_Index_4" status="run" result="completed" time="0" timestamp="2021-12-24T21:22:50" classname="ShapeTests" />
    <testcase name="Test_Remove_Index_5" status="run" result="completed" time="0" timestamp="2021-12-24T21:22:50" classname="ShapeTests" />
    <testcase name="Test_Remove_Index_6" status="run" result="completed" time="0" timestamp="2021-12-24T21:22:50" classname="ShapeTests" />
    <testcase name="Tests_Transpose_119_1" status="run" result="completed" time="0" timestamp="2021-12-24T21:22:50" classname="ShapeTests" />
    <testcase name="Tests_Transpose_119_2" status="run" result="completed" time="0" timestamp="2021-12-24T21:22:50" classname="ShapeTests" />
    <testcase name="Tests_Transpose_119_3" status="run" result="completed" time="0" timestamp="2021-12-24T21:22:50" classname="ShapeTests" />
  </testsuite>
  <testsuite name="LeadingOnes" tests="1" failures="0" disabled="0" errors="0" time="0" timestamp="2021-12-24T21:22:50">
    <testcase name="OnesTest" status="run" result="completed" time="0" timestamp="2021-12-24T21:22:50" classname="LeadingOnes" />
  </testsuite>
  <testsuite name="NormalThreeFourFive" tests="1" failures="0" disabled="0" errors="0" time="0" timestamp="2021-12-24T21:22:50">
    <testcase name="DimensionTest" status="run" result="completed" time="0" timestamp="2021-12-24T21:22:50" classname="NormalThreeFourFive" />
  </testsuite>
  <testsuite name="DimensionWarning" tests="1" failures="0" disabled="0" errors="0" time="0" timestamp="2021-12-24T21:22:50">
    <testcase name="ShapeWarning" status="run" result="completed" time="0" timestamp="2021-12-24T21:22:50" classname="DimensionWarning" />
  </testsuite>
  <testsuite name="FourDTest" tests="1" failures="0" disabled="0" errors="0" time="0" timestamp="2021-12-24T21:22:50">
    <testcase name="ThreeDFourDTest" status="run" result="completed" time="0" timestamp="2021-12-24T21:22:50" classname="FourDTest" />
  </testsuite>
  <testsuite name="SixDTest" tests="1" failures="0" disabled="0" errors="0" time="0" timestamp="2021-12-24T21:22:50">
    <testcase name="SixDWithOnes" status="run" result="completed" time="0" timestamp="2021-12-24T21:22:50" classname="SixDTest" />
  </testsuite>
  <testsuite name="TrailingTest" tests="1" failures="0" disabled="0" errors="0" time="0" timestamp="2021-12-24T21:22:50">
    <testcase name="TrailingTest2" status="run" result="completed" time="0" timestamp="2021-12-24T21:22:50" classname="TrailingTest" />
  </testsuite>
  <testsuite name="ThreeTest" tests="1" failures="0" disabled="0" errors="0" time="0" timestamp="2021-12-24T21:22:50">
    <testcase name="ThreeTest" status="run" result="completed" time="0" timestamp="2021-12-24T21:22:50" classname="ThreeTest" />
  </testsuite>
  <testsuite name="BeginOneTadTest" tests="1" failures="0" disabled="0" errors="0" time="0" timestamp="2021-12-24T21:22:50">
    <testcase name="TadTest" status="run" result="completed" time="0" timestamp="2021-12-24T21:22:50" classname="BeginOneTadTest" />
  </testsuite>
  <testsuite name="LabelTest" tests="1" failures="0" disabled="0" errors="0" time="0" timestamp="2021-12-24T21:22:50">
    <testcase name="LabelTad" status="run" result="completed" time="0" timestamp="2021-12-24T21:22:50" classname="LabelTest" />
  </testsuite>
  <testsuite name="ExpectedValuesTest" tests="1" failures="0" disabled="0" errors="0" time="0" timestamp="2021-12-24T21:22:50">
    <testcase name="TadTest" status="run" result="completed" time="0" timestamp="2021-12-24T21:22:50" classname="ExpectedValuesTest" />
  </testsuite>
  <testsuite name="OrderTest" tests="1" failures="0" disabled="0" errors="0" time="0" timestamp="2021-12-24T21:22:50">
    <testcase name="testOrder" status="run" result="completed" time="0" timestamp="2021-12-24T21:22:50" classname="OrderTest" />
  </testsuite>
  <testsuite name="ThreeDTest" tests="1" failures="0" disabled="0" errors="0" time="0" timestamp="2021-12-24T21:22:50">
    <testcase name="TensorAlongDimensionTest" status="run" result="completed" time="0" timestamp="2021-12-24T21:22:50" classname="ThreeDTest" />
  </testsuite>
  <testsuite name="NumTadTests" tests="1" failures="0" disabled="0" errors="0" time="0.001" timestamp="2021-12-24T21:22:50">
    <testcase name="TadTest" status="run" result="completed" time="0" timestamp="2021-12-24T21:22:50" classname="NumTadTests" />
  </testsuite>
  <testsuite name="TADStall" tests="1" failures="0" disabled="0" errors="0" time="0" timestamp="2021-12-24T21:22:50">
    <testcase name="TestStall" status="run" result="completed" time="0" timestamp="2021-12-24T21:22:50" classname="TADStall" />
  </testsuite>
  <testsuite name="LengthPerSliceTest" tests="1" failures="0" disabled="0" errors="0" time="0" timestamp="2021-12-24T21:22:50">
    <testcase name="TestLengthPerSlice" status="run" result="completed" time="0" timestamp="2021-12-24T21:22:50" classname="LengthPerSliceTest" />
  </testsuite>
  <testsuite name="PermuteTest" tests="1" failures="0" disabled="0" errors="0" time="0" timestamp="2021-12-24T21:22:50">
    <testcase name="PermuteShapeBufferTest" status="run" result="completed" time="0" timestamp="2021-12-24T21:22:50" classname="PermuteTest" />
  </testsuite>
  <testsuite name="ElementWiseStrideTest" tests="1" failures="0" disabled="0" errors="0" time="0" timestamp="2021-12-24T21:22:50">
    <testcase name="ElementWiseStrideTest" status="run" result="completed" time="0" timestamp="2021-12-24T21:22:50" classname="ElementWiseStrideTest" />
  </testsuite>
  <testsuite name="SliceVectorTest" tests="1" failures="0" disabled="0" errors="0" time="0" timestamp="2021-12-24T21:22:50">
    <testcase name="RowColumnVectorTest" status="run" result="completed" time="0" timestamp="2021-12-24T21:22:50" classname="SliceVectorTest" />
  </testsuite>
  <testsuite name="SliceTensorTest" tests="1" failures="0" disabled="0" errors="0" time="0" timestamp="2021-12-24T21:22:50">
    <testcase name="TestSlice" status="run" result="completed" time="0" timestamp="2021-12-24T21:22:50" classname="SliceTensorTest" />
  </testsuite>
  <testsuite name="SliceMatrixTest" tests="1" failures="0" disabled="0" errors="0" time="0" timestamp="2021-12-24T21:22:50">
    <testcase name="TestSlice" status="run" result="completed" time="0" timestamp="2021-12-24T21:22:50" classname="SliceMatrixTest" />
  </testsuite>
  <testsuite name="TestConcat" tests="1" failures="0" disabled="0" errors="0" time="0" timestamp="2021-12-24T21:22:50">
    <testcase name="ConcatTest" status="run" result="completed" time="0" timestamp="2021-12-24T21:22:50" classname="TestConcat" />
  </testsuite>
  <testsuite name="TestReverseCopy" tests="1" failures="0" disabled="0" errors="0" time="0" timestamp="2021-12-24T21:22:50">
    <testcase name="ReverseCopyTest" status="run" result="completed" time="0" timestamp="2021-12-24T21:22:50" classname="TestReverseCopy" />
  </testsuite>
  <testsuite name="TestRemoveIndex" tests="1" failures="0" disabled="0" errors="0" time="0" timestamp="2021-12-24T21:22:50">
    <testcase name="Remove" status="run" result="completed" time="0" timestamp="2021-12-24T21:22:50" classname="TestRemoveIndex" />
  </testsuite>
  <testsuite name="TensorTwoFromFourDDimTest" tests="1" failures="0" disabled="0" errors="0" time="0" timestamp="2021-12-24T21:22:50">
    <testcase name="TadTwoFromFourDimTest" status="run" result="completed" time="0" timestamp="2021-12-24T21:22:50" classname="TensorTwoFromFourDDimTest" />
  </testsuite>
  <testsuite name="TensorTwoDimTest" tests="1" failures="0" disabled="0" errors="0" time="0" timestamp="2021-12-24T21:22:50">
    <testcase name="TadTwoDimTest" status="run" result="completed" time="0" timestamp="2021-12-24T21:22:50" classname="TensorTwoDimTest" />
  </testsuite>
  <testsuite name="TensorOneDimTest" tests="1" failures="0" disabled="0" errors="0" time="0" timestamp="2021-12-24T21:22:50">
    <testcase name="TadDimensionsForTensor" status="run" result="completed" time="0" timestamp="2021-12-24T21:22:50" classname="TensorOneDimTest" />
  </testsuite>
  <testsuite name="MatrixTest" tests="1" failures="0" disabled="0" errors="0" time="0" timestamp="2021-12-24T21:22:50">
    <testcase name="TadDimensionsForMatrix" status="run" result="completed" time="0" timestamp="2021-12-24T21:22:50" classname="MatrixTest" />
  </testsuite>
  <testsuite name="VectorTest" tests="2" failures="0" disabled="0" errors="0" time="0" timestamp="2021-12-24T21:22:50">
    <testcase name="VectorTadShape" status="run" result="completed" time="0" timestamp="2021-12-24T21:22:50" classname="VectorTest" />
    <testcase name="LinspaceCombinationTest" status="run" result="completed" time="0" timestamp="2021-12-24T21:22:50" classname="VectorTest" />
  </testsuite>
  <testsuite name="ShapeTest" tests="1" failures="0" disabled="0" errors="0" time="0" timestamp="2021-12-24T21:22:50">
    <testcase name="IsVector" status="run" result="completed" time="0" timestamp="2021-12-24T21:22:50" classname="ShapeTest" />
  </testsuite>
  <testsuite name="ShapeUtilsTests" tests="23" failures="0" disabled="0" errors="0" time="0" timestamp="2021-12-24T21:22:50">
    <testcase name="evalDimsToExclude_1" status="run" result="completed" time="0" timestamp="2021-12-24T21:22:50" classname="ShapeUtilsTests" />
    <testcase name="evalDimsToExclude_2" status="run" result="completed" time="0" timestamp="2021-12-24T21:22:50" classname="ShapeUtilsTests" />
    <testcase name="EvalBroadcastShapeInfo_1" status="run" result="completed" time="0" timestamp="2021-12-24T21:22:50" classname="ShapeUtilsTests" />
    <testcase name="EvalBroadcastShapeInfo_2" status="run" result="completed" time="0" timestamp="2021-12-24T21:22:50" classname="ShapeUtilsTests" />
    <testcase name="EvalBroadcastShapeInfo_3" status="run" result="completed" time="0" timestamp="2021-12-24T21:22:50" classname="ShapeUtilsTests" />
    <testcase name="EvalBroadcastShapeInfo_4" status="run" result="completed" time="0" timestamp="2021-12-24T21:22:50" classname="ShapeUtilsTests" />
    <testcase name="evalReduceShapeInfo_test1" status="run" result="completed" time="0" timestamp="2021-12-24T21:22:50" classname="ShapeUtilsTests" />
    <testcase name="evalReduceShapeInfo_test6" status="run" result="completed" time="0" timestamp="2021-12-24T21:22:50" classname="ShapeUtilsTests" />
    <testcase name="evalReduceShapeInfo_test2" status="run" result="completed" time="0" timestamp="2021-12-24T21:22:50" classname="ShapeUtilsTests" />
    <testcase name="evalReduceShapeInfo_test3" status="run" result="completed" time="0" timestamp="2021-12-24T21:22:50" classname="ShapeUtilsTests" />
    <testcase name="evalReduceShapeInfo_test4" status="run" result="completed" time="0" timestamp="2021-12-24T21:22:50" classname="ShapeUtilsTests" />
    <testcase name="Test_Strings_1" status="run" result="completed" time="0" timestamp="2021-12-24T21:22:50" classname="ShapeUtilsTests" />
    <testcase name="Test_Backward_Axis_1" status="run" result="completed" time="0" timestamp="2021-12-24T21:22:50" classname="ShapeUtilsTests" />
    <testcase name="Test_Backward_Axis_2" status="run" result="completed" time="0" timestamp="2021-12-24T21:22:50" classname="ShapeUtilsTests" />
    <testcase name="Test_Backward_Axis_3" status="run" result="completed" time="0" timestamp="2021-12-24T21:22:50" classname="ShapeUtilsTests" />
    <testcase name="evalPermutFromTo_test1" status="run" result="completed" time="0" timestamp="2021-12-24T21:22:50" classname="ShapeUtilsTests" />
    <testcase name="evalPermutFromTo_test2" status="run" result="completed" time="0" timestamp="2021-12-24T21:22:50" classname="ShapeUtilsTests" />
    <testcase name="evalPermutFromTo_test3" status="run" result="completed" time="0" timestamp="2021-12-24T21:22:50" classname="ShapeUtilsTests" />
    <testcase name="evalPermutFromTo_test4" status="run" result="completed" time="0" timestamp="2021-12-24T21:22:50" classname="ShapeUtilsTests" />
    <testcase name="evalPermutFromTo_test5" status="run" result="completed" time="0" timestamp="2021-12-24T21:22:50" classname="ShapeUtilsTests" />
    <testcase name="evalPermutFromTo_test6" status="run" result="completed" time="0" timestamp="2021-12-24T21:22:50" classname="ShapeUtilsTests" />
    <testcase name="isPermutNecessary_test1" status="run" result="completed" time="0" timestamp="2021-12-24T21:22:50" classname="ShapeUtilsTests" />
    <testcase name="isPermutNecessary_test2" status="run" result="completed" time="0" timestamp="2021-12-24T21:22:50" classname="ShapeUtilsTests" />
  </testsuite>
  <testsuite name="SingleDimTests" tests="11" failures="0" disabled="0" errors="0" time="0" timestamp="2021-12-24T21:22:50">
    <testcase name="Test_Create_1" status="run" result="completed" time="0" timestamp="2021-12-24T21:22:50" classname="SingleDimTests" />
    <testcase name="Test_Add_1" status="run" result="completed" time="0" timestamp="2021-12-24T21:22:50" classname="SingleDimTests" />
    <testcase name="Test_Pairwise_1" status="run" result="completed" time="0" timestamp="2021-12-24T21:22:50" classname="SingleDimTests" />
    <testcase name="Test_Concat_1" status="run" result="completed" time="0" timestamp="2021-12-24T21:22:50" classname="SingleDimTests" />
    <testcase name="Test_Reduce_1" status="run" result="completed" time="0" timestamp="2021-12-24T21:22:50" classname="SingleDimTests" />
    <testcase name="Test_IndexReduce_1" status="run" result="completed" time="0" timestamp="2021-12-24T21:22:50" classname="SingleDimTests" />
    <testcase name="Test_ExpandDims_1" status="run" result="completed" time="0" timestamp="2021-12-24T21:22:50" classname="SingleDimTests" />
    <testcase name="Test_ExpandDims_2" status="run" result="completed" time="0" timestamp="2021-12-24T21:22:50" classname="SingleDimTests" />
    <testcase name="Test_Squeeze_1" status="run" result="completed" time="0" timestamp="2021-12-24T21:22:50" classname="SingleDimTests" />
    <testcase name="Test_Squeeze_2" status="run" result="completed" time="0" timestamp="2021-12-24T21:22:50" classname="SingleDimTests" />
    <testcase name="Test_Permute_1" status="run" result="completed" time="0" timestamp="2021-12-24T21:22:50" classname="SingleDimTests" />
  </testsuite>
  <testsuite name="SortCpuTests" tests="4" failures="0" disabled="0" errors="0" time="0" timestamp="2021-12-24T21:22:50">
    <testcase name="test_linear_sort_by_key_1" status="run" result="completed" time="0" timestamp="2021-12-24T21:22:50" classname="SortCpuTests" />
    <testcase name="test_linear_sort_by_val_1" status="run" result="completed" time="0" timestamp="2021-12-24T21:22:50" classname="SortCpuTests" />
    <testcase name="test_tad_sort_by_key_1" status="run" result="completed" time="0" timestamp="2021-12-24T21:22:50" classname="SortCpuTests" />
    <testcase name="test_tad_sort_by_val_1" status="run" result="completed" time="0" timestamp="2021-12-24T21:22:50" classname="SortCpuTests" />
  </testsuite>
  <testsuite name="SparseUtilsTest" tests="2" failures="0" disabled="0" errors="0" time="0.001" timestamp="2021-12-24T21:22:50">
    <testcase name="SortCOOindices_Test" status="run" result="completed" time="0" timestamp="2021-12-24T21:22:50" classname="SparseUtilsTest" />
    <testcase name="RavelIndices_Test" status="run" result="completed" time="0.001" timestamp="2021-12-24T21:22:50" classname="SparseUtilsTest" />
  </testsuite>
  <testsuite name="StashTests" tests="2" failures="0" disabled="0" errors="0" time="0" timestamp="2021-12-24T21:22:50">
    <testcase name="BasicTests_1" status="run" result="completed" time="0" timestamp="2021-12-24T21:22:50" classname="StashTests" />
    <testcase name="BasicTests_2" status="run" result="completed" time="0" timestamp="2021-12-24T21:22:50" classname="StashTests" />
  </testsuite>
  <testsuite name="StringTests" tests="71" failures="0" disabled="0" errors="0" time="0.001" timestamp="2021-12-24T21:22:50">
    <testcase name="Basic_Test_1" status="run" result="completed" time="0" timestamp="2021-12-24T21:22:50" classname="StringTests" />
    <testcase name="Basic_Test_2" status="run" result="completed" time="0" timestamp="2021-12-24T21:22:50" classname="StringTests" />
    <testcase name="Basic_Test_3" status="run" result="completed" time="0" timestamp="2021-12-24T21:22:50" classname="StringTests" />
    <testcase name="Basic_Test_4" status="run" result="completed" time="0" timestamp="2021-12-24T21:22:50" classname="StringTests" />
    <testcase name="Basic_Test_5" status="run" result="completed" time="0" timestamp="2021-12-24T21:22:50" classname="StringTests" />
    <testcase name="Basic_Test_6" status="run" result="completed" time="0" timestamp="2021-12-24T21:22:50" classname="StringTests" />
    <testcase name="Basic_Test_7" status="run" result="completed" time="0" timestamp="2021-12-24T21:22:50" classname="StringTests" />
    <testcase name="Basic_Test_8" status="run" result="completed" time="0" timestamp="2021-12-24T21:22:50" classname="StringTests" />
    <testcase name="Basic_Test_9" status="run" result="completed" time="0" timestamp="2021-12-24T21:22:50" classname="StringTests" />
    <testcase name="Basic_Test_10" status="run" result="completed" time="0" timestamp="2021-12-24T21:22:50" classname="StringTests" />
    <testcase name="Basic_Test_11" status="run" result="completed" time="0" timestamp="2021-12-24T21:22:50" classname="StringTests" />
    <testcase name="Basic_Test_12" status="run" result="completed" time="0" timestamp="2021-12-24T21:22:50" classname="StringTests" />
    <testcase name="Basic_Test_13" status="run" result="completed" time="0" timestamp="2021-12-24T21:22:50" classname="StringTests" />
    <testcase name="Basic_Test_14" status="run" result="completed" time="0" timestamp="2021-12-24T21:22:50" classname="StringTests" />
    <testcase name="Basic_Test_15" status="run" result="completed" time="0" timestamp="2021-12-24T21:22:50" classname="StringTests" />
    <testcase name="Basic_Test_16" status="run" result="completed" time="0" timestamp="2021-12-24T21:22:50" classname="StringTests" />
    <testcase name="Basic_Test_17" status="run" result="completed" time="0" timestamp="2021-12-24T21:22:50" classname="StringTests" />
    <testcase name="Basic_Test_18" status="run" result="completed" time="0" timestamp="2021-12-24T21:22:50" classname="StringTests" />
    <testcase name="Basic_Test_19" status="run" result="completed" time="0" timestamp="2021-12-24T21:22:50" classname="StringTests" />
    <testcase name="Basic_Test_20" status="run" result="completed" time="0" timestamp="2021-12-24T21:22:50" classname="StringTests" />
    <testcase name="Basic_Test_21" status="run" result="completed" time="0" timestamp="2021-12-24T21:22:50" classname="StringTests" />
    <testcase name="Basic_Test_22" status="run" result="completed" time="0" timestamp="2021-12-24T21:22:50" classname="StringTests" />
    <testcase name="Basic_Test_23" status="run" result="completed" time="0" timestamp="2021-12-24T21:22:50" classname="StringTests" />
    <testcase name="Export_Test_1" status="run" result="completed" time="0" timestamp="2021-12-24T21:22:50" classname="StringTests" />
    <testcase name="Basic_dup_1" status="run" result="completed" time="0" timestamp="2021-12-24T21:22:50" classname="StringTests" />
    <testcase name="byte_length_test_1" status="run" result="completed" time="0" timestamp="2021-12-24T21:22:50" classname="StringTests" />
    <testcase name="byte_length_test_2" status="run" result="completed" time="0" timestamp="2021-12-24T21:22:50" classname="StringTests" />
    <testcase name="test_split_1" status="run" result="completed" time="0" timestamp="2021-12-24T21:22:50" classname="StringTests" />
    <testcase name="test_unicode_utf8_utf16" status="run" result="completed" time="0" timestamp="2021-12-24T21:22:50" classname="StringTests" />
    <testcase name="test_unicode_utf8_utf32" status="run" result="completed" time="0" timestamp="2021-12-24T21:22:50" classname="StringTests" />
    <testcase name="test_unicode_utf16_utf8" status="run" result="completed" time="0" timestamp="2021-12-24T21:22:50" classname="StringTests" />
    <testcase name="test_unicode_utf32_utf8" status="run" result="completed" time="0" timestamp="2021-12-24T21:22:50" classname="StringTests" />
    <testcase name="test_unicode_utf16_utf32" status="run" result="completed" time="0" timestamp="2021-12-24T21:22:50" classname="StringTests" />
    <testcase name="test_unicode_utf32_utf16" status="run" result="completed" time="0" timestamp="2021-12-24T21:22:50" classname="StringTests" />
    <testcase name="byte_length_test_Default" status="run" result="completed" time="0" timestamp="2021-12-24T21:22:50" classname="StringTests" />
    <testcase name="byte_length_test_UTF16" status="run" result="completed" time="0" timestamp="2021-12-24T21:22:50" classname="StringTests" />
    <testcase name="Basic_Test_UTF16toU8" status="run" result="completed" time="0" timestamp="2021-12-24T21:22:50" classname="StringTests" />
    <testcase name="Basic_Test_UTF32toU8" status="run" result="completed" time="0" timestamp="2021-12-24T21:22:50" classname="StringTests" />
    <testcase name="Basic_Test_UTF16toU16" status="run" result="completed" time="0" timestamp="2021-12-24T21:22:50" classname="StringTests" />
    <testcase name="Basic_Test_UTF32toU16" status="run" result="completed" time="0.001" timestamp="2021-12-24T21:22:50" classname="StringTests" />
    <testcase name="Basic_Test_UTF16toU32" status="run" result="completed" time="0" timestamp="2021-12-24T21:22:50" classname="StringTests" />
    <testcase name="Basic_Test_UTF32toU32" status="run" result="completed" time="0" timestamp="2021-12-24T21:22:50" classname="StringTests" />
    <testcase name="Basic_Test_UTF8toU32" status="run" result="completed" time="0" timestamp="2021-12-24T21:22:50" classname="StringTests" />
    <testcase name="Basic_Test_StringVecU8toUTF16" status="run" result="completed" time="0" timestamp="2021-12-24T21:22:50" classname="StringTests" />
    <testcase name="Basic_Test_StringVecU8toUTF32" status="run" result="completed" time="0" timestamp="2021-12-24T21:22:50" classname="StringTests" />
    <testcase name="Export_Test_U8toUTF16" status="run" result="completed" time="0" timestamp="2021-12-24T21:22:50" classname="StringTests" />
    <testcase name="Export_Test_U8toUTF32" status="run" result="completed" time="0" timestamp="2021-12-24T21:22:50" classname="StringTests" />
    <testcase name="Basic_Test_StringVecU16toUTF16" status="run" result="completed" time="0" timestamp="2021-12-24T21:22:50" classname="StringTests" />
    <testcase name="Basic_Test_StringVecU16toUTF32" status="run" result="completed" time="0" timestamp="2021-12-24T21:22:50" classname="StringTests" />
    <testcase name="Basic_Test_StringVecU16toUTF8" status="run" result="completed" time="0" timestamp="2021-12-24T21:22:50" classname="StringTests" />
    <testcase name="Export_Test_U16toUTF8" status="run" result="completed" time="0" timestamp="2021-12-24T21:22:50" classname="StringTests" />
    <testcase name="Export_Test_U16toUTF16" status="run" result="completed" time="0" timestamp="2021-12-24T21:22:50" classname="StringTests" />
    <testcase name="Export_Test_U16toUTF32" status="run" result="completed" time="0" timestamp="2021-12-24T21:22:50" classname="StringTests" />
    <testcase name="Basic_Test_StringVecU32toUTF32" status="run" result="completed" time="0" timestamp="2021-12-24T21:22:50" classname="StringTests" />
    <testcase name="Basic_Test_StringVecU32toUTF16" status="run" result="completed" time="0" timestamp="2021-12-24T21:22:50" classname="StringTests" />
    <testcase name="Basic_Test_StringVecU32toUTF8" status="run" result="completed" time="0" timestamp="2021-12-24T21:22:50" classname="StringTests" />
    <testcase name="Export_Test_U32toUTF32" status="run" result="completed" time="0" timestamp="2021-12-24T21:22:50" classname="StringTests" />
    <testcase name="Export_Test_U32toUTF16" status="run" result="completed" time="0" timestamp="2021-12-24T21:22:50" classname="StringTests" />
    <testcase name="Export_Test_U32toUTF8" status="run" result="completed" time="0" timestamp="2021-12-24T21:22:50" classname="StringTests" />
    <testcase name="Basic_dup_UTF16" status="run" result="completed" time="0" timestamp="2021-12-24T21:22:50" classname="StringTests" />
    <testcase name="Basic_dup_UTF32" status="run" result="completed" time="0" timestamp="2021-12-24T21:22:50" classname="StringTests" />
    <testcase name="Basic_cast_UTF32toUTF8" status="run" result="completed" time="0" timestamp="2021-12-24T21:22:50" classname="StringTests" />
    <testcase name="Basic_cast_UTF32toUTF16" status="run" result="completed" time="0" timestamp="2021-12-24T21:22:50" classname="StringTests" />
    <testcase name="Basic_cast_UTF32toUTF32" status="run" result="completed" time="0" timestamp="2021-12-24T21:22:50" classname="StringTests" />
    <testcase name="Basic_cast_UTF16toUTF16" status="run" result="completed" time="0" timestamp="2021-12-24T21:22:50" classname="StringTests" />
    <testcase name="Basic_cast_UTF16toUTF32" status="run" result="completed" time="0" timestamp="2021-12-24T21:22:50" classname="StringTests" />
    <testcase name="Basic_cast_UTF16toUTF8" status="run" result="completed" time="0" timestamp="2021-12-24T21:22:50" classname="StringTests" />
    <testcase name="Basic_cast_UTF8toUTF8" status="run" result="completed" time="0" timestamp="2021-12-24T21:22:50" classname="StringTests" />
    <testcase name="Basic_cast_UTF8toUTF16" status="run" result="completed" time="0" timestamp="2021-12-24T21:22:50" classname="StringTests" />
    <testcase name="Basic_cast_UTF8toUTF32" status="run" result="completed" time="0" timestamp="2021-12-24T21:22:50" classname="StringTests" />
    <testcase name="test_bit_string_1" status="run" result="completed" time="0" timestamp="2021-12-24T21:22:50" classname="StringTests" />
  </testsuite>
  <testsuite name="SwitchTests" tests="3" failures="0" disabled="0" errors="0" time="0.002" timestamp="2021-12-24T21:22:50">
    <testcase name="SwitchTest1" status="run" result="completed" time="0.001" timestamp="2021-12-24T21:22:50" classname="SwitchTests" />
    <testcase name="SwitchTest2" status="run" result="completed" time="0" timestamp="2021-12-24T21:22:50" classname="SwitchTests" />
    <testcase name="SwitchTest3" status="run" result="completed" time="0" timestamp="2021-12-24T21:22:50" classname="SwitchTests" />
  </testsuite>
  <testsuite name="TadTests" tests="20" failures="0" disabled="0" errors="0" time="0.002" timestamp="2021-12-24T21:22:50">
    <testcase name="Test4DTad1" status="run" result="completed" time="0.001" timestamp="2021-12-24T21:22:50" classname="TadTests" />
    <testcase name="TestNumTads1" status="run" result="completed" time="0" timestamp="2021-12-24T21:22:50" classname="TadTests" />
    <testcase name="TestShapeTad_1" status="run" result="completed" time="0" timestamp="2021-12-24T21:22:50" classname="TadTests" />
    <testcase name="TadNoAxis_1" status="run" result="completed" time="0" timestamp="2021-12-24T21:22:50" classname="TadTests" />
    <testcase name="TadEdgeCase_1" status="run" result="completed" time="0" timestamp="2021-12-24T21:22:50" classname="TadTests" />
    <testcase name="TestEdgeCase_2" status="run" result="completed" time="0" timestamp="2021-12-24T21:22:50" classname="TadTests" />
    <testcase name="TadEdgeCase_2" status="run" result="completed" time="0" timestamp="2021-12-24T21:22:50" classname="TadTests" />
    <testcase name="test_Tad_Ews_optimization_1" status="run" result="completed" time="0" timestamp="2021-12-24T21:22:50" classname="TadTests" />
    <testcase name="test_Tad_Ews_optimization_2" status="run" result="completed" time="0" timestamp="2021-12-24T21:22:50" classname="TadTests" />
    <testcase name="test_Tad_Ews_optimization_3" status="run" result="completed" time="0" timestamp="2021-12-24T21:22:50" classname="TadTests" />
    <testcase name="test_Tad_Ews_optimization_4" status="run" result="completed" time="0" timestamp="2021-12-24T21:22:50" classname="TadTests" />
    <testcase name="test_Tad_Ews_optimization_5" status="run" result="completed" time="0" timestamp="2021-12-24T21:22:50" classname="TadTests" />
    <testcase name="test_TAD_empty_dims_1" status="run" result="completed" time="0" timestamp="2021-12-24T21:22:50" classname="TadTests" />
    <testcase name="test_tad_order_1" status="run" result="completed" time="0" timestamp="2021-12-24T21:22:50" classname="TadTests" />
    <testcase name="test_tad_order_2" status="run" result="completed" time="0" timestamp="2021-12-24T21:22:50" classname="TadTests" />
    <testcase name="test_tad_order_3" status="run" result="completed" time="0" timestamp="2021-12-24T21:22:50" classname="TadTests" />
    <testcase name="test_tad_order_4" status="run" result="completed" time="0" timestamp="2021-12-24T21:22:50" classname="TadTests" />
    <testcase name="test_column_1" status="run" result="completed" time="0" timestamp="2021-12-24T21:22:50" classname="TadTests" />
    <testcase name="calcOffsets_1" status="run" result="completed" time="0" timestamp="2021-12-24T21:22:50" classname="TadTests" />
    <testcase name="outerArrayIndexes_1" status="run" result="completed" time="0" timestamp="2021-12-24T21:22:50" classname="TadTests" />
  </testsuite>
  <testsuite name="ThreadsTests" tests="9" failures="0" disabled="0" errors="0" time="0.305" timestamp="2021-12-24T21:22:50">
    <testcase name="th_test_1" status="run" result="completed" time="0" timestamp="2021-12-24T21:22:50" classname="ThreadsTests" />
    <testcase name="th_test_2" status="run" result="completed" time="0" timestamp="2021-12-24T21:22:50" classname="ThreadsTests" />
    <testcase name="th_test_3" status="run" result="completed" time="0" timestamp="2021-12-24T21:22:50" classname="ThreadsTests" />
    <testcase name="th_test_5" status="run" result="completed" time="0.001" timestamp="2021-12-24T21:22:50" classname="ThreadsTests" />
    <testcase name="th_test_4" status="run" result="completed" time="0" timestamp="2021-12-24T21:22:50" classname="ThreadsTests" />
    <testcase name="test_span_converage_1" status="run" result="completed" time="0.198" timestamp="2021-12-24T21:22:50" classname="ThreadsTests" />
    <testcase name="validation_test_2d_1" status="run" result="completed" time="0" timestamp="2021-12-24T21:22:50" classname="ThreadsTests" />
    <testcase name="reduction_test_1" status="run" result="completed" time="0" timestamp="2021-12-24T21:22:50" classname="ThreadsTests" />
    <testcase name="crash_test_1" status="run" result="completed" time="0.106" timestamp="2021-12-24T21:22:50" classname="ThreadsTests" />
  </testsuite>
  <testsuite name="TypeCastTests" tests="2" failures="0" disabled="0" errors="0" time="0" timestamp="2021-12-24T21:22:51">
    <testcase name="Test_Cast_1" status="run" result="completed" time="0" timestamp="2021-12-24T21:22:51" classname="TypeCastTests" />
    <testcase name="Test_ConvertDtype_1" status="run" result="completed" time="0" timestamp="2021-12-24T21:22:51" classname="TypeCastTests" />
  </testsuite>
  <testsuite name="VariableProxyTests" tests="6" failures="0" disabled="0" errors="0" time="0.001" timestamp="2021-12-24T21:22:51">
    <testcase name="Test_Simple_1" status="run" result="completed" time="0" timestamp="2021-12-24T21:22:51" classname="VariableProxyTests" />
    <testcase name="Test_Simple_2" status="run" result="completed" time="0" timestamp="2021-12-24T21:22:51" classname="VariableProxyTests" />
    <testcase name="Test_Simple_3" status="run" result="completed" time="0" timestamp="2021-12-24T21:22:51" classname="VariableProxyTests" />
    <testcase name="Test_Simple_4" status="run" result="completed" time="0" timestamp="2021-12-24T21:22:51" classname="VariableProxyTests" />
    <testcase name="Test_Cast_1" status="run" result="completed" time="0" timestamp="2021-12-24T21:22:51" classname="VariableProxyTests" />
    <testcase name="Test_Clone_1" status="run" result="completed" time="0" timestamp="2021-12-24T21:22:51" classname="VariableProxyTests" />
  </testsuite>
  <testsuite name="VariableSpaceTest" tests="7" failures="0" disabled="0" errors="0" time="0" timestamp="2021-12-24T21:22:51">
    <testcase name="SettersGettersTest1" status="run" result="completed" time="0" timestamp="2021-12-24T21:22:51" classname="VariableSpaceTest" />
    <testcase name="SettersGettersTest2" status="run" result="completed" time="0" timestamp="2021-12-24T21:22:51" classname="VariableSpaceTest" />
    <testcase name="EqualityTest1" status="run" result="completed" time="0" timestamp="2021-12-24T21:22:51" classname="VariableSpaceTest" />
    <testcase name="EqualityTest2" status="run" result="completed" time="0" timestamp="2021-12-24T21:22:51" classname="VariableSpaceTest" />
    <testcase name="CloneTests_1" status="run" result="completed" time="0" timestamp="2021-12-24T21:22:51" classname="VariableSpaceTest" />
    <testcase name="CloneTests_2" status="run" result="completed" time="0" timestamp="2021-12-24T21:22:51" classname="VariableSpaceTest" />
    <testcase name="Test_DType_Conversion_1" status="run" result="completed" time="0" timestamp="2021-12-24T21:22:51" classname="VariableSpaceTest" />
  </testsuite>
  <testsuite name="VariableTests" tests="5" failures="0" disabled="0" errors="0" time="0" timestamp="2021-12-24T21:22:51">
    <testcase name="TestClone_1" status="run" result="completed" time="0" timestamp="2021-12-24T21:22:51" classname="VariableTests" />
    <testcase name="Test_FlatVariableDataType_1" status="run" result="completed" time="0" timestamp="2021-12-24T21:22:51" classname="VariableTests" />
    <testcase name="Test_FlatVariableDataType_2" status="run" result="completed" time="0" timestamp="2021-12-24T21:22:51" classname="VariableTests" />
    <testcase name="Test_FlatVariableDataType_3" status="run" result="completed" time="0" timestamp="2021-12-24T21:22:51" classname="VariableTests" />
    <testcase name="Test_Dtype_Conversion_1" status="run" result="completed" time="0" timestamp="2021-12-24T21:22:51" classname="VariableTests" />
  </testsuite>
  <testsuite name="WorkspaceTests" tests="10" failures="0" disabled="0" errors="0" time="0.01" timestamp="2021-12-24T21:22:51">
    <testcase name="BasicInitialization1" status="run" result="completed" time="0" timestamp="2021-12-24T21:22:51" classname="WorkspaceTests" />
    <testcase name="BasicInitialization2" status="run" result="completed" time="0" timestamp="2021-12-24T21:22:51" classname="WorkspaceTests" />
    <testcase name="BasicInitialization3" status="run" result="completed" time="0" timestamp="2021-12-24T21:22:51" classname="WorkspaceTests" />
    <testcase name="ResetTest1" status="run" result="completed" time="0" timestamp="2021-12-24T21:22:51" classname="WorkspaceTests" />
    <testcase name="StretchTest1" status="run" result="completed" time="0" timestamp="2021-12-24T21:22:51" classname="WorkspaceTests" />
    <testcase name="NewInWorkspaceTest1" status="run" result="completed" time="0" timestamp="2021-12-24T21:22:51" classname="WorkspaceTests" />
    <testcase name="NewInWorkspaceTest2" status="run" result="completed" time="0" timestamp="2021-12-24T21:22:51" classname="WorkspaceTests" />
    <testcase name="CloneTest1" status="run" result="completed" time="0" timestamp="2021-12-24T21:22:51" classname="WorkspaceTests" />
    <testcase name="Test_Arrays_1" status="run" result="completed" time="0.01" timestamp="2021-12-24T21:22:51" classname="WorkspaceTests" />
    <testcase name="Test_Externalized_1" status="run" result="completed" time="0" timestamp="2021-12-24T21:22:51" classname="WorkspaceTests" />
  </testsuite>
</testsuites>
